18:26:06.373 [main                     ] DEBUG Logger               - Configured Logger
18:26:06.431 [main                     ] DEBUG GameApplication      - Logging settings
Title: Game 1 Let's go
Version: 1.0
Width: 1280
Height: 720
Fullscreen: false
Intro: false
Profiling: false
Single step:false
App Mode: DEVELOPER
Menu Key: ESCAPE
Stage Style: DECORATED
Scene Factory: class Main.App$1

18:26:07.345 [JavaFX Application Thread] DEBUG FXGLApplication      - Initializing FXGL
18:26:07.348 [JavaFX Application Thread] INFO  Engine               - FXGL-11.14 (01.03.2021 16.59) on WINDOWS (J:15.0.2 FX:15)
18:26:07.349 [JavaFX Application Thread] DEBUG Engine               - JRE Vendor Name: Oracle Corporation
18:26:07.349 [JavaFX Application Thread] DEBUG Engine               - Running on OS: Windows 10 version 10.0
18:26:07.349 [JavaFX Application Thread] DEBUG Engine               - Architecture: amd64
18:26:07.350 [JavaFX Application Thread] INFO  Engine               - Source code and latest versions at: https://github.com/AlmasB/FXGL
18:26:07.350 [JavaFX Application Thread] INFO  Engine               -              Join the FXGL chat at: https://gitter.im/AlmasB/FXGL
18:26:07.539 [JavaFX Application Thread] DEBUG PrimaryStageWindow   - Creating a JavaFX scene
18:26:07.541 [JavaFX Application Thread] DEBUG PrimaryStageWindow   - Target size > screen size
18:26:07.627 [JavaFX Application Thread] DEBUG PrimaryStageWindow   - Target settings size: 1280.0 x 720.0
18:26:07.627 [JavaFX Application Thread] DEBUG PrimaryStageWindow   - Scaled scene size:    1183.0 x 679.0
18:26:07.627 [JavaFX Application Thread] DEBUG PrimaryStageWindow   - Scaled ratio: (0.92421875, 0.9430555555555555)
18:26:07.629 [JavaFX Application Thread] DEBUG PrimaryStageWindow   - Set initial scene to FXGLStartupScene
18:26:07.638 [JavaFX Application Thread] DEBUG PrimaryStageWindow   - Opening main window
18:26:07.841 [JavaFX Application Thread] DEBUG PrimaryStageWindow   - Window border size: (15.0, 37.66668701171875)
18:26:07.842 [JavaFX Application Thread] DEBUG PrimaryStageWindow   - Scaled size: 1183.0 x 679.0
18:26:07.842 [JavaFX Application Thread] DEBUG PrimaryStageWindow   - Scaled ratio: (0.92421875, 0.9430555555555555)
18:26:07.844 [JavaFX Application Thread] DEBUG PrimaryStageWindow   - Scene size: 1183.0 x 679.0
18:26:07.845 [JavaFX Application Thread] DEBUG PrimaryStageWindow   - Stage size: 1198.0 x 716.6666870117188
18:26:07.904 [FXGL Background Thread 1 ] DEBUG Engine               - Initializing environment variables
18:26:07.982 [FXGL Background Thread 1 ] DEBUG FXGLAssetLoaderServi - User app class for loading assets: class Main.App
18:26:07.982 [FXGL Background Thread 1 ] DEBUG GameApplicationServi - Applying CSS: fxgl_dark.css
18:26:07.984 [FXGL Background Thread 1 ] DEBUG FXGLAssetLoaderServi - Loading from file system: jar:file:///C:/Users/isyoh/.m2/repository/com/github/almasb/fxgl/11.14/fxgl-11.14.jar!/fxglassets/ui/css/fxgl_dark.css
18:26:08.111 [FXGL Background Thread 1 ] DEBUG GameApplicationServi - Initializing application scenes
18:26:08.292 [FXGL Background Thread 1 ] DEBUG FXGLAssetLoaderServi - Loading from file system: file:/C:/Users/isyoh/Documents/école/Object%20oriented%20program/Cours/MusicAdventure/target/classes/assets/textures/player.png
18:26:08.345 [FXGL Background Thread 1 ] DEBUG GameWorld            - Game world initialized
18:26:08.432 [FXGL Background Thread 1 ] DEBUG PhysicsWorld         - Physics world initialized: appHeight=720, physics.ppm=50,0
18:26:08.433 [FXGL Background Thread 1 ] DEBUG PhysicsWorld         - Using strategy: BRUTE_FORCE
18:26:08.436 [FXGL Background Thread 1 ] DEBUG GameScene            - Game scene initialized: 1280x720
18:26:08.456 [FXGL Background Thread 1 ] DEBUG FXGLAssetLoaderServi - Loading from file system: jar:file:///C:/Users/isyoh/.m2/repository/com/github/almasb/fxgl/11.14/fxgl-11.14.jar!/fxglassets/textures/particles/trace_horizontal.png
18:26:08.534 [FXGL Background Thread 1 ] DEBUG FXGL.DefaultMenu     - createMenuBodyGameMenu()
18:26:08.563 [FXGL Background Thread 1 ] DEBUG FXGL.DefaultMenu     - createOptionsMenu()
18:26:08.575 [FXGL Background Thread 1 ] DEBUG FXGLAssetLoaderServi - Loading from file system: jar:file:///C:/Users/isyoh/.m2/repository/com/github/almasb/fxgl/11.14/fxgl-11.14.jar!/fxglassets/textures/particles/smoke.png
18:26:08.705 [FXGL Background Thread 1 ] DEBUG GameApplicationServi - Application scenes initialized
18:26:08.722 [FXGL Background Thread 1 ] DEBUG SystemBundleService  - Loading FXGL system data
18:26:08.730 [FXGL Background Thread 1 ] DEBUG FileSystemAccess     - Reading from: C:\Users\isyoh\Documents\école\Object oriented program\Cours\MusicAdventure\system\fxgl.bundle
18:26:08.741 [FXGL Background Thread 1 ] DEBUG SystemBundleService  - Bundle FXGL: {}
18:26:08.741 [FXGL Background Thread 1 ] DEBUG UpdaterService       - Checking for updates
18:26:08.748 [FXGL Background Thread 1 ] DEBUG FXGLApplication      - Loading default localization
18:26:08.749 [FXGL Background Thread 1 ] DEBUG FXGLAssetLoaderServi - Loading from file system: jar:file:///C:/Users/isyoh/.m2/repository/com/github/almasb/fxgl/11.14/fxgl-11.14.jar!/fxglassets/languages/english.lang
18:26:08.772 [FXGL Background Thread 1 ] INFO  FXGLApplication      - FXGL initialization took: 0,867 sec
18:26:08.785 [FXGL Background Thread 4 ] DEBUG FXGLApplication      - Loading fonts
18:26:08.787 [JavaFX Application Thread] DEBUG Input                - Registered new binding: Left - Left
18:26:08.787 [FXGL Background Thread 4 ] DEBUG FXGLAssetLoaderServi - Loading from file system: jar:file:///C:/Users/isyoh/.m2/repository/com/github/almasb/fxgl/11.14/fxgl-11.14.jar!/fxglassets/ui/fonts/VarelaRound-Regular.ttf
18:26:08.787 [JavaFX Application Thread] DEBUG Input                - Registered new binding: Right - Right
18:26:08.794 [JavaFX Application Thread] DEBUG Input                - Registered new binding: Jump - Up
18:26:08.794 [JavaFX Application Thread] DEBUG Input                - Registered new binding: WhistleA - 1
18:26:08.795 [JavaFX Application Thread] DEBUG Input                - Registered new binding: WhistleB - 2
18:26:08.795 [JavaFX Application Thread] DEBUG Input                - Registered new binding: WhistleC - 3
18:26:08.796 [JavaFX Application Thread] DEBUG Input                - Registered new binding: WhistleD - 4
18:26:08.796 [JavaFX Application Thread] DEBUG Input                - Registered new binding: WhistleE - 5
18:26:08.797 [JavaFX Application Thread] DEBUG Input                - Registered new binding: WhistleF - 6
18:26:08.797 [JavaFX Application Thread] DEBUG Input                - Registered new binding: WhistleG - 7
18:26:08.798 [JavaFX Application Thread] DEBUG Input                - Registered new binding: Use - E
18:26:08.798 [JavaFX Application Thread] DEBUG FXGLAssetLoaderServi - Loading from file system: file:/C:/Users/isyoh/Documents/école/Object%20oriented%20program/Cours/MusicAdventure/target/classes/assets/music/BGM_dash_runner.wav
18:26:09.263 [JavaFX Application Thread] DEBUG AudioPlayer          - Playing music com.almasb.fxgl.audio.Music@3224ccbf
18:26:09.264 [JavaFX Application Thread] DEBUG FXGLAssetLoaderServi - Loading from file system: jar:file:///C:/Users/isyoh/.m2/repository/com/github/almasb/fxgl/11.14/fxgl-11.14.jar!/fxglassets/textures/fxgl_icon.png
18:26:09.333 [JavaFX Application Thread] DEBUG FXGLAssetLoaderServi - Loading from file system: jar:file:///C:/Users/isyoh/.m2/repository/com/github/almasb/fxgl/11.14/fxgl-11.14.jar!/fxglassets/ui/cursors/fxgl_default.png
18:26:09.340 [JavaFX Application Thread] DEBUG Input                - Registered new binding: Screenshot - P
18:26:09.341 [JavaFX Application Thread] DEBUG Input                - Registered new binding: System info dump - CTRL+9
18:26:09.342 [JavaFX Application Thread] DEBUG Input                - Registered new binding: Restart - CTRL+R
18:26:09.343 [JavaFX Application Thread] DEBUG Input                - Registered new binding: Toggle Debug Camera - CTRL+C
18:26:09.347 [FXGL Background Thread 4 ] DEBUG FXGLAssetLoaderServi - Loading from file system: jar:file:///C:/Users/isyoh/.m2/repository/com/github/almasb/fxgl/11.14/fxgl-11.14.jar!/fxglassets/ui/fonts/Abel-Regular.ttf
18:26:09.348 [JavaFX Application Thread] DEBUG LoopRunner           - Starting loop
18:26:09.349 [JavaFX Application Thread] DEBUG LoopRunner           - Initializing JavaFX AnimationTimerLoop
18:26:09.351 [JavaFX Application Thread] DEBUG GameApplicationServi - Starting new game
18:26:09.352 [JavaFX Application Thread] DEBUG Input                - Clearing active input actions
18:26:09.376 [JavaFX Application Thread] DEBUG GameApplicationServi - Removing overlay from FXGLStartupScene and adding to BetterLoadingScene
18:26:09.377 [JavaFX Application Thread] DEBUG PrimaryStageWindow   - FXGLStartupScene -> BetterLoadingScene
18:26:09.377 [JavaFX Application Thread] DEBUG GameApplicationServi - Clearing previous game
18:26:09.377 [JavaFX Application Thread] DEBUG GameScene            - Clearing game scene
18:26:09.378 [JavaFX Application Thread] DEBUG GameWorld            - Clearing game world
18:26:09.378 [JavaFX Application Thread] DEBUG PhysicsWorld         - Clearing physics world
18:26:09.379 [FXGL Background Thread 1 ] DEBUG FXGLApplication      - Initializing game
18:26:09.427 [FXGL Background Thread 4 ] DEBUG FXGLAssetLoaderServi - Loading from file system: jar:file:///C:/Users/isyoh/.m2/repository/com/github/almasb/fxgl/11.14/fxgl-11.14.jar!/fxglassets/ui/fonts/lucida_console.ttf
18:26:09.455 [FXGL Background Thread 1 ] DEBUG TMXLevelLoader       - Parsed raw map: TiledMap(width=15, height=10, tilewidth=70, tileheight=70, orientation=orthogonal, layers=[Layer(width=15, height=10, name=Tile Layer 1, type=tilelayer, visible=false, x=0, y=0, data=[0, 0, 0, 0, 0, 0, 0, 0, 0, 0, 0, 0, 0, 0, 0, 0, 0, 0, 0, 0, 0, 0, 0, 0, 0, 0, 0, 0, 0, 0, 0, 0, 0, 0, 0, 0, 0, 0, 0, 0, 0, 0, 0, 0, 0, 0, 0, 0, 0, 0, 0, 0, 0, 0, 0, 0, 0, 0, 0, 0, 0, 0, 0, 0, 0, 0, 0, 0, 0, 0, 0, 0, 0, 0, 0, 0, 0, 0, 0, 0, 0, 0, 0, 0, 0, 0, 0, 0, 0, 0, 0, 0, 0, 0, 0, 0, 0, 0, 0, 0, 0, 0, 0, 0, 0, 0, 0, 0, 0, 0, 0, 0, 0, 0, 0, 0, 0, 0, 0, 0, 0, 0, 0, 0, 0, 0, 69, 57, 45, 0, 0, 0, 0, 0, 0, 116, 104, 104, 104, 104, 104, 104, 104, 104, 104, 104, 104, 104, 104, 92], objects=[], opacity=0.0, draworder=), Layer(width=0, height=0, name=Object Layer 1, type=objectgroup, visible=false, x=0, y=0, data=[], objects=[com.almasb.fxgl.entity.level.tiled.TiledObject@4c215218, com.almasb.fxgl.entity.level.tiled.TiledObject@77f65cb9, com.almasb.fxgl.entity.level.tiled.TiledObject@48befc11, com.almasb.fxgl.entity.level.tiled.TiledObject@4f1bdc3a, com.almasb.fxgl.entity.level.tiled.TiledObject@9ecf653, com.almasb.fxgl.entity.level.tiled.TiledObject@4c3a7043, com.almasb.fxgl.entity.level.tiled.TiledObject@73db43a1, com.almasb.fxgl.entity.level.tiled.TiledObject@62b0bbec, com.almasb.fxgl.entity.level.tiled.TiledObject@c809787, com.almasb.fxgl.entity.level.tiled.TiledObject@1327563c, com.almasb.fxgl.entity.level.tiled.TiledObject@3a48c9b2, com.almasb.fxgl.entity.level.tiled.TiledObject@5d407acc, com.almasb.fxgl.entity.level.tiled.TiledObject@55f4e24c, com.almasb.fxgl.entity.level.tiled.TiledObject@7ccbd878, com.almasb.fxgl.entity.level.tiled.TiledObject@b28b0a, com.almasb.fxgl.entity.level.tiled.TiledObject@5e7a07ca, com.almasb.fxgl.entity.level.tiled.TiledObject@2cee68cb, com.almasb.fxgl.entity.level.tiled.TiledObject@ec47d36], opacity=0.0, draworder=)], tilesets=[Tileset(firstgid=1, image=tiles_spritesheet.png, name=tiles_spritesheet, tilewidth=70, tileheight=70, imagewidth=914, imageheight=936, margin=0, spacing=2, columns=12, tilecount=156, transparentcolor=, tiles=[])], backgroundcolor=, renderorder=right-down, nextobjectid=22, version=1, tiledversion=1.2.3, type=map, infinite=false, hexsidelength=0, staggeraxis=, staggerindex=, properties={star1time=7.0}, propertytypes={star1time=float})
18:26:09.457 [FXGL Background Thread 1 ] DEBUG TMXLevelLoader       - Creating tile layer entities
18:26:09.460 [FXGL Background Thread 1 ] DEBUG TilesetLoader        - Loading view for layer Tile Layer 1
18:26:09.463 [FXGL Background Thread 1 ] DEBUG TilesetLoader        - Created buffer with size 1050.0x700.0
18:26:09.656 [FXGL Background Thread 1 ] DEBUG TilesetLoader        - Writing to buffer: dst=420,560, w=70,h=70, src=576,360
18:26:09.657 [FXGL Background Thread 1 ] DEBUG TilesetLoader        - Writing to buffer: dst=490,560, w=70,h=70, src=576,288
18:26:09.658 [FXGL Background Thread 1 ] DEBUG TilesetLoader        - Writing to buffer: dst=560,560, w=70,h=70, src=576,216
18:26:09.658 [FXGL Background Thread 1 ] DEBUG TilesetLoader        - Writing to buffer: dst=0,630, w=70,h=70, src=504,648
18:26:09.658 [FXGL Background Thread 1 ] DEBUG TilesetLoader        - Writing to buffer: dst=70,630, w=70,h=70, src=504,576
18:26:09.659 [FXGL Background Thread 1 ] DEBUG TilesetLoader        - Writing to buffer: dst=140,630, w=70,h=70, src=504,576
18:26:09.659 [FXGL Background Thread 1 ] DEBUG TilesetLoader        - Writing to buffer: dst=210,630, w=70,h=70, src=504,576
18:26:09.659 [FXGL Background Thread 1 ] DEBUG TilesetLoader        - Writing to buffer: dst=280,630, w=70,h=70, src=504,576
18:26:09.660 [FXGL Background Thread 1 ] DEBUG TilesetLoader        - Writing to buffer: dst=350,630, w=70,h=70, src=504,576
18:26:09.660 [FXGL Background Thread 1 ] DEBUG TilesetLoader        - Writing to buffer: dst=420,630, w=70,h=70, src=504,576
18:26:09.660 [FXGL Background Thread 1 ] DEBUG TilesetLoader        - Writing to buffer: dst=490,630, w=70,h=70, src=504,576
18:26:09.661 [FXGL Background Thread 1 ] DEBUG TilesetLoader        - Writing to buffer: dst=560,630, w=70,h=70, src=504,576
18:26:09.661 [FXGL Background Thread 1 ] DEBUG TilesetLoader        - Writing to buffer: dst=630,630, w=70,h=70, src=504,576
18:26:09.661 [FXGL Background Thread 1 ] DEBUG TilesetLoader        - Writing to buffer: dst=700,630, w=70,h=70, src=504,576
18:26:09.662 [FXGL Background Thread 1 ] DEBUG TilesetLoader        - Writing to buffer: dst=770,630, w=70,h=70, src=504,576
18:26:09.662 [FXGL Background Thread 1 ] DEBUG TilesetLoader        - Writing to buffer: dst=840,630, w=70,h=70, src=504,576
18:26:09.662 [FXGL Background Thread 1 ] DEBUG TilesetLoader        - Writing to buffer: dst=910,630, w=70,h=70, src=504,576
18:26:09.662 [FXGL Background Thread 1 ] DEBUG TilesetLoader        - Writing to buffer: dst=980,630, w=70,h=70, src=504,504
18:26:09.663 [FXGL Background Thread 1 ] DEBUG TMXLevelLoader       - Creating object layer entities
18:26:09.789 [FXGL Background Thread 1 ] DEBUG FXGLAssetLoaderServi - Loading from file system: file:/C:/Users/isyoh/Documents/école/Object%20oriented%20program/Cours/MusicAdventure/target/classes/assets/textures/A(La).png
18:26:09.829 [FXGL Background Thread 1 ] DEBUG FXGLAssetLoaderServi - Loading from file system: file:/C:/Users/isyoh/Documents/école/Object%20oriented%20program/Cours/MusicAdventure/target/classes/assets/textures/dirt_32x32.png
18:26:09.898 [FXGL Background Thread 2 ] INFO  UpdaterService       - Your current version:  11.14
18:26:09.898 [FXGL Background Thread 2 ] INFO  UpdaterService       - Latest stable version: 11.15
18:26:09.907 [FXGL Background Thread 1 ] DEBUG FXGLAssetLoaderServi - Loading from file system: file:/C:/Users/isyoh/Documents/école/Object%20oriented%20program/Cours/MusicAdventure/target/classes/assets/textures/B(Si).png
18:26:09.913 [FXGL Background Thread 1 ] DEBUG FXGLAssetLoaderServi - Loading from file system: file:/C:/Users/isyoh/Documents/école/Object%20oriented%20program/Cours/MusicAdventure/target/classes/assets/textures/C(Do).png
18:26:09.923 [FXGL Background Thread 1 ] DEBUG GameWorld            - Clearing removable entities
18:26:09.924 [FXGL Background Thread 1 ] DEBUG GameWorld            - Setting level: com.almasb.fxgl.entity.level.Level@5c7e17de
18:26:09.929 [FXGL Background Thread 4 ] DEBUG FXGLAssetLoaderServi - Loading from file system: jar:file:///C:/Users/isyoh/.m2/repository/com/github/almasb/fxgl/11.14/fxgl-11.14.jar!/fxglassets/ui/fonts/Courier-Prime.ttf
18:26:09.972 [FXGL Background Thread 1 ] DEBUG FXGLAssetLoaderServi - Loading from file system: file:/C:/Users/isyoh/Documents/école/Object%20oriented%20program/Cours/MusicAdventure/target/classes/assets/textures/background/forest.png
18:26:10.017 [JavaFX Application Thread] DEBUG FXGLApplication      - Registering font factories with UI factory
18:26:10.028 [FXGL Background Thread 1 ] INFO  FXGLApplication      - Game initialization took: 0,648 sec
18:26:10.035 [JavaFX Application Thread] DEBUG Input                - Clearing active input actions
18:26:10.055 [JavaFX Application Thread] DEBUG GameApplicationServi - Removing overlay from BetterLoadingScene and adding to GameScene
18:26:10.055 [JavaFX Application Thread] DEBUG PrimaryStageWindow   - BetterLoadingScene -> GameScene
18:26:10.361 [JavaFX Application Thread] DEBUG FXGLAssetLoaderServi - Loading from file system: file:/C:/Users/isyoh/Documents/école/Object%20oriented%20program/Cours/MusicAdventure/target/classes/assets/sounds/land.wav
18:26:11.747 [FXGL Background Thread 3 ] DEBUG Engine               - Logging environment variables
18:26:11.750 [FXGL Background Thread 3 ] DEBUG Engine               - achievements: []
18:26:11.752 [FXGL Background Thread 3 ] DEBUG Engine               - actualHeight: 679.0
18:26:11.753 [FXGL Background Thread 3 ] DEBUG Engine               - actualHeightProperty: ReadOnlyDoubleProperty [value: 679.0]
18:26:11.754 [FXGL Background Thread 3 ] DEBUG Engine               - actualWidth: 1183.0
18:26:11.754 [FXGL Background Thread 3 ] DEBUG Engine               - actualWidthProperty: ReadOnlyDoubleProperty [value: 1183.0]
18:26:11.754 [FXGL Background Thread 3 ] DEBUG Engine               - appIcon: fxgl_icon.png
18:26:11.755 [FXGL Background Thread 3 ] DEBUG Engine               - applicationMode: DEVELOPER
18:26:11.755 [FXGL Background Thread 3 ] DEBUG Engine               - cSSList: [fxgl_dark.css]
18:26:11.755 [FXGL Background Thread 3 ] DEBUG Engine               - collisionDetectionStrategy: BRUTE_FORCE
18:26:11.756 [FXGL Background Thread 3 ] DEBUG Engine               - configClass: Optional.empty
18:26:11.756 [FXGL Background Thread 3 ] DEBUG Engine               - credits: []
18:26:11.757 [FXGL Background Thread 3 ] DEBUG Engine               - devBBoxColorProperty: ObjectProperty [value: 0xff0000ff]
18:26:11.757 [FXGL Background Thread 3 ] DEBUG Engine               - devEnableDebugCameraProperty: BooleanProperty [value: false]
18:26:11.758 [FXGL Background Thread 3 ] DEBUG Engine               - devSensorColorProperty: ObjectProperty [value: 0xffff00ff]
18:26:11.758 [FXGL Background Thread 3 ] DEBUG Engine               - devShowBBoxProperty: BooleanProperty [value: false]
18:26:11.759 [FXGL Background Thread 3 ] DEBUG Engine               - devShowPositionProperty: BooleanProperty [value: false]
18:26:11.759 [FXGL Background Thread 3 ] DEBUG Engine               - enabledMenuItems: []
18:26:11.761 [FXGL Background Thread 3 ] DEBUG Engine               - engineServices: [class com.almasb.fxgl.app.services.FXGLAssetLoaderService, class com.almasb.fxgl.app.FXGLApplication$GameApplicationService, class com.almasb.fxgl.app.services.FXGLDialogService, class com.almasb.fxgl.app.services.IOTaskExecutorService, class com.almasb.fxgl.event.EventBusService, class com.almasb.fxgl.io.FileSystemService, class com.almasb.fxgl.localization.LocalizationService, class com.almasb.fxgl.app.services.SystemBundleService, class com.almasb.fxgl.profile.SaveLoadService, class com.almasb.fxgl.ui.FXGLUIFactoryServiceProvider, class com.almasb.fxgl.ui.FXGLDialogFactoryServiceProvider, class com.almasb.fxgl.audio.AudioPlayer, class com.almasb.fxgl.notification.impl.NotificationServiceProvider, class com.almasb.fxgl.achievement.AchievementService, class com.almasb.fxgl.cutscene.CutsceneService, class com.almasb.fxgl.minigames.MiniGameService, class com.almasb.fxgl.net.NetService, class com.almasb.fxgl.app.services.UpdaterService, class com.almasb.fxgl.dev.DevService]
18:26:11.761 [FXGL Background Thread 3 ] DEBUG Engine               - fontGame: Abel-Regular.ttf
18:26:11.761 [FXGL Background Thread 3 ] DEBUG Engine               - fontMono: lucida_console.ttf
18:26:11.762 [FXGL Background Thread 3 ] DEBUG Engine               - fontText: Courier-Prime.ttf
18:26:11.762 [FXGL Background Thread 3 ] DEBUG Engine               - fontUI: VarelaRound-Regular.ttf
18:26:11.763 [FXGL Background Thread 3 ] DEBUG Engine               - fullScreen: BooleanProperty [value: false]
18:26:11.763 [FXGL Background Thread 3 ] DEBUG Engine               - gameDifficulty: MEDIUM
18:26:11.766 [FXGL Background Thread 3 ] DEBUG Engine               - gameDifficultyProperty: ObjectProperty [value: MEDIUM]
18:26:11.767 [FXGL Background Thread 3 ] DEBUG Engine               - globalMusicVolume: 0.5
18:26:11.770 [FXGL Background Thread 3 ] DEBUG Engine               - globalMusicVolumeProperty: DoubleProperty [value: 0.08]
18:26:11.771 [FXGL Background Thread 3 ] DEBUG Engine               - globalSoundVolume: 0.5
18:26:11.772 [FXGL Background Thread 3 ] DEBUG Engine               - globalSoundVolumeProperty: DoubleProperty [value: 0.08]
18:26:11.772 [FXGL Background Thread 3 ] DEBUG Engine               - height: 720
18:26:11.773 [FXGL Background Thread 3 ] DEBUG Engine               - isAndroid: false
18:26:11.773 [FXGL Background Thread 3 ] DEBUG Engine               - isBrowser: false
18:26:11.773 [FXGL Background Thread 3 ] DEBUG Engine               - isClickFeedbackEnabled: false
18:26:11.773 [FXGL Background Thread 3 ] DEBUG Engine               - isCloseConfirmation: false
18:26:11.774 [FXGL Background Thread 3 ] DEBUG Engine               - isDesktop: true
18:26:11.774 [FXGL Background Thread 3 ] DEBUG Engine               - isDeveloperMenuEnabled: false
18:26:11.775 [FXGL Background Thread 3 ] DEBUG Engine               - isEntityPreloadEnabled: true
18:26:11.777 [FXGL Background Thread 3 ] DEBUG Engine               - isExperimental3D: false
18:26:11.777 [FXGL Background Thread 3 ] DEBUG Engine               - isExperimentalNative: false
18:26:11.778 [FXGL Background Thread 3 ] DEBUG Engine               - isExperimentalTiledLargeMap: false
18:26:11.779 [FXGL Background Thread 3 ] DEBUG Engine               - isFileSystemWriteAllowed: true
18:26:11.780 [FXGL Background Thread 3 ] DEBUG Engine               - isFullScreenAllowed: false
18:26:11.782 [FXGL Background Thread 3 ] DEBUG Engine               - isFullScreenFromStart: false
18:26:11.783 [FXGL Background Thread 3 ] DEBUG Engine               - isGameMenuEnabled: true
18:26:11.785 [FXGL Background Thread 3 ] DEBUG Engine               - isIOS: false
18:26:11.788 [FXGL Background Thread 3 ] DEBUG Engine               - isIntroEnabled: false
18:26:11.788 [FXGL Background Thread 3 ] DEBUG Engine               - isLinux: false
18:26:11.789 [FXGL Background Thread 3 ] DEBUG Engine               - isMac: false
18:26:11.789 [FXGL Background Thread 3 ] DEBUG Engine               - isMainMenuEnabled: false
18:26:11.789 [FXGL Background Thread 3 ] DEBUG Engine               - isManualResizeEnabled: false
18:26:11.789 [FXGL Background Thread 3 ] DEBUG Engine               - isMobile: false
18:26:11.789 [FXGL Background Thread 3 ] DEBUG Engine               - isPreserveResizeRatio: false
18:26:11.789 [FXGL Background Thread 3 ] DEBUG Engine               - isProfilingEnabled: false
18:26:11.790 [FXGL Background Thread 3 ] DEBUG Engine               - isScaleAffectedOnResize: true
18:26:11.790 [FXGL Background Thread 3 ] DEBUG Engine               - isSingleStep: false
18:26:11.796 [FXGL Background Thread 3 ] DEBUG Engine               - isUserProfileEnabled: false
18:26:11.797 [FXGL Background Thread 3 ] DEBUG Engine               - isWindows: true
18:26:11.798 [FXGL Background Thread 3 ] DEBUG Engine               - language: ObjectProperty [value: ENGLISH]
18:26:11.799 [FXGL Background Thread 3 ] DEBUG Engine               - menuKey: ESCAPE
18:26:11.800 [FXGL Background Thread 3 ] DEBUG Engine               - notificationViewClass: class com.almasb.fxgl.notification.view.XboxNotificationView
18:26:11.801 [FXGL Background Thread 3 ] DEBUG Engine               - pixelsPerMeter: 50.0
18:26:11.805 [FXGL Background Thread 3 ] DEBUG Engine               - platform: WINDOWS
18:26:11.806 [FXGL Background Thread 3 ] DEBUG Engine               - prefHeightProperty: ReadOnlyDoubleProperty [value: 720.0]
18:26:11.806 [FXGL Background Thread 3 ] DEBUG Engine               - prefWidthProperty: ReadOnlyDoubleProperty [value: 1280.0]
18:26:11.806 [FXGL Background Thread 3 ] DEBUG Engine               - profileDir: profiles/
18:26:11.806 [FXGL Background Thread 3 ] DEBUG Engine               - profileName: StringProperty [value: DEFAULT]
18:26:11.807 [FXGL Background Thread 3 ] DEBUG Engine               - randomSeed: -1
18:26:11.807 [FXGL Background Thread 3 ] DEBUG Engine               - runtimeInfo: RuntimeInfo(platform=WINDOWS, version=11.14, build=01.03.2021 16.59)
18:26:11.808 [FXGL Background Thread 3 ] DEBUG Engine               - saveFileExt: sav
18:26:11.809 [FXGL Background Thread 3 ] DEBUG Engine               - scaledHeightProp$fxgl: DoubleProperty [bound, value: 679.0]
18:26:11.810 [FXGL Background Thread 3 ] DEBUG Engine               - scaledWidthProp$fxgl: DoubleProperty [bound, value: 1183.0]
18:26:11.811 [FXGL Background Thread 3 ] DEBUG Engine               - sceneFactory: Main.App$1@35cee14
18:26:11.812 [FXGL Background Thread 3 ] DEBUG Engine               - secondsIn24h: 60
18:26:11.813 [FXGL Background Thread 3 ] DEBUG Engine               - soundMenuBack: menu/back.wav
18:26:11.814 [FXGL Background Thread 3 ] DEBUG Engine               - soundMenuPress: menu/press.wav
18:26:11.815 [FXGL Background Thread 3 ] DEBUG Engine               - soundMenuSelect: menu/select.wav
18:26:11.816 [FXGL Background Thread 3 ] DEBUG Engine               - soundNotification: core/notification.wav
18:26:11.816 [FXGL Background Thread 3 ] DEBUG Engine               - stageStyle: DECORATED
18:26:11.818 [FXGL Background Thread 3 ] DEBUG Engine               - supportedLanguages: [ENGLISH, FRENCH, GERMAN, HUNGARIAN, RUSSIAN]
18:26:11.819 [FXGL Background Thread 3 ] DEBUG Engine               - ticksPerSecond: -1
18:26:11.820 [FXGL Background Thread 3 ] DEBUG Engine               - title: Game 1 Let's go
18:26:11.821 [FXGL Background Thread 3 ] DEBUG Engine               - urlGithub: https://github.com/AlmasB/FXGL
18:26:11.821 [FXGL Background Thread 3 ] DEBUG Engine               - urlLeaderboard: http://fxgl-top.herokuapp.com/
18:26:11.821 [FXGL Background Thread 3 ] DEBUG Engine               - urlPOM: https://raw.githubusercontent.com/AlmasB/FXGL/release/README.md
18:26:11.822 [FXGL Background Thread 3 ] DEBUG Engine               - userAppClass: class Main.App
18:26:11.822 [FXGL Background Thread 3 ] DEBUG Engine               - version: 1.0
18:26:11.822 [FXGL Background Thread 3 ] DEBUG Engine               - versionCheckDays: 7
18:26:11.822 [FXGL Background Thread 3 ] DEBUG Engine               - width: 1280
18:26:11.822 [FXGL Background Thread 3 ] DEBUG Engine               - Logging services
18:26:11.823 [FXGL Background Thread 3 ] DEBUG Engine               - class com.almasb.fxgl.app.services.FXGLAssetLoaderService
18:26:11.823 [FXGL Background Thread 3 ] DEBUG Engine               - class com.almasb.fxgl.app.FXGLApplication$GameApplicationService
18:26:11.823 [FXGL Background Thread 3 ] DEBUG Engine               - class com.almasb.fxgl.app.services.FXGLDialogService
18:26:11.823 [FXGL Background Thread 3 ] DEBUG Engine               - class com.almasb.fxgl.app.services.IOTaskExecutorService
18:26:11.823 [FXGL Background Thread 3 ] DEBUG Engine               - class com.almasb.fxgl.event.EventBusService
18:26:11.824 [FXGL Background Thread 3 ] DEBUG Engine               - class com.almasb.fxgl.io.FileSystemService
18:26:11.824 [FXGL Background Thread 3 ] DEBUG Engine               - class com.almasb.fxgl.localization.LocalizationService
18:26:11.824 [FXGL Background Thread 3 ] DEBUG Engine               - class com.almasb.fxgl.app.services.SystemBundleService
18:26:11.824 [FXGL Background Thread 3 ] DEBUG Engine               - class com.almasb.fxgl.profile.SaveLoadService
18:26:11.824 [FXGL Background Thread 3 ] DEBUG Engine               - class com.almasb.fxgl.ui.FXGLUIFactoryServiceProvider
18:26:11.825 [FXGL Background Thread 3 ] DEBUG Engine               - class com.almasb.fxgl.ui.FXGLDialogFactoryServiceProvider
18:26:11.825 [FXGL Background Thread 3 ] DEBUG Engine               - class com.almasb.fxgl.audio.AudioPlayer
18:26:11.825 [FXGL Background Thread 3 ] DEBUG Engine               - class com.almasb.fxgl.notification.impl.NotificationServiceProvider
18:26:11.827 [FXGL Background Thread 3 ] DEBUG Engine               - class com.almasb.fxgl.achievement.AchievementService
18:26:11.827 [FXGL Background Thread 3 ] DEBUG Engine               - class com.almasb.fxgl.cutscene.CutsceneService
18:26:11.828 [FXGL Background Thread 3 ] DEBUG Engine               - class com.almasb.fxgl.minigames.MiniGameService
18:26:11.828 [FXGL Background Thread 3 ] DEBUG Engine               - class com.almasb.fxgl.net.NetService
18:26:11.828 [FXGL Background Thread 3 ] DEBUG Engine               - class com.almasb.fxgl.app.services.UpdaterService
18:26:11.828 [FXGL Background Thread 3 ] DEBUG Engine               - class com.almasb.fxgl.dev.DevService
18:26:12.254 [JavaFX Application Thread] DEBUG FXGLAssetLoaderServi - Loading from file system: file:/C:/Users/isyoh/Documents/école/Object%20oriented%20program/Cours/MusicAdventure/target/classes/assets/sounds/notes/B(Si).wav
18:26:13.572 [JavaFX Application Thread] DEBUG FXGLAssetLoaderServi - Loading from file system: file:/C:/Users/isyoh/Documents/école/Object%20oriented%20program/Cours/MusicAdventure/target/classes/assets/sounds/notes/C(Do).wav
18:26:14.136 [JavaFX Application Thread] DEBUG FXGLAssetLoaderServi - Loading from file system: file:/C:/Users/isyoh/Documents/école/Object%20oriented%20program/Cours/MusicAdventure/target/classes/assets/sounds/notes/A(La).wav
18:26:15.674 [JavaFX Application Thread] DEBUG FXGLAssetLoaderServi - Loading from file system: file:/C:/Users/isyoh/Documents/école/Object%20oriented%20program/Cours/MusicAdventure/target/classes/assets/sounds/notes/D(Ré).wav
18:26:23.013 [JavaFX Application Thread] DEBUG FXGLAssetLoaderServi - Loading from file system: file:/C:/Users/isyoh/Documents/école/Object%20oriented%20program/Cours/MusicAdventure/target/classes/assets/sounds/notes/F(Fa).wav
18:26:28.640 [JavaFX Application Thread] DEBUG FXGLAssetLoaderServi - Loading from file system: file:/C:/Users/isyoh/Documents/école/Object%20oriented%20program/Cours/MusicAdventure/target/classes/assets/sounds/notes/G(Sol).wav
18:26:30.540 [JavaFX Application Thread] DEBUG FXGLApplication      - Exiting FXGL
18:26:30.540 [JavaFX Application Thread] DEBUG LoopRunner           - Stopping loop
18:26:30.540 [JavaFX Application Thread] DEBUG SystemBundleService  - Saving FXGL system data
18:26:30.545 [JavaFX Application Thread] DEBUG FileSystemAccess     - Writing to: C:\Users\isyoh\Documents\école\Object oriented program\Cours\MusicAdventure\system\fxgl.bundle
18:26:30.550 [JavaFX Application Thread] DEBUG Async                - Shutting down background threads
18:26:30.550 [JavaFX Application Thread] DEBUG PrimaryStageWindow   - Closing main window
18:26:30.567 [JavaFX Application Thread] DEBUG Logger               - Closing Logger
