18:27:21.300 [main                     ] DEBUG Logger               - Configured Logger
18:27:21.322 [main                     ] DEBUG GameApplication      - Logging settings
Title: Game 1 Let's go
Version: 1.0
Width: 1280
Height: 720
Fullscreen: false
Intro: false
Profiling: false
Single step:false
App Mode: DEVELOPER
Menu Key: ESCAPE
Stage Style: DECORATED
Scene Factory: class Main.App$1

18:27:22.228 [JavaFX Application Thread] DEBUG FXGLApplication      - Initializing FXGL
18:27:22.231 [JavaFX Application Thread] INFO  Engine               - FXGL-11.14 (01.03.2021 16.59) on WINDOWS (J:15.0.2 FX:15)
18:27:22.231 [JavaFX Application Thread] DEBUG Engine               - JRE Vendor Name: Oracle Corporation
18:27:22.232 [JavaFX Application Thread] DEBUG Engine               - Running on OS: Windows 10 version 10.0
18:27:22.232 [JavaFX Application Thread] DEBUG Engine               - Architecture: amd64
18:27:22.233 [JavaFX Application Thread] INFO  Engine               - Source code and latest versions at: https://github.com/AlmasB/FXGL
18:27:22.233 [JavaFX Application Thread] INFO  Engine               -              Join the FXGL chat at: https://gitter.im/AlmasB/FXGL
18:27:22.420 [JavaFX Application Thread] DEBUG PrimaryStageWindow   - Creating a JavaFX scene
18:27:22.421 [JavaFX Application Thread] DEBUG PrimaryStageWindow   - Target size > screen size
18:27:22.521 [JavaFX Application Thread] DEBUG PrimaryStageWindow   - Target settings size: 1280.0 x 720.0
18:27:22.522 [JavaFX Application Thread] DEBUG PrimaryStageWindow   - Scaled scene size:    1183.0 x 679.0
18:27:22.522 [JavaFX Application Thread] DEBUG PrimaryStageWindow   - Scaled ratio: (0.92421875, 0.9430555555555555)
18:27:22.523 [JavaFX Application Thread] DEBUG PrimaryStageWindow   - Set initial scene to FXGLStartupScene
18:27:22.534 [JavaFX Application Thread] DEBUG PrimaryStageWindow   - Opening main window
18:27:22.728 [JavaFX Application Thread] DEBUG PrimaryStageWindow   - Window border size: (15.0, 37.66668701171875)
18:27:22.728 [JavaFX Application Thread] DEBUG PrimaryStageWindow   - Scaled size: 1183.0 x 679.0
18:27:22.729 [JavaFX Application Thread] DEBUG PrimaryStageWindow   - Scaled ratio: (0.92421875, 0.9430555555555555)
18:27:22.729 [JavaFX Application Thread] DEBUG PrimaryStageWindow   - Scene size: 1183.0 x 679.0
18:27:22.729 [JavaFX Application Thread] DEBUG PrimaryStageWindow   - Stage size: 1198.0 x 716.6666870117188
18:27:22.832 [FXGL Background Thread 1 ] DEBUG Engine               - Initializing environment variables
18:27:22.910 [FXGL Background Thread 1 ] DEBUG FXGLAssetLoaderServi - User app class for loading assets: class Main.App
18:27:22.911 [FXGL Background Thread 1 ] DEBUG GameApplicationServi - Applying CSS: fxgl_dark.css
18:27:22.912 [FXGL Background Thread 1 ] DEBUG FXGLAssetLoaderServi - Loading from file system: jar:file:///C:/Users/isyoh/.m2/repository/com/github/almasb/fxgl/11.14/fxgl-11.14.jar!/fxglassets/ui/css/fxgl_dark.css
18:27:23.025 [FXGL Background Thread 1 ] DEBUG GameApplicationServi - Initializing application scenes
18:27:23.233 [FXGL Background Thread 1 ] DEBUG FXGLAssetLoaderServi - Loading from file system: file:/C:/Users/isyoh/Documents/école/Object%20oriented%20program/Cours/MusicAdventure/target/classes/assets/textures/player.png
18:27:23.274 [FXGL Background Thread 1 ] DEBUG GameWorld            - Game world initialized
18:27:23.352 [FXGL Background Thread 1 ] DEBUG PhysicsWorld         - Physics world initialized: appHeight=720, physics.ppm=50,0
18:27:23.352 [FXGL Background Thread 1 ] DEBUG PhysicsWorld         - Using strategy: BRUTE_FORCE
18:27:23.356 [FXGL Background Thread 1 ] DEBUG GameScene            - Game scene initialized: 1280x720
18:27:23.375 [FXGL Background Thread 1 ] DEBUG FXGLAssetLoaderServi - Loading from file system: jar:file:///C:/Users/isyoh/.m2/repository/com/github/almasb/fxgl/11.14/fxgl-11.14.jar!/fxglassets/textures/particles/trace_horizontal.png
18:27:23.422 [FXGL Background Thread 1 ] DEBUG FXGL.DefaultMenu     - createMenuBodyGameMenu()
18:27:23.450 [FXGL Background Thread 1 ] DEBUG FXGL.DefaultMenu     - createOptionsMenu()
18:27:23.458 [FXGL Background Thread 1 ] DEBUG FXGLAssetLoaderServi - Loading from file system: jar:file:///C:/Users/isyoh/.m2/repository/com/github/almasb/fxgl/11.14/fxgl-11.14.jar!/fxglassets/textures/particles/smoke.png
18:27:23.558 [FXGL Background Thread 1 ] DEBUG GameApplicationServi - Application scenes initialized
18:27:23.574 [FXGL Background Thread 1 ] DEBUG SystemBundleService  - Loading FXGL system data
18:27:23.583 [FXGL Background Thread 1 ] DEBUG FileSystemAccess     - Reading from: C:\Users\isyoh\Documents\école\Object oriented program\Cours\MusicAdventure\system\fxgl.bundle
18:27:23.594 [FXGL Background Thread 1 ] DEBUG SystemBundleService  - Bundle FXGL: {}
18:27:23.595 [FXGL Background Thread 1 ] DEBUG UpdaterService       - Checking for updates
18:27:23.601 [FXGL Background Thread 1 ] DEBUG FXGLApplication      - Loading default localization
18:27:23.602 [FXGL Background Thread 1 ] DEBUG FXGLAssetLoaderServi - Loading from file system: jar:file:///C:/Users/isyoh/.m2/repository/com/github/almasb/fxgl/11.14/fxgl-11.14.jar!/fxglassets/languages/english.lang
18:27:23.617 [FXGL Background Thread 4 ] DEBUG FXGLApplication      - Loading fonts
18:27:23.618 [FXGL Background Thread 4 ] DEBUG FXGLAssetLoaderServi - Loading from file system: jar:file:///C:/Users/isyoh/.m2/repository/com/github/almasb/fxgl/11.14/fxgl-11.14.jar!/fxglassets/ui/fonts/VarelaRound-Regular.ttf
18:27:23.625 [FXGL Background Thread 1 ] INFO  FXGLApplication      - FXGL initialization took: 0,793 sec
18:27:23.642 [JavaFX Application Thread] DEBUG Input                - Registered new binding: Left - Left
18:27:23.642 [JavaFX Application Thread] DEBUG Input                - Registered new binding: Right - Right
18:27:23.643 [JavaFX Application Thread] DEBUG Input                - Registered new binding: Jump - Up
18:27:23.643 [JavaFX Application Thread] DEBUG Input                - Registered new binding: WhistleA - 1
18:27:23.644 [JavaFX Application Thread] DEBUG Input                - Registered new binding: WhistleB - 2
18:27:23.644 [JavaFX Application Thread] DEBUG Input                - Registered new binding: WhistleC - 3
18:27:23.645 [JavaFX Application Thread] DEBUG Input                - Registered new binding: WhistleD - 4
18:27:23.645 [JavaFX Application Thread] DEBUG Input                - Registered new binding: WhistleE - 5
18:27:23.646 [JavaFX Application Thread] DEBUG Input                - Registered new binding: WhistleF - 6
18:27:23.646 [JavaFX Application Thread] DEBUG Input                - Registered new binding: WhistleG - 7
18:27:23.647 [JavaFX Application Thread] DEBUG Input                - Registered new binding: Use - E
18:27:23.648 [JavaFX Application Thread] DEBUG FXGLAssetLoaderServi - Loading from file system: file:/C:/Users/isyoh/Documents/école/Object%20oriented%20program/Cours/MusicAdventure/target/classes/assets/music/BGM_dash_runner.wav
18:27:24.064 [JavaFX Application Thread] DEBUG AudioPlayer          - Playing music com.almasb.fxgl.audio.Music@463ed2c3
18:27:24.065 [JavaFX Application Thread] DEBUG FXGLAssetLoaderServi - Loading from file system: jar:file:///C:/Users/isyoh/.m2/repository/com/github/almasb/fxgl/11.14/fxgl-11.14.jar!/fxglassets/textures/fxgl_icon.png
18:27:24.102 [FXGL Background Thread 4 ] DEBUG FXGLAssetLoaderServi - Loading from file system: jar:file:///C:/Users/isyoh/.m2/repository/com/github/almasb/fxgl/11.14/fxgl-11.14.jar!/fxglassets/ui/fonts/Abel-Regular.ttf
18:27:24.113 [JavaFX Application Thread] DEBUG FXGLAssetLoaderServi - Loading from file system: jar:file:///C:/Users/isyoh/.m2/repository/com/github/almasb/fxgl/11.14/fxgl-11.14.jar!/fxglassets/ui/cursors/fxgl_default.png
18:27:24.118 [JavaFX Application Thread] DEBUG Input                - Registered new binding: Screenshot - P
18:27:24.119 [JavaFX Application Thread] DEBUG Input                - Registered new binding: System info dump - CTRL+9
18:27:24.120 [JavaFX Application Thread] DEBUG Input                - Registered new binding: Restart - CTRL+R
18:27:24.121 [JavaFX Application Thread] DEBUG Input                - Registered new binding: Toggle Debug Camera - CTRL+C
18:27:24.124 [JavaFX Application Thread] DEBUG LoopRunner           - Starting loop
18:27:24.124 [JavaFX Application Thread] DEBUG LoopRunner           - Initializing JavaFX AnimationTimerLoop
18:27:24.126 [JavaFX Application Thread] DEBUG GameApplicationServi - Starting new game
18:27:24.127 [JavaFX Application Thread] DEBUG Input                - Clearing active input actions
18:27:24.145 [JavaFX Application Thread] DEBUG GameApplicationServi - Removing overlay from FXGLStartupScene and adding to BetterLoadingScene
18:27:24.146 [JavaFX Application Thread] DEBUG PrimaryStageWindow   - FXGLStartupScene -> BetterLoadingScene
18:27:24.146 [JavaFX Application Thread] DEBUG GameApplicationServi - Clearing previous game
18:27:24.147 [JavaFX Application Thread] DEBUG GameScene            - Clearing game scene
18:27:24.147 [JavaFX Application Thread] DEBUG GameWorld            - Clearing game world
18:27:24.148 [JavaFX Application Thread] DEBUG PhysicsWorld         - Clearing physics world
18:27:24.149 [FXGL Background Thread 1 ] DEBUG FXGLApplication      - Initializing game
18:27:24.174 [FXGL Background Thread 4 ] DEBUG FXGLAssetLoaderServi - Loading from file system: jar:file:///C:/Users/isyoh/.m2/repository/com/github/almasb/fxgl/11.14/fxgl-11.14.jar!/fxglassets/ui/fonts/lucida_console.ttf
18:27:24.244 [FXGL Background Thread 1 ] DEBUG TMXLevelLoader       - Parsed raw map: TiledMap(width=15, height=10, tilewidth=70, tileheight=70, orientation=orthogonal, layers=[Layer(width=15, height=10, name=Tile Layer 1, type=tilelayer, visible=false, x=0, y=0, data=[0, 0, 0, 0, 0, 0, 0, 0, 0, 0, 0, 0, 0, 0, 0, 0, 0, 0, 0, 0, 0, 0, 0, 0, 0, 0, 0, 0, 0, 0, 0, 0, 0, 0, 0, 0, 0, 0, 0, 0, 0, 0, 0, 0, 0, 0, 0, 0, 0, 0, 0, 0, 0, 0, 0, 0, 0, 0, 0, 0, 0, 0, 0, 0, 0, 0, 0, 0, 0, 0, 0, 0, 0, 0, 0, 0, 0, 0, 0, 0, 0, 0, 0, 0, 0, 0, 0, 0, 0, 0, 0, 0, 0, 0, 0, 0, 0, 0, 0, 0, 0, 0, 0, 0, 0, 0, 0, 0, 0, 0, 0, 0, 0, 0, 0, 0, 0, 0, 0, 0, 0, 0, 0, 0, 0, 0, 69, 57, 45, 0, 0, 0, 0, 0, 0, 116, 104, 104, 104, 104, 104, 104, 104, 104, 104, 104, 104, 104, 104, 92], objects=[], opacity=0.0, draworder=), Layer(width=0, height=0, name=Object Layer 1, type=objectgroup, visible=false, x=0, y=0, data=[], objects=[com.almasb.fxgl.entity.level.tiled.TiledObject@5bf69ba3, com.almasb.fxgl.entity.level.tiled.TiledObject@5c8b6dc, com.almasb.fxgl.entity.level.tiled.TiledObject@22eef49a, com.almasb.fxgl.entity.level.tiled.TiledObject@44737f48, com.almasb.fxgl.entity.level.tiled.TiledObject@2bb7cfe6, com.almasb.fxgl.entity.level.tiled.TiledObject@6b09e21a, com.almasb.fxgl.entity.level.tiled.TiledObject@3e1691c5, com.almasb.fxgl.entity.level.tiled.TiledObject@61c03070, com.almasb.fxgl.entity.level.tiled.TiledObject@749d1b51, com.almasb.fxgl.entity.level.tiled.TiledObject@50203eea, com.almasb.fxgl.entity.level.tiled.TiledObject@5ab20592, com.almasb.fxgl.entity.level.tiled.TiledObject@3a11ed04, com.almasb.fxgl.entity.level.tiled.TiledObject@26ca3e84, com.almasb.fxgl.entity.level.tiled.TiledObject@77cc93d9, com.almasb.fxgl.entity.level.tiled.TiledObject@3d189627, com.almasb.fxgl.entity.level.tiled.TiledObject@8d4254d, com.almasb.fxgl.entity.level.tiled.TiledObject@7f1d14cd, com.almasb.fxgl.entity.level.tiled.TiledObject@6c5c12ac], opacity=0.0, draworder=)], tilesets=[Tileset(firstgid=1, image=tiles_spritesheet.png, name=tiles_spritesheet, tilewidth=70, tileheight=70, imagewidth=914, imageheight=936, margin=0, spacing=2, columns=12, tilecount=156, transparentcolor=, tiles=[])], backgroundcolor=, renderorder=right-down, nextobjectid=22, version=1, tiledversion=1.2.3, type=map, infinite=false, hexsidelength=0, staggeraxis=, staggerindex=, properties={star1time=7.0}, propertytypes={star1time=float})
18:27:24.247 [FXGL Background Thread 1 ] DEBUG TMXLevelLoader       - Creating tile layer entities
18:27:24.249 [FXGL Background Thread 1 ] DEBUG TilesetLoader        - Loading view for layer Tile Layer 1
18:27:24.252 [FXGL Background Thread 1 ] DEBUG TilesetLoader        - Created buffer with size 1050.0x700.0
18:27:24.282 [FXGL Background Thread 4 ] DEBUG FXGLAssetLoaderServi - Loading from file system: jar:file:///C:/Users/isyoh/.m2/repository/com/github/almasb/fxgl/11.14/fxgl-11.14.jar!/fxglassets/ui/fonts/Courier-Prime.ttf
18:27:24.373 [FXGL Background Thread 1 ] DEBUG TilesetLoader        - Writing to buffer: dst=420,560, w=70,h=70, src=576,360
18:27:24.373 [FXGL Background Thread 1 ] DEBUG TilesetLoader        - Writing to buffer: dst=490,560, w=70,h=70, src=576,288
18:27:24.374 [FXGL Background Thread 1 ] DEBUG TilesetLoader        - Writing to buffer: dst=560,560, w=70,h=70, src=576,216
18:27:24.374 [FXGL Background Thread 1 ] DEBUG TilesetLoader        - Writing to buffer: dst=0,630, w=70,h=70, src=504,648
18:27:24.374 [FXGL Background Thread 1 ] DEBUG TilesetLoader        - Writing to buffer: dst=70,630, w=70,h=70, src=504,576
18:27:24.374 [FXGL Background Thread 1 ] DEBUG TilesetLoader        - Writing to buffer: dst=140,630, w=70,h=70, src=504,576
18:27:24.375 [FXGL Background Thread 1 ] DEBUG TilesetLoader        - Writing to buffer: dst=210,630, w=70,h=70, src=504,576
18:27:24.375 [FXGL Background Thread 1 ] DEBUG TilesetLoader        - Writing to buffer: dst=280,630, w=70,h=70, src=504,576
18:27:24.375 [FXGL Background Thread 1 ] DEBUG TilesetLoader        - Writing to buffer: dst=350,630, w=70,h=70, src=504,576
18:27:24.376 [FXGL Background Thread 1 ] DEBUG TilesetLoader        - Writing to buffer: dst=420,630, w=70,h=70, src=504,576
18:27:24.376 [FXGL Background Thread 1 ] DEBUG TilesetLoader        - Writing to buffer: dst=490,630, w=70,h=70, src=504,576
18:27:24.376 [FXGL Background Thread 1 ] DEBUG TilesetLoader        - Writing to buffer: dst=560,630, w=70,h=70, src=504,576
18:27:24.377 [FXGL Background Thread 1 ] DEBUG TilesetLoader        - Writing to buffer: dst=630,630, w=70,h=70, src=504,576
18:27:24.378 [FXGL Background Thread 1 ] DEBUG TilesetLoader        - Writing to buffer: dst=700,630, w=70,h=70, src=504,576
18:27:24.378 [FXGL Background Thread 1 ] DEBUG TilesetLoader        - Writing to buffer: dst=770,630, w=70,h=70, src=504,576
18:27:24.378 [FXGL Background Thread 1 ] DEBUG TilesetLoader        - Writing to buffer: dst=840,630, w=70,h=70, src=504,576
18:27:24.379 [FXGL Background Thread 1 ] DEBUG TilesetLoader        - Writing to buffer: dst=910,630, w=70,h=70, src=504,576
18:27:24.379 [FXGL Background Thread 1 ] DEBUG TilesetLoader        - Writing to buffer: dst=980,630, w=70,h=70, src=504,504
18:27:24.380 [FXGL Background Thread 1 ] DEBUG TMXLevelLoader       - Creating object layer entities
18:27:24.462 [FXGL Background Thread 1 ] DEBUG FXGLAssetLoaderServi - Loading from file system: file:/C:/Users/isyoh/Documents/école/Object%20oriented%20program/Cours/MusicAdventure/target/classes/assets/textures/A(La).png
18:27:24.495 [FXGL Background Thread 1 ] DEBUG FXGLAssetLoaderServi - Loading from file system: file:/C:/Users/isyoh/Documents/école/Object%20oriented%20program/Cours/MusicAdventure/target/classes/assets/textures/dirt_32x32.png
18:27:24.576 [FXGL Background Thread 1 ] DEBUG FXGLAssetLoaderServi - Loading from file system: file:/C:/Users/isyoh/Documents/école/Object%20oriented%20program/Cours/MusicAdventure/target/classes/assets/textures/B(Si).png
18:27:24.617 [FXGL Background Thread 1 ] DEBUG FXGLAssetLoaderServi - Loading from file system: file:/C:/Users/isyoh/Documents/école/Object%20oriented%20program/Cours/MusicAdventure/target/classes/assets/textures/C(Do).png
18:27:24.631 [FXGL Background Thread 2 ] INFO  UpdaterService       - Your current version:  11.14
18:27:24.632 [FXGL Background Thread 2 ] INFO  UpdaterService       - Latest stable version: 11.15
18:27:24.643 [FXGL Background Thread 1 ] DEBUG GameWorld            - Clearing removable entities
18:27:24.644 [FXGL Background Thread 1 ] DEBUG GameWorld            - Setting level: com.almasb.fxgl.entity.level.Level@1f5e9b6d
18:27:24.709 [FXGL Background Thread 1 ] DEBUG FXGLAssetLoaderServi - Loading from file system: file:/C:/Users/isyoh/Documents/école/Object%20oriented%20program/Cours/MusicAdventure/target/classes/assets/textures/background/forest.png
18:27:24.772 [FXGL Background Thread 1 ] INFO  FXGLApplication      - Game initialization took: 0,622 sec
18:27:24.774 [JavaFX Application Thread] DEBUG Input                - Clearing active input actions
18:27:24.791 [JavaFX Application Thread] DEBUG GameApplicationServi - Removing overlay from BetterLoadingScene and adding to GameScene
18:27:24.792 [JavaFX Application Thread] DEBUG PrimaryStageWindow   - BetterLoadingScene -> GameScene
18:27:24.835 [JavaFX Application Thread] DEBUG FXGLApplication      - Registering font factories with UI factory
18:27:25.116 [JavaFX Application Thread] DEBUG FXGLAssetLoaderServi - Loading from file system: file:/C:/Users/isyoh/Documents/école/Object%20oriented%20program/Cours/MusicAdventure/target/classes/assets/sounds/land.wav
18:27:26.600 [FXGL Background Thread 3 ] DEBUG Engine               - Logging environment variables
18:27:26.603 [FXGL Background Thread 3 ] DEBUG Engine               - achievements: []
18:27:26.604 [FXGL Background Thread 3 ] DEBUG Engine               - actualHeight: 679.0
18:27:26.604 [FXGL Background Thread 3 ] DEBUG Engine               - actualHeightProperty: ReadOnlyDoubleProperty [value: 679.0]
18:27:26.604 [FXGL Background Thread 3 ] DEBUG Engine               - actualWidth: 1183.0
18:27:26.605 [FXGL Background Thread 3 ] DEBUG Engine               - actualWidthProperty: ReadOnlyDoubleProperty [value: 1183.0]
18:27:26.605 [FXGL Background Thread 3 ] DEBUG Engine               - appIcon: fxgl_icon.png
18:27:26.605 [FXGL Background Thread 3 ] DEBUG Engine               - applicationMode: DEVELOPER
18:27:26.605 [FXGL Background Thread 3 ] DEBUG Engine               - cSSList: [fxgl_dark.css]
18:27:26.606 [FXGL Background Thread 3 ] DEBUG Engine               - collisionDetectionStrategy: BRUTE_FORCE
18:27:26.606 [FXGL Background Thread 3 ] DEBUG Engine               - configClass: Optional.empty
18:27:26.606 [FXGL Background Thread 3 ] DEBUG Engine               - credits: []
18:27:26.607 [FXGL Background Thread 3 ] DEBUG Engine               - devBBoxColorProperty: ObjectProperty [value: 0xff0000ff]
18:27:26.608 [FXGL Background Thread 3 ] DEBUG Engine               - devEnableDebugCameraProperty: BooleanProperty [value: false]
18:27:26.610 [FXGL Background Thread 3 ] DEBUG Engine               - devSensorColorProperty: ObjectProperty [value: 0xffff00ff]
18:27:26.610 [FXGL Background Thread 3 ] DEBUG Engine               - devShowBBoxProperty: BooleanProperty [value: false]
18:27:26.611 [FXGL Background Thread 3 ] DEBUG Engine               - devShowPositionProperty: BooleanProperty [value: false]
18:27:26.612 [FXGL Background Thread 3 ] DEBUG Engine               - enabledMenuItems: []
18:27:26.613 [FXGL Background Thread 3 ] DEBUG Engine               - engineServices: [class com.almasb.fxgl.app.services.FXGLAssetLoaderService, class com.almasb.fxgl.app.FXGLApplication$GameApplicationService, class com.almasb.fxgl.app.services.FXGLDialogService, class com.almasb.fxgl.app.services.IOTaskExecutorService, class com.almasb.fxgl.event.EventBusService, class com.almasb.fxgl.io.FileSystemService, class com.almasb.fxgl.localization.LocalizationService, class com.almasb.fxgl.app.services.SystemBundleService, class com.almasb.fxgl.profile.SaveLoadService, class com.almasb.fxgl.ui.FXGLUIFactoryServiceProvider, class com.almasb.fxgl.ui.FXGLDialogFactoryServiceProvider, class com.almasb.fxgl.audio.AudioPlayer, class com.almasb.fxgl.notification.impl.NotificationServiceProvider, class com.almasb.fxgl.achievement.AchievementService, class com.almasb.fxgl.cutscene.CutsceneService, class com.almasb.fxgl.minigames.MiniGameService, class com.almasb.fxgl.net.NetService, class com.almasb.fxgl.app.services.UpdaterService, class com.almasb.fxgl.dev.DevService]
18:27:26.614 [FXGL Background Thread 3 ] DEBUG Engine               - fontGame: Abel-Regular.ttf
18:27:26.615 [FXGL Background Thread 3 ] DEBUG Engine               - fontMono: lucida_console.ttf
18:27:26.615 [FXGL Background Thread 3 ] DEBUG Engine               - fontText: Courier-Prime.ttf
18:27:26.616 [FXGL Background Thread 3 ] DEBUG Engine               - fontUI: VarelaRound-Regular.ttf
18:27:26.616 [FXGL Background Thread 3 ] DEBUG Engine               - fullScreen: BooleanProperty [value: false]
18:27:26.617 [FXGL Background Thread 3 ] DEBUG Engine               - gameDifficulty: MEDIUM
18:27:26.619 [FXGL Background Thread 3 ] DEBUG Engine               - gameDifficultyProperty: ObjectProperty [value: MEDIUM]
18:27:26.620 [FXGL Background Thread 3 ] DEBUG Engine               - globalMusicVolume: 0.5
18:27:26.620 [FXGL Background Thread 3 ] DEBUG Engine               - globalMusicVolumeProperty: DoubleProperty [value: 0.08]
18:27:26.621 [FXGL Background Thread 3 ] DEBUG Engine               - globalSoundVolume: 0.5
18:27:26.621 [FXGL Background Thread 3 ] DEBUG Engine               - globalSoundVolumeProperty: DoubleProperty [value: 0.08]
18:27:26.621 [FXGL Background Thread 3 ] DEBUG Engine               - height: 720
18:27:26.621 [FXGL Background Thread 3 ] DEBUG Engine               - isAndroid: false
18:27:26.622 [FXGL Background Thread 3 ] DEBUG Engine               - isBrowser: false
18:27:26.622 [FXGL Background Thread 3 ] DEBUG Engine               - isClickFeedbackEnabled: false
18:27:26.622 [FXGL Background Thread 3 ] DEBUG Engine               - isCloseConfirmation: false
18:27:26.622 [FXGL Background Thread 3 ] DEBUG Engine               - isDesktop: true
18:27:26.623 [FXGL Background Thread 3 ] DEBUG Engine               - isDeveloperMenuEnabled: false
18:27:26.623 [FXGL Background Thread 3 ] DEBUG Engine               - isEntityPreloadEnabled: true
18:27:26.623 [FXGL Background Thread 3 ] DEBUG Engine               - isExperimental3D: false
18:27:26.623 [FXGL Background Thread 3 ] DEBUG Engine               - isExperimentalNative: false
18:27:26.624 [FXGL Background Thread 3 ] DEBUG Engine               - isExperimentalTiledLargeMap: false
18:27:26.624 [FXGL Background Thread 3 ] DEBUG Engine               - isFileSystemWriteAllowed: true
18:27:26.625 [FXGL Background Thread 3 ] DEBUG Engine               - isFullScreenAllowed: false
18:27:26.627 [FXGL Background Thread 3 ] DEBUG Engine               - isFullScreenFromStart: false
18:27:26.627 [FXGL Background Thread 3 ] DEBUG Engine               - isGameMenuEnabled: true
18:27:26.628 [FXGL Background Thread 3 ] DEBUG Engine               - isIOS: false
18:27:26.628 [FXGL Background Thread 3 ] DEBUG Engine               - isIntroEnabled: false
18:27:26.629 [FXGL Background Thread 3 ] DEBUG Engine               - isLinux: false
18:27:26.630 [FXGL Background Thread 3 ] DEBUG Engine               - isMac: false
18:27:26.632 [FXGL Background Thread 3 ] DEBUG Engine               - isMainMenuEnabled: false
18:27:26.633 [FXGL Background Thread 3 ] DEBUG Engine               - isManualResizeEnabled: false
18:27:26.634 [FXGL Background Thread 3 ] DEBUG Engine               - isMobile: false
18:27:26.636 [FXGL Background Thread 3 ] DEBUG Engine               - isPreserveResizeRatio: false
18:27:26.637 [FXGL Background Thread 3 ] DEBUG Engine               - isProfilingEnabled: false
18:27:26.638 [FXGL Background Thread 3 ] DEBUG Engine               - isScaleAffectedOnResize: true
18:27:26.638 [FXGL Background Thread 3 ] DEBUG Engine               - isSingleStep: false
18:27:26.638 [FXGL Background Thread 3 ] DEBUG Engine               - isUserProfileEnabled: false
18:27:26.639 [FXGL Background Thread 3 ] DEBUG Engine               - isWindows: true
18:27:26.639 [FXGL Background Thread 3 ] DEBUG Engine               - language: ObjectProperty [value: ENGLISH]
18:27:26.639 [FXGL Background Thread 3 ] DEBUG Engine               - menuKey: ESCAPE
18:27:26.640 [FXGL Background Thread 3 ] DEBUG Engine               - notificationViewClass: class com.almasb.fxgl.notification.view.XboxNotificationView
18:27:26.640 [FXGL Background Thread 3 ] DEBUG Engine               - pixelsPerMeter: 50.0
18:27:26.641 [FXGL Background Thread 3 ] DEBUG Engine               - platform: WINDOWS
18:27:26.643 [FXGL Background Thread 3 ] DEBUG Engine               - prefHeightProperty: ReadOnlyDoubleProperty [value: 720.0]
18:27:26.643 [FXGL Background Thread 3 ] DEBUG Engine               - prefWidthProperty: ReadOnlyDoubleProperty [value: 1280.0]
18:27:26.644 [FXGL Background Thread 3 ] DEBUG Engine               - profileDir: profiles/
18:27:26.645 [FXGL Background Thread 3 ] DEBUG Engine               - profileName: StringProperty [value: DEFAULT]
18:27:26.646 [FXGL Background Thread 3 ] DEBUG Engine               - randomSeed: -1
18:27:26.648 [FXGL Background Thread 3 ] DEBUG Engine               - runtimeInfo: RuntimeInfo(platform=WINDOWS, version=11.14, build=01.03.2021 16.59)
18:27:26.649 [FXGL Background Thread 3 ] DEBUG Engine               - saveFileExt: sav
18:27:26.649 [FXGL Background Thread 3 ] DEBUG Engine               - scaledHeightProp$fxgl: DoubleProperty [bound, value: 679.0]
18:27:26.651 [FXGL Background Thread 3 ] DEBUG Engine               - scaledWidthProp$fxgl: DoubleProperty [bound, value: 1183.0]
18:27:26.653 [FXGL Background Thread 3 ] DEBUG Engine               - sceneFactory: Main.App$1@41781796
18:27:26.654 [FXGL Background Thread 3 ] DEBUG Engine               - secondsIn24h: 60
18:27:26.654 [FXGL Background Thread 3 ] DEBUG Engine               - soundMenuBack: menu/back.wav
18:27:26.654 [FXGL Background Thread 3 ] DEBUG Engine               - soundMenuPress: menu/press.wav
18:27:26.654 [FXGL Background Thread 3 ] DEBUG Engine               - soundMenuSelect: menu/select.wav
18:27:26.655 [FXGL Background Thread 3 ] DEBUG Engine               - soundNotification: core/notification.wav
18:27:26.655 [FXGL Background Thread 3 ] DEBUG Engine               - stageStyle: DECORATED
18:27:26.655 [FXGL Background Thread 3 ] DEBUG Engine               - supportedLanguages: [ENGLISH, FRENCH, GERMAN, HUNGARIAN, RUSSIAN]
18:27:26.655 [FXGL Background Thread 3 ] DEBUG Engine               - ticksPerSecond: -1
18:27:26.655 [FXGL Background Thread 3 ] DEBUG Engine               - title: Game 1 Let's go
18:27:26.656 [FXGL Background Thread 3 ] DEBUG Engine               - urlGithub: https://github.com/AlmasB/FXGL
18:27:26.656 [FXGL Background Thread 3 ] DEBUG Engine               - urlLeaderboard: http://fxgl-top.herokuapp.com/
18:27:26.656 [FXGL Background Thread 3 ] DEBUG Engine               - urlPOM: https://raw.githubusercontent.com/AlmasB/FXGL/release/README.md
18:27:26.656 [FXGL Background Thread 3 ] DEBUG Engine               - userAppClass: class Main.App
18:27:26.656 [FXGL Background Thread 3 ] DEBUG Engine               - version: 1.0
18:27:26.657 [FXGL Background Thread 3 ] DEBUG Engine               - versionCheckDays: 7
18:27:26.657 [FXGL Background Thread 3 ] DEBUG Engine               - width: 1280
18:27:26.657 [FXGL Background Thread 3 ] DEBUG Engine               - Logging services
18:27:26.657 [FXGL Background Thread 3 ] DEBUG Engine               - class com.almasb.fxgl.app.services.FXGLAssetLoaderService
18:27:26.658 [FXGL Background Thread 3 ] DEBUG Engine               - class com.almasb.fxgl.app.FXGLApplication$GameApplicationService
18:27:26.659 [FXGL Background Thread 3 ] DEBUG Engine               - class com.almasb.fxgl.app.services.FXGLDialogService
18:27:26.660 [FXGL Background Thread 3 ] DEBUG Engine               - class com.almasb.fxgl.app.services.IOTaskExecutorService
18:27:26.660 [FXGL Background Thread 3 ] DEBUG Engine               - class com.almasb.fxgl.event.EventBusService
18:27:26.661 [FXGL Background Thread 3 ] DEBUG Engine               - class com.almasb.fxgl.io.FileSystemService
18:27:26.661 [FXGL Background Thread 3 ] DEBUG Engine               - class com.almasb.fxgl.localization.LocalizationService
18:27:26.662 [FXGL Background Thread 3 ] DEBUG Engine               - class com.almasb.fxgl.app.services.SystemBundleService
18:27:26.663 [FXGL Background Thread 3 ] DEBUG Engine               - class com.almasb.fxgl.profile.SaveLoadService
18:27:26.664 [FXGL Background Thread 3 ] DEBUG Engine               - class com.almasb.fxgl.ui.FXGLUIFactoryServiceProvider
18:27:26.665 [FXGL Background Thread 3 ] DEBUG Engine               - class com.almasb.fxgl.ui.FXGLDialogFactoryServiceProvider
18:27:26.666 [FXGL Background Thread 3 ] DEBUG Engine               - class com.almasb.fxgl.audio.AudioPlayer
18:27:26.667 [FXGL Background Thread 3 ] DEBUG Engine               - class com.almasb.fxgl.notification.impl.NotificationServiceProvider
18:27:26.669 [FXGL Background Thread 3 ] DEBUG Engine               - class com.almasb.fxgl.achievement.AchievementService
18:27:26.670 [FXGL Background Thread 3 ] DEBUG Engine               - class com.almasb.fxgl.cutscene.CutsceneService
18:27:26.671 [FXGL Background Thread 3 ] DEBUG Engine               - class com.almasb.fxgl.minigames.MiniGameService
18:27:26.672 [FXGL Background Thread 3 ] DEBUG Engine               - class com.almasb.fxgl.net.NetService
18:27:26.672 [FXGL Background Thread 3 ] DEBUG Engine               - class com.almasb.fxgl.app.services.UpdaterService
18:27:26.672 [FXGL Background Thread 3 ] DEBUG Engine               - class com.almasb.fxgl.dev.DevService
18:27:29.353 [JavaFX Application Thread] DEBUG FXGLAssetLoaderServi - Loading from file system: file:/C:/Users/isyoh/Documents/école/Object%20oriented%20program/Cours/MusicAdventure/target/classes/assets/sounds/notes/G(Sol).wav
18:27:30.214 [JavaFX Application Thread] DEBUG FXGLAssetLoaderServi - Loading from file system: file:/C:/Users/isyoh/Documents/école/Object%20oriented%20program/Cours/MusicAdventure/target/classes/assets/sounds/notes/F(Fa).wav
18:27:31.154 [JavaFX Application Thread] DEBUG FXGLAssetLoaderServi - Loading from file system: file:/C:/Users/isyoh/Documents/école/Object%20oriented%20program/Cours/MusicAdventure/target/classes/assets/sounds/notes/E(Mi).wav
18:27:32.596 [JavaFX Application Thread] DEBUG FXGLAssetLoaderServi - Loading from file system: file:/C:/Users/isyoh/Documents/école/Object%20oriented%20program/Cours/MusicAdventure/target/classes/assets/sounds/notes/D(Ré).wav
18:27:33.592 [JavaFX Application Thread] DEBUG FXGLAssetLoaderServi - Loading from file system: file:/C:/Users/isyoh/Documents/école/Object%20oriented%20program/Cours/MusicAdventure/target/classes/assets/sounds/notes/C(Do).wav
18:27:34.090 [JavaFX Application Thread] DEBUG FXGLAssetLoaderServi - Loading from file system: file:/C:/Users/isyoh/Documents/école/Object%20oriented%20program/Cours/MusicAdventure/target/classes/assets/sounds/notes/B(Si).wav
18:27:34.539 [JavaFX Application Thread] DEBUG FXGLAssetLoaderServi - Loading from file system: file:/C:/Users/isyoh/Documents/école/Object%20oriented%20program/Cours/MusicAdventure/target/classes/assets/sounds/notes/A(La).wav
18:28:07.948 [JavaFX Application Thread] DEBUG FXGLApplication      - Exiting FXGL
18:28:07.948 [JavaFX Application Thread] DEBUG LoopRunner           - Stopping loop
18:28:07.948 [JavaFX Application Thread] DEBUG SystemBundleService  - Saving FXGL system data
18:28:07.952 [JavaFX Application Thread] DEBUG FileSystemAccess     - Writing to: C:\Users\isyoh\Documents\école\Object oriented program\Cours\MusicAdventure\system\fxgl.bundle
18:28:07.957 [JavaFX Application Thread] DEBUG Async                - Shutting down background threads
18:28:07.957 [JavaFX Application Thread] DEBUG PrimaryStageWindow   - Closing main window
18:28:07.968 [JavaFX Application Thread] DEBUG Logger               - Closing Logger
