18:08:02.876 [main                     ] DEBUG Logger               - Configured Logger
18:08:02.916 [main                     ] DEBUG GameApplication      - Logging settings
Title: Game 1 Let's go
Version: 1.0
Width: 1280
Height: 720
Fullscreen: false
Intro: false
Profiling: false
Single step:false
App Mode: DEVELOPER
Menu Key: ESCAPE
Stage Style: DECORATED
Scene Factory: class Main.App$1

18:08:04.812 [JavaFX Application Thread] DEBUG FXGLApplication      - Initializing FXGL
18:08:04.815 [JavaFX Application Thread] INFO  Engine               - FXGL-11.14 (01.03.2021 16.59) on WINDOWS (J:15.0.2 FX:15)
18:08:04.816 [JavaFX Application Thread] DEBUG Engine               - JRE Vendor Name: Oracle Corporation
18:08:04.816 [JavaFX Application Thread] DEBUG Engine               - Running on OS: Windows 10 version 10.0
18:08:04.816 [JavaFX Application Thread] DEBUG Engine               - Architecture: amd64
18:08:04.817 [JavaFX Application Thread] INFO  Engine               - Source code and latest versions at: https://github.com/AlmasB/FXGL
18:08:04.817 [JavaFX Application Thread] INFO  Engine               -              Join the FXGL chat at: https://gitter.im/AlmasB/FXGL
18:08:04.943 [JavaFX Application Thread] DEBUG PrimaryStageWindow   - Creating a JavaFX scene
18:08:04.943 [JavaFX Application Thread] DEBUG PrimaryStageWindow   - Target size > screen size
18:08:05.016 [JavaFX Application Thread] DEBUG PrimaryStageWindow   - Target settings size: 1280.0 x 720.0
18:08:05.016 [JavaFX Application Thread] DEBUG PrimaryStageWindow   - Scaled scene size:    1183.0 x 679.0
18:08:05.016 [JavaFX Application Thread] DEBUG PrimaryStageWindow   - Scaled ratio: (0.92421875, 0.9430555555555555)
18:08:05.017 [JavaFX Application Thread] DEBUG PrimaryStageWindow   - Set initial scene to FXGLStartupScene
18:08:05.023 [JavaFX Application Thread] DEBUG PrimaryStageWindow   - Opening main window
18:08:05.216 [JavaFX Application Thread] DEBUG PrimaryStageWindow   - Window border size: (15.0, 37.66668701171875)
18:08:05.216 [JavaFX Application Thread] DEBUG PrimaryStageWindow   - Scaled size: 1183.0 x 679.0
18:08:05.217 [JavaFX Application Thread] DEBUG PrimaryStageWindow   - Scaled ratio: (0.92421875, 0.9430555555555555)
18:08:05.218 [JavaFX Application Thread] DEBUG PrimaryStageWindow   - Scene size: 1183.0 x 679.0
18:08:05.218 [JavaFX Application Thread] DEBUG PrimaryStageWindow   - Stage size: 1198.0 x 716.6666870117188
18:08:05.248 [FXGL Background Thread 1 ] DEBUG Engine               - Initializing environment variables
18:08:05.329 [FXGL Background Thread 1 ] DEBUG FXGLAssetLoaderServi - User app class for loading assets: class Main.App
18:08:05.329 [FXGL Background Thread 1 ] DEBUG GameApplicationServi - Applying CSS: fxgl_dark.css
18:08:05.331 [FXGL Background Thread 1 ] DEBUG FXGLAssetLoaderServi - Loading from file system: jar:file:///C:/Users/isyoh/.m2/repository/com/github/almasb/fxgl/11.14/fxgl-11.14.jar!/fxglassets/ui/css/fxgl_dark.css
18:08:05.448 [FXGL Background Thread 1 ] DEBUG GameApplicationServi - Initializing application scenes
18:08:05.609 [FXGL Background Thread 1 ] DEBUG FXGLAssetLoaderServi - Loading from file system: file:/C:/Users/isyoh/Documents/école/Object%20oriented%20program/Cours/MusicAdventure/target/classes/assets/textures/player.png
18:08:05.665 [FXGL Background Thread 1 ] DEBUG GameWorld            - Game world initialized
18:08:05.771 [FXGL Background Thread 1 ] DEBUG PhysicsWorld         - Physics world initialized: appHeight=720, physics.ppm=50,0
18:08:05.773 [FXGL Background Thread 1 ] DEBUG PhysicsWorld         - Using strategy: BRUTE_FORCE
18:08:05.777 [FXGL Background Thread 1 ] DEBUG GameScene            - Game scene initialized: 1280x720
18:08:05.799 [FXGL Background Thread 1 ] DEBUG FXGLAssetLoaderServi - Loading from file system: jar:file:///C:/Users/isyoh/.m2/repository/com/github/almasb/fxgl/11.14/fxgl-11.14.jar!/fxglassets/textures/particles/trace_horizontal.png
18:08:05.877 [FXGL Background Thread 1 ] DEBUG FXGL.DefaultMenu     - createMenuBodyGameMenu()
18:08:05.912 [FXGL Background Thread 1 ] DEBUG FXGL.DefaultMenu     - createOptionsMenu()
18:08:05.921 [FXGL Background Thread 1 ] DEBUG FXGLAssetLoaderServi - Loading from file system: jar:file:///C:/Users/isyoh/.m2/repository/com/github/almasb/fxgl/11.14/fxgl-11.14.jar!/fxglassets/textures/particles/smoke.png
18:08:06.086 [FXGL Background Thread 1 ] DEBUG GameApplicationServi - Application scenes initialized
18:08:06.118 [FXGL Background Thread 1 ] DEBUG SystemBundleService  - Loading default FXGL system data
18:08:06.119 [FXGL Background Thread 1 ] DEBUG UpdaterService       - Checking for updates
18:08:06.125 [FXGL Background Thread 1 ] DEBUG FXGLApplication      - Loading default localization
18:08:06.126 [FXGL Background Thread 1 ] DEBUG FXGLAssetLoaderServi - Loading from file system: jar:file:///C:/Users/isyoh/.m2/repository/com/github/almasb/fxgl/11.14/fxgl-11.14.jar!/fxglassets/languages/english.lang
18:08:06.134 [FXGL Background Thread 4 ] DEBUG FXGLApplication      - Loading fonts
18:08:06.136 [FXGL Background Thread 4 ] DEBUG FXGLAssetLoaderServi - Loading from file system: jar:file:///C:/Users/isyoh/.m2/repository/com/github/almasb/fxgl/11.14/fxgl-11.14.jar!/fxglassets/ui/fonts/VarelaRound-Regular.ttf
18:08:06.153 [FXGL Background Thread 1 ] INFO  FXGLApplication      - FXGL initialization took: 0,905 sec
18:08:06.170 [JavaFX Application Thread] DEBUG Input                - Registered new binding: Left - Left
18:08:06.170 [JavaFX Application Thread] DEBUG Input                - Registered new binding: Right - Right
18:08:06.171 [JavaFX Application Thread] DEBUG Input                - Registered new binding: Jump - Up
18:08:06.172 [JavaFX Application Thread] DEBUG Input                - Registered new binding: WhistleA - 1
18:08:06.172 [JavaFX Application Thread] DEBUG Input                - Registered new binding: WhistleB - 2
18:08:06.173 [JavaFX Application Thread] DEBUG Input                - Registered new binding: WhistleC - 3
18:08:06.173 [JavaFX Application Thread] DEBUG Input                - Registered new binding: WhistleD - 4
18:08:06.174 [JavaFX Application Thread] DEBUG Input                - Registered new binding: Use - E
18:08:06.175 [JavaFX Application Thread] DEBUG FXGLAssetLoaderServi - Loading from file system: file:/C:/Users/isyoh/Documents/école/Object%20oriented%20program/Cours/MusicAdventure/target/classes/assets/music/BGM_dash_runner.wav
18:08:06.772 [FXGL Background Thread 4 ] DEBUG FXGLAssetLoaderServi - Loading from file system: jar:file:///C:/Users/isyoh/.m2/repository/com/github/almasb/fxgl/11.14/fxgl-11.14.jar!/fxglassets/ui/fonts/Abel-Regular.ttf
18:08:06.795 [FXGL Background Thread 4 ] DEBUG FXGLAssetLoaderServi - Loading from file system: jar:file:///C:/Users/isyoh/.m2/repository/com/github/almasb/fxgl/11.14/fxgl-11.14.jar!/fxglassets/ui/fonts/lucida_console.ttf
18:08:06.890 [FXGL Background Thread 4 ] DEBUG FXGLAssetLoaderServi - Loading from file system: jar:file:///C:/Users/isyoh/.m2/repository/com/github/almasb/fxgl/11.14/fxgl-11.14.jar!/fxglassets/ui/fonts/Courier-Prime.ttf
18:08:06.986 [JavaFX Application Thread] DEBUG AudioPlayer          - Playing music com.almasb.fxgl.audio.Music@2fd9908e
18:08:06.987 [JavaFX Application Thread] DEBUG FXGLAssetLoaderServi - Loading from file system: jar:file:///C:/Users/isyoh/.m2/repository/com/github/almasb/fxgl/11.14/fxgl-11.14.jar!/fxglassets/textures/fxgl_icon.png
18:08:07.090 [JavaFX Application Thread] DEBUG FXGLAssetLoaderServi - Loading from file system: jar:file:///C:/Users/isyoh/.m2/repository/com/github/almasb/fxgl/11.14/fxgl-11.14.jar!/fxglassets/ui/cursors/fxgl_default.png
18:08:07.095 [JavaFX Application Thread] DEBUG Input                - Registered new binding: Screenshot - P
18:08:07.097 [JavaFX Application Thread] DEBUG Input                - Registered new binding: System info dump - CTRL+9
18:08:07.097 [JavaFX Application Thread] DEBUG Input                - Registered new binding: Restart - CTRL+R
18:08:07.099 [JavaFX Application Thread] DEBUG Input                - Registered new binding: Toggle Debug Camera - CTRL+C
18:08:07.105 [JavaFX Application Thread] DEBUG LoopRunner           - Starting loop
18:08:07.105 [JavaFX Application Thread] DEBUG LoopRunner           - Initializing JavaFX AnimationTimerLoop
18:08:07.114 [JavaFX Application Thread] DEBUG GameApplicationServi - Starting new game
18:08:07.114 [JavaFX Application Thread] DEBUG Input                - Clearing active input actions
18:08:07.135 [JavaFX Application Thread] DEBUG GameApplicationServi - Removing overlay from FXGLStartupScene and adding to BetterLoadingScene
18:08:07.135 [JavaFX Application Thread] DEBUG PrimaryStageWindow   - FXGLStartupScene -> BetterLoadingScene
18:08:07.136 [JavaFX Application Thread] DEBUG GameApplicationServi - Clearing previous game
18:08:07.136 [JavaFX Application Thread] DEBUG GameScene            - Clearing game scene
18:08:07.136 [JavaFX Application Thread] DEBUG GameWorld            - Clearing game world
18:08:07.137 [JavaFX Application Thread] DEBUG PhysicsWorld         - Clearing physics world
18:08:07.138 [FXGL Background Thread 4 ] DEBUG FXGLApplication      - Initializing game
18:08:07.139 [JavaFX Application Thread] DEBUG FXGLApplication      - Registering font factories with UI factory
18:08:07.370 [FXGL Background Thread 4 ] DEBUG TMXLevelLoader       - Parsed raw map: TiledMap(width=15, height=10, tilewidth=70, tileheight=70, orientation=orthogonal, layers=[Layer(width=15, height=10, name=Tile Layer 1, type=tilelayer, visible=false, x=0, y=0, data=[0, 0, 0, 0, 0, 0, 0, 0, 0, 0, 0, 0, 0, 0, 0, 0, 0, 0, 0, 0, 0, 0, 0, 0, 0, 0, 0, 0, 0, 0, 0, 0, 0, 0, 0, 0, 0, 0, 0, 0, 0, 0, 0, 0, 0, 0, 0, 0, 0, 0, 0, 0, 0, 0, 0, 0, 0, 0, 0, 0, 0, 0, 0, 0, 0, 0, 0, 0, 0, 0, 0, 0, 0, 0, 0, 0, 0, 0, 0, 0, 0, 0, 0, 0, 0, 0, 0, 0, 0, 0, 0, 0, 0, 0, 0, 0, 0, 0, 0, 0, 0, 0, 0, 0, 0, 0, 0, 0, 0, 0, 0, 0, 0, 0, 0, 0, 0, 0, 0, 0, 0, 0, 0, 0, 0, 0, 69, 57, 45, 0, 0, 0, 0, 0, 0, 116, 104, 104, 104, 104, 104, 104, 104, 104, 104, 104, 104, 104, 104, 92], objects=[], opacity=0.0, draworder=), Layer(width=0, height=0, name=Object Layer 1, type=objectgroup, visible=false, x=0, y=0, data=[], objects=[com.almasb.fxgl.entity.level.tiled.TiledObject@9018881, com.almasb.fxgl.entity.level.tiled.TiledObject@27f2143f, com.almasb.fxgl.entity.level.tiled.TiledObject@20211cee, com.almasb.fxgl.entity.level.tiled.TiledObject@6b3cffbc, com.almasb.fxgl.entity.level.tiled.TiledObject@6efc37da, com.almasb.fxgl.entity.level.tiled.TiledObject@599895d6, com.almasb.fxgl.entity.level.tiled.TiledObject@71762467, com.almasb.fxgl.entity.level.tiled.TiledObject@7d3be4ea, com.almasb.fxgl.entity.level.tiled.TiledObject@72764e70, com.almasb.fxgl.entity.level.tiled.TiledObject@6f5d53cd, com.almasb.fxgl.entity.level.tiled.TiledObject@2f48175d, com.almasb.fxgl.entity.level.tiled.TiledObject@df6baea, com.almasb.fxgl.entity.level.tiled.TiledObject@4d3360ea, com.almasb.fxgl.entity.level.tiled.TiledObject@487591ba, com.almasb.fxgl.entity.level.tiled.TiledObject@27e88516, com.almasb.fxgl.entity.level.tiled.TiledObject@1ff15aeb], opacity=0.0, draworder=)], tilesets=[Tileset(firstgid=1, image=tiles_spritesheet.png, name=tiles_spritesheet, tilewidth=70, tileheight=70, imagewidth=914, imageheight=936, margin=0, spacing=2, columns=12, tilecount=156, transparentcolor=, tiles=[])], backgroundcolor=, renderorder=right-down, nextobjectid=22, version=1, tiledversion=1.2.3, type=map, infinite=false, hexsidelength=0, staggeraxis=, staggerindex=, properties={star1time=7.0}, propertytypes={star1time=float})
18:08:07.375 [FXGL Background Thread 4 ] DEBUG TMXLevelLoader       - Creating tile layer entities
18:08:07.376 [FXGL Background Thread 4 ] DEBUG TilesetLoader        - Loading view for layer Tile Layer 1
18:08:07.378 [FXGL Background Thread 4 ] DEBUG TilesetLoader        - Created buffer with size 1050.0x700.0
18:08:07.437 [FXGL Background Thread 2 ] INFO  UpdaterService       - Your current version:  11.14
18:08:07.439 [FXGL Background Thread 2 ] INFO  UpdaterService       - Latest stable version: 11.15
18:08:07.460 [FXGL Background Thread 4 ] DEBUG TilesetLoader        - Writing to buffer: dst=420,560, w=70,h=70, src=576,360
18:08:07.460 [FXGL Background Thread 4 ] DEBUG TilesetLoader        - Writing to buffer: dst=490,560, w=70,h=70, src=576,288
18:08:07.461 [FXGL Background Thread 4 ] DEBUG TilesetLoader        - Writing to buffer: dst=560,560, w=70,h=70, src=576,216
18:08:07.461 [FXGL Background Thread 4 ] DEBUG TilesetLoader        - Writing to buffer: dst=0,630, w=70,h=70, src=504,648
18:08:07.462 [FXGL Background Thread 4 ] DEBUG TilesetLoader        - Writing to buffer: dst=70,630, w=70,h=70, src=504,576
18:08:07.463 [FXGL Background Thread 4 ] DEBUG TilesetLoader        - Writing to buffer: dst=140,630, w=70,h=70, src=504,576
18:08:07.463 [FXGL Background Thread 4 ] DEBUG TilesetLoader        - Writing to buffer: dst=210,630, w=70,h=70, src=504,576
18:08:07.464 [FXGL Background Thread 4 ] DEBUG TilesetLoader        - Writing to buffer: dst=280,630, w=70,h=70, src=504,576
18:08:07.464 [FXGL Background Thread 4 ] DEBUG TilesetLoader        - Writing to buffer: dst=350,630, w=70,h=70, src=504,576
18:08:07.464 [FXGL Background Thread 4 ] DEBUG TilesetLoader        - Writing to buffer: dst=420,630, w=70,h=70, src=504,576
18:08:07.465 [FXGL Background Thread 4 ] DEBUG TilesetLoader        - Writing to buffer: dst=490,630, w=70,h=70, src=504,576
18:08:07.465 [FXGL Background Thread 4 ] DEBUG TilesetLoader        - Writing to buffer: dst=560,630, w=70,h=70, src=504,576
18:08:07.465 [FXGL Background Thread 4 ] DEBUG TilesetLoader        - Writing to buffer: dst=630,630, w=70,h=70, src=504,576
18:08:07.465 [FXGL Background Thread 4 ] DEBUG TilesetLoader        - Writing to buffer: dst=700,630, w=70,h=70, src=504,576
18:08:07.466 [FXGL Background Thread 4 ] DEBUG TilesetLoader        - Writing to buffer: dst=770,630, w=70,h=70, src=504,576
18:08:07.466 [FXGL Background Thread 4 ] DEBUG TilesetLoader        - Writing to buffer: dst=840,630, w=70,h=70, src=504,576
18:08:07.466 [FXGL Background Thread 4 ] DEBUG TilesetLoader        - Writing to buffer: dst=910,630, w=70,h=70, src=504,576
18:08:07.468 [FXGL Background Thread 4 ] DEBUG TilesetLoader        - Writing to buffer: dst=980,630, w=70,h=70, src=504,504
18:08:07.472 [FXGL Background Thread 4 ] DEBUG TMXLevelLoader       - Creating object layer entities
18:08:07.547 [FXGL Background Thread 4 ] DEBUG FXGLAssetLoaderServi - Loading from file system: file:/C:/Users/isyoh/Documents/école/Object%20oriented%20program/Cours/MusicAdventure/target/classes/assets/textures/A(La).png
18:08:07.563 [FXGL Background Thread 4 ] DEBUG FXGLAssetLoaderServi - Loading from file system: file:/C:/Users/isyoh/Documents/école/Object%20oriented%20program/Cours/MusicAdventure/target/classes/assets/textures/dirt_32x32.png
18:08:07.593 [FXGL Background Thread 4 ] DEBUG GameWorld            - Clearing removable entities
18:08:07.594 [FXGL Background Thread 4 ] DEBUG GameWorld            - Setting level: com.almasb.fxgl.entity.level.Level@3287f380
18:08:07.630 [FXGL Background Thread 4 ] DEBUG FXGLAssetLoaderServi - Loading from file system: file:/C:/Users/isyoh/Documents/école/Object%20oriented%20program/Cours/MusicAdventure/target/classes/assets/textures/background/forest.png
18:08:07.678 [FXGL Background Thread 4 ] INFO  FXGLApplication      - Game initialization took: 0,540 sec
18:08:07.690 [JavaFX Application Thread] DEBUG Input                - Clearing active input actions
18:08:07.706 [JavaFX Application Thread] DEBUG GameApplicationServi - Removing overlay from BetterLoadingScene and adding to GameScene
18:08:07.706 [JavaFX Application Thread] DEBUG PrimaryStageWindow   - BetterLoadingScene -> GameScene
18:08:08.010 [JavaFX Application Thread] DEBUG FXGLAssetLoaderServi - Loading from file system: file:/C:/Users/isyoh/Documents/école/Object%20oriented%20program/Cours/MusicAdventure/target/classes/assets/sounds/land.wav
18:08:09.123 [FXGL Background Thread 3 ] DEBUG Engine               - Logging environment variables
18:08:09.124 [FXGL Background Thread 3 ] DEBUG Engine               - achievements: []
18:08:09.124 [FXGL Background Thread 3 ] DEBUG Engine               - actualHeight: 679.0
18:08:09.125 [FXGL Background Thread 3 ] DEBUG Engine               - actualHeightProperty: ReadOnlyDoubleProperty [value: 679.0]
18:08:09.125 [FXGL Background Thread 3 ] DEBUG Engine               - actualWidth: 1183.0
18:08:09.125 [FXGL Background Thread 3 ] DEBUG Engine               - actualWidthProperty: ReadOnlyDoubleProperty [value: 1183.0]
18:08:09.126 [FXGL Background Thread 3 ] DEBUG Engine               - appIcon: fxgl_icon.png
18:08:09.126 [FXGL Background Thread 3 ] DEBUG Engine               - applicationMode: DEVELOPER
18:08:09.127 [FXGL Background Thread 3 ] DEBUG Engine               - cSSList: [fxgl_dark.css]
18:08:09.129 [FXGL Background Thread 3 ] DEBUG Engine               - collisionDetectionStrategy: BRUTE_FORCE
18:08:09.129 [FXGL Background Thread 3 ] DEBUG Engine               - configClass: Optional.empty
18:08:09.129 [FXGL Background Thread 3 ] DEBUG Engine               - credits: []
18:08:09.130 [FXGL Background Thread 3 ] DEBUG Engine               - devBBoxColorProperty: ObjectProperty [value: 0xff0000ff]
18:08:09.132 [FXGL Background Thread 3 ] DEBUG Engine               - devEnableDebugCameraProperty: BooleanProperty [value: false]
18:08:09.133 [FXGL Background Thread 3 ] DEBUG Engine               - devSensorColorProperty: ObjectProperty [value: 0xffff00ff]
18:08:09.135 [FXGL Background Thread 3 ] DEBUG Engine               - devShowBBoxProperty: BooleanProperty [value: false]
18:08:09.136 [FXGL Background Thread 3 ] DEBUG Engine               - devShowPositionProperty: BooleanProperty [value: false]
18:08:09.139 [FXGL Background Thread 3 ] DEBUG Engine               - enabledMenuItems: []
18:08:09.140 [FXGL Background Thread 3 ] DEBUG Engine               - engineServices: [class com.almasb.fxgl.app.services.FXGLAssetLoaderService, class com.almasb.fxgl.app.FXGLApplication$GameApplicationService, class com.almasb.fxgl.app.services.FXGLDialogService, class com.almasb.fxgl.app.services.IOTaskExecutorService, class com.almasb.fxgl.event.EventBusService, class com.almasb.fxgl.io.FileSystemService, class com.almasb.fxgl.localization.LocalizationService, class com.almasb.fxgl.app.services.SystemBundleService, class com.almasb.fxgl.profile.SaveLoadService, class com.almasb.fxgl.ui.FXGLUIFactoryServiceProvider, class com.almasb.fxgl.ui.FXGLDialogFactoryServiceProvider, class com.almasb.fxgl.audio.AudioPlayer, class com.almasb.fxgl.notification.impl.NotificationServiceProvider, class com.almasb.fxgl.achievement.AchievementService, class com.almasb.fxgl.cutscene.CutsceneService, class com.almasb.fxgl.minigames.MiniGameService, class com.almasb.fxgl.net.NetService, class com.almasb.fxgl.app.services.UpdaterService, class com.almasb.fxgl.dev.DevService]
18:08:09.140 [FXGL Background Thread 3 ] DEBUG Engine               - fontGame: Abel-Regular.ttf
18:08:09.141 [FXGL Background Thread 3 ] DEBUG Engine               - fontMono: lucida_console.ttf
18:08:09.141 [FXGL Background Thread 3 ] DEBUG Engine               - fontText: Courier-Prime.ttf
18:08:09.141 [FXGL Background Thread 3 ] DEBUG Engine               - fontUI: VarelaRound-Regular.ttf
18:08:09.141 [FXGL Background Thread 3 ] DEBUG Engine               - fullScreen: BooleanProperty [value: false]
18:08:09.141 [FXGL Background Thread 3 ] DEBUG Engine               - gameDifficulty: MEDIUM
18:08:09.142 [FXGL Background Thread 3 ] DEBUG Engine               - gameDifficultyProperty: ObjectProperty [value: MEDIUM]
18:08:09.142 [FXGL Background Thread 3 ] DEBUG Engine               - globalMusicVolume: 0.5
18:08:09.142 [FXGL Background Thread 3 ] DEBUG Engine               - globalMusicVolumeProperty: DoubleProperty [value: 0.08]
18:08:09.142 [FXGL Background Thread 3 ] DEBUG Engine               - globalSoundVolume: 0.5
18:08:09.143 [FXGL Background Thread 3 ] DEBUG Engine               - globalSoundVolumeProperty: DoubleProperty [value: 0.08]
18:08:09.143 [FXGL Background Thread 3 ] DEBUG Engine               - height: 720
18:08:09.143 [FXGL Background Thread 3 ] DEBUG Engine               - isAndroid: false
18:08:09.144 [FXGL Background Thread 3 ] DEBUG Engine               - isBrowser: false
18:08:09.145 [FXGL Background Thread 3 ] DEBUG Engine               - isClickFeedbackEnabled: false
18:08:09.146 [FXGL Background Thread 3 ] DEBUG Engine               - isCloseConfirmation: false
18:08:09.146 [FXGL Background Thread 3 ] DEBUG Engine               - isDesktop: true
18:08:09.147 [FXGL Background Thread 3 ] DEBUG Engine               - isDeveloperMenuEnabled: false
18:08:09.148 [FXGL Background Thread 3 ] DEBUG Engine               - isEntityPreloadEnabled: true
18:08:09.149 [FXGL Background Thread 3 ] DEBUG Engine               - isExperimental3D: false
18:08:09.149 [FXGL Background Thread 3 ] DEBUG Engine               - isExperimentalNative: false
18:08:09.150 [FXGL Background Thread 3 ] DEBUG Engine               - isExperimentalTiledLargeMap: false
18:08:09.151 [FXGL Background Thread 3 ] DEBUG Engine               - isFileSystemWriteAllowed: true
18:08:09.152 [FXGL Background Thread 3 ] DEBUG Engine               - isFullScreenAllowed: false
18:08:09.152 [FXGL Background Thread 3 ] DEBUG Engine               - isFullScreenFromStart: false
18:08:09.154 [FXGL Background Thread 3 ] DEBUG Engine               - isGameMenuEnabled: true
18:08:09.155 [FXGL Background Thread 3 ] DEBUG Engine               - isIOS: false
18:08:09.156 [FXGL Background Thread 3 ] DEBUG Engine               - isIntroEnabled: false
18:08:09.157 [FXGL Background Thread 3 ] DEBUG Engine               - isLinux: false
18:08:09.157 [FXGL Background Thread 3 ] DEBUG Engine               - isMac: false
18:08:09.157 [FXGL Background Thread 3 ] DEBUG Engine               - isMainMenuEnabled: false
18:08:09.158 [FXGL Background Thread 3 ] DEBUG Engine               - isManualResizeEnabled: false
18:08:09.158 [FXGL Background Thread 3 ] DEBUG Engine               - isMobile: false
18:08:09.158 [FXGL Background Thread 3 ] DEBUG Engine               - isPreserveResizeRatio: false
18:08:09.159 [FXGL Background Thread 3 ] DEBUG Engine               - isProfilingEnabled: false
18:08:09.160 [FXGL Background Thread 3 ] DEBUG Engine               - isScaleAffectedOnResize: true
18:08:09.160 [FXGL Background Thread 3 ] DEBUG Engine               - isSingleStep: false
18:08:09.160 [FXGL Background Thread 3 ] DEBUG Engine               - isUserProfileEnabled: false
18:08:09.160 [FXGL Background Thread 3 ] DEBUG Engine               - isWindows: true
18:08:09.161 [FXGL Background Thread 3 ] DEBUG Engine               - language: ObjectProperty [value: ENGLISH]
18:08:09.162 [FXGL Background Thread 3 ] DEBUG Engine               - menuKey: ESCAPE
18:08:09.162 [FXGL Background Thread 3 ] DEBUG Engine               - notificationViewClass: class com.almasb.fxgl.notification.view.XboxNotificationView
18:08:09.163 [FXGL Background Thread 3 ] DEBUG Engine               - pixelsPerMeter: 50.0
18:08:09.164 [FXGL Background Thread 3 ] DEBUG Engine               - platform: WINDOWS
18:08:09.164 [FXGL Background Thread 3 ] DEBUG Engine               - prefHeightProperty: ReadOnlyDoubleProperty [value: 720.0]
18:08:09.165 [FXGL Background Thread 3 ] DEBUG Engine               - prefWidthProperty: ReadOnlyDoubleProperty [value: 1280.0]
18:08:09.166 [FXGL Background Thread 3 ] DEBUG Engine               - profileDir: profiles/
18:08:09.168 [FXGL Background Thread 3 ] DEBUG Engine               - profileName: StringProperty [value: DEFAULT]
18:08:09.168 [FXGL Background Thread 3 ] DEBUG Engine               - randomSeed: -1
18:08:09.169 [FXGL Background Thread 3 ] DEBUG Engine               - runtimeInfo: RuntimeInfo(platform=WINDOWS, version=11.14, build=01.03.2021 16.59)
18:08:09.171 [FXGL Background Thread 3 ] DEBUG Engine               - saveFileExt: sav
18:08:09.172 [FXGL Background Thread 3 ] DEBUG Engine               - scaledHeightProp$fxgl: DoubleProperty [bound, value: 679.0]
18:08:09.173 [FXGL Background Thread 3 ] DEBUG Engine               - scaledWidthProp$fxgl: DoubleProperty [bound, value: 1183.0]
18:08:09.173 [FXGL Background Thread 3 ] DEBUG Engine               - sceneFactory: Main.App$1@121d83f0
18:08:09.173 [FXGL Background Thread 3 ] DEBUG Engine               - secondsIn24h: 60
18:08:09.174 [FXGL Background Thread 3 ] DEBUG Engine               - soundMenuBack: menu/back.wav
18:08:09.174 [FXGL Background Thread 3 ] DEBUG Engine               - soundMenuPress: menu/press.wav
18:08:09.174 [FXGL Background Thread 3 ] DEBUG Engine               - soundMenuSelect: menu/select.wav
18:08:09.174 [FXGL Background Thread 3 ] DEBUG Engine               - soundNotification: core/notification.wav
18:08:09.175 [FXGL Background Thread 3 ] DEBUG Engine               - stageStyle: DECORATED
18:08:09.176 [FXGL Background Thread 3 ] DEBUG Engine               - supportedLanguages: [ENGLISH, FRENCH, GERMAN, HUNGARIAN, RUSSIAN]
18:08:09.177 [FXGL Background Thread 3 ] DEBUG Engine               - ticksPerSecond: -1
18:08:09.178 [FXGL Background Thread 3 ] DEBUG Engine               - title: Game 1 Let's go
18:08:09.179 [FXGL Background Thread 3 ] DEBUG Engine               - urlGithub: https://github.com/AlmasB/FXGL
18:08:09.180 [FXGL Background Thread 3 ] DEBUG Engine               - urlLeaderboard: http://fxgl-top.herokuapp.com/
18:08:09.180 [FXGL Background Thread 3 ] DEBUG Engine               - urlPOM: https://raw.githubusercontent.com/AlmasB/FXGL/release/README.md
18:08:09.181 [FXGL Background Thread 3 ] DEBUG Engine               - userAppClass: class Main.App
18:08:09.183 [FXGL Background Thread 3 ] DEBUG Engine               - version: 1.0
18:08:09.183 [FXGL Background Thread 3 ] DEBUG Engine               - versionCheckDays: 7
18:08:09.184 [FXGL Background Thread 3 ] DEBUG Engine               - width: 1280
18:08:09.185 [FXGL Background Thread 3 ] DEBUG Engine               - Logging services
18:08:09.187 [FXGL Background Thread 3 ] DEBUG Engine               - class com.almasb.fxgl.app.services.FXGLAssetLoaderService
18:08:09.188 [FXGL Background Thread 3 ] DEBUG Engine               - class com.almasb.fxgl.app.FXGLApplication$GameApplicationService
18:08:09.189 [FXGL Background Thread 3 ] DEBUG Engine               - class com.almasb.fxgl.app.services.FXGLDialogService
18:08:09.190 [FXGL Background Thread 3 ] DEBUG Engine               - class com.almasb.fxgl.app.services.IOTaskExecutorService
18:08:09.190 [FXGL Background Thread 3 ] DEBUG Engine               - class com.almasb.fxgl.event.EventBusService
18:08:09.191 [FXGL Background Thread 3 ] DEBUG Engine               - class com.almasb.fxgl.io.FileSystemService
18:08:09.191 [FXGL Background Thread 3 ] DEBUG Engine               - class com.almasb.fxgl.localization.LocalizationService
18:08:09.191 [FXGL Background Thread 3 ] DEBUG Engine               - class com.almasb.fxgl.app.services.SystemBundleService
18:08:09.191 [FXGL Background Thread 3 ] DEBUG Engine               - class com.almasb.fxgl.profile.SaveLoadService
18:08:09.192 [FXGL Background Thread 3 ] DEBUG Engine               - class com.almasb.fxgl.ui.FXGLUIFactoryServiceProvider
18:08:09.192 [FXGL Background Thread 3 ] DEBUG Engine               - class com.almasb.fxgl.ui.FXGLDialogFactoryServiceProvider
18:08:09.192 [FXGL Background Thread 3 ] DEBUG Engine               - class com.almasb.fxgl.audio.AudioPlayer
18:08:09.192 [FXGL Background Thread 3 ] DEBUG Engine               - class com.almasb.fxgl.notification.impl.NotificationServiceProvider
18:08:09.192 [FXGL Background Thread 3 ] DEBUG Engine               - class com.almasb.fxgl.achievement.AchievementService
18:08:09.193 [FXGL Background Thread 3 ] DEBUG Engine               - class com.almasb.fxgl.cutscene.CutsceneService
18:08:09.193 [FXGL Background Thread 3 ] DEBUG Engine               - class com.almasb.fxgl.minigames.MiniGameService
18:08:09.193 [FXGL Background Thread 3 ] DEBUG Engine               - class com.almasb.fxgl.net.NetService
18:08:09.193 [FXGL Background Thread 3 ] DEBUG Engine               - class com.almasb.fxgl.app.services.UpdaterService
18:08:09.193 [FXGL Background Thread 3 ] DEBUG Engine               - class com.almasb.fxgl.dev.DevService
18:08:14.919 [JavaFX Application Thread] DEBUG FXGLAssetLoaderServi - Loading from file system: file:/C:/Users/isyoh/Documents/école/Object%20oriented%20program/Cours/MusicAdventure/target/classes/assets/sounds/notes/A(La).wav
18:08:15.962 [JavaFX Application Thread] DEBUG FXGLAssetLoaderServi - Loading from file system: file:/C:/Users/isyoh/Documents/école/Object%20oriented%20program/Cours/MusicAdventure/target/classes/assets/sounds/Kick.wav
18:08:16.127 [JavaFX Application Thread] DEBUG FXGLAssetLoaderServi - Loading from file system: file:/C:/Users/isyoh/Documents/école/Object%20oriented%20program/Cours/MusicAdventure/target/classes/assets/sounds/notes/B(Si).wav
18:08:16.727 [JavaFX Application Thread] DEBUG FXGLAssetLoaderServi - Loading from file system: file:/C:/Users/isyoh/Documents/école/Object%20oriented%20program/Cours/MusicAdventure/target/classes/assets/sounds/notes/C(Do).wav
18:08:17.304 [JavaFX Application Thread] DEBUG FXGLAssetLoaderServi - Loading from file system: file:/C:/Users/isyoh/Documents/école/Object%20oriented%20program/Cours/MusicAdventure/target/classes/assets/sounds/notes/D(Ré).wav
18:09:39.053 [JavaFX Application Thread] DEBUG FXGLApplication      - Exiting FXGL
18:09:39.054 [JavaFX Application Thread] DEBUG LoopRunner           - Stopping loop
18:09:39.054 [JavaFX Application Thread] DEBUG SystemBundleService  - Saving FXGL system data
18:09:39.064 [JavaFX Application Thread] DEBUG FileSystemAccess     - Writing to: C:\Users\isyoh\Documents\école\Object oriented program\Cours\MusicAdventure\system\fxgl.bundle
18:09:39.076 [JavaFX Application Thread] DEBUG Async                - Shutting down background threads
18:09:39.076 [JavaFX Application Thread] DEBUG PrimaryStageWindow   - Closing main window
18:09:39.088 [JavaFX Application Thread] DEBUG Logger               - Closing Logger
