18:18:59.386 [main                     ] DEBUG Logger               - Configured Logger
18:18:59.411 [main                     ] DEBUG GameApplication      - Logging settings
Title: Game 1 Let's go
Version: 1.0
Width: 1280
Height: 720
Fullscreen: false
Intro: false
Profiling: false
Single step:false
App Mode: DEVELOPER
Menu Key: ESCAPE
Stage Style: DECORATED
Scene Factory: class Main.App$1

18:19:00.508 [JavaFX Application Thread] DEBUG FXGLApplication      - Initializing FXGL
18:19:00.512 [JavaFX Application Thread] INFO  Engine               - FXGL-11.14 (01.03.2021 16.59) on WINDOWS (J:15.0.2 FX:15)
18:19:00.512 [JavaFX Application Thread] DEBUG Engine               - JRE Vendor Name: Oracle Corporation
18:19:00.513 [JavaFX Application Thread] DEBUG Engine               - Running on OS: Windows 10 version 10.0
18:19:00.513 [JavaFX Application Thread] DEBUG Engine               - Architecture: amd64
18:19:00.513 [JavaFX Application Thread] INFO  Engine               - Source code and latest versions at: https://github.com/AlmasB/FXGL
18:19:00.514 [JavaFX Application Thread] INFO  Engine               -              Join the FXGL chat at: https://gitter.im/AlmasB/FXGL
18:19:00.710 [JavaFX Application Thread] DEBUG PrimaryStageWindow   - Creating a JavaFX scene
18:19:00.710 [JavaFX Application Thread] DEBUG PrimaryStageWindow   - Target size > screen size
18:19:00.831 [JavaFX Application Thread] DEBUG PrimaryStageWindow   - Target settings size: 1280.0 x 720.0
18:19:00.831 [JavaFX Application Thread] DEBUG PrimaryStageWindow   - Scaled scene size:    1183.0 x 679.0
18:19:00.832 [JavaFX Application Thread] DEBUG PrimaryStageWindow   - Scaled ratio: (0.92421875, 0.9430555555555555)
18:19:00.833 [JavaFX Application Thread] DEBUG PrimaryStageWindow   - Set initial scene to FXGLStartupScene
18:19:00.849 [JavaFX Application Thread] DEBUG PrimaryStageWindow   - Opening main window
18:19:01.109 [JavaFX Application Thread] DEBUG PrimaryStageWindow   - Window border size: (15.0, 37.66668701171875)
18:19:01.110 [JavaFX Application Thread] DEBUG PrimaryStageWindow   - Scaled size: 1183.0 x 679.0
18:19:01.110 [JavaFX Application Thread] DEBUG PrimaryStageWindow   - Scaled ratio: (0.92421875, 0.9430555555555555)
18:19:01.111 [JavaFX Application Thread] DEBUG PrimaryStageWindow   - Scene size: 1183.0 x 679.0
18:19:01.111 [JavaFX Application Thread] DEBUG PrimaryStageWindow   - Stage size: 1198.0 x 716.6666870117188
18:19:01.207 [FXGL Background Thread 1 ] DEBUG Engine               - Initializing environment variables
18:19:01.272 [FXGL Background Thread 1 ] DEBUG FXGLAssetLoaderServi - User app class for loading assets: class Main.App
18:19:01.273 [FXGL Background Thread 1 ] DEBUG GameApplicationServi - Applying CSS: fxgl_dark.css
18:19:01.274 [FXGL Background Thread 1 ] DEBUG FXGLAssetLoaderServi - Loading from file system: jar:file:///C:/Users/isyoh/.m2/repository/com/github/almasb/fxgl/11.14/fxgl-11.14.jar!/fxglassets/ui/css/fxgl_dark.css
18:19:01.395 [FXGL Background Thread 1 ] DEBUG GameApplicationServi - Initializing application scenes
18:19:01.614 [FXGL Background Thread 1 ] DEBUG FXGLAssetLoaderServi - Loading from file system: file:/C:/Users/isyoh/Documents/école/Object%20oriented%20program/Cours/MusicAdventure/target/classes/assets/textures/player.png
18:19:01.676 [FXGL Background Thread 1 ] DEBUG GameWorld            - Game world initialized
18:19:01.777 [FXGL Background Thread 1 ] DEBUG PhysicsWorld         - Physics world initialized: appHeight=720, physics.ppm=50,0
18:19:01.778 [FXGL Background Thread 1 ] DEBUG PhysicsWorld         - Using strategy: BRUTE_FORCE
18:19:01.782 [FXGL Background Thread 1 ] DEBUG GameScene            - Game scene initialized: 1280x720
18:19:01.809 [FXGL Background Thread 1 ] DEBUG FXGLAssetLoaderServi - Loading from file system: jar:file:///C:/Users/isyoh/.m2/repository/com/github/almasb/fxgl/11.14/fxgl-11.14.jar!/fxglassets/textures/particles/trace_horizontal.png
18:19:01.919 [FXGL Background Thread 1 ] DEBUG FXGL.DefaultMenu     - createMenuBodyGameMenu()
18:19:01.953 [FXGL Background Thread 1 ] DEBUG FXGL.DefaultMenu     - createOptionsMenu()
18:19:01.962 [FXGL Background Thread 1 ] DEBUG FXGLAssetLoaderServi - Loading from file system: jar:file:///C:/Users/isyoh/.m2/repository/com/github/almasb/fxgl/11.14/fxgl-11.14.jar!/fxglassets/textures/particles/smoke.png
18:19:02.066 [FXGL Background Thread 1 ] DEBUG GameApplicationServi - Application scenes initialized
18:19:02.081 [FXGL Background Thread 1 ] DEBUG SystemBundleService  - Loading FXGL system data
18:19:02.110 [FXGL Background Thread 1 ] DEBUG FileSystemAccess     - Reading from: C:\Users\isyoh\Documents\école\Object oriented program\Cours\MusicAdventure\system\fxgl.bundle
18:19:02.122 [FXGL Background Thread 1 ] DEBUG SystemBundleService  - Bundle FXGL: {}
18:19:02.123 [FXGL Background Thread 1 ] DEBUG UpdaterService       - Checking for updates
18:19:02.130 [FXGL Background Thread 1 ] DEBUG FXGLApplication      - Loading default localization
18:19:02.131 [FXGL Background Thread 1 ] DEBUG FXGLAssetLoaderServi - Loading from file system: jar:file:///C:/Users/isyoh/.m2/repository/com/github/almasb/fxgl/11.14/fxgl-11.14.jar!/fxglassets/languages/english.lang
18:19:02.147 [FXGL Background Thread 4 ] DEBUG FXGLApplication      - Loading fonts
18:19:02.148 [FXGL Background Thread 4 ] DEBUG FXGLAssetLoaderServi - Loading from file system: jar:file:///C:/Users/isyoh/.m2/repository/com/github/almasb/fxgl/11.14/fxgl-11.14.jar!/fxglassets/ui/fonts/VarelaRound-Regular.ttf
18:19:02.154 [FXGL Background Thread 1 ] INFO  FXGLApplication      - FXGL initialization took: 0,947 sec
18:19:02.170 [JavaFX Application Thread] DEBUG Input                - Registered new binding: Left - Left
18:19:02.171 [JavaFX Application Thread] DEBUG Input                - Registered new binding: Right - Right
18:19:02.171 [JavaFX Application Thread] DEBUG Input                - Registered new binding: Jump - Up
18:19:02.172 [JavaFX Application Thread] DEBUG Input                - Registered new binding: WhistleA - 1
18:19:02.172 [JavaFX Application Thread] DEBUG Input                - Registered new binding: WhistleB - 2
18:19:02.173 [JavaFX Application Thread] DEBUG Input                - Registered new binding: WhistleC - 3
18:19:02.173 [JavaFX Application Thread] DEBUG Input                - Registered new binding: WhistleD - 4
18:19:02.174 [JavaFX Application Thread] DEBUG Input                - Registered new binding: Use - E
18:19:02.175 [JavaFX Application Thread] DEBUG FXGLAssetLoaderServi - Loading from file system: file:/C:/Users/isyoh/Documents/école/Object%20oriented%20program/Cours/MusicAdventure/target/classes/assets/music/BGM_dash_runner.wav
18:19:02.669 [JavaFX Application Thread] DEBUG AudioPlayer          - Playing music com.almasb.fxgl.audio.Music@788bfd1b
18:19:02.670 [JavaFX Application Thread] DEBUG FXGLAssetLoaderServi - Loading from file system: jar:file:///C:/Users/isyoh/.m2/repository/com/github/almasb/fxgl/11.14/fxgl-11.14.jar!/fxglassets/textures/fxgl_icon.png
18:19:02.713 [JavaFX Application Thread] DEBUG FXGLAssetLoaderServi - Loading from file system: jar:file:///C:/Users/isyoh/.m2/repository/com/github/almasb/fxgl/11.14/fxgl-11.14.jar!/fxglassets/ui/cursors/fxgl_default.png
18:19:02.716 [JavaFX Application Thread] DEBUG Input                - Registered new binding: Screenshot - P
18:19:02.717 [JavaFX Application Thread] DEBUG Input                - Registered new binding: System info dump - CTRL+9
18:19:02.718 [JavaFX Application Thread] DEBUG Input                - Registered new binding: Restart - CTRL+R
18:19:02.719 [JavaFX Application Thread] DEBUG Input                - Registered new binding: Toggle Debug Camera - CTRL+C
18:19:02.721 [JavaFX Application Thread] DEBUG LoopRunner           - Starting loop
18:19:02.722 [JavaFX Application Thread] DEBUG LoopRunner           - Initializing JavaFX AnimationTimerLoop
18:19:02.723 [FXGL Background Thread 4 ] DEBUG FXGLAssetLoaderServi - Loading from file system: jar:file:///C:/Users/isyoh/.m2/repository/com/github/almasb/fxgl/11.14/fxgl-11.14.jar!/fxglassets/ui/fonts/Abel-Regular.ttf
18:19:02.724 [JavaFX Application Thread] DEBUG GameApplicationServi - Starting new game
18:19:02.726 [JavaFX Application Thread] DEBUG Input                - Clearing active input actions
18:19:02.762 [JavaFX Application Thread] DEBUG GameApplicationServi - Removing overlay from FXGLStartupScene and adding to BetterLoadingScene
18:19:02.763 [JavaFX Application Thread] DEBUG PrimaryStageWindow   - FXGLStartupScene -> BetterLoadingScene
18:19:02.763 [JavaFX Application Thread] DEBUG GameApplicationServi - Clearing previous game
18:19:02.763 [JavaFX Application Thread] DEBUG GameScene            - Clearing game scene
18:19:02.764 [JavaFX Application Thread] DEBUG GameWorld            - Clearing game world
18:19:02.791 [JavaFX Application Thread] DEBUG PhysicsWorld         - Clearing physics world
18:19:02.798 [FXGL Background Thread 1 ] DEBUG FXGLApplication      - Initializing game
18:19:02.886 [FXGL Background Thread 4 ] DEBUG FXGLAssetLoaderServi - Loading from file system: jar:file:///C:/Users/isyoh/.m2/repository/com/github/almasb/fxgl/11.14/fxgl-11.14.jar!/fxglassets/ui/fonts/lucida_console.ttf
18:19:02.900 [FXGL Background Thread 1 ] DEBUG TMXLevelLoader       - Parsed raw map: TiledMap(width=15, height=10, tilewidth=70, tileheight=70, orientation=orthogonal, layers=[Layer(width=15, height=10, name=Tile Layer 1, type=tilelayer, visible=false, x=0, y=0, data=[0, 0, 0, 0, 0, 0, 0, 0, 0, 0, 0, 0, 0, 0, 0, 0, 0, 0, 0, 0, 0, 0, 0, 0, 0, 0, 0, 0, 0, 0, 0, 0, 0, 0, 0, 0, 0, 0, 0, 0, 0, 0, 0, 0, 0, 0, 0, 0, 0, 0, 0, 0, 0, 0, 0, 0, 0, 0, 0, 0, 0, 0, 0, 0, 0, 0, 0, 0, 0, 0, 0, 0, 0, 0, 0, 0, 0, 0, 0, 0, 0, 0, 0, 0, 0, 0, 0, 0, 0, 0, 0, 0, 0, 0, 0, 0, 0, 0, 0, 0, 0, 0, 0, 0, 0, 0, 0, 0, 0, 0, 0, 0, 0, 0, 0, 0, 0, 0, 0, 0, 0, 0, 0, 0, 0, 0, 69, 57, 45, 0, 0, 0, 0, 0, 0, 116, 104, 104, 104, 104, 104, 104, 104, 104, 104, 104, 104, 104, 104, 92], objects=[], opacity=0.0, draworder=), Layer(width=0, height=0, name=Object Layer 1, type=objectgroup, visible=false, x=0, y=0, data=[], objects=[com.almasb.fxgl.entity.level.tiled.TiledObject@4c8b2e1c, com.almasb.fxgl.entity.level.tiled.TiledObject@287fd597, com.almasb.fxgl.entity.level.tiled.TiledObject@64a803a, com.almasb.fxgl.entity.level.tiled.TiledObject@7990ea53, com.almasb.fxgl.entity.level.tiled.TiledObject@6c7ec0b3, com.almasb.fxgl.entity.level.tiled.TiledObject@3a7b63c6, com.almasb.fxgl.entity.level.tiled.TiledObject@68627fe3, com.almasb.fxgl.entity.level.tiled.TiledObject@16dec2ce, com.almasb.fxgl.entity.level.tiled.TiledObject@cbfe3fe, com.almasb.fxgl.entity.level.tiled.TiledObject@6d3bd4fc, com.almasb.fxgl.entity.level.tiled.TiledObject@16dd33df, com.almasb.fxgl.entity.level.tiled.TiledObject@76f55b78, com.almasb.fxgl.entity.level.tiled.TiledObject@5a6e64b, com.almasb.fxgl.entity.level.tiled.TiledObject@36095e37, com.almasb.fxgl.entity.level.tiled.TiledObject@4935c0e2, com.almasb.fxgl.entity.level.tiled.TiledObject@15c76c27], opacity=0.0, draworder=)], tilesets=[Tileset(firstgid=1, image=tiles_spritesheet.png, name=tiles_spritesheet, tilewidth=70, tileheight=70, imagewidth=914, imageheight=936, margin=0, spacing=2, columns=12, tilecount=156, transparentcolor=, tiles=[])], backgroundcolor=, renderorder=right-down, nextobjectid=22, version=1, tiledversion=1.2.3, type=map, infinite=false, hexsidelength=0, staggeraxis=, staggerindex=, properties={star1time=7.0}, propertytypes={star1time=float})
18:19:02.902 [FXGL Background Thread 1 ] DEBUG TMXLevelLoader       - Creating tile layer entities
18:19:02.903 [FXGL Background Thread 1 ] DEBUG TilesetLoader        - Loading view for layer Tile Layer 1
18:19:02.906 [FXGL Background Thread 1 ] DEBUG TilesetLoader        - Created buffer with size 1050.0x700.0
18:19:02.999 [FXGL Background Thread 1 ] DEBUG TilesetLoader        - Writing to buffer: dst=420,560, w=70,h=70, src=576,360
18:19:02.999 [FXGL Background Thread 1 ] DEBUG TilesetLoader        - Writing to buffer: dst=490,560, w=70,h=70, src=576,288
18:19:02.999 [FXGL Background Thread 1 ] DEBUG TilesetLoader        - Writing to buffer: dst=560,560, w=70,h=70, src=576,216
18:19:03.000 [FXGL Background Thread 1 ] DEBUG TilesetLoader        - Writing to buffer: dst=0,630, w=70,h=70, src=504,648
18:19:03.000 [FXGL Background Thread 1 ] DEBUG TilesetLoader        - Writing to buffer: dst=70,630, w=70,h=70, src=504,576
18:19:03.004 [FXGL Background Thread 1 ] DEBUG TilesetLoader        - Writing to buffer: dst=140,630, w=70,h=70, src=504,576
18:19:03.005 [FXGL Background Thread 1 ] DEBUG TilesetLoader        - Writing to buffer: dst=210,630, w=70,h=70, src=504,576
18:19:03.009 [FXGL Background Thread 1 ] DEBUG TilesetLoader        - Writing to buffer: dst=280,630, w=70,h=70, src=504,576
18:19:03.015 [FXGL Background Thread 1 ] DEBUG TilesetLoader        - Writing to buffer: dst=350,630, w=70,h=70, src=504,576
18:19:03.016 [FXGL Background Thread 1 ] DEBUG TilesetLoader        - Writing to buffer: dst=420,630, w=70,h=70, src=504,576
18:19:03.016 [FXGL Background Thread 1 ] DEBUG TilesetLoader        - Writing to buffer: dst=490,630, w=70,h=70, src=504,576
18:19:03.017 [FXGL Background Thread 1 ] DEBUG TilesetLoader        - Writing to buffer: dst=560,630, w=70,h=70, src=504,576
18:19:03.017 [FXGL Background Thread 1 ] DEBUG TilesetLoader        - Writing to buffer: dst=630,630, w=70,h=70, src=504,576
18:19:03.025 [FXGL Background Thread 1 ] DEBUG TilesetLoader        - Writing to buffer: dst=700,630, w=70,h=70, src=504,576
18:19:03.025 [FXGL Background Thread 1 ] DEBUG TilesetLoader        - Writing to buffer: dst=770,630, w=70,h=70, src=504,576
18:19:03.026 [FXGL Background Thread 1 ] DEBUG TilesetLoader        - Writing to buffer: dst=840,630, w=70,h=70, src=504,576
18:19:03.026 [FXGL Background Thread 1 ] DEBUG TilesetLoader        - Writing to buffer: dst=910,630, w=70,h=70, src=504,576
18:19:03.028 [FXGL Background Thread 1 ] DEBUG TilesetLoader        - Writing to buffer: dst=980,630, w=70,h=70, src=504,504
18:19:03.028 [FXGL Background Thread 1 ] DEBUG TMXLevelLoader       - Creating object layer entities
18:19:03.166 [FXGL Background Thread 1 ] DEBUG FXGLAssetLoaderServi - Loading from file system: file:/C:/Users/isyoh/Documents/école/Object%20oriented%20program/Cours/MusicAdventure/target/classes/assets/textures/A(La).png
18:19:03.235 [FXGL Background Thread 1 ] DEBUG FXGLAssetLoaderServi - Loading from file system: file:/C:/Users/isyoh/Documents/école/Object%20oriented%20program/Cours/MusicAdventure/target/classes/assets/textures/dirt_32x32.png
18:19:03.290 [FXGL Background Thread 1 ] DEBUG GameWorld            - Clearing removable entities
18:19:03.292 [FXGL Background Thread 1 ] DEBUG GameWorld            - Setting level: com.almasb.fxgl.entity.level.Level@5c07f5f9
18:19:03.342 [FXGL Background Thread 1 ] DEBUG FXGLAssetLoaderServi - Loading from file system: file:/C:/Users/isyoh/Documents/école/Object%20oriented%20program/Cours/MusicAdventure/target/classes/assets/textures/background/forest.png
18:19:03.415 [FXGL Background Thread 4 ] DEBUG FXGLAssetLoaderServi - Loading from file system: jar:file:///C:/Users/isyoh/.m2/repository/com/github/almasb/fxgl/11.14/fxgl-11.14.jar!/fxglassets/ui/fonts/Courier-Prime.ttf
18:19:03.418 [FXGL Background Thread 1 ] INFO  FXGLApplication      - Game initialization took: 0,620 sec
18:19:03.428 [JavaFX Application Thread] DEBUG Input                - Clearing active input actions
18:19:03.448 [JavaFX Application Thread] DEBUG GameApplicationServi - Removing overlay from BetterLoadingScene and adding to GameScene
18:19:03.448 [JavaFX Application Thread] DEBUG PrimaryStageWindow   - BetterLoadingScene -> GameScene
18:19:03.619 [FXGL Background Thread 2 ] INFO  UpdaterService       - Your current version:  11.14
18:19:03.619 [FXGL Background Thread 2 ] INFO  UpdaterService       - Latest stable version: 11.15
18:19:03.658 [JavaFX Application Thread] DEBUG FXGLApplication      - Registering font factories with UI factory
18:19:03.765 [JavaFX Application Thread] DEBUG FXGLAssetLoaderServi - Loading from file system: file:/C:/Users/isyoh/Documents/école/Object%20oriented%20program/Cours/MusicAdventure/target/classes/assets/sounds/land.wav
18:19:05.129 [FXGL Background Thread 3 ] DEBUG Engine               - Logging environment variables
18:19:05.130 [FXGL Background Thread 3 ] DEBUG Engine               - achievements: []
18:19:05.130 [FXGL Background Thread 3 ] DEBUG Engine               - actualHeight: 679.0
18:19:05.131 [FXGL Background Thread 3 ] DEBUG Engine               - actualHeightProperty: ReadOnlyDoubleProperty [value: 679.0]
18:19:05.131 [FXGL Background Thread 3 ] DEBUG Engine               - actualWidth: 1183.0
18:19:05.131 [FXGL Background Thread 3 ] DEBUG Engine               - actualWidthProperty: ReadOnlyDoubleProperty [value: 1183.0]
18:19:05.132 [FXGL Background Thread 3 ] DEBUG Engine               - appIcon: fxgl_icon.png
18:19:05.132 [FXGL Background Thread 3 ] DEBUG Engine               - applicationMode: DEVELOPER
18:19:05.132 [FXGL Background Thread 3 ] DEBUG Engine               - cSSList: [fxgl_dark.css]
18:19:05.133 [FXGL Background Thread 3 ] DEBUG Engine               - collisionDetectionStrategy: BRUTE_FORCE
18:19:05.133 [FXGL Background Thread 3 ] DEBUG Engine               - configClass: Optional.empty
18:19:05.133 [FXGL Background Thread 3 ] DEBUG Engine               - credits: []
18:19:05.134 [FXGL Background Thread 3 ] DEBUG Engine               - devBBoxColorProperty: ObjectProperty [value: 0xff0000ff]
18:19:05.134 [FXGL Background Thread 3 ] DEBUG Engine               - devEnableDebugCameraProperty: BooleanProperty [value: false]
18:19:05.135 [FXGL Background Thread 3 ] DEBUG Engine               - devSensorColorProperty: ObjectProperty [value: 0xffff00ff]
18:19:05.135 [FXGL Background Thread 3 ] DEBUG Engine               - devShowBBoxProperty: BooleanProperty [value: false]
18:19:05.136 [FXGL Background Thread 3 ] DEBUG Engine               - devShowPositionProperty: BooleanProperty [value: false]
18:19:05.136 [FXGL Background Thread 3 ] DEBUG Engine               - enabledMenuItems: []
18:19:05.137 [FXGL Background Thread 3 ] DEBUG Engine               - engineServices: [class com.almasb.fxgl.app.services.FXGLAssetLoaderService, class com.almasb.fxgl.app.FXGLApplication$GameApplicationService, class com.almasb.fxgl.app.services.FXGLDialogService, class com.almasb.fxgl.app.services.IOTaskExecutorService, class com.almasb.fxgl.event.EventBusService, class com.almasb.fxgl.io.FileSystemService, class com.almasb.fxgl.localization.LocalizationService, class com.almasb.fxgl.app.services.SystemBundleService, class com.almasb.fxgl.profile.SaveLoadService, class com.almasb.fxgl.ui.FXGLUIFactoryServiceProvider, class com.almasb.fxgl.ui.FXGLDialogFactoryServiceProvider, class com.almasb.fxgl.audio.AudioPlayer, class com.almasb.fxgl.notification.impl.NotificationServiceProvider, class com.almasb.fxgl.achievement.AchievementService, class com.almasb.fxgl.cutscene.CutsceneService, class com.almasb.fxgl.minigames.MiniGameService, class com.almasb.fxgl.net.NetService, class com.almasb.fxgl.app.services.UpdaterService, class com.almasb.fxgl.dev.DevService]
18:19:05.137 [FXGL Background Thread 3 ] DEBUG Engine               - fontGame: Abel-Regular.ttf
18:19:05.137 [FXGL Background Thread 3 ] DEBUG Engine               - fontMono: lucida_console.ttf
18:19:05.137 [FXGL Background Thread 3 ] DEBUG Engine               - fontText: Courier-Prime.ttf
18:19:05.137 [FXGL Background Thread 3 ] DEBUG Engine               - fontUI: VarelaRound-Regular.ttf
18:19:05.138 [FXGL Background Thread 3 ] DEBUG Engine               - fullScreen: BooleanProperty [value: false]
18:19:05.138 [FXGL Background Thread 3 ] DEBUG Engine               - gameDifficulty: MEDIUM
18:19:05.138 [FXGL Background Thread 3 ] DEBUG Engine               - gameDifficultyProperty: ObjectProperty [value: MEDIUM]
18:19:05.138 [FXGL Background Thread 3 ] DEBUG Engine               - globalMusicVolume: 0.5
18:19:05.139 [FXGL Background Thread 3 ] DEBUG Engine               - globalMusicVolumeProperty: DoubleProperty [value: 0.08]
18:19:05.139 [FXGL Background Thread 3 ] DEBUG Engine               - globalSoundVolume: 0.5
18:19:05.139 [FXGL Background Thread 3 ] DEBUG Engine               - globalSoundVolumeProperty: DoubleProperty [value: 0.08]
18:19:05.139 [FXGL Background Thread 3 ] DEBUG Engine               - height: 720
18:19:05.140 [FXGL Background Thread 3 ] DEBUG Engine               - isAndroid: false
18:19:05.140 [FXGL Background Thread 3 ] DEBUG Engine               - isBrowser: false
18:19:05.141 [FXGL Background Thread 3 ] DEBUG Engine               - isClickFeedbackEnabled: false
18:19:05.141 [FXGL Background Thread 3 ] DEBUG Engine               - isCloseConfirmation: false
18:19:05.142 [FXGL Background Thread 3 ] DEBUG Engine               - isDesktop: true
18:19:05.143 [FXGL Background Thread 3 ] DEBUG Engine               - isDeveloperMenuEnabled: false
18:19:05.144 [FXGL Background Thread 3 ] DEBUG Engine               - isEntityPreloadEnabled: true
18:19:05.145 [FXGL Background Thread 3 ] DEBUG Engine               - isExperimental3D: false
18:19:05.146 [FXGL Background Thread 3 ] DEBUG Engine               - isExperimentalNative: false
18:19:05.146 [FXGL Background Thread 3 ] DEBUG Engine               - isExperimentalTiledLargeMap: false
18:19:05.149 [FXGL Background Thread 3 ] DEBUG Engine               - isFileSystemWriteAllowed: true
18:19:05.150 [FXGL Background Thread 3 ] DEBUG Engine               - isFullScreenAllowed: false
18:19:05.151 [FXGL Background Thread 3 ] DEBUG Engine               - isFullScreenFromStart: false
18:19:05.151 [FXGL Background Thread 3 ] DEBUG Engine               - isGameMenuEnabled: true
18:19:05.151 [FXGL Background Thread 3 ] DEBUG Engine               - isIOS: false
18:19:05.151 [FXGL Background Thread 3 ] DEBUG Engine               - isIntroEnabled: false
18:19:05.152 [FXGL Background Thread 3 ] DEBUG Engine               - isLinux: false
18:19:05.152 [FXGL Background Thread 3 ] DEBUG Engine               - isMac: false
18:19:05.152 [FXGL Background Thread 3 ] DEBUG Engine               - isMainMenuEnabled: false
18:19:05.152 [FXGL Background Thread 3 ] DEBUG Engine               - isManualResizeEnabled: false
18:19:05.153 [FXGL Background Thread 3 ] DEBUG Engine               - isMobile: false
18:19:05.153 [FXGL Background Thread 3 ] DEBUG Engine               - isPreserveResizeRatio: false
18:19:05.154 [FXGL Background Thread 3 ] DEBUG Engine               - isProfilingEnabled: false
18:19:05.154 [FXGL Background Thread 3 ] DEBUG Engine               - isScaleAffectedOnResize: true
18:19:05.154 [FXGL Background Thread 3 ] DEBUG Engine               - isSingleStep: false
18:19:05.154 [FXGL Background Thread 3 ] DEBUG Engine               - isUserProfileEnabled: false
18:19:05.154 [FXGL Background Thread 3 ] DEBUG Engine               - isWindows: true
18:19:05.155 [FXGL Background Thread 3 ] DEBUG Engine               - language: ObjectProperty [value: ENGLISH]
18:19:05.155 [FXGL Background Thread 3 ] DEBUG Engine               - menuKey: ESCAPE
18:19:05.155 [FXGL Background Thread 3 ] DEBUG Engine               - notificationViewClass: class com.almasb.fxgl.notification.view.XboxNotificationView
18:19:05.155 [FXGL Background Thread 3 ] DEBUG Engine               - pixelsPerMeter: 50.0
18:19:05.155 [FXGL Background Thread 3 ] DEBUG Engine               - platform: WINDOWS
18:19:05.156 [FXGL Background Thread 3 ] DEBUG Engine               - prefHeightProperty: ReadOnlyDoubleProperty [value: 720.0]
18:19:05.157 [FXGL Background Thread 3 ] DEBUG Engine               - prefWidthProperty: ReadOnlyDoubleProperty [value: 1280.0]
18:19:05.157 [FXGL Background Thread 3 ] DEBUG Engine               - profileDir: profiles/
18:19:05.157 [FXGL Background Thread 3 ] DEBUG Engine               - profileName: StringProperty [value: DEFAULT]
18:19:05.157 [FXGL Background Thread 3 ] DEBUG Engine               - randomSeed: -1
18:19:05.158 [FXGL Background Thread 3 ] DEBUG Engine               - runtimeInfo: RuntimeInfo(platform=WINDOWS, version=11.14, build=01.03.2021 16.59)
18:19:05.158 [FXGL Background Thread 3 ] DEBUG Engine               - saveFileExt: sav
18:19:05.158 [FXGL Background Thread 3 ] DEBUG Engine               - scaledHeightProp$fxgl: DoubleProperty [bound, value: 679.0]
18:19:05.158 [FXGL Background Thread 3 ] DEBUG Engine               - scaledWidthProp$fxgl: DoubleProperty [bound, value: 1183.0]
18:19:05.159 [FXGL Background Thread 3 ] DEBUG Engine               - sceneFactory: Main.App$1@72eed4ab
18:19:05.159 [FXGL Background Thread 3 ] DEBUG Engine               - secondsIn24h: 60
18:19:05.159 [FXGL Background Thread 3 ] DEBUG Engine               - soundMenuBack: menu/back.wav
18:19:05.159 [FXGL Background Thread 3 ] DEBUG Engine               - soundMenuPress: menu/press.wav
18:19:05.160 [FXGL Background Thread 3 ] DEBUG Engine               - soundMenuSelect: menu/select.wav
18:19:05.160 [FXGL Background Thread 3 ] DEBUG Engine               - soundNotification: core/notification.wav
18:19:05.160 [FXGL Background Thread 3 ] DEBUG Engine               - stageStyle: DECORATED
18:19:05.161 [FXGL Background Thread 3 ] DEBUG Engine               - supportedLanguages: [ENGLISH, FRENCH, GERMAN, HUNGARIAN, RUSSIAN]
18:19:05.161 [FXGL Background Thread 3 ] DEBUG Engine               - ticksPerSecond: -1
18:19:05.162 [FXGL Background Thread 3 ] DEBUG Engine               - title: Game 1 Let's go
18:19:05.162 [FXGL Background Thread 3 ] DEBUG Engine               - urlGithub: https://github.com/AlmasB/FXGL
18:19:05.162 [FXGL Background Thread 3 ] DEBUG Engine               - urlLeaderboard: http://fxgl-top.herokuapp.com/
18:19:05.163 [FXGL Background Thread 3 ] DEBUG Engine               - urlPOM: https://raw.githubusercontent.com/AlmasB/FXGL/release/README.md
18:19:05.163 [FXGL Background Thread 3 ] DEBUG Engine               - userAppClass: class Main.App
18:19:05.163 [FXGL Background Thread 3 ] DEBUG Engine               - version: 1.0
18:19:05.163 [FXGL Background Thread 3 ] DEBUG Engine               - versionCheckDays: 7
18:19:05.164 [FXGL Background Thread 3 ] DEBUG Engine               - width: 1280
18:19:05.164 [FXGL Background Thread 3 ] DEBUG Engine               - Logging services
18:19:05.164 [FXGL Background Thread 3 ] DEBUG Engine               - class com.almasb.fxgl.app.services.FXGLAssetLoaderService
18:19:05.164 [FXGL Background Thread 3 ] DEBUG Engine               - class com.almasb.fxgl.app.FXGLApplication$GameApplicationService
18:19:05.165 [FXGL Background Thread 3 ] DEBUG Engine               - class com.almasb.fxgl.app.services.FXGLDialogService
18:19:05.165 [FXGL Background Thread 3 ] DEBUG Engine               - class com.almasb.fxgl.app.services.IOTaskExecutorService
18:19:05.165 [FXGL Background Thread 3 ] DEBUG Engine               - class com.almasb.fxgl.event.EventBusService
18:19:05.166 [FXGL Background Thread 3 ] DEBUG Engine               - class com.almasb.fxgl.io.FileSystemService
18:19:05.167 [FXGL Background Thread 3 ] DEBUG Engine               - class com.almasb.fxgl.localization.LocalizationService
18:19:05.168 [FXGL Background Thread 3 ] DEBUG Engine               - class com.almasb.fxgl.app.services.SystemBundleService
18:19:05.168 [FXGL Background Thread 3 ] DEBUG Engine               - class com.almasb.fxgl.profile.SaveLoadService
18:19:05.168 [FXGL Background Thread 3 ] DEBUG Engine               - class com.almasb.fxgl.ui.FXGLUIFactoryServiceProvider
18:19:05.169 [FXGL Background Thread 3 ] DEBUG Engine               - class com.almasb.fxgl.ui.FXGLDialogFactoryServiceProvider
18:19:05.169 [FXGL Background Thread 3 ] DEBUG Engine               - class com.almasb.fxgl.audio.AudioPlayer
18:19:05.169 [FXGL Background Thread 3 ] DEBUG Engine               - class com.almasb.fxgl.notification.impl.NotificationServiceProvider
18:19:05.170 [FXGL Background Thread 3 ] DEBUG Engine               - class com.almasb.fxgl.achievement.AchievementService
18:19:05.171 [FXGL Background Thread 3 ] DEBUG Engine               - class com.almasb.fxgl.cutscene.CutsceneService
18:19:05.172 [FXGL Background Thread 3 ] DEBUG Engine               - class com.almasb.fxgl.minigames.MiniGameService
18:19:05.173 [FXGL Background Thread 3 ] DEBUG Engine               - class com.almasb.fxgl.net.NetService
18:19:05.174 [FXGL Background Thread 3 ] DEBUG Engine               - class com.almasb.fxgl.app.services.UpdaterService
18:19:05.175 [FXGL Background Thread 3 ] DEBUG Engine               - class com.almasb.fxgl.dev.DevService
18:19:06.607 [JavaFX Application Thread] DEBUG FXGLAssetLoaderServi - Loading from file system: file:/C:/Users/isyoh/Documents/école/Object%20oriented%20program/Cours/MusicAdventure/target/classes/assets/sounds/notes/A(La).wav
18:19:08.108 [JavaFX Application Thread] DEBUG FXGLApplication      - Exiting FXGL
18:19:08.108 [JavaFX Application Thread] DEBUG LoopRunner           - Stopping loop
18:19:08.109 [JavaFX Application Thread] DEBUG SystemBundleService  - Saving FXGL system data
18:19:08.113 [JavaFX Application Thread] DEBUG FileSystemAccess     - Writing to: C:\Users\isyoh\Documents\école\Object oriented program\Cours\MusicAdventure\system\fxgl.bundle
18:19:08.117 [JavaFX Application Thread] DEBUG Async                - Shutting down background threads
18:19:08.117 [JavaFX Application Thread] DEBUG PrimaryStageWindow   - Closing main window
18:19:08.133 [JavaFX Application Thread] DEBUG Logger               - Closing Logger
