18:25:09.645 [main                     ] DEBUG Logger               - Configured Logger
18:25:09.673 [main                     ] DEBUG GameApplication      - Logging settings
Title: Game 1 Let's go
Version: 1.0
Width: 1280
Height: 720
Fullscreen: false
Intro: false
Profiling: false
Single step:false
App Mode: DEVELOPER
Menu Key: ESCAPE
Stage Style: DECORATED
Scene Factory: class Main.App$1

18:25:10.629 [JavaFX Application Thread] DEBUG FXGLApplication      - Initializing FXGL
18:25:10.632 [JavaFX Application Thread] INFO  Engine               - FXGL-11.14 (01.03.2021 16.59) on WINDOWS (J:15.0.2 FX:15)
18:25:10.633 [JavaFX Application Thread] DEBUG Engine               - JRE Vendor Name: Oracle Corporation
18:25:10.633 [JavaFX Application Thread] DEBUG Engine               - Running on OS: Windows 10 version 10.0
18:25:10.634 [JavaFX Application Thread] DEBUG Engine               - Architecture: amd64
18:25:10.634 [JavaFX Application Thread] INFO  Engine               - Source code and latest versions at: https://github.com/AlmasB/FXGL
18:25:10.634 [JavaFX Application Thread] INFO  Engine               -              Join the FXGL chat at: https://gitter.im/AlmasB/FXGL
18:25:10.816 [JavaFX Application Thread] DEBUG PrimaryStageWindow   - Creating a JavaFX scene
18:25:10.816 [JavaFX Application Thread] DEBUG PrimaryStageWindow   - Target size > screen size
18:25:10.921 [JavaFX Application Thread] DEBUG PrimaryStageWindow   - Target settings size: 1280.0 x 720.0
18:25:10.922 [JavaFX Application Thread] DEBUG PrimaryStageWindow   - Scaled scene size:    1183.0 x 679.0
18:25:10.926 [JavaFX Application Thread] DEBUG PrimaryStageWindow   - Scaled ratio: (0.92421875, 0.9430555555555555)
18:25:10.929 [JavaFX Application Thread] DEBUG PrimaryStageWindow   - Set initial scene to FXGLStartupScene
18:25:10.944 [JavaFX Application Thread] DEBUG PrimaryStageWindow   - Opening main window
18:25:11.156 [JavaFX Application Thread] DEBUG PrimaryStageWindow   - Window border size: (15.0, 37.66668701171875)
18:25:11.156 [JavaFX Application Thread] DEBUG PrimaryStageWindow   - Scaled size: 1183.0 x 679.0
18:25:11.157 [JavaFX Application Thread] DEBUG PrimaryStageWindow   - Scaled ratio: (0.92421875, 0.9430555555555555)
18:25:11.157 [JavaFX Application Thread] DEBUG PrimaryStageWindow   - Scene size: 1183.0 x 679.0
18:25:11.157 [JavaFX Application Thread] DEBUG PrimaryStageWindow   - Stage size: 1198.0 x 716.6666870117188
18:25:11.263 [FXGL Background Thread 1 ] DEBUG Engine               - Initializing environment variables
18:25:11.335 [FXGL Background Thread 1 ] DEBUG FXGLAssetLoaderServi - User app class for loading assets: class Main.App
18:25:11.335 [FXGL Background Thread 1 ] DEBUG GameApplicationServi - Applying CSS: fxgl_dark.css
18:25:11.337 [FXGL Background Thread 1 ] DEBUG FXGLAssetLoaderServi - Loading from file system: jar:file:///C:/Users/isyoh/.m2/repository/com/github/almasb/fxgl/11.14/fxgl-11.14.jar!/fxglassets/ui/css/fxgl_dark.css
18:25:11.448 [FXGL Background Thread 1 ] DEBUG GameApplicationServi - Initializing application scenes
18:25:11.612 [FXGL Background Thread 1 ] DEBUG FXGLAssetLoaderServi - Loading from file system: file:/C:/Users/isyoh/Documents/école/Object%20oriented%20program/Cours/MusicAdventure/target/classes/assets/textures/player.png
18:25:11.677 [FXGL Background Thread 1 ] DEBUG GameWorld            - Game world initialized
18:25:11.761 [FXGL Background Thread 1 ] DEBUG PhysicsWorld         - Physics world initialized: appHeight=720, physics.ppm=50,0
18:25:11.762 [FXGL Background Thread 1 ] DEBUG PhysicsWorld         - Using strategy: BRUTE_FORCE
18:25:11.765 [FXGL Background Thread 1 ] DEBUG GameScene            - Game scene initialized: 1280x720
18:25:11.789 [FXGL Background Thread 1 ] DEBUG FXGLAssetLoaderServi - Loading from file system: jar:file:///C:/Users/isyoh/.m2/repository/com/github/almasb/fxgl/11.14/fxgl-11.14.jar!/fxglassets/textures/particles/trace_horizontal.png
18:25:11.872 [FXGL Background Thread 1 ] DEBUG FXGL.DefaultMenu     - createMenuBodyGameMenu()
18:25:11.900 [FXGL Background Thread 1 ] DEBUG FXGL.DefaultMenu     - createOptionsMenu()
18:25:11.908 [FXGL Background Thread 1 ] DEBUG FXGLAssetLoaderServi - Loading from file system: jar:file:///C:/Users/isyoh/.m2/repository/com/github/almasb/fxgl/11.14/fxgl-11.14.jar!/fxglassets/textures/particles/smoke.png
18:25:12.068 [FXGL Background Thread 1 ] DEBUG GameApplicationServi - Application scenes initialized
18:25:12.085 [FXGL Background Thread 1 ] DEBUG SystemBundleService  - Loading FXGL system data
18:25:12.098 [FXGL Background Thread 1 ] DEBUG FileSystemAccess     - Reading from: C:\Users\isyoh\Documents\école\Object oriented program\Cours\MusicAdventure\system\fxgl.bundle
18:25:12.113 [FXGL Background Thread 1 ] DEBUG SystemBundleService  - Bundle FXGL: {}
18:25:12.114 [FXGL Background Thread 1 ] DEBUG UpdaterService       - Checking for updates
18:25:12.121 [FXGL Background Thread 1 ] DEBUG FXGLApplication      - Loading default localization
18:25:12.122 [FXGL Background Thread 1 ] DEBUG FXGLAssetLoaderServi - Loading from file system: jar:file:///C:/Users/isyoh/.m2/repository/com/github/almasb/fxgl/11.14/fxgl-11.14.jar!/fxglassets/languages/english.lang
18:25:12.131 [FXGL Background Thread 4 ] DEBUG FXGLApplication      - Loading fonts
18:25:12.132 [FXGL Background Thread 4 ] DEBUG FXGLAssetLoaderServi - Loading from file system: jar:file:///C:/Users/isyoh/.m2/repository/com/github/almasb/fxgl/11.14/fxgl-11.14.jar!/fxglassets/ui/fonts/VarelaRound-Regular.ttf
18:25:12.143 [FXGL Background Thread 1 ] INFO  FXGLApplication      - FXGL initialization took: 0,880 sec
18:25:12.159 [JavaFX Application Thread] DEBUG Input                - Registered new binding: Left - Left
18:25:12.159 [JavaFX Application Thread] DEBUG Input                - Registered new binding: Right - Right
18:25:12.160 [JavaFX Application Thread] DEBUG Input                - Registered new binding: Jump - Up
18:25:12.160 [JavaFX Application Thread] DEBUG Input                - Registered new binding: WhistleA - 1
18:25:12.161 [JavaFX Application Thread] DEBUG Input                - Registered new binding: WhistleB - 2
18:25:12.161 [JavaFX Application Thread] DEBUG Input                - Registered new binding: WhistleC - 3
18:25:12.162 [JavaFX Application Thread] DEBUG Input                - Registered new binding: WhistleD - 4
18:25:12.162 [JavaFX Application Thread] DEBUG Input                - Registered new binding: WhistleE - 5
18:25:12.162 [JavaFX Application Thread] DEBUG Input                - Registered new binding: WhistleF - 6
18:25:12.163 [JavaFX Application Thread] DEBUG Input                - Registered new binding: WhistleG - 7
18:25:12.163 [JavaFX Application Thread] DEBUG Input                - Registered new binding: Use - E
18:25:12.164 [JavaFX Application Thread] DEBUG FXGLAssetLoaderServi - Loading from file system: file:/C:/Users/isyoh/Documents/école/Object%20oriented%20program/Cours/MusicAdventure/target/classes/assets/music/BGM_dash_runner.wav
18:25:12.642 [JavaFX Application Thread] DEBUG AudioPlayer          - Playing music com.almasb.fxgl.audio.Music@708bf4f6
18:25:12.643 [JavaFX Application Thread] DEBUG FXGLAssetLoaderServi - Loading from file system: jar:file:///C:/Users/isyoh/.m2/repository/com/github/almasb/fxgl/11.14/fxgl-11.14.jar!/fxglassets/textures/fxgl_icon.png
18:25:12.673 [JavaFX Application Thread] DEBUG FXGLAssetLoaderServi - Loading from file system: jar:file:///C:/Users/isyoh/.m2/repository/com/github/almasb/fxgl/11.14/fxgl-11.14.jar!/fxglassets/ui/cursors/fxgl_default.png
18:25:12.676 [JavaFX Application Thread] DEBUG Input                - Registered new binding: Screenshot - P
18:25:12.677 [JavaFX Application Thread] DEBUG Input                - Registered new binding: System info dump - CTRL+9
18:25:12.678 [JavaFX Application Thread] DEBUG Input                - Registered new binding: Restart - CTRL+R
18:25:12.679 [JavaFX Application Thread] DEBUG Input                - Registered new binding: Toggle Debug Camera - CTRL+C
18:25:12.682 [JavaFX Application Thread] DEBUG LoopRunner           - Starting loop
18:25:12.683 [JavaFX Application Thread] DEBUG LoopRunner           - Initializing JavaFX AnimationTimerLoop
18:25:12.684 [JavaFX Application Thread] DEBUG GameApplicationServi - Starting new game
18:25:12.685 [JavaFX Application Thread] DEBUG Input                - Clearing active input actions
18:25:12.689 [FXGL Background Thread 4 ] DEBUG FXGLAssetLoaderServi - Loading from file system: jar:file:///C:/Users/isyoh/.m2/repository/com/github/almasb/fxgl/11.14/fxgl-11.14.jar!/fxglassets/ui/fonts/Abel-Regular.ttf
18:25:12.707 [JavaFX Application Thread] DEBUG GameApplicationServi - Removing overlay from FXGLStartupScene and adding to BetterLoadingScene
18:25:12.708 [JavaFX Application Thread] DEBUG PrimaryStageWindow   - FXGLStartupScene -> BetterLoadingScene
18:25:12.709 [JavaFX Application Thread] DEBUG GameApplicationServi - Clearing previous game
18:25:12.709 [JavaFX Application Thread] DEBUG GameScene            - Clearing game scene
18:25:12.710 [JavaFX Application Thread] DEBUG GameWorld            - Clearing game world
18:25:12.710 [JavaFX Application Thread] DEBUG PhysicsWorld         - Clearing physics world
18:25:12.711 [FXGL Background Thread 1 ] DEBUG FXGLApplication      - Initializing game
18:25:12.855 [FXGL Background Thread 1 ] DEBUG TMXLevelLoader       - Parsed raw map: TiledMap(width=15, height=10, tilewidth=70, tileheight=70, orientation=orthogonal, layers=[Layer(width=15, height=10, name=Tile Layer 1, type=tilelayer, visible=false, x=0, y=0, data=[0, 0, 0, 0, 0, 0, 0, 0, 0, 0, 0, 0, 0, 0, 0, 0, 0, 0, 0, 0, 0, 0, 0, 0, 0, 0, 0, 0, 0, 0, 0, 0, 0, 0, 0, 0, 0, 0, 0, 0, 0, 0, 0, 0, 0, 0, 0, 0, 0, 0, 0, 0, 0, 0, 0, 0, 0, 0, 0, 0, 0, 0, 0, 0, 0, 0, 0, 0, 0, 0, 0, 0, 0, 0, 0, 0, 0, 0, 0, 0, 0, 0, 0, 0, 0, 0, 0, 0, 0, 0, 0, 0, 0, 0, 0, 0, 0, 0, 0, 0, 0, 0, 0, 0, 0, 0, 0, 0, 0, 0, 0, 0, 0, 0, 0, 0, 0, 0, 0, 0, 0, 0, 0, 0, 0, 0, 69, 57, 45, 0, 0, 0, 0, 0, 0, 116, 104, 104, 104, 104, 104, 104, 104, 104, 104, 104, 104, 104, 104, 92], objects=[], opacity=0.0, draworder=), Layer(width=0, height=0, name=Object Layer 1, type=objectgroup, visible=false, x=0, y=0, data=[], objects=[com.almasb.fxgl.entity.level.tiled.TiledObject@4c215218, com.almasb.fxgl.entity.level.tiled.TiledObject@77f65cb9, com.almasb.fxgl.entity.level.tiled.TiledObject@48befc11, com.almasb.fxgl.entity.level.tiled.TiledObject@4f1bdc3a, com.almasb.fxgl.entity.level.tiled.TiledObject@9ecf653, com.almasb.fxgl.entity.level.tiled.TiledObject@4c3a7043, com.almasb.fxgl.entity.level.tiled.TiledObject@73db43a1, com.almasb.fxgl.entity.level.tiled.TiledObject@62b0bbec, com.almasb.fxgl.entity.level.tiled.TiledObject@c809787, com.almasb.fxgl.entity.level.tiled.TiledObject@1327563c, com.almasb.fxgl.entity.level.tiled.TiledObject@3a48c9b2, com.almasb.fxgl.entity.level.tiled.TiledObject@5d407acc, com.almasb.fxgl.entity.level.tiled.TiledObject@55f4e24c, com.almasb.fxgl.entity.level.tiled.TiledObject@7ccbd878, com.almasb.fxgl.entity.level.tiled.TiledObject@b28b0a, com.almasb.fxgl.entity.level.tiled.TiledObject@5e7a07ca, com.almasb.fxgl.entity.level.tiled.TiledObject@2cee68cb, com.almasb.fxgl.entity.level.tiled.TiledObject@ec47d36], opacity=0.0, draworder=)], tilesets=[Tileset(firstgid=1, image=tiles_spritesheet.png, name=tiles_spritesheet, tilewidth=70, tileheight=70, imagewidth=914, imageheight=936, margin=0, spacing=2, columns=12, tilecount=156, transparentcolor=, tiles=[])], backgroundcolor=, renderorder=right-down, nextobjectid=22, version=1, tiledversion=1.2.3, type=map, infinite=false, hexsidelength=0, staggeraxis=, staggerindex=, properties={star1time=7.0}, propertytypes={star1time=float})
18:25:12.857 [FXGL Background Thread 1 ] DEBUG TMXLevelLoader       - Creating tile layer entities
18:25:12.859 [FXGL Background Thread 1 ] DEBUG TilesetLoader        - Loading view for layer Tile Layer 1
18:25:12.863 [FXGL Background Thread 1 ] DEBUG TilesetLoader        - Created buffer with size 1050.0x700.0
18:25:13.062 [FXGL Background Thread 1 ] DEBUG TilesetLoader        - Writing to buffer: dst=420,560, w=70,h=70, src=576,360
18:25:13.065 [FXGL Background Thread 1 ] DEBUG TilesetLoader        - Writing to buffer: dst=490,560, w=70,h=70, src=576,288
18:25:13.067 [FXGL Background Thread 1 ] DEBUG TilesetLoader        - Writing to buffer: dst=560,560, w=70,h=70, src=576,216
18:25:13.067 [FXGL Background Thread 1 ] DEBUG TilesetLoader        - Writing to buffer: dst=0,630, w=70,h=70, src=504,648
18:25:13.067 [FXGL Background Thread 1 ] DEBUG TilesetLoader        - Writing to buffer: dst=70,630, w=70,h=70, src=504,576
18:25:13.068 [FXGL Background Thread 1 ] DEBUG TilesetLoader        - Writing to buffer: dst=140,630, w=70,h=70, src=504,576
18:25:13.068 [FXGL Background Thread 1 ] DEBUG TilesetLoader        - Writing to buffer: dst=210,630, w=70,h=70, src=504,576
18:25:13.068 [FXGL Background Thread 1 ] DEBUG TilesetLoader        - Writing to buffer: dst=280,630, w=70,h=70, src=504,576
18:25:13.069 [FXGL Background Thread 1 ] DEBUG TilesetLoader        - Writing to buffer: dst=350,630, w=70,h=70, src=504,576
18:25:13.069 [FXGL Background Thread 1 ] DEBUG TilesetLoader        - Writing to buffer: dst=420,630, w=70,h=70, src=504,576
18:25:13.069 [FXGL Background Thread 1 ] DEBUG TilesetLoader        - Writing to buffer: dst=490,630, w=70,h=70, src=504,576
18:25:13.069 [FXGL Background Thread 1 ] DEBUG TilesetLoader        - Writing to buffer: dst=560,630, w=70,h=70, src=504,576
18:25:13.070 [FXGL Background Thread 1 ] DEBUG TilesetLoader        - Writing to buffer: dst=630,630, w=70,h=70, src=504,576
18:25:13.070 [FXGL Background Thread 1 ] DEBUG TilesetLoader        - Writing to buffer: dst=700,630, w=70,h=70, src=504,576
18:25:13.071 [FXGL Background Thread 1 ] DEBUG TilesetLoader        - Writing to buffer: dst=770,630, w=70,h=70, src=504,576
18:25:13.071 [FXGL Background Thread 1 ] DEBUG TilesetLoader        - Writing to buffer: dst=840,630, w=70,h=70, src=504,576
18:25:13.072 [FXGL Background Thread 1 ] DEBUG TilesetLoader        - Writing to buffer: dst=910,630, w=70,h=70, src=504,576
18:25:13.075 [FXGL Background Thread 1 ] DEBUG TilesetLoader        - Writing to buffer: dst=980,630, w=70,h=70, src=504,504
18:25:13.076 [FXGL Background Thread 1 ] DEBUG TMXLevelLoader       - Creating object layer entities
18:25:13.150 [FXGL Background Thread 1 ] DEBUG FXGLAssetLoaderServi - Loading from file system: file:/C:/Users/isyoh/Documents/école/Object%20oriented%20program/Cours/MusicAdventure/target/classes/assets/textures/A(La).png
18:25:13.161 [FXGL Background Thread 4 ] DEBUG FXGLAssetLoaderServi - Loading from file system: jar:file:///C:/Users/isyoh/.m2/repository/com/github/almasb/fxgl/11.14/fxgl-11.14.jar!/fxglassets/ui/fonts/lucida_console.ttf
18:25:13.213 [FXGL Background Thread 1 ] DEBUG FXGLAssetLoaderServi - Loading from file system: file:/C:/Users/isyoh/Documents/école/Object%20oriented%20program/Cours/MusicAdventure/target/classes/assets/textures/dirt_32x32.png
18:25:13.248 [FXGL Background Thread 1 ] DEBUG FXGLAssetLoaderServi - Loading from file system: file:/C:/Users/isyoh/Documents/école/Object%20oriented%20program/Cours/MusicAdventure/target/classes/assets/textures/B(Si).png
18:25:13.259 [FXGL Background Thread 1 ] DEBUG FXGLAssetLoaderServi - Loading from file system: file:/C:/Users/isyoh/Documents/école/Object%20oriented%20program/Cours/MusicAdventure/target/classes/assets/textures/C(Do).png
18:25:13.263 [FXGL Background Thread 1 ] DEBUG GameWorld            - Clearing removable entities
18:25:13.264 [FXGL Background Thread 1 ] DEBUG GameWorld            - Setting level: com.almasb.fxgl.entity.level.Level@5c7e17de
18:25:13.321 [FXGL Background Thread 1 ] DEBUG FXGLAssetLoaderServi - Loading from file system: file:/C:/Users/isyoh/Documents/école/Object%20oriented%20program/Cours/MusicAdventure/target/classes/assets/textures/background/forest.png
18:25:13.343 [FXGL Background Thread 4 ] DEBUG FXGLAssetLoaderServi - Loading from file system: jar:file:///C:/Users/isyoh/.m2/repository/com/github/almasb/fxgl/11.14/fxgl-11.14.jar!/fxglassets/ui/fonts/Courier-Prime.ttf
18:25:13.382 [FXGL Background Thread 2 ] INFO  UpdaterService       - Your current version:  11.14
18:25:13.385 [FXGL Background Thread 2 ] INFO  UpdaterService       - Latest stable version: 11.15
18:25:13.388 [FXGL Background Thread 1 ] INFO  FXGLApplication      - Game initialization took: 0,675 sec
18:25:13.393 [JavaFX Application Thread] DEBUG Input                - Clearing active input actions
18:25:13.420 [JavaFX Application Thread] DEBUG GameApplicationServi - Removing overlay from BetterLoadingScene and adding to GameScene
18:25:13.421 [JavaFX Application Thread] DEBUG PrimaryStageWindow   - BetterLoadingScene -> GameScene
18:25:13.462 [JavaFX Application Thread] DEBUG FXGLApplication      - Registering font factories with UI factory
18:25:13.730 [JavaFX Application Thread] DEBUG FXGLAssetLoaderServi - Loading from file system: file:/C:/Users/isyoh/Documents/école/Object%20oriented%20program/Cours/MusicAdventure/target/classes/assets/sounds/land.wav
18:25:15.119 [FXGL Background Thread 3 ] DEBUG Engine               - Logging environment variables
18:25:15.122 [FXGL Background Thread 3 ] DEBUG Engine               - achievements: []
18:25:15.123 [FXGL Background Thread 3 ] DEBUG Engine               - actualHeight: 679.0
18:25:15.125 [FXGL Background Thread 3 ] DEBUG Engine               - actualHeightProperty: ReadOnlyDoubleProperty [value: 679.0]
18:25:15.125 [FXGL Background Thread 3 ] DEBUG Engine               - actualWidth: 1183.0
18:25:15.125 [FXGL Background Thread 3 ] DEBUG Engine               - actualWidthProperty: ReadOnlyDoubleProperty [value: 1183.0]
18:25:15.126 [FXGL Background Thread 3 ] DEBUG Engine               - appIcon: fxgl_icon.png
18:25:15.126 [FXGL Background Thread 3 ] DEBUG Engine               - applicationMode: DEVELOPER
18:25:15.127 [FXGL Background Thread 3 ] DEBUG Engine               - cSSList: [fxgl_dark.css]
18:25:15.129 [FXGL Background Thread 3 ] DEBUG Engine               - collisionDetectionStrategy: BRUTE_FORCE
18:25:15.130 [FXGL Background Thread 3 ] DEBUG Engine               - configClass: Optional.empty
18:25:15.130 [FXGL Background Thread 3 ] DEBUG Engine               - credits: []
18:25:15.134 [FXGL Background Thread 3 ] DEBUG Engine               - devBBoxColorProperty: ObjectProperty [value: 0xff0000ff]
18:25:15.135 [FXGL Background Thread 3 ] DEBUG Engine               - devEnableDebugCameraProperty: BooleanProperty [value: false]
18:25:15.136 [FXGL Background Thread 3 ] DEBUG Engine               - devSensorColorProperty: ObjectProperty [value: 0xffff00ff]
18:25:15.137 [FXGL Background Thread 3 ] DEBUG Engine               - devShowBBoxProperty: BooleanProperty [value: false]
18:25:15.138 [FXGL Background Thread 3 ] DEBUG Engine               - devShowPositionProperty: BooleanProperty [value: false]
18:25:15.139 [FXGL Background Thread 3 ] DEBUG Engine               - enabledMenuItems: []
18:25:15.140 [FXGL Background Thread 3 ] DEBUG Engine               - engineServices: [class com.almasb.fxgl.app.services.FXGLAssetLoaderService, class com.almasb.fxgl.app.FXGLApplication$GameApplicationService, class com.almasb.fxgl.app.services.FXGLDialogService, class com.almasb.fxgl.app.services.IOTaskExecutorService, class com.almasb.fxgl.event.EventBusService, class com.almasb.fxgl.io.FileSystemService, class com.almasb.fxgl.localization.LocalizationService, class com.almasb.fxgl.app.services.SystemBundleService, class com.almasb.fxgl.profile.SaveLoadService, class com.almasb.fxgl.ui.FXGLUIFactoryServiceProvider, class com.almasb.fxgl.ui.FXGLDialogFactoryServiceProvider, class com.almasb.fxgl.audio.AudioPlayer, class com.almasb.fxgl.notification.impl.NotificationServiceProvider, class com.almasb.fxgl.achievement.AchievementService, class com.almasb.fxgl.cutscene.CutsceneService, class com.almasb.fxgl.minigames.MiniGameService, class com.almasb.fxgl.net.NetService, class com.almasb.fxgl.app.services.UpdaterService, class com.almasb.fxgl.dev.DevService]
18:25:15.140 [FXGL Background Thread 3 ] DEBUG Engine               - fontGame: Abel-Regular.ttf
18:25:15.140 [FXGL Background Thread 3 ] DEBUG Engine               - fontMono: lucida_console.ttf
18:25:15.140 [FXGL Background Thread 3 ] DEBUG Engine               - fontText: Courier-Prime.ttf
18:25:15.140 [FXGL Background Thread 3 ] DEBUG Engine               - fontUI: VarelaRound-Regular.ttf
18:25:15.141 [FXGL Background Thread 3 ] DEBUG Engine               - fullScreen: BooleanProperty [value: false]
18:25:15.144 [FXGL Background Thread 3 ] DEBUG Engine               - gameDifficulty: MEDIUM
18:25:15.145 [FXGL Background Thread 3 ] DEBUG Engine               - gameDifficultyProperty: ObjectProperty [value: MEDIUM]
18:25:15.145 [FXGL Background Thread 3 ] DEBUG Engine               - globalMusicVolume: 0.5
18:25:15.146 [FXGL Background Thread 3 ] DEBUG Engine               - globalMusicVolumeProperty: DoubleProperty [value: 0.08]
18:25:15.147 [FXGL Background Thread 3 ] DEBUG Engine               - globalSoundVolume: 0.5
18:25:15.147 [FXGL Background Thread 3 ] DEBUG Engine               - globalSoundVolumeProperty: DoubleProperty [value: 0.08]
18:25:15.148 [FXGL Background Thread 3 ] DEBUG Engine               - height: 720
18:25:15.148 [FXGL Background Thread 3 ] DEBUG Engine               - isAndroid: false
18:25:15.148 [FXGL Background Thread 3 ] DEBUG Engine               - isBrowser: false
18:25:15.148 [FXGL Background Thread 3 ] DEBUG Engine               - isClickFeedbackEnabled: false
18:25:15.148 [FXGL Background Thread 3 ] DEBUG Engine               - isCloseConfirmation: false
18:25:15.149 [FXGL Background Thread 3 ] DEBUG Engine               - isDesktop: true
18:25:15.149 [FXGL Background Thread 3 ] DEBUG Engine               - isDeveloperMenuEnabled: false
18:25:15.149 [FXGL Background Thread 3 ] DEBUG Engine               - isEntityPreloadEnabled: true
18:25:15.149 [FXGL Background Thread 3 ] DEBUG Engine               - isExperimental3D: false
18:25:15.149 [FXGL Background Thread 3 ] DEBUG Engine               - isExperimentalNative: false
18:25:15.150 [FXGL Background Thread 3 ] DEBUG Engine               - isExperimentalTiledLargeMap: false
18:25:15.150 [FXGL Background Thread 3 ] DEBUG Engine               - isFileSystemWriteAllowed: true
18:25:15.150 [FXGL Background Thread 3 ] DEBUG Engine               - isFullScreenAllowed: false
18:25:15.151 [FXGL Background Thread 3 ] DEBUG Engine               - isFullScreenFromStart: false
18:25:15.151 [FXGL Background Thread 3 ] DEBUG Engine               - isGameMenuEnabled: true
18:25:15.151 [FXGL Background Thread 3 ] DEBUG Engine               - isIOS: false
18:25:15.152 [FXGL Background Thread 3 ] DEBUG Engine               - isIntroEnabled: false
18:25:15.152 [FXGL Background Thread 3 ] DEBUG Engine               - isLinux: false
18:25:15.152 [FXGL Background Thread 3 ] DEBUG Engine               - isMac: false
18:25:15.153 [FXGL Background Thread 3 ] DEBUG Engine               - isMainMenuEnabled: false
18:25:15.153 [FXGL Background Thread 3 ] DEBUG Engine               - isManualResizeEnabled: false
18:25:15.154 [FXGL Background Thread 3 ] DEBUG Engine               - isMobile: false
18:25:15.154 [FXGL Background Thread 3 ] DEBUG Engine               - isPreserveResizeRatio: false
18:25:15.154 [FXGL Background Thread 3 ] DEBUG Engine               - isProfilingEnabled: false
18:25:15.155 [FXGL Background Thread 3 ] DEBUG Engine               - isScaleAffectedOnResize: true
18:25:15.155 [FXGL Background Thread 3 ] DEBUG Engine               - isSingleStep: false
18:25:15.156 [FXGL Background Thread 3 ] DEBUG Engine               - isUserProfileEnabled: false
18:25:15.156 [FXGL Background Thread 3 ] DEBUG Engine               - isWindows: true
18:25:15.156 [FXGL Background Thread 3 ] DEBUG Engine               - language: ObjectProperty [value: ENGLISH]
18:25:15.157 [FXGL Background Thread 3 ] DEBUG Engine               - menuKey: ESCAPE
18:25:15.157 [FXGL Background Thread 3 ] DEBUG Engine               - notificationViewClass: class com.almasb.fxgl.notification.view.XboxNotificationView
18:25:15.158 [FXGL Background Thread 3 ] DEBUG Engine               - pixelsPerMeter: 50.0
18:25:15.159 [FXGL Background Thread 3 ] DEBUG Engine               - platform: WINDOWS
18:25:15.160 [FXGL Background Thread 3 ] DEBUG Engine               - prefHeightProperty: ReadOnlyDoubleProperty [value: 720.0]
18:25:15.162 [FXGL Background Thread 3 ] DEBUG Engine               - prefWidthProperty: ReadOnlyDoubleProperty [value: 1280.0]
18:25:15.163 [FXGL Background Thread 3 ] DEBUG Engine               - profileDir: profiles/
18:25:15.165 [FXGL Background Thread 3 ] DEBUG Engine               - profileName: StringProperty [value: DEFAULT]
18:25:15.166 [FXGL Background Thread 3 ] DEBUG Engine               - randomSeed: -1
18:25:15.167 [FXGL Background Thread 3 ] DEBUG Engine               - runtimeInfo: RuntimeInfo(platform=WINDOWS, version=11.14, build=01.03.2021 16.59)
18:25:15.168 [FXGL Background Thread 3 ] DEBUG Engine               - saveFileExt: sav
18:25:15.168 [FXGL Background Thread 3 ] DEBUG Engine               - scaledHeightProp$fxgl: DoubleProperty [bound, value: 679.0]
18:25:15.171 [FXGL Background Thread 3 ] DEBUG Engine               - scaledWidthProp$fxgl: DoubleProperty [bound, value: 1183.0]
18:25:15.171 [FXGL Background Thread 3 ] DEBUG Engine               - sceneFactory: Main.App$1@3e3dde15
18:25:15.171 [FXGL Background Thread 3 ] DEBUG Engine               - secondsIn24h: 60
18:25:15.172 [FXGL Background Thread 3 ] DEBUG Engine               - soundMenuBack: menu/back.wav
18:25:15.172 [FXGL Background Thread 3 ] DEBUG Engine               - soundMenuPress: menu/press.wav
18:25:15.172 [FXGL Background Thread 3 ] DEBUG Engine               - soundMenuSelect: menu/select.wav
18:25:15.172 [FXGL Background Thread 3 ] DEBUG Engine               - soundNotification: core/notification.wav
18:25:15.172 [FXGL Background Thread 3 ] DEBUG Engine               - stageStyle: DECORATED
18:25:15.173 [FXGL Background Thread 3 ] DEBUG Engine               - supportedLanguages: [ENGLISH, FRENCH, GERMAN, HUNGARIAN, RUSSIAN]
18:25:15.173 [FXGL Background Thread 3 ] DEBUG Engine               - ticksPerSecond: -1
18:25:15.173 [FXGL Background Thread 3 ] DEBUG Engine               - title: Game 1 Let's go
18:25:15.173 [FXGL Background Thread 3 ] DEBUG Engine               - urlGithub: https://github.com/AlmasB/FXGL
18:25:15.173 [FXGL Background Thread 3 ] DEBUG Engine               - urlLeaderboard: http://fxgl-top.herokuapp.com/
18:25:15.174 [FXGL Background Thread 3 ] DEBUG Engine               - urlPOM: https://raw.githubusercontent.com/AlmasB/FXGL/release/README.md
18:25:15.174 [FXGL Background Thread 3 ] DEBUG Engine               - userAppClass: class Main.App
18:25:15.174 [FXGL Background Thread 3 ] DEBUG Engine               - version: 1.0
18:25:15.174 [FXGL Background Thread 3 ] DEBUG Engine               - versionCheckDays: 7
18:25:15.175 [FXGL Background Thread 3 ] DEBUG Engine               - width: 1280
18:25:15.175 [FXGL Background Thread 3 ] DEBUG Engine               - Logging services
18:25:15.175 [FXGL Background Thread 3 ] DEBUG Engine               - class com.almasb.fxgl.app.services.FXGLAssetLoaderService
18:25:15.175 [FXGL Background Thread 3 ] DEBUG Engine               - class com.almasb.fxgl.app.FXGLApplication$GameApplicationService
18:25:15.175 [FXGL Background Thread 3 ] DEBUG Engine               - class com.almasb.fxgl.app.services.FXGLDialogService
18:25:15.176 [FXGL Background Thread 3 ] DEBUG Engine               - class com.almasb.fxgl.app.services.IOTaskExecutorService
18:25:15.176 [FXGL Background Thread 3 ] DEBUG Engine               - class com.almasb.fxgl.event.EventBusService
18:25:15.176 [FXGL Background Thread 3 ] DEBUG Engine               - class com.almasb.fxgl.io.FileSystemService
18:25:15.176 [FXGL Background Thread 3 ] DEBUG Engine               - class com.almasb.fxgl.localization.LocalizationService
18:25:15.176 [FXGL Background Thread 3 ] DEBUG Engine               - class com.almasb.fxgl.app.services.SystemBundleService
18:25:15.178 [FXGL Background Thread 3 ] DEBUG Engine               - class com.almasb.fxgl.profile.SaveLoadService
18:25:15.179 [FXGL Background Thread 3 ] DEBUG Engine               - class com.almasb.fxgl.ui.FXGLUIFactoryServiceProvider
18:25:15.180 [FXGL Background Thread 3 ] DEBUG Engine               - class com.almasb.fxgl.ui.FXGLDialogFactoryServiceProvider
18:25:15.180 [FXGL Background Thread 3 ] DEBUG Engine               - class com.almasb.fxgl.audio.AudioPlayer
18:25:15.181 [FXGL Background Thread 3 ] DEBUG Engine               - class com.almasb.fxgl.notification.impl.NotificationServiceProvider
18:25:15.184 [FXGL Background Thread 3 ] DEBUG Engine               - class com.almasb.fxgl.achievement.AchievementService
18:25:15.185 [FXGL Background Thread 3 ] DEBUG Engine               - class com.almasb.fxgl.cutscene.CutsceneService
18:25:15.185 [FXGL Background Thread 3 ] DEBUG Engine               - class com.almasb.fxgl.minigames.MiniGameService
18:25:15.186 [FXGL Background Thread 3 ] DEBUG Engine               - class com.almasb.fxgl.net.NetService
18:25:15.187 [FXGL Background Thread 3 ] DEBUG Engine               - class com.almasb.fxgl.app.services.UpdaterService
18:25:15.189 [FXGL Background Thread 3 ] DEBUG Engine               - class com.almasb.fxgl.dev.DevService
18:25:17.169 [JavaFX Application Thread] DEBUG FXGLAssetLoaderServi - Loading from file system: file:/C:/Users/isyoh/Documents/école/Object%20oriented%20program/Cours/MusicAdventure/target/classes/assets/sounds/notes/D(Ré).wav
18:25:18.790 [JavaFX Application Thread] DEBUG FXGLAssetLoaderServi - Loading from file system: file:/C:/Users/isyoh/Documents/école/Object%20oriented%20program/Cours/MusicAdventure/target/classes/assets/sounds/notes/F(Fa).wav
18:25:18.830 [JavaFX Application Thread] DEBUG LoopRunner           - Stopping loop
18:25:18.832 [JavaFX Application Thread] FATAL FXGLApplication      - Uncaught Exception:
java.lang.IllegalArgumentException: Component EnemyFComponent not found!
	at com.almasb.fxgl.entity/com.almasb.fxgl.entity.Entity.getComponent(Entity.java:339)
	at MusicAdventure.main/Main.App$10.lambda$onActionBegin$0(App.java:197)
	at java.base/java.util.stream.ReferencePipeline$2$1.accept(ReferencePipeline.java:176)
	at java.base/java.util.ArrayList$ArrayListSpliterator.forEachRemaining(ArrayList.java:1625)
	at java.base/java.util.stream.AbstractPipeline.copyInto(AbstractPipeline.java:484)
	at java.base/java.util.stream.AbstractPipeline.wrapAndCopyInto(AbstractPipeline.java:474)
	at java.base/java.util.stream.ForEachOps$ForEachOp.evaluateSequential(ForEachOps.java:150)
	at java.base/java.util.stream.ForEachOps$ForEachOp$OfRef.evaluateSequential(ForEachOps.java:173)
	at java.base/java.util.stream.AbstractPipeline.evaluate(AbstractPipeline.java:234)
	at java.base/java.util.stream.ReferencePipeline.forEach(ReferencePipeline.java:497)
	at MusicAdventure.main/Main.App$10.onActionBegin(App.java:198)
	at com.almasb.fxgl.input/com.almasb.fxgl.input.UserAction.begin$fxgl_input(UserAction.kt:37)
	at com.almasb.fxgl.input/com.almasb.fxgl.input.Input.handlePressed(Input.kt:350)
	at com.almasb.fxgl.input/com.almasb.fxgl.input.Input.onKeyEvent(Input.kt:291)
	at com.almasb.fxgl.all/com.almasb.fxgl.app.PrimaryStageWindow$1$1.invoke(MainWindow.kt:255)
	at com.almasb.fxgl.all/com.almasb.fxgl.app.PrimaryStageWindow$1$1.invoke(MainWindow.kt:231)
	at com.almasb.fxgl.core/com.almasb.fxgl.core.fsm.StateMachine.runOnActiveStates(StateMachine.kt:69)
	at com.almasb.fxgl.all/com.almasb.fxgl.app.PrimaryStageWindow$1.invoke(MainWindow.kt:255)
	at com.almasb.fxgl.all/com.almasb.fxgl.app.PrimaryStageWindow$1.invoke(MainWindow.kt:231)
	at com.almasb.fxgl.all/com.almasb.fxgl.app.MainWindow$sam$javafx_event_EventHandler$0.handle(MainWindow.kt)
	at javafx.base/com.sun.javafx.event.CompositeEventHandler$NormalEventHandlerRecord.handleBubblingEvent(CompositeEventHandler.java:247)
	at javafx.base/com.sun.javafx.event.CompositeEventHandler.dispatchBubblingEvent(CompositeEventHandler.java:80)
	at javafx.base/com.sun.javafx.event.EventHandlerManager.dispatchBubblingEvent(EventHandlerManager.java:234)
	at javafx.base/com.sun.javafx.event.EventHandlerManager.dispatchBubblingEvent(EventHandlerManager.java:191)
	at javafx.base/com.sun.javafx.event.CompositeEventDispatcher.dispatchBubblingEvent(CompositeEventDispatcher.java:59)
	at javafx.base/com.sun.javafx.event.BasicEventDispatcher.dispatchEvent(BasicEventDispatcher.java:58)
	at javafx.base/com.sun.javafx.event.EventDispatchChainImpl.dispatchEvent(EventDispatchChainImpl.java:114)
	at javafx.base/com.sun.javafx.event.BasicEventDispatcher.dispatchEvent(BasicEventDispatcher.java:56)
	at javafx.base/com.sun.javafx.event.EventDispatchChainImpl.dispatchEvent(EventDispatchChainImpl.java:114)
	at javafx.base/com.sun.javafx.event.EventUtil.fireEventImpl(EventUtil.java:74)
	at javafx.base/com.sun.javafx.event.EventUtil.fireEvent(EventUtil.java:54)
	at javafx.base/javafx.event.Event.fireEvent(Event.java:198)
	at javafx.graphics/javafx.scene.Scene$KeyHandler.process(Scene.java:4064)
	at javafx.graphics/javafx.scene.Scene.processKeyEvent(Scene.java:2123)
	at javafx.graphics/javafx.scene.Scene$ScenePeerListener.keyEvent(Scene.java:2591)
	at javafx.graphics/com.sun.javafx.tk.quantum.GlassViewEventHandler$KeyEventNotification.run(GlassViewEventHandler.java:217)
	at javafx.graphics/com.sun.javafx.tk.quantum.GlassViewEventHandler$KeyEventNotification.run(GlassViewEventHandler.java:149)
	at java.base/java.security.AccessController.doPrivileged(AccessController.java:391)
	at javafx.graphics/com.sun.javafx.tk.quantum.GlassViewEventHandler.lambda$handleKeyEvent$1(GlassViewEventHandler.java:248)
	at javafx.graphics/com.sun.javafx.tk.quantum.QuantumToolkit.runWithoutRenderLock(QuantumToolkit.java:412)
	at javafx.graphics/com.sun.javafx.tk.quantum.GlassViewEventHandler.handleKeyEvent(GlassViewEventHandler.java:247)
	at javafx.graphics/com.sun.glass.ui.View.handleKeyEvent(View.java:547)
	at javafx.graphics/com.sun.glass.ui.View.notifyKey(View.java:971)
	at javafx.graphics/com.sun.glass.ui.win.WinApplication._runLoop(Native Method)
	at javafx.graphics/com.sun.glass.ui.win.WinApplication.lambda$runLoop$3(WinApplication.java:174)
	at java.base/java.lang.Thread.run(Thread.java:832)

18:25:18.833 [JavaFX Application Thread] FATAL FXGLApplication      - Application will now exit
18:25:18.864 [JavaFX Application Thread] DEBUG PrimaryStageWindow   - Push state: ErrorSubScene
18:25:18.865 [JavaFX Application Thread] DEBUG Input                - Clearing active input actions
18:25:18.873 [JavaFX Application Thread] DEBUG GameApplicationServi - Removing overlay from GameScene and adding to ErrorSubScene
18:25:18.873 [JavaFX Application Thread] DEBUG PrimaryStageWindow   - GameScene -> ErrorSubScene
18:25:24.844 [JavaFX Application Thread] DEBUG FXGLApplication      - Exiting FXGL
18:25:24.845 [JavaFX Application Thread] DEBUG Async                - Shutting down background threads
18:25:24.845 [JavaFX Application Thread] DEBUG PrimaryStageWindow   - Closing main window
18:25:24.854 [JavaFX Application Thread] DEBUG Logger               - Closing Logger
