18:00:54.240 [main                     ] DEBUG Logger               - Configured Logger
18:00:54.263 [main                     ] DEBUG GameApplication      - Logging settings
Title: Game 1 Let's go
Version: 1.0
Width: 1280
Height: 720
Fullscreen: false
Intro: false
Profiling: false
Single step:false
App Mode: DEVELOPER
Menu Key: ESCAPE
Stage Style: DECORATED
Scene Factory: class Main.App$1

18:00:55.183 [JavaFX Application Thread] DEBUG FXGLApplication      - Initializing FXGL
18:00:55.186 [JavaFX Application Thread] INFO  Engine               - FXGL-11.14 (01.03.2021 16.59) on WINDOWS (J:15.0.2 FX:15)
18:00:55.186 [JavaFX Application Thread] DEBUG Engine               - JRE Vendor Name: Oracle Corporation
18:00:55.187 [JavaFX Application Thread] DEBUG Engine               - Running on OS: Windows 10 version 10.0
18:00:55.187 [JavaFX Application Thread] DEBUG Engine               - Architecture: amd64
18:00:55.188 [JavaFX Application Thread] INFO  Engine               - Source code and latest versions at: https://github.com/AlmasB/FXGL
18:00:55.188 [JavaFX Application Thread] INFO  Engine               -              Join the FXGL chat at: https://gitter.im/AlmasB/FXGL
18:00:55.373 [JavaFX Application Thread] DEBUG PrimaryStageWindow   - Creating a JavaFX scene
18:00:55.374 [JavaFX Application Thread] DEBUG PrimaryStageWindow   - Target size > screen size
18:00:55.458 [JavaFX Application Thread] DEBUG PrimaryStageWindow   - Target settings size: 1280.0 x 720.0
18:00:55.459 [JavaFX Application Thread] DEBUG PrimaryStageWindow   - Scaled scene size:    1183.0 x 679.0
18:00:55.459 [JavaFX Application Thread] DEBUG PrimaryStageWindow   - Scaled ratio: (0.92421875, 0.9430555555555555)
18:00:55.461 [JavaFX Application Thread] DEBUG PrimaryStageWindow   - Set initial scene to FXGLStartupScene
18:00:55.471 [JavaFX Application Thread] DEBUG PrimaryStageWindow   - Opening main window
18:00:55.665 [JavaFX Application Thread] DEBUG PrimaryStageWindow   - Window border size: (15.0, 37.66668701171875)
18:00:55.666 [JavaFX Application Thread] DEBUG PrimaryStageWindow   - Scaled size: 1183.0 x 679.0
18:00:55.666 [JavaFX Application Thread] DEBUG PrimaryStageWindow   - Scaled ratio: (0.92421875, 0.9430555555555555)
18:00:55.667 [JavaFX Application Thread] DEBUG PrimaryStageWindow   - Scene size: 1183.0 x 679.0
18:00:55.667 [JavaFX Application Thread] DEBUG PrimaryStageWindow   - Stage size: 1198.0 x 716.6666870117188
18:00:55.746 [FXGL Background Thread 1 ] DEBUG Engine               - Initializing environment variables
18:00:55.817 [FXGL Background Thread 1 ] DEBUG FXGLAssetLoaderServi - User app class for loading assets: class Main.App
18:00:55.818 [FXGL Background Thread 1 ] DEBUG GameApplicationServi - Applying CSS: fxgl_dark.css
18:00:55.820 [FXGL Background Thread 1 ] DEBUG FXGLAssetLoaderServi - Loading from file system: jar:file:///C:/Users/isyoh/.m2/repository/com/github/almasb/fxgl/11.14/fxgl-11.14.jar!/fxglassets/ui/css/fxgl_dark.css
18:00:55.933 [FXGL Background Thread 1 ] DEBUG GameApplicationServi - Initializing application scenes
18:00:56.115 [FXGL Background Thread 1 ] DEBUG FXGLAssetLoaderServi - Loading from file system: file:/C:/Users/isyoh/Documents/école/Object%20oriented%20program/Cours/Game1/target/classes/assets/textures/player.png
18:00:56.179 [FXGL Background Thread 1 ] DEBUG GameWorld            - Game world initialized
18:00:56.270 [FXGL Background Thread 1 ] DEBUG PhysicsWorld         - Physics world initialized: appHeight=720, physics.ppm=50,0
18:00:56.270 [FXGL Background Thread 1 ] DEBUG PhysicsWorld         - Using strategy: BRUTE_FORCE
18:00:56.274 [FXGL Background Thread 1 ] DEBUG GameScene            - Game scene initialized: 1280x720
18:00:56.300 [FXGL Background Thread 1 ] DEBUG FXGLAssetLoaderServi - Loading from file system: jar:file:///C:/Users/isyoh/.m2/repository/com/github/almasb/fxgl/11.14/fxgl-11.14.jar!/fxglassets/textures/particles/trace_horizontal.png
18:00:56.381 [FXGL Background Thread 1 ] DEBUG FXGL.DefaultMenu     - createMenuBodyGameMenu()
18:00:56.418 [FXGL Background Thread 1 ] DEBUG FXGL.DefaultMenu     - createOptionsMenu()
18:00:56.430 [FXGL Background Thread 1 ] DEBUG FXGLAssetLoaderServi - Loading from file system: jar:file:///C:/Users/isyoh/.m2/repository/com/github/almasb/fxgl/11.14/fxgl-11.14.jar!/fxglassets/textures/particles/smoke.png
18:00:56.561 [FXGL Background Thread 1 ] DEBUG GameApplicationServi - Application scenes initialized
18:00:56.577 [FXGL Background Thread 1 ] DEBUG SystemBundleService  - Loading FXGL system data
18:00:56.585 [FXGL Background Thread 1 ] DEBUG FileSystemAccess     - Reading from: C:\Users\isyoh\Documents\école\Object oriented program\Cours\Game1\system\fxgl.bundle
18:00:56.597 [FXGL Background Thread 1 ] DEBUG SystemBundleService  - Bundle FXGL: {}
18:00:56.597 [FXGL Background Thread 1 ] DEBUG UpdaterService       - Checking for updates
18:00:56.611 [FXGL Background Thread 1 ] DEBUG FXGLApplication      - Loading default localization
18:00:56.624 [FXGL Background Thread 1 ] DEBUG FXGLAssetLoaderServi - Loading from file system: jar:file:///C:/Users/isyoh/.m2/repository/com/github/almasb/fxgl/11.14/fxgl-11.14.jar!/fxglassets/languages/english.lang
18:00:56.651 [FXGL Background Thread 1 ] INFO  FXGLApplication      - FXGL initialization took: 0,904 sec
18:00:56.669 [JavaFX Application Thread] DEBUG Input                - Registered new binding: Left - A
18:00:56.670 [JavaFX Application Thread] DEBUG Input                - Registered new binding: Right - D
18:00:56.671 [JavaFX Application Thread] DEBUG Input                - Registered new binding: Jump - W
18:00:56.671 [JavaFX Application Thread] DEBUG Input                - Registered new binding: Whistle - X
18:00:56.671 [JavaFX Application Thread] DEBUG Input                - Registered new binding: Use - E
18:00:56.672 [JavaFX Application Thread] DEBUG FXGLAssetLoaderServi - Loading from file system: file:/C:/Users/isyoh/Documents/école/Object%20oriented%20program/Cours/Game1/target/classes/assets/music/BGM_dash_runner.wav
18:00:56.656 [FXGL Background Thread 4 ] DEBUG FXGLApplication      - Loading fonts
18:00:56.690 [FXGL Background Thread 4 ] DEBUG FXGLAssetLoaderServi - Loading from file system: jar:file:///C:/Users/isyoh/.m2/repository/com/github/almasb/fxgl/11.14/fxgl-11.14.jar!/fxglassets/ui/fonts/VarelaRound-Regular.ttf
18:00:57.126 [FXGL Background Thread 4 ] DEBUG FXGLAssetLoaderServi - Loading from file system: jar:file:///C:/Users/isyoh/.m2/repository/com/github/almasb/fxgl/11.14/fxgl-11.14.jar!/fxglassets/ui/fonts/Abel-Regular.ttf
18:00:57.143 [JavaFX Application Thread] DEBUG AudioPlayer          - Playing music com.almasb.fxgl.audio.Music@9799d72
18:00:57.145 [JavaFX Application Thread] DEBUG FXGLAssetLoaderServi - Loading from file system: jar:file:///C:/Users/isyoh/.m2/repository/com/github/almasb/fxgl/11.14/fxgl-11.14.jar!/fxglassets/textures/fxgl_icon.png
18:00:57.174 [FXGL Background Thread 4 ] DEBUG FXGLAssetLoaderServi - Loading from file system: jar:file:///C:/Users/isyoh/.m2/repository/com/github/almasb/fxgl/11.14/fxgl-11.14.jar!/fxglassets/ui/fonts/lucida_console.ttf
18:00:57.184 [JavaFX Application Thread] DEBUG FXGLAssetLoaderServi - Loading from file system: jar:file:///C:/Users/isyoh/.m2/repository/com/github/almasb/fxgl/11.14/fxgl-11.14.jar!/fxglassets/ui/cursors/fxgl_default.png
18:00:57.188 [JavaFX Application Thread] DEBUG Input                - Registered new binding: Screenshot - P
18:00:57.190 [JavaFX Application Thread] DEBUG Input                - Registered new binding: System info dump - CTRL+9
18:00:57.190 [JavaFX Application Thread] DEBUG Input                - Registered new binding: Restart - CTRL+R
18:00:57.192 [JavaFX Application Thread] DEBUG Input                - Registered new binding: Toggle Debug Camera - CTRL+C
18:00:57.195 [JavaFX Application Thread] DEBUG LoopRunner           - Starting loop
18:00:57.195 [JavaFX Application Thread] DEBUG LoopRunner           - Initializing JavaFX AnimationTimerLoop
18:00:57.197 [JavaFX Application Thread] DEBUG GameApplicationServi - Starting new game
18:00:57.201 [JavaFX Application Thread] DEBUG Input                - Clearing active input actions
18:00:57.239 [JavaFX Application Thread] DEBUG GameApplicationServi - Removing overlay from FXGLStartupScene and adding to BetterLoadingScene
18:00:57.240 [JavaFX Application Thread] DEBUG PrimaryStageWindow   - FXGLStartupScene -> BetterLoadingScene
18:00:57.240 [JavaFX Application Thread] DEBUG GameApplicationServi - Clearing previous game
18:00:57.243 [JavaFX Application Thread] DEBUG GameScene            - Clearing game scene
18:00:57.244 [JavaFX Application Thread] DEBUG GameWorld            - Clearing game world
18:00:57.244 [JavaFX Application Thread] DEBUG PhysicsWorld         - Clearing physics world
18:00:57.245 [FXGL Background Thread 1 ] DEBUG FXGLApplication      - Initializing game
18:00:57.257 [FXGL Background Thread 4 ] DEBUG FXGLAssetLoaderServi - Loading from file system: jar:file:///C:/Users/isyoh/.m2/repository/com/github/almasb/fxgl/11.14/fxgl-11.14.jar!/fxglassets/ui/fonts/Courier-Prime.ttf
18:00:57.425 [FXGL Background Thread 1 ] DEBUG TMXLevelLoader       - Parsed raw map: TiledMap(width=15, height=10, tilewidth=70, tileheight=70, orientation=orthogonal, layers=[Layer(width=15, height=10, name=Tile Layer 1, type=tilelayer, visible=false, x=0, y=0, data=[0, 0, 0, 0, 0, 0, 0, 0, 0, 0, 0, 0, 0, 0, 0, 0, 0, 0, 0, 0, 0, 0, 0, 0, 0, 0, 0, 0, 0, 0, 0, 0, 0, 0, 0, 0, 0, 0, 0, 0, 0, 0, 0, 0, 0, 0, 0, 0, 0, 0, 0, 0, 0, 0, 0, 0, 0, 0, 0, 0, 0, 0, 0, 0, 0, 0, 0, 0, 0, 0, 0, 0, 0, 0, 0, 0, 0, 0, 0, 0, 0, 0, 0, 0, 0, 0, 0, 0, 0, 0, 0, 0, 0, 0, 0, 0, 0, 0, 0, 0, 0, 0, 0, 0, 0, 0, 0, 0, 0, 0, 0, 0, 0, 0, 0, 0, 0, 0, 0, 0, 0, 0, 0, 0, 0, 0, 69, 57, 45, 0, 0, 1, 0, 0, 0, 116, 104, 104, 104, 104, 104, 104, 104, 104, 104, 104, 104, 104, 104, 92], objects=[], opacity=0.0, draworder=), Layer(width=0, height=0, name=Object Layer 1, type=objectgroup, visible=false, x=0, y=0, data=[], objects=[com.almasb.fxgl.entity.level.tiled.TiledObject@42b3336, com.almasb.fxgl.entity.level.tiled.TiledObject@344a913d, com.almasb.fxgl.entity.level.tiled.TiledObject@211cc956, com.almasb.fxgl.entity.level.tiled.TiledObject@553848b9, com.almasb.fxgl.entity.level.tiled.TiledObject@8d773ab, com.almasb.fxgl.entity.level.tiled.TiledObject@68f4c8f5, com.almasb.fxgl.entity.level.tiled.TiledObject@2fe5fac4, com.almasb.fxgl.entity.level.tiled.TiledObject@380f1201, com.almasb.fxgl.entity.level.tiled.TiledObject@bf67480, com.almasb.fxgl.entity.level.tiled.TiledObject@450bb66b, com.almasb.fxgl.entity.level.tiled.TiledObject@45b847d4], opacity=0.0, draworder=)], tilesets=[Tileset(firstgid=1, image=tiles_spritesheet.png, name=tiles_spritesheet, tilewidth=70, tileheight=70, imagewidth=914, imageheight=936, margin=0, spacing=2, columns=12, tilecount=156, transparentcolor=, tiles=[])], backgroundcolor=, renderorder=right-down, nextobjectid=22, version=1, tiledversion=1.2.3, type=map, infinite=false, hexsidelength=0, staggeraxis=, staggerindex=, properties={star1time=7.0}, propertytypes={star1time=float})
18:00:57.428 [FXGL Background Thread 1 ] DEBUG TMXLevelLoader       - Creating tile layer entities
18:00:57.429 [FXGL Background Thread 1 ] DEBUG TilesetLoader        - Loading view for layer Tile Layer 1
18:00:57.444 [FXGL Background Thread 1 ] DEBUG TilesetLoader        - Created buffer with size 1050.0x700.0
18:00:57.527 [FXGL Background Thread 1 ] DEBUG TilesetLoader        - Writing to buffer: dst=420,560, w=70,h=70, src=576,360
18:00:57.527 [FXGL Background Thread 1 ] DEBUG TilesetLoader        - Writing to buffer: dst=490,560, w=70,h=70, src=576,288
18:00:57.528 [FXGL Background Thread 1 ] DEBUG TilesetLoader        - Writing to buffer: dst=560,560, w=70,h=70, src=576,216
18:00:57.528 [FXGL Background Thread 1 ] DEBUG TilesetLoader        - Writing to buffer: dst=770,560, w=70,h=70, src=0,0
18:00:57.528 [FXGL Background Thread 1 ] DEBUG TilesetLoader        - Writing to buffer: dst=0,630, w=70,h=70, src=504,648
18:00:57.529 [FXGL Background Thread 1 ] DEBUG TilesetLoader        - Writing to buffer: dst=70,630, w=70,h=70, src=504,576
18:00:57.529 [FXGL Background Thread 1 ] DEBUG TilesetLoader        - Writing to buffer: dst=140,630, w=70,h=70, src=504,576
18:00:57.530 [FXGL Background Thread 1 ] DEBUG TilesetLoader        - Writing to buffer: dst=210,630, w=70,h=70, src=504,576
18:00:57.530 [FXGL Background Thread 1 ] DEBUG TilesetLoader        - Writing to buffer: dst=280,630, w=70,h=70, src=504,576
18:00:57.530 [FXGL Background Thread 1 ] DEBUG TilesetLoader        - Writing to buffer: dst=350,630, w=70,h=70, src=504,576
18:00:57.533 [FXGL Background Thread 1 ] DEBUG TilesetLoader        - Writing to buffer: dst=420,630, w=70,h=70, src=504,576
18:00:57.533 [FXGL Background Thread 1 ] DEBUG TilesetLoader        - Writing to buffer: dst=490,630, w=70,h=70, src=504,576
18:00:57.534 [FXGL Background Thread 1 ] DEBUG TilesetLoader        - Writing to buffer: dst=560,630, w=70,h=70, src=504,576
18:00:57.534 [FXGL Background Thread 1 ] DEBUG TilesetLoader        - Writing to buffer: dst=630,630, w=70,h=70, src=504,576
18:00:57.534 [FXGL Background Thread 1 ] DEBUG TilesetLoader        - Writing to buffer: dst=700,630, w=70,h=70, src=504,576
18:00:57.557 [FXGL Background Thread 1 ] DEBUG TilesetLoader        - Writing to buffer: dst=770,630, w=70,h=70, src=504,576
18:00:57.558 [FXGL Background Thread 1 ] DEBUG TilesetLoader        - Writing to buffer: dst=840,630, w=70,h=70, src=504,576
18:00:57.558 [FXGL Background Thread 1 ] DEBUG TilesetLoader        - Writing to buffer: dst=910,630, w=70,h=70, src=504,576
18:00:57.559 [FXGL Background Thread 1 ] DEBUG TilesetLoader        - Writing to buffer: dst=980,630, w=70,h=70, src=504,504
18:00:57.559 [FXGL Background Thread 1 ] DEBUG TMXLevelLoader       - Creating object layer entities
18:00:57.634 [FXGL Background Thread 2 ] INFO  UpdaterService       - Your current version:  11.14
18:00:57.635 [FXGL Background Thread 2 ] INFO  UpdaterService       - Latest stable version: 11.15
18:00:57.665 [FXGL Background Thread 1 ] DEBUG FXGLAssetLoaderServi - Loading from file system: file:/C:/Users/isyoh/Documents/école/Object%20oriented%20program/Cours/Game1/target/classes/assets/textures/enemy.png
18:00:57.677 [JavaFX Application Thread] DEBUG FXGLApplication      - Registering font factories with UI factory
18:00:57.686 [FXGL Background Thread 1 ] DEBUG GameWorld            - Clearing removable entities
18:00:57.686 [FXGL Background Thread 1 ] DEBUG GameWorld            - Setting level: com.almasb.fxgl.entity.level.Level@1cea500e
18:00:57.714 [FXGL Background Thread 1 ] DEBUG FXGLAssetLoaderServi - Loading from file system: file:/C:/Users/isyoh/Documents/école/Object%20oriented%20program/Cours/Game1/target/classes/assets/textures/background/forest.png
18:00:57.758 [FXGL Background Thread 1 ] INFO  FXGLApplication      - Game initialization took: 0,513 sec
18:00:57.767 [JavaFX Application Thread] DEBUG Input                - Clearing active input actions
18:00:57.789 [JavaFX Application Thread] DEBUG GameApplicationServi - Removing overlay from BetterLoadingScene and adding to GameScene
18:00:57.790 [JavaFX Application Thread] DEBUG PrimaryStageWindow   - BetterLoadingScene -> GameScene
18:00:58.097 [JavaFX Application Thread] DEBUG FXGLAssetLoaderServi - Loading from file system: file:/C:/Users/isyoh/Documents/école/Object%20oriented%20program/Cours/Game1/target/classes/assets/sounds/land.wav
18:00:58.399 [JavaFX Application Thread] DEBUG FXGLAssetLoaderServi - Loading from file system: file:/C:/Users/isyoh/Documents/école/Object%20oriented%20program/Cours/Game1/target/classes/assets/sounds/Honking.wav
18:00:59.472 [JavaFX Application Thread] DEBUG FXGLAssetLoaderServi - Loading from file system: file:/C:/Users/isyoh/Documents/école/Object%20oriented%20program/Cours/Game1/target/classes/assets/sounds/jump.wav
18:00:59.604 [FXGL Background Thread 3 ] DEBUG Engine               - Logging environment variables
18:00:59.604 [FXGL Background Thread 3 ] DEBUG Engine               - achievements: []
18:00:59.605 [FXGL Background Thread 3 ] DEBUG Engine               - actualHeight: 679.0
18:00:59.605 [FXGL Background Thread 3 ] DEBUG Engine               - actualHeightProperty: ReadOnlyDoubleProperty [value: 679.0]
18:00:59.605 [FXGL Background Thread 3 ] DEBUG Engine               - actualWidth: 1183.0
18:00:59.605 [FXGL Background Thread 3 ] DEBUG Engine               - actualWidthProperty: ReadOnlyDoubleProperty [value: 1183.0]
18:00:59.605 [FXGL Background Thread 3 ] DEBUG Engine               - appIcon: fxgl_icon.png
18:00:59.606 [FXGL Background Thread 3 ] DEBUG Engine               - applicationMode: DEVELOPER
18:00:59.606 [FXGL Background Thread 3 ] DEBUG Engine               - cSSList: [fxgl_dark.css]
18:00:59.606 [FXGL Background Thread 3 ] DEBUG Engine               - collisionDetectionStrategy: BRUTE_FORCE
18:00:59.606 [FXGL Background Thread 3 ] DEBUG Engine               - configClass: Optional.empty
18:00:59.606 [FXGL Background Thread 3 ] DEBUG Engine               - credits: []
18:00:59.607 [FXGL Background Thread 3 ] DEBUG Engine               - devBBoxColorProperty: ObjectProperty [value: 0xff0000ff]
18:00:59.609 [FXGL Background Thread 3 ] DEBUG Engine               - devEnableDebugCameraProperty: BooleanProperty [value: false]
18:00:59.610 [FXGL Background Thread 3 ] DEBUG Engine               - devSensorColorProperty: ObjectProperty [value: 0xffff00ff]
18:00:59.610 [FXGL Background Thread 3 ] DEBUG Engine               - devShowBBoxProperty: BooleanProperty [value: false]
18:00:59.611 [FXGL Background Thread 3 ] DEBUG Engine               - devShowPositionProperty: BooleanProperty [value: false]
18:00:59.613 [FXGL Background Thread 3 ] DEBUG Engine               - enabledMenuItems: []
18:00:59.614 [FXGL Background Thread 3 ] DEBUG Engine               - engineServices: [class com.almasb.fxgl.app.services.FXGLAssetLoaderService, class com.almasb.fxgl.app.FXGLApplication$GameApplicationService, class com.almasb.fxgl.app.services.FXGLDialogService, class com.almasb.fxgl.app.services.IOTaskExecutorService, class com.almasb.fxgl.event.EventBusService, class com.almasb.fxgl.io.FileSystemService, class com.almasb.fxgl.localization.LocalizationService, class com.almasb.fxgl.app.services.SystemBundleService, class com.almasb.fxgl.profile.SaveLoadService, class com.almasb.fxgl.ui.FXGLUIFactoryServiceProvider, class com.almasb.fxgl.ui.FXGLDialogFactoryServiceProvider, class com.almasb.fxgl.audio.AudioPlayer, class com.almasb.fxgl.notification.impl.NotificationServiceProvider, class com.almasb.fxgl.achievement.AchievementService, class com.almasb.fxgl.cutscene.CutsceneService, class com.almasb.fxgl.minigames.MiniGameService, class com.almasb.fxgl.net.NetService, class com.almasb.fxgl.app.services.UpdaterService, class com.almasb.fxgl.dev.DevService]
18:00:59.616 [FXGL Background Thread 3 ] DEBUG Engine               - fontGame: Abel-Regular.ttf
18:00:59.618 [FXGL Background Thread 3 ] DEBUG Engine               - fontMono: lucida_console.ttf
18:00:59.620 [FXGL Background Thread 3 ] DEBUG Engine               - fontText: Courier-Prime.ttf
18:00:59.620 [FXGL Background Thread 3 ] DEBUG Engine               - fontUI: VarelaRound-Regular.ttf
18:00:59.621 [FXGL Background Thread 3 ] DEBUG Engine               - fullScreen: BooleanProperty [value: false]
18:00:59.621 [FXGL Background Thread 3 ] DEBUG Engine               - gameDifficulty: MEDIUM
18:00:59.621 [FXGL Background Thread 3 ] DEBUG Engine               - gameDifficultyProperty: ObjectProperty [value: MEDIUM]
18:00:59.621 [FXGL Background Thread 3 ] DEBUG Engine               - globalMusicVolume: 0.5
18:00:59.622 [FXGL Background Thread 3 ] DEBUG Engine               - globalMusicVolumeProperty: DoubleProperty [value: 0.08]
18:00:59.622 [FXGL Background Thread 3 ] DEBUG Engine               - globalSoundVolume: 0.5
18:00:59.622 [FXGL Background Thread 3 ] DEBUG Engine               - globalSoundVolumeProperty: DoubleProperty [value: 0.08]
18:00:59.622 [FXGL Background Thread 3 ] DEBUG Engine               - height: 720
18:00:59.623 [FXGL Background Thread 3 ] DEBUG Engine               - isAndroid: false
18:00:59.623 [FXGL Background Thread 3 ] DEBUG Engine               - isBrowser: false
18:00:59.623 [FXGL Background Thread 3 ] DEBUG Engine               - isClickFeedbackEnabled: false
18:00:59.623 [FXGL Background Thread 3 ] DEBUG Engine               - isCloseConfirmation: false
18:00:59.624 [FXGL Background Thread 3 ] DEBUG Engine               - isDesktop: true
18:00:59.624 [FXGL Background Thread 3 ] DEBUG Engine               - isDeveloperMenuEnabled: false
18:00:59.624 [FXGL Background Thread 3 ] DEBUG Engine               - isEntityPreloadEnabled: true
18:00:59.625 [FXGL Background Thread 3 ] DEBUG Engine               - isExperimental3D: false
18:00:59.627 [FXGL Background Thread 3 ] DEBUG Engine               - isExperimentalNative: false
18:00:59.627 [FXGL Background Thread 3 ] DEBUG Engine               - isExperimentalTiledLargeMap: false
18:00:59.628 [FXGL Background Thread 3 ] DEBUG Engine               - isFileSystemWriteAllowed: true
18:00:59.629 [FXGL Background Thread 3 ] DEBUG Engine               - isFullScreenAllowed: false
18:00:59.630 [FXGL Background Thread 3 ] DEBUG Engine               - isFullScreenFromStart: false
18:00:59.633 [FXGL Background Thread 3 ] DEBUG Engine               - isGameMenuEnabled: true
18:00:59.633 [FXGL Background Thread 3 ] DEBUG Engine               - isIOS: false
18:00:59.635 [FXGL Background Thread 3 ] DEBUG Engine               - isIntroEnabled: false
18:00:59.636 [FXGL Background Thread 3 ] DEBUG Engine               - isLinux: false
18:00:59.637 [FXGL Background Thread 3 ] DEBUG Engine               - isMac: false
18:00:59.638 [FXGL Background Thread 3 ] DEBUG Engine               - isMainMenuEnabled: false
18:00:59.639 [FXGL Background Thread 3 ] DEBUG Engine               - isManualResizeEnabled: false
18:00:59.639 [FXGL Background Thread 3 ] DEBUG Engine               - isMobile: false
18:00:59.639 [FXGL Background Thread 3 ] DEBUG Engine               - isPreserveResizeRatio: false
18:00:59.640 [FXGL Background Thread 3 ] DEBUG Engine               - isProfilingEnabled: false
18:00:59.640 [FXGL Background Thread 3 ] DEBUG Engine               - isScaleAffectedOnResize: true
18:00:59.640 [FXGL Background Thread 3 ] DEBUG Engine               - isSingleStep: false
18:00:59.641 [FXGL Background Thread 3 ] DEBUG Engine               - isUserProfileEnabled: false
18:00:59.642 [FXGL Background Thread 3 ] DEBUG Engine               - isWindows: true
18:00:59.643 [FXGL Background Thread 3 ] DEBUG Engine               - language: ObjectProperty [value: ENGLISH]
18:00:59.643 [FXGL Background Thread 3 ] DEBUG Engine               - menuKey: ESCAPE
18:00:59.645 [FXGL Background Thread 3 ] DEBUG Engine               - notificationViewClass: class com.almasb.fxgl.notification.view.XboxNotificationView
18:00:59.646 [FXGL Background Thread 3 ] DEBUG Engine               - pixelsPerMeter: 50.0
18:00:59.648 [FXGL Background Thread 3 ] DEBUG Engine               - platform: WINDOWS
18:00:59.649 [FXGL Background Thread 3 ] DEBUG Engine               - prefHeightProperty: ReadOnlyDoubleProperty [value: 720.0]
18:00:59.650 [FXGL Background Thread 3 ] DEBUG Engine               - prefWidthProperty: ReadOnlyDoubleProperty [value: 1280.0]
18:00:59.652 [FXGL Background Thread 3 ] DEBUG Engine               - profileDir: profiles/
18:00:59.653 [FXGL Background Thread 3 ] DEBUG Engine               - profileName: StringProperty [value: DEFAULT]
18:00:59.654 [FXGL Background Thread 3 ] DEBUG Engine               - randomSeed: -1
18:00:59.654 [FXGL Background Thread 3 ] DEBUG Engine               - runtimeInfo: RuntimeInfo(platform=WINDOWS, version=11.14, build=01.03.2021 16.59)
18:00:59.654 [FXGL Background Thread 3 ] DEBUG Engine               - saveFileExt: sav
18:00:59.655 [FXGL Background Thread 3 ] DEBUG Engine               - scaledHeightProp$fxgl: DoubleProperty [bound, value: 679.0]
18:00:59.655 [FXGL Background Thread 3 ] DEBUG Engine               - scaledWidthProp$fxgl: DoubleProperty [bound, value: 1183.0]
18:00:59.655 [FXGL Background Thread 3 ] DEBUG Engine               - sceneFactory: Main.App$1@793caa09
18:00:59.655 [FXGL Background Thread 3 ] DEBUG Engine               - secondsIn24h: 60
18:00:59.656 [FXGL Background Thread 3 ] DEBUG Engine               - soundMenuBack: menu/back.wav
18:00:59.656 [FXGL Background Thread 3 ] DEBUG Engine               - soundMenuPress: menu/press.wav
18:00:59.656 [FXGL Background Thread 3 ] DEBUG Engine               - soundMenuSelect: menu/select.wav
18:00:59.657 [FXGL Background Thread 3 ] DEBUG Engine               - soundNotification: core/notification.wav
18:00:59.657 [FXGL Background Thread 3 ] DEBUG Engine               - stageStyle: DECORATED
18:00:59.658 [FXGL Background Thread 3 ] DEBUG Engine               - supportedLanguages: [ENGLISH, FRENCH, GERMAN, HUNGARIAN, RUSSIAN]
18:00:59.658 [FXGL Background Thread 3 ] DEBUG Engine               - ticksPerSecond: -1
18:00:59.659 [FXGL Background Thread 3 ] DEBUG Engine               - title: Game 1 Let's go
18:00:59.660 [FXGL Background Thread 3 ] DEBUG Engine               - urlGithub: https://github.com/AlmasB/FXGL
18:00:59.661 [FXGL Background Thread 3 ] DEBUG Engine               - urlLeaderboard: http://fxgl-top.herokuapp.com/
18:00:59.661 [FXGL Background Thread 3 ] DEBUG Engine               - urlPOM: https://raw.githubusercontent.com/AlmasB/FXGL/release/README.md
18:00:59.662 [FXGL Background Thread 3 ] DEBUG Engine               - userAppClass: class Main.App
18:00:59.663 [FXGL Background Thread 3 ] DEBUG Engine               - version: 1.0
18:00:59.663 [FXGL Background Thread 3 ] DEBUG Engine               - versionCheckDays: 7
18:00:59.665 [FXGL Background Thread 3 ] DEBUG Engine               - width: 1280
18:00:59.666 [FXGL Background Thread 3 ] DEBUG Engine               - Logging services
18:00:59.667 [FXGL Background Thread 3 ] DEBUG Engine               - class com.almasb.fxgl.app.services.FXGLAssetLoaderService
18:00:59.670 [FXGL Background Thread 3 ] DEBUG Engine               - class com.almasb.fxgl.app.FXGLApplication$GameApplicationService
18:00:59.671 [FXGL Background Thread 3 ] DEBUG Engine               - class com.almasb.fxgl.app.services.FXGLDialogService
18:00:59.672 [FXGL Background Thread 3 ] DEBUG Engine               - class com.almasb.fxgl.app.services.IOTaskExecutorService
18:00:59.672 [FXGL Background Thread 3 ] DEBUG Engine               - class com.almasb.fxgl.event.EventBusService
18:00:59.672 [FXGL Background Thread 3 ] DEBUG Engine               - class com.almasb.fxgl.io.FileSystemService
18:00:59.672 [FXGL Background Thread 3 ] DEBUG Engine               - class com.almasb.fxgl.localization.LocalizationService
18:00:59.672 [FXGL Background Thread 3 ] DEBUG Engine               - class com.almasb.fxgl.app.services.SystemBundleService
18:00:59.673 [FXGL Background Thread 3 ] DEBUG Engine               - class com.almasb.fxgl.profile.SaveLoadService
18:00:59.673 [FXGL Background Thread 3 ] DEBUG Engine               - class com.almasb.fxgl.ui.FXGLUIFactoryServiceProvider
18:00:59.673 [FXGL Background Thread 3 ] DEBUG Engine               - class com.almasb.fxgl.ui.FXGLDialogFactoryServiceProvider
18:00:59.673 [FXGL Background Thread 3 ] DEBUG Engine               - class com.almasb.fxgl.audio.AudioPlayer
18:00:59.673 [FXGL Background Thread 3 ] DEBUG Engine               - class com.almasb.fxgl.notification.impl.NotificationServiceProvider
18:00:59.673 [FXGL Background Thread 3 ] DEBUG Engine               - class com.almasb.fxgl.achievement.AchievementService
18:00:59.674 [FXGL Background Thread 3 ] DEBUG Engine               - class com.almasb.fxgl.cutscene.CutsceneService
18:00:59.674 [FXGL Background Thread 3 ] DEBUG Engine               - class com.almasb.fxgl.minigames.MiniGameService
18:00:59.675 [FXGL Background Thread 3 ] DEBUG Engine               - class com.almasb.fxgl.net.NetService
18:00:59.676 [FXGL Background Thread 3 ] DEBUG Engine               - class com.almasb.fxgl.app.services.UpdaterService
18:00:59.677 [FXGL Background Thread 3 ] DEBUG Engine               - class com.almasb.fxgl.dev.DevService
18:01:10.573 [JavaFX Application Thread] DEBUG FXGLApplication      - Exiting FXGL
18:01:10.574 [JavaFX Application Thread] DEBUG LoopRunner           - Stopping loop
18:01:10.574 [JavaFX Application Thread] DEBUG SystemBundleService  - Saving FXGL system data
18:01:10.579 [JavaFX Application Thread] DEBUG FileSystemAccess     - Writing to: C:\Users\isyoh\Documents\école\Object oriented program\Cours\Game1\system\fxgl.bundle
18:01:10.584 [JavaFX Application Thread] DEBUG Async                - Shutting down background threads
18:01:10.584 [JavaFX Application Thread] DEBUG PrimaryStageWindow   - Closing main window
18:01:10.611 [JavaFX Application Thread] DEBUG Logger               - Closing Logger
