18:00:33.667 [main                     ] DEBUG Logger               - Configured Logger
18:00:33.697 [main                     ] DEBUG GameApplication      - Logging settings
Title: Game 1 Let's go
Version: 1.0
Width: 1280
Height: 720
Fullscreen: false
Intro: false
Profiling: false
Single step:false
App Mode: DEVELOPER
Menu Key: ESCAPE
Stage Style: DECORATED
Scene Factory: class Main.App$1

18:00:34.566 [JavaFX Application Thread] DEBUG FXGLApplication      - Initializing FXGL
18:00:34.569 [JavaFX Application Thread] INFO  Engine               - FXGL-11.14 (01.03.2021 16.59) on WINDOWS (J:15.0.2 FX:15)
18:00:34.570 [JavaFX Application Thread] DEBUG Engine               - JRE Vendor Name: Oracle Corporation
18:00:34.570 [JavaFX Application Thread] DEBUG Engine               - Running on OS: Windows 10 version 10.0
18:00:34.571 [JavaFX Application Thread] DEBUG Engine               - Architecture: amd64
18:00:34.572 [JavaFX Application Thread] INFO  Engine               - Source code and latest versions at: https://github.com/AlmasB/FXGL
18:00:34.572 [JavaFX Application Thread] INFO  Engine               -              Join the FXGL chat at: https://gitter.im/AlmasB/FXGL
18:00:34.737 [JavaFX Application Thread] DEBUG PrimaryStageWindow   - Creating a JavaFX scene
18:00:34.737 [JavaFX Application Thread] DEBUG PrimaryStageWindow   - Target size > screen size
18:00:34.822 [JavaFX Application Thread] DEBUG PrimaryStageWindow   - Target settings size: 1280.0 x 720.0
18:00:34.822 [JavaFX Application Thread] DEBUG PrimaryStageWindow   - Scaled scene size:    1183.0 x 679.0
18:00:34.822 [JavaFX Application Thread] DEBUG PrimaryStageWindow   - Scaled ratio: (0.92421875, 0.9430555555555555)
18:00:34.824 [JavaFX Application Thread] DEBUG PrimaryStageWindow   - Set initial scene to FXGLStartupScene
18:00:34.834 [JavaFX Application Thread] DEBUG PrimaryStageWindow   - Opening main window
18:00:35.072 [JavaFX Application Thread] DEBUG PrimaryStageWindow   - Window border size: (15.0, 37.66668701171875)
18:00:35.073 [JavaFX Application Thread] DEBUG PrimaryStageWindow   - Scaled size: 1183.0 x 679.0
18:00:35.073 [JavaFX Application Thread] DEBUG PrimaryStageWindow   - Scaled ratio: (0.92421875, 0.9430555555555555)
18:00:35.074 [JavaFX Application Thread] DEBUG PrimaryStageWindow   - Scene size: 1183.0 x 679.0
18:00:35.074 [JavaFX Application Thread] DEBUG PrimaryStageWindow   - Stage size: 1198.0 x 716.6666870117188
18:00:35.191 [FXGL Background Thread 1 ] DEBUG Engine               - Initializing environment variables
18:00:35.259 [FXGL Background Thread 1 ] DEBUG FXGLAssetLoaderServi - User app class for loading assets: class Main.App
18:00:35.260 [FXGL Background Thread 1 ] DEBUG GameApplicationServi - Applying CSS: fxgl_dark.css
18:00:35.262 [FXGL Background Thread 1 ] DEBUG FXGLAssetLoaderServi - Loading from file system: jar:file:///C:/Users/isyoh/.m2/repository/com/github/almasb/fxgl/11.14/fxgl-11.14.jar!/fxglassets/ui/css/fxgl_dark.css
18:00:35.396 [FXGL Background Thread 1 ] DEBUG GameApplicationServi - Initializing application scenes
18:00:35.635 [FXGL Background Thread 1 ] DEBUG FXGLAssetLoaderServi - Loading from file system: file:/C:/Users/isyoh/Documents/école/Object%20oriented%20program/Cours/Game1/target/classes/assets/textures/player.png
18:00:35.682 [FXGL Background Thread 1 ] DEBUG GameWorld            - Game world initialized
18:00:35.779 [FXGL Background Thread 1 ] DEBUG PhysicsWorld         - Physics world initialized: appHeight=720, physics.ppm=50,0
18:00:35.780 [FXGL Background Thread 1 ] DEBUG PhysicsWorld         - Using strategy: BRUTE_FORCE
18:00:35.783 [FXGL Background Thread 1 ] DEBUG GameScene            - Game scene initialized: 1280x720
18:00:35.801 [FXGL Background Thread 1 ] DEBUG FXGLAssetLoaderServi - Loading from file system: jar:file:///C:/Users/isyoh/.m2/repository/com/github/almasb/fxgl/11.14/fxgl-11.14.jar!/fxglassets/textures/particles/trace_horizontal.png
18:00:35.861 [FXGL Background Thread 1 ] DEBUG FXGL.DefaultMenu     - createMenuBodyGameMenu()
18:00:35.921 [FXGL Background Thread 1 ] DEBUG FXGL.DefaultMenu     - createOptionsMenu()
18:00:35.931 [FXGL Background Thread 1 ] DEBUG FXGLAssetLoaderServi - Loading from file system: jar:file:///C:/Users/isyoh/.m2/repository/com/github/almasb/fxgl/11.14/fxgl-11.14.jar!/fxglassets/textures/particles/smoke.png
18:00:36.073 [FXGL Background Thread 1 ] DEBUG GameApplicationServi - Application scenes initialized
18:00:36.091 [FXGL Background Thread 1 ] DEBUG SystemBundleService  - Loading FXGL system data
18:00:36.099 [FXGL Background Thread 1 ] DEBUG FileSystemAccess     - Reading from: C:\Users\isyoh\Documents\école\Object oriented program\Cours\Game1\system\fxgl.bundle
18:00:36.110 [FXGL Background Thread 1 ] DEBUG SystemBundleService  - Bundle FXGL: {}
18:00:36.111 [FXGL Background Thread 1 ] DEBUG UpdaterService       - Checking for updates
18:00:36.118 [FXGL Background Thread 1 ] DEBUG FXGLApplication      - Loading default localization
18:00:36.119 [FXGL Background Thread 1 ] DEBUG FXGLAssetLoaderServi - Loading from file system: jar:file:///C:/Users/isyoh/.m2/repository/com/github/almasb/fxgl/11.14/fxgl-11.14.jar!/fxglassets/languages/english.lang
18:00:36.159 [FXGL Background Thread 4 ] DEBUG FXGLApplication      - Loading fonts
18:00:36.160 [FXGL Background Thread 4 ] DEBUG FXGLAssetLoaderServi - Loading from file system: jar:file:///C:/Users/isyoh/.m2/repository/com/github/almasb/fxgl/11.14/fxgl-11.14.jar!/fxglassets/ui/fonts/VarelaRound-Regular.ttf
18:00:36.168 [FXGL Background Thread 1 ] INFO  FXGLApplication      - FXGL initialization took: 0,977 sec
18:00:36.185 [JavaFX Application Thread] DEBUG Input                - Registered new binding: Left - A
18:00:36.185 [JavaFX Application Thread] DEBUG Input                - Registered new binding: Right - D
18:00:36.186 [JavaFX Application Thread] DEBUG Input                - Registered new binding: Jump - W
18:00:36.186 [JavaFX Application Thread] DEBUG Input                - Registered new binding: Whistle - X
18:00:36.187 [JavaFX Application Thread] DEBUG Input                - Registered new binding: Use - E
18:00:36.188 [JavaFX Application Thread] DEBUG FXGLAssetLoaderServi - Loading from file system: file:/C:/Users/isyoh/Documents/école/Object%20oriented%20program/Cours/Game1/target/classes/assets/music/BGM_dash_runner.wav
18:00:36.977 [JavaFX Application Thread] DEBUG AudioPlayer          - Playing music com.almasb.fxgl.audio.Music@744d78c0
18:00:36.978 [JavaFX Application Thread] DEBUG FXGLAssetLoaderServi - Loading from file system: jar:file:///C:/Users/isyoh/.m2/repository/com/github/almasb/fxgl/11.14/fxgl-11.14.jar!/fxglassets/textures/fxgl_icon.png
18:00:37.019 [JavaFX Application Thread] DEBUG FXGLAssetLoaderServi - Loading from file system: jar:file:///C:/Users/isyoh/.m2/repository/com/github/almasb/fxgl/11.14/fxgl-11.14.jar!/fxglassets/ui/cursors/fxgl_default.png
18:00:37.024 [JavaFX Application Thread] DEBUG Input                - Registered new binding: Screenshot - P
18:00:37.039 [JavaFX Application Thread] DEBUG Input                - Registered new binding: System info dump - CTRL+9
18:00:37.040 [JavaFX Application Thread] DEBUG Input                - Registered new binding: Restart - CTRL+R
18:00:37.040 [JavaFX Application Thread] DEBUG Input                - Registered new binding: Toggle Debug Camera - CTRL+C
18:00:37.043 [JavaFX Application Thread] DEBUG LoopRunner           - Starting loop
18:00:37.043 [JavaFX Application Thread] DEBUG LoopRunner           - Initializing JavaFX AnimationTimerLoop
18:00:37.045 [JavaFX Application Thread] DEBUG GameApplicationServi - Starting new game
18:00:37.046 [JavaFX Application Thread] DEBUG Input                - Clearing active input actions
18:00:37.078 [JavaFX Application Thread] DEBUG GameApplicationServi - Removing overlay from FXGLStartupScene and adding to BetterLoadingScene
18:00:37.078 [JavaFX Application Thread] DEBUG PrimaryStageWindow   - FXGLStartupScene -> BetterLoadingScene
18:00:37.079 [JavaFX Application Thread] DEBUG GameApplicationServi - Clearing previous game
18:00:37.079 [JavaFX Application Thread] DEBUG GameScene            - Clearing game scene
18:00:37.079 [JavaFX Application Thread] DEBUG GameWorld            - Clearing game world
18:00:37.080 [JavaFX Application Thread] DEBUG PhysicsWorld         - Clearing physics world
18:00:37.081 [FXGL Background Thread 1 ] DEBUG FXGLApplication      - Initializing game
18:00:37.100 [FXGL Background Thread 4 ] DEBUG FXGLAssetLoaderServi - Loading from file system: jar:file:///C:/Users/isyoh/.m2/repository/com/github/almasb/fxgl/11.14/fxgl-11.14.jar!/fxglassets/ui/fonts/Abel-Regular.ttf
18:00:37.150 [FXGL Background Thread 4 ] DEBUG FXGLAssetLoaderServi - Loading from file system: jar:file:///C:/Users/isyoh/.m2/repository/com/github/almasb/fxgl/11.14/fxgl-11.14.jar!/fxglassets/ui/fonts/lucida_console.ttf
18:00:37.171 [FXGL Background Thread 1 ] DEBUG TMXLevelLoader       - Parsed raw map: TiledMap(width=15, height=10, tilewidth=70, tileheight=70, orientation=orthogonal, layers=[Layer(width=15, height=10, name=Tile Layer 1, type=tilelayer, visible=false, x=0, y=0, data=[0, 0, 0, 0, 0, 0, 0, 0, 0, 0, 0, 0, 0, 0, 0, 0, 0, 0, 0, 0, 0, 0, 0, 0, 0, 0, 0, 0, 0, 0, 0, 0, 0, 0, 0, 0, 0, 0, 0, 0, 0, 0, 0, 0, 0, 0, 0, 0, 0, 0, 0, 0, 0, 0, 0, 0, 0, 0, 0, 0, 0, 0, 0, 0, 0, 0, 0, 0, 0, 0, 0, 0, 0, 0, 0, 0, 0, 0, 0, 0, 0, 0, 0, 0, 0, 0, 0, 0, 0, 0, 0, 0, 0, 0, 0, 0, 0, 0, 0, 0, 0, 0, 0, 0, 0, 0, 0, 0, 0, 0, 0, 0, 0, 0, 0, 0, 0, 0, 0, 0, 0, 0, 0, 0, 0, 0, 69, 57, 45, 0, 0, 1, 0, 0, 0, 116, 104, 104, 104, 104, 104, 104, 104, 104, 104, 104, 104, 104, 104, 92], objects=[], opacity=0.0, draworder=), Layer(width=0, height=0, name=Object Layer 1, type=objectgroup, visible=false, x=0, y=0, data=[], objects=[com.almasb.fxgl.entity.level.tiled.TiledObject@5206ac11, com.almasb.fxgl.entity.level.tiled.TiledObject@753c49, com.almasb.fxgl.entity.level.tiled.TiledObject@6dd92ee0, com.almasb.fxgl.entity.level.tiled.TiledObject@692f9906, com.almasb.fxgl.entity.level.tiled.TiledObject@eaec616, com.almasb.fxgl.entity.level.tiled.TiledObject@271024fe, com.almasb.fxgl.entity.level.tiled.TiledObject@31aa0d2, com.almasb.fxgl.entity.level.tiled.TiledObject@1668fe1e, com.almasb.fxgl.entity.level.tiled.TiledObject@6e8e14b3, com.almasb.fxgl.entity.level.tiled.TiledObject@481ffa48, com.almasb.fxgl.entity.level.tiled.TiledObject@1e55cfa9], opacity=0.0, draworder=)], tilesets=[Tileset(firstgid=1, image=tiles_spritesheet.png, name=tiles_spritesheet, tilewidth=70, tileheight=70, imagewidth=914, imageheight=936, margin=0, spacing=2, columns=12, tilecount=156, transparentcolor=, tiles=[])], backgroundcolor=, renderorder=right-down, nextobjectid=22, version=1, tiledversion=1.2.3, type=map, infinite=false, hexsidelength=0, staggeraxis=, staggerindex=, properties={star1time=7.0}, propertytypes={star1time=float})
18:00:37.172 [FXGL Background Thread 1 ] DEBUG TMXLevelLoader       - Creating tile layer entities
18:00:37.174 [FXGL Background Thread 1 ] DEBUG TilesetLoader        - Loading view for layer Tile Layer 1
18:00:37.183 [FXGL Background Thread 1 ] DEBUG TilesetLoader        - Created buffer with size 1050.0x700.0
18:00:37.350 [FXGL Background Thread 1 ] DEBUG TilesetLoader        - Writing to buffer: dst=420,560, w=70,h=70, src=576,360
18:00:37.350 [FXGL Background Thread 1 ] DEBUG TilesetLoader        - Writing to buffer: dst=490,560, w=70,h=70, src=576,288
18:00:37.383 [FXGL Background Thread 1 ] DEBUG TilesetLoader        - Writing to buffer: dst=560,560, w=70,h=70, src=576,216
18:00:37.383 [FXGL Background Thread 1 ] DEBUG TilesetLoader        - Writing to buffer: dst=770,560, w=70,h=70, src=0,0
18:00:37.384 [FXGL Background Thread 1 ] DEBUG TilesetLoader        - Writing to buffer: dst=0,630, w=70,h=70, src=504,648
18:00:37.384 [FXGL Background Thread 1 ] DEBUG TilesetLoader        - Writing to buffer: dst=70,630, w=70,h=70, src=504,576
18:00:37.384 [FXGL Background Thread 1 ] DEBUG TilesetLoader        - Writing to buffer: dst=140,630, w=70,h=70, src=504,576
18:00:37.385 [FXGL Background Thread 1 ] DEBUG TilesetLoader        - Writing to buffer: dst=210,630, w=70,h=70, src=504,576
18:00:37.385 [FXGL Background Thread 1 ] DEBUG TilesetLoader        - Writing to buffer: dst=280,630, w=70,h=70, src=504,576
18:00:37.385 [FXGL Background Thread 1 ] DEBUG TilesetLoader        - Writing to buffer: dst=350,630, w=70,h=70, src=504,576
18:00:37.385 [FXGL Background Thread 1 ] DEBUG TilesetLoader        - Writing to buffer: dst=420,630, w=70,h=70, src=504,576
18:00:37.390 [FXGL Background Thread 1 ] DEBUG TilesetLoader        - Writing to buffer: dst=490,630, w=70,h=70, src=504,576
18:00:37.391 [FXGL Background Thread 1 ] DEBUG TilesetLoader        - Writing to buffer: dst=560,630, w=70,h=70, src=504,576
18:00:37.399 [FXGL Background Thread 1 ] DEBUG TilesetLoader        - Writing to buffer: dst=630,630, w=70,h=70, src=504,576
18:00:37.399 [FXGL Background Thread 1 ] DEBUG TilesetLoader        - Writing to buffer: dst=700,630, w=70,h=70, src=504,576
18:00:37.400 [FXGL Background Thread 1 ] DEBUG TilesetLoader        - Writing to buffer: dst=770,630, w=70,h=70, src=504,576
18:00:37.400 [FXGL Background Thread 1 ] DEBUG TilesetLoader        - Writing to buffer: dst=840,630, w=70,h=70, src=504,576
18:00:37.400 [FXGL Background Thread 1 ] DEBUG TilesetLoader        - Writing to buffer: dst=910,630, w=70,h=70, src=504,576
18:00:37.400 [FXGL Background Thread 1 ] DEBUG TilesetLoader        - Writing to buffer: dst=980,630, w=70,h=70, src=504,504
18:00:37.401 [FXGL Background Thread 1 ] DEBUG TMXLevelLoader       - Creating object layer entities
18:00:37.517 [FXGL Background Thread 1 ] DEBUG FXGLAssetLoaderServi - Loading from file system: file:/C:/Users/isyoh/Documents/école/Object%20oriented%20program/Cours/Game1/target/classes/assets/textures/enemy.png
18:00:37.547 [FXGL Background Thread 1 ] DEBUG GameWorld            - Clearing removable entities
18:00:37.547 [FXGL Background Thread 1 ] DEBUG GameWorld            - Setting level: com.almasb.fxgl.entity.level.Level@629f5b9e
18:00:37.595 [FXGL Background Thread 1 ] DEBUG FXGLAssetLoaderServi - Loading from file system: file:/C:/Users/isyoh/Documents/école/Object%20oriented%20program/Cours/Game1/target/classes/assets/textures/background/forest.png
18:00:37.633 [FXGL Background Thread 1 ] INFO  FXGLApplication      - Game initialization took: 0,551 sec
18:00:37.654 [JavaFX Application Thread] DEBUG Input                - Clearing active input actions
18:00:37.676 [JavaFX Application Thread] DEBUG GameApplicationServi - Removing overlay from BetterLoadingScene and adding to GameScene
18:00:37.677 [JavaFX Application Thread] DEBUG PrimaryStageWindow   - BetterLoadingScene -> GameScene
18:00:37.842 [FXGL Background Thread 2 ] INFO  UpdaterService       - Your current version:  11.14
18:00:37.842 [FXGL Background Thread 2 ] INFO  UpdaterService       - Latest stable version: 11.15
18:00:37.968 [FXGL Background Thread 4 ] DEBUG FXGLAssetLoaderServi - Loading from file system: jar:file:///C:/Users/isyoh/.m2/repository/com/github/almasb/fxgl/11.14/fxgl-11.14.jar!/fxglassets/ui/fonts/Courier-Prime.ttf
18:00:38.055 [JavaFX Application Thread] DEBUG FXGLAssetLoaderServi - Loading from file system: file:/C:/Users/isyoh/Documents/école/Object%20oriented%20program/Cours/Game1/target/classes/assets/sounds/land.wav
18:00:38.120 [JavaFX Application Thread] DEBUG FXGLApplication      - Registering font factories with UI factory
18:00:39.116 [FXGL Background Thread 3 ] DEBUG Engine               - Logging environment variables
18:00:39.118 [FXGL Background Thread 3 ] DEBUG Engine               - achievements: []
18:00:39.120 [FXGL Background Thread 3 ] DEBUG Engine               - actualHeight: 679.0
18:00:39.120 [FXGL Background Thread 3 ] DEBUG Engine               - actualHeightProperty: ReadOnlyDoubleProperty [value: 679.0]
18:00:39.120 [FXGL Background Thread 3 ] DEBUG Engine               - actualWidth: 1183.0
18:00:39.121 [FXGL Background Thread 3 ] DEBUG Engine               - actualWidthProperty: ReadOnlyDoubleProperty [value: 1183.0]
18:00:39.121 [FXGL Background Thread 3 ] DEBUG Engine               - appIcon: fxgl_icon.png
18:00:39.121 [FXGL Background Thread 3 ] DEBUG Engine               - applicationMode: DEVELOPER
18:00:39.121 [FXGL Background Thread 3 ] DEBUG Engine               - cSSList: [fxgl_dark.css]
18:00:39.121 [FXGL Background Thread 3 ] DEBUG Engine               - collisionDetectionStrategy: BRUTE_FORCE
18:00:39.122 [FXGL Background Thread 3 ] DEBUG Engine               - configClass: Optional.empty
18:00:39.122 [FXGL Background Thread 3 ] DEBUG Engine               - credits: []
18:00:39.122 [FXGL Background Thread 3 ] DEBUG Engine               - devBBoxColorProperty: ObjectProperty [value: 0xff0000ff]
18:00:39.123 [FXGL Background Thread 3 ] DEBUG Engine               - devEnableDebugCameraProperty: BooleanProperty [value: false]
18:00:39.123 [FXGL Background Thread 3 ] DEBUG Engine               - devSensorColorProperty: ObjectProperty [value: 0xffff00ff]
18:00:39.124 [FXGL Background Thread 3 ] DEBUG Engine               - devShowBBoxProperty: BooleanProperty [value: false]
18:00:39.124 [FXGL Background Thread 3 ] DEBUG Engine               - devShowPositionProperty: BooleanProperty [value: false]
18:00:39.124 [FXGL Background Thread 3 ] DEBUG Engine               - enabledMenuItems: []
18:00:39.125 [FXGL Background Thread 3 ] DEBUG Engine               - engineServices: [class com.almasb.fxgl.app.services.FXGLAssetLoaderService, class com.almasb.fxgl.app.FXGLApplication$GameApplicationService, class com.almasb.fxgl.app.services.FXGLDialogService, class com.almasb.fxgl.app.services.IOTaskExecutorService, class com.almasb.fxgl.event.EventBusService, class com.almasb.fxgl.io.FileSystemService, class com.almasb.fxgl.localization.LocalizationService, class com.almasb.fxgl.app.services.SystemBundleService, class com.almasb.fxgl.profile.SaveLoadService, class com.almasb.fxgl.ui.FXGLUIFactoryServiceProvider, class com.almasb.fxgl.ui.FXGLDialogFactoryServiceProvider, class com.almasb.fxgl.audio.AudioPlayer, class com.almasb.fxgl.notification.impl.NotificationServiceProvider, class com.almasb.fxgl.achievement.AchievementService, class com.almasb.fxgl.cutscene.CutsceneService, class com.almasb.fxgl.minigames.MiniGameService, class com.almasb.fxgl.net.NetService, class com.almasb.fxgl.app.services.UpdaterService, class com.almasb.fxgl.dev.DevService]
18:00:39.125 [FXGL Background Thread 3 ] DEBUG Engine               - fontGame: Abel-Regular.ttf
18:00:39.126 [FXGL Background Thread 3 ] DEBUG Engine               - fontMono: lucida_console.ttf
18:00:39.126 [FXGL Background Thread 3 ] DEBUG Engine               - fontText: Courier-Prime.ttf
18:00:39.126 [FXGL Background Thread 3 ] DEBUG Engine               - fontUI: VarelaRound-Regular.ttf
18:00:39.127 [FXGL Background Thread 3 ] DEBUG Engine               - fullScreen: BooleanProperty [value: false]
18:00:39.127 [FXGL Background Thread 3 ] DEBUG Engine               - gameDifficulty: MEDIUM
18:00:39.127 [FXGL Background Thread 3 ] DEBUG Engine               - gameDifficultyProperty: ObjectProperty [value: MEDIUM]
18:00:39.128 [FXGL Background Thread 3 ] DEBUG Engine               - globalMusicVolume: 0.5
18:00:39.128 [FXGL Background Thread 3 ] DEBUG Engine               - globalMusicVolumeProperty: DoubleProperty [value: 0.08]
18:00:39.129 [FXGL Background Thread 3 ] DEBUG Engine               - globalSoundVolume: 0.5
18:00:39.129 [FXGL Background Thread 3 ] DEBUG Engine               - globalSoundVolumeProperty: DoubleProperty [value: 0.08]
18:00:39.129 [FXGL Background Thread 3 ] DEBUG Engine               - height: 720
18:00:39.129 [FXGL Background Thread 3 ] DEBUG Engine               - isAndroid: false
18:00:39.130 [FXGL Background Thread 3 ] DEBUG Engine               - isBrowser: false
18:00:39.130 [FXGL Background Thread 3 ] DEBUG Engine               - isClickFeedbackEnabled: false
18:00:39.130 [FXGL Background Thread 3 ] DEBUG Engine               - isCloseConfirmation: false
18:00:39.131 [FXGL Background Thread 3 ] DEBUG Engine               - isDesktop: true
18:00:39.131 [FXGL Background Thread 3 ] DEBUG Engine               - isDeveloperMenuEnabled: false
18:00:39.131 [FXGL Background Thread 3 ] DEBUG Engine               - isEntityPreloadEnabled: true
18:00:39.132 [FXGL Background Thread 3 ] DEBUG Engine               - isExperimental3D: false
18:00:39.132 [FXGL Background Thread 3 ] DEBUG Engine               - isExperimentalNative: false
18:00:39.132 [FXGL Background Thread 3 ] DEBUG Engine               - isExperimentalTiledLargeMap: false
18:00:39.132 [FXGL Background Thread 3 ] DEBUG Engine               - isFileSystemWriteAllowed: true
18:00:39.133 [FXGL Background Thread 3 ] DEBUG Engine               - isFullScreenAllowed: false
18:00:39.133 [FXGL Background Thread 3 ] DEBUG Engine               - isFullScreenFromStart: false
18:00:39.133 [FXGL Background Thread 3 ] DEBUG Engine               - isGameMenuEnabled: true
18:00:39.133 [FXGL Background Thread 3 ] DEBUG Engine               - isIOS: false
18:00:39.133 [FXGL Background Thread 3 ] DEBUG Engine               - isIntroEnabled: false
18:00:39.134 [FXGL Background Thread 3 ] DEBUG Engine               - isLinux: false
18:00:39.134 [FXGL Background Thread 3 ] DEBUG Engine               - isMac: false
18:00:39.134 [FXGL Background Thread 3 ] DEBUG Engine               - isMainMenuEnabled: false
18:00:39.134 [FXGL Background Thread 3 ] DEBUG Engine               - isManualResizeEnabled: false
18:00:39.135 [FXGL Background Thread 3 ] DEBUG Engine               - isMobile: false
18:00:39.135 [FXGL Background Thread 3 ] DEBUG Engine               - isPreserveResizeRatio: false
18:00:39.135 [FXGL Background Thread 3 ] DEBUG Engine               - isProfilingEnabled: false
18:00:39.135 [FXGL Background Thread 3 ] DEBUG Engine               - isScaleAffectedOnResize: true
18:00:39.135 [FXGL Background Thread 3 ] DEBUG Engine               - isSingleStep: false
18:00:39.136 [FXGL Background Thread 3 ] DEBUG Engine               - isUserProfileEnabled: false
18:00:39.136 [FXGL Background Thread 3 ] DEBUG Engine               - isWindows: true
18:00:39.136 [FXGL Background Thread 3 ] DEBUG Engine               - language: ObjectProperty [value: ENGLISH]
18:00:39.136 [FXGL Background Thread 3 ] DEBUG Engine               - menuKey: ESCAPE
18:00:39.137 [FXGL Background Thread 3 ] DEBUG Engine               - notificationViewClass: class com.almasb.fxgl.notification.view.XboxNotificationView
18:00:39.137 [FXGL Background Thread 3 ] DEBUG Engine               - pixelsPerMeter: 50.0
18:00:39.137 [FXGL Background Thread 3 ] DEBUG Engine               - platform: WINDOWS
18:00:39.138 [FXGL Background Thread 3 ] DEBUG Engine               - prefHeightProperty: ReadOnlyDoubleProperty [value: 720.0]
18:00:39.138 [FXGL Background Thread 3 ] DEBUG Engine               - prefWidthProperty: ReadOnlyDoubleProperty [value: 1280.0]
18:00:39.138 [FXGL Background Thread 3 ] DEBUG Engine               - profileDir: profiles/
18:00:39.139 [FXGL Background Thread 3 ] DEBUG Engine               - profileName: StringProperty [value: DEFAULT]
18:00:39.139 [FXGL Background Thread 3 ] DEBUG Engine               - randomSeed: -1
18:00:39.139 [FXGL Background Thread 3 ] DEBUG Engine               - runtimeInfo: RuntimeInfo(platform=WINDOWS, version=11.14, build=01.03.2021 16.59)
18:00:39.139 [FXGL Background Thread 3 ] DEBUG Engine               - saveFileExt: sav
18:00:39.140 [FXGL Background Thread 3 ] DEBUG Engine               - scaledHeightProp$fxgl: DoubleProperty [bound, value: 679.0]
18:00:39.140 [FXGL Background Thread 3 ] DEBUG Engine               - scaledWidthProp$fxgl: DoubleProperty [bound, value: 1183.0]
18:00:39.141 [FXGL Background Thread 3 ] DEBUG Engine               - sceneFactory: Main.App$1@5e1da6b
18:00:39.142 [FXGL Background Thread 3 ] DEBUG Engine               - secondsIn24h: 60
18:00:39.142 [FXGL Background Thread 3 ] DEBUG Engine               - soundMenuBack: menu/back.wav
18:00:39.143 [FXGL Background Thread 3 ] DEBUG Engine               - soundMenuPress: menu/press.wav
18:00:39.145 [FXGL Background Thread 3 ] DEBUG Engine               - soundMenuSelect: menu/select.wav
18:00:39.145 [FXGL Background Thread 3 ] DEBUG Engine               - soundNotification: core/notification.wav
18:00:39.147 [FXGL Background Thread 3 ] DEBUG Engine               - stageStyle: DECORATED
18:00:39.150 [FXGL Background Thread 3 ] DEBUG Engine               - supportedLanguages: [ENGLISH, FRENCH, GERMAN, HUNGARIAN, RUSSIAN]
18:00:39.150 [FXGL Background Thread 3 ] DEBUG Engine               - ticksPerSecond: -1
18:00:39.150 [FXGL Background Thread 3 ] DEBUG Engine               - title: Game 1 Let's go
18:00:39.150 [FXGL Background Thread 3 ] DEBUG Engine               - urlGithub: https://github.com/AlmasB/FXGL
18:00:39.151 [FXGL Background Thread 3 ] DEBUG Engine               - urlLeaderboard: http://fxgl-top.herokuapp.com/
18:00:39.151 [FXGL Background Thread 3 ] DEBUG Engine               - urlPOM: https://raw.githubusercontent.com/AlmasB/FXGL/release/README.md
18:00:39.151 [FXGL Background Thread 3 ] DEBUG Engine               - userAppClass: class Main.App
18:00:39.151 [FXGL Background Thread 3 ] DEBUG Engine               - version: 1.0
18:00:39.151 [FXGL Background Thread 3 ] DEBUG Engine               - versionCheckDays: 7
18:00:39.152 [FXGL Background Thread 3 ] DEBUG Engine               - width: 1280
18:00:39.152 [FXGL Background Thread 3 ] DEBUG Engine               - Logging services
18:00:39.152 [FXGL Background Thread 3 ] DEBUG Engine               - class com.almasb.fxgl.app.services.FXGLAssetLoaderService
18:00:39.152 [FXGL Background Thread 3 ] DEBUG Engine               - class com.almasb.fxgl.app.FXGLApplication$GameApplicationService
18:00:39.153 [FXGL Background Thread 3 ] DEBUG Engine               - class com.almasb.fxgl.app.services.FXGLDialogService
18:00:39.153 [FXGL Background Thread 3 ] DEBUG Engine               - class com.almasb.fxgl.app.services.IOTaskExecutorService
18:00:39.153 [FXGL Background Thread 3 ] DEBUG Engine               - class com.almasb.fxgl.event.EventBusService
18:00:39.153 [FXGL Background Thread 3 ] DEBUG Engine               - class com.almasb.fxgl.io.FileSystemService
18:00:39.154 [FXGL Background Thread 3 ] DEBUG Engine               - class com.almasb.fxgl.localization.LocalizationService
18:00:39.154 [FXGL Background Thread 3 ] DEBUG Engine               - class com.almasb.fxgl.app.services.SystemBundleService
18:00:39.154 [FXGL Background Thread 3 ] DEBUG Engine               - class com.almasb.fxgl.profile.SaveLoadService
18:00:39.155 [FXGL Background Thread 3 ] DEBUG Engine               - class com.almasb.fxgl.ui.FXGLUIFactoryServiceProvider
18:00:39.155 [FXGL Background Thread 3 ] DEBUG Engine               - class com.almasb.fxgl.ui.FXGLDialogFactoryServiceProvider
18:00:39.155 [FXGL Background Thread 3 ] DEBUG Engine               - class com.almasb.fxgl.audio.AudioPlayer
18:00:39.155 [FXGL Background Thread 3 ] DEBUG Engine               - class com.almasb.fxgl.notification.impl.NotificationServiceProvider
18:00:39.155 [FXGL Background Thread 3 ] DEBUG Engine               - class com.almasb.fxgl.achievement.AchievementService
18:00:39.156 [FXGL Background Thread 3 ] DEBUG Engine               - class com.almasb.fxgl.cutscene.CutsceneService
18:00:39.156 [FXGL Background Thread 3 ] DEBUG Engine               - class com.almasb.fxgl.minigames.MiniGameService
18:00:39.156 [FXGL Background Thread 3 ] DEBUG Engine               - class com.almasb.fxgl.net.NetService
18:00:39.156 [FXGL Background Thread 3 ] DEBUG Engine               - class com.almasb.fxgl.app.services.UpdaterService
18:00:39.156 [FXGL Background Thread 3 ] DEBUG Engine               - class com.almasb.fxgl.dev.DevService
18:00:39.427 [JavaFX Application Thread] DEBUG FXGLAssetLoaderServi - Loading from file system: file:/C:/Users/isyoh/Documents/école/Object%20oriented%20program/Cours/Game1/target/classes/assets/sounds/jump.wav
18:00:44.720 [JavaFX Application Thread] DEBUG FXGLAssetLoaderServi - Loading from file system: file:/C:/Users/isyoh/Documents/école/Object%20oriented%20program/Cours/Game1/target/classes/assets/sounds/Honking.wav
18:00:48.807 [JavaFX Application Thread] DEBUG FXGLApplication      - Exiting FXGL
18:00:48.808 [JavaFX Application Thread] DEBUG LoopRunner           - Stopping loop
18:00:48.808 [JavaFX Application Thread] DEBUG SystemBundleService  - Saving FXGL system data
18:00:48.812 [JavaFX Application Thread] DEBUG FileSystemAccess     - Writing to: C:\Users\isyoh\Documents\école\Object oriented program\Cours\Game1\system\fxgl.bundle
18:00:48.816 [JavaFX Application Thread] DEBUG Async                - Shutting down background threads
18:00:48.816 [JavaFX Application Thread] DEBUG PrimaryStageWindow   - Closing main window
18:00:48.843 [JavaFX Application Thread] DEBUG Logger               - Closing Logger
