23:17:48.621 [main                     ] DEBUG Logger               - Configured Logger
23:17:48.641 [main                     ] DEBUG GameApplication      - Logging settings
Title: Game 1 Let's go
Version: 1.0
Width: 1280
Height: 720
Fullscreen: false
Intro: false
Profiling: false
Single step:false
App Mode: DEVELOPER
Menu Key: ESCAPE
Stage Style: DECORATED
Scene Factory: class Main.App$1

23:17:49.471 [JavaFX Application Thread] DEBUG FXGLApplication      - Initializing FXGL
23:17:49.473 [JavaFX Application Thread] INFO  Engine               - FXGL-11.14 (01.03.2021 16.59) on WINDOWS (J:15.0.2 FX:15)
23:17:49.474 [JavaFX Application Thread] DEBUG Engine               - JRE Vendor Name: Oracle Corporation
23:17:49.474 [JavaFX Application Thread] DEBUG Engine               - Running on OS: Windows 10 version 10.0
23:17:49.475 [JavaFX Application Thread] DEBUG Engine               - Architecture: amd64
23:17:49.476 [JavaFX Application Thread] INFO  Engine               - Source code and latest versions at: https://github.com/AlmasB/FXGL
23:17:49.476 [JavaFX Application Thread] INFO  Engine               -              Join the FXGL chat at: https://gitter.im/AlmasB/FXGL
23:17:49.637 [JavaFX Application Thread] DEBUG PrimaryStageWindow   - Creating a JavaFX scene
23:17:49.637 [JavaFX Application Thread] DEBUG PrimaryStageWindow   - Target size > screen size
23:17:49.714 [JavaFX Application Thread] DEBUG PrimaryStageWindow   - Target settings size: 1280.0 x 720.0
23:17:49.716 [JavaFX Application Thread] DEBUG PrimaryStageWindow   - Scaled scene size:    1183.0 x 679.0
23:17:49.718 [JavaFX Application Thread] DEBUG PrimaryStageWindow   - Scaled ratio: (0.92421875, 0.9430555555555555)
23:17:49.719 [JavaFX Application Thread] DEBUG PrimaryStageWindow   - Set initial scene to FXGLStartupScene
23:17:49.733 [JavaFX Application Thread] DEBUG PrimaryStageWindow   - Opening main window
23:17:49.934 [JavaFX Application Thread] DEBUG PrimaryStageWindow   - Window border size: (15.0, 37.66668701171875)
23:17:49.936 [JavaFX Application Thread] DEBUG PrimaryStageWindow   - Scaled size: 1183.0 x 679.0
23:17:49.937 [JavaFX Application Thread] DEBUG PrimaryStageWindow   - Scaled ratio: (0.92421875, 0.9430555555555555)
23:17:49.938 [JavaFX Application Thread] DEBUG PrimaryStageWindow   - Scene size: 1183.0 x 679.0
23:17:49.939 [JavaFX Application Thread] DEBUG PrimaryStageWindow   - Stage size: 1198.0 x 716.6666870117188
23:17:49.981 [FXGL Background Thread 1 ] DEBUG Engine               - Initializing environment variables
23:17:50.071 [FXGL Background Thread 1 ] DEBUG FXGLAssetLoaderServi - User app class for loading assets: class Main.App
23:17:50.072 [FXGL Background Thread 1 ] DEBUG GameApplicationServi - Applying CSS: fxgl_dark.css
23:17:50.073 [FXGL Background Thread 1 ] DEBUG FXGLAssetLoaderServi - Loading from file system: jar:file:///C:/Users/isyoh/.m2/repository/com/github/almasb/fxgl/11.14/fxgl-11.14.jar!/fxglassets/ui/css/fxgl_dark.css
23:17:50.189 [FXGL Background Thread 1 ] DEBUG GameApplicationServi - Initializing application scenes
23:17:50.369 [FXGL Background Thread 1 ] DEBUG FXGLAssetLoaderServi - Loading from file system: file:/C:/Users/isyoh/Documents/école/Object%20oriented%20program/Cours/Plarformer1/target/classes/assets/textures/player.png
23:17:50.420 [FXGL Background Thread 1 ] DEBUG GameWorld            - Game world initialized
23:17:50.500 [FXGL Background Thread 1 ] DEBUG PhysicsWorld         - Physics world initialized: appHeight=720, physics.ppm=50,0
23:17:50.500 [FXGL Background Thread 1 ] DEBUG PhysicsWorld         - Using strategy: BRUTE_FORCE
23:17:50.504 [FXGL Background Thread 1 ] DEBUG GameScene            - Game scene initialized: 1280x720
23:17:50.528 [FXGL Background Thread 1 ] DEBUG FXGLAssetLoaderServi - Loading from file system: jar:file:///C:/Users/isyoh/.m2/repository/com/github/almasb/fxgl/11.14/fxgl-11.14.jar!/fxglassets/textures/particles/trace_horizontal.png
23:17:50.595 [FXGL Background Thread 1 ] DEBUG FXGL.DefaultMenu     - createMenuBodyGameMenu()
23:17:50.637 [FXGL Background Thread 1 ] DEBUG FXGL.DefaultMenu     - createOptionsMenu()
23:17:50.646 [FXGL Background Thread 1 ] DEBUG FXGLAssetLoaderServi - Loading from file system: jar:file:///C:/Users/isyoh/.m2/repository/com/github/almasb/fxgl/11.14/fxgl-11.14.jar!/fxglassets/textures/particles/smoke.png
23:17:50.758 [FXGL Background Thread 1 ] DEBUG GameApplicationServi - Application scenes initialized
23:17:50.773 [FXGL Background Thread 1 ] DEBUG SystemBundleService  - Loading FXGL system data
23:17:50.781 [FXGL Background Thread 1 ] DEBUG FileSystemAccess     - Reading from: C:\Users\isyoh\Documents\école\Object oriented program\Cours\Plarformer1\system\fxgl.bundle
23:17:50.792 [FXGL Background Thread 1 ] DEBUG SystemBundleService  - Bundle FXGL: {}
23:17:50.793 [FXGL Background Thread 1 ] DEBUG UpdaterService       - Checking for updates
23:17:50.801 [FXGL Background Thread 1 ] DEBUG FXGLApplication      - Loading default localization
23:17:50.807 [FXGL Background Thread 1 ] DEBUG FXGLAssetLoaderServi - Loading from file system: jar:file:///C:/Users/isyoh/.m2/repository/com/github/almasb/fxgl/11.14/fxgl-11.14.jar!/fxglassets/languages/english.lang
23:17:50.812 [FXGL Background Thread 4 ] DEBUG FXGLApplication      - Loading fonts
23:17:50.813 [FXGL Background Thread 4 ] DEBUG FXGLAssetLoaderServi - Loading from file system: jar:file:///C:/Users/isyoh/.m2/repository/com/github/almasb/fxgl/11.14/fxgl-11.14.jar!/fxglassets/ui/fonts/VarelaRound-Regular.ttf
23:17:50.833 [FXGL Background Thread 1 ] INFO  FXGLApplication      - FXGL initialization took: 0,852 sec
23:17:50.849 [JavaFX Application Thread] DEBUG Input                - Registered new binding: Left - A
23:17:50.849 [JavaFX Application Thread] DEBUG Input                - Registered new binding: Right - D
23:17:50.850 [JavaFX Application Thread] DEBUG Input                - Registered new binding: Jump - W
23:17:50.850 [JavaFX Application Thread] DEBUG Input                - Registered new binding: Whistle - X
23:17:50.851 [JavaFX Application Thread] DEBUG Input                - Registered new binding: Use - E
23:17:50.852 [JavaFX Application Thread] DEBUG FXGLAssetLoaderServi - Loading from file system: file:/C:/Users/isyoh/Documents/école/Object%20oriented%20program/Cours/Plarformer1/target/classes/assets/music/BGM_dash_runner.wav
23:17:51.245 [FXGL Background Thread 4 ] DEBUG FXGLAssetLoaderServi - Loading from file system: jar:file:///C:/Users/isyoh/.m2/repository/com/github/almasb/fxgl/11.14/fxgl-11.14.jar!/fxglassets/ui/fonts/Abel-Regular.ttf
23:17:51.265 [FXGL Background Thread 4 ] DEBUG FXGLAssetLoaderServi - Loading from file system: jar:file:///C:/Users/isyoh/.m2/repository/com/github/almasb/fxgl/11.14/fxgl-11.14.jar!/fxglassets/ui/fonts/lucida_console.ttf
23:17:51.287 [FXGL Background Thread 4 ] DEBUG FXGLAssetLoaderServi - Loading from file system: jar:file:///C:/Users/isyoh/.m2/repository/com/github/almasb/fxgl/11.14/fxgl-11.14.jar!/fxglassets/ui/fonts/Courier-Prime.ttf
23:17:51.325 [JavaFX Application Thread] DEBUG AudioPlayer          - Playing music com.almasb.fxgl.audio.Music@9799d72
23:17:51.326 [JavaFX Application Thread] DEBUG FXGLAssetLoaderServi - Loading from file system: jar:file:///C:/Users/isyoh/.m2/repository/com/github/almasb/fxgl/11.14/fxgl-11.14.jar!/fxglassets/textures/fxgl_icon.png
23:17:51.350 [JavaFX Application Thread] DEBUG FXGLAssetLoaderServi - Loading from file system: jar:file:///C:/Users/isyoh/.m2/repository/com/github/almasb/fxgl/11.14/fxgl-11.14.jar!/fxglassets/ui/cursors/fxgl_default.png
23:17:51.352 [JavaFX Application Thread] DEBUG Input                - Registered new binding: Screenshot - P
23:17:51.353 [JavaFX Application Thread] DEBUG Input                - Registered new binding: System info dump - CTRL+9
23:17:51.354 [JavaFX Application Thread] DEBUG Input                - Registered new binding: Restart - CTRL+R
23:17:51.355 [JavaFX Application Thread] DEBUG Input                - Registered new binding: Toggle Debug Camera - CTRL+C
23:17:51.358 [JavaFX Application Thread] DEBUG LoopRunner           - Starting loop
23:17:51.358 [JavaFX Application Thread] DEBUG LoopRunner           - Initializing JavaFX AnimationTimerLoop
23:17:51.360 [JavaFX Application Thread] DEBUG GameApplicationServi - Starting new game
23:17:51.362 [JavaFX Application Thread] DEBUG Input                - Clearing active input actions
23:17:51.380 [JavaFX Application Thread] DEBUG GameApplicationServi - Removing overlay from FXGLStartupScene and adding to BetterLoadingScene
23:17:51.381 [JavaFX Application Thread] DEBUG PrimaryStageWindow   - FXGLStartupScene -> BetterLoadingScene
23:17:51.381 [JavaFX Application Thread] DEBUG GameApplicationServi - Clearing previous game
23:17:51.381 [JavaFX Application Thread] DEBUG GameScene            - Clearing game scene
23:17:51.381 [JavaFX Application Thread] DEBUG GameWorld            - Clearing game world
23:17:51.382 [JavaFX Application Thread] DEBUG PhysicsWorld         - Clearing physics world
23:17:51.383 [JavaFX Application Thread] DEBUG FXGLApplication      - Registering font factories with UI factory
23:17:51.383 [FXGL Background Thread 4 ] DEBUG FXGLApplication      - Initializing game
23:17:51.463 [FXGL Background Thread 4 ] DEBUG TMXLevelLoader       - Parsed raw map: TiledMap(width=15, height=10, tilewidth=70, tileheight=70, orientation=orthogonal, layers=[Layer(width=15, height=10, name=Tile Layer 1, type=tilelayer, visible=false, x=0, y=0, data=[0, 0, 0, 0, 0, 0, 0, 0, 0, 0, 0, 0, 0, 0, 0, 0, 0, 0, 0, 0, 0, 0, 0, 0, 0, 0, 0, 0, 0, 0, 0, 0, 0, 0, 0, 0, 0, 0, 0, 0, 0, 0, 0, 0, 0, 0, 0, 0, 0, 0, 0, 0, 0, 0, 0, 0, 0, 0, 0, 0, 0, 0, 0, 0, 0, 0, 0, 0, 0, 0, 0, 0, 0, 0, 0, 0, 0, 0, 0, 0, 0, 0, 0, 0, 0, 0, 0, 0, 0, 0, 0, 0, 0, 0, 0, 0, 0, 0, 0, 0, 0, 0, 0, 0, 0, 0, 0, 0, 0, 0, 0, 0, 0, 0, 0, 0, 0, 0, 0, 0, 0, 0, 0, 0, 0, 0, 69, 57, 45, 0, 0, 1, 0, 0, 0, 116, 104, 104, 104, 104, 104, 104, 104, 104, 104, 104, 104, 104, 104, 92], objects=[], opacity=0.0, draworder=), Layer(width=0, height=0, name=Object Layer 1, type=objectgroup, visible=false, x=0, y=0, data=[], objects=[com.almasb.fxgl.entity.level.tiled.TiledObject@2b52f3f3, com.almasb.fxgl.entity.level.tiled.TiledObject@6f3e7f19, com.almasb.fxgl.entity.level.tiled.TiledObject@63319b99, com.almasb.fxgl.entity.level.tiled.TiledObject@7d60c3af, com.almasb.fxgl.entity.level.tiled.TiledObject@41916a9b, com.almasb.fxgl.entity.level.tiled.TiledObject@5d4b1307, com.almasb.fxgl.entity.level.tiled.TiledObject@3249a664, com.almasb.fxgl.entity.level.tiled.TiledObject@494f7639, com.almasb.fxgl.entity.level.tiled.TiledObject@3401839, com.almasb.fxgl.entity.level.tiled.TiledObject@696e07d, com.almasb.fxgl.entity.level.tiled.TiledObject@79131c4d], opacity=0.0, draworder=)], tilesets=[Tileset(firstgid=1, image=tiles_spritesheet.png, name=tiles_spritesheet, tilewidth=70, tileheight=70, imagewidth=914, imageheight=936, margin=0, spacing=2, columns=12, tilecount=156, transparentcolor=, tiles=[])], backgroundcolor=, renderorder=right-down, nextobjectid=22, version=1, tiledversion=1.2.3, type=map, infinite=false, hexsidelength=0, staggeraxis=, staggerindex=, properties={star1time=7.0}, propertytypes={star1time=float})
23:17:51.465 [FXGL Background Thread 4 ] DEBUG TMXLevelLoader       - Creating tile layer entities
23:17:51.467 [FXGL Background Thread 4 ] DEBUG TilesetLoader        - Loading view for layer Tile Layer 1
23:17:51.469 [FXGL Background Thread 4 ] DEBUG TilesetLoader        - Created buffer with size 1050.0x700.0
23:17:51.618 [FXGL Background Thread 4 ] DEBUG TilesetLoader        - Writing to buffer: dst=420,560, w=70,h=70, src=576,360
23:17:51.619 [FXGL Background Thread 4 ] DEBUG TilesetLoader        - Writing to buffer: dst=490,560, w=70,h=70, src=576,288
23:17:51.619 [FXGL Background Thread 4 ] DEBUG TilesetLoader        - Writing to buffer: dst=560,560, w=70,h=70, src=576,216
23:17:51.619 [FXGL Background Thread 4 ] DEBUG TilesetLoader        - Writing to buffer: dst=770,560, w=70,h=70, src=0,0
23:17:51.628 [FXGL Background Thread 4 ] DEBUG TilesetLoader        - Writing to buffer: dst=0,630, w=70,h=70, src=504,648
23:17:51.629 [FXGL Background Thread 4 ] DEBUG TilesetLoader        - Writing to buffer: dst=70,630, w=70,h=70, src=504,576
23:17:51.634 [FXGL Background Thread 4 ] DEBUG TilesetLoader        - Writing to buffer: dst=140,630, w=70,h=70, src=504,576
23:17:51.634 [FXGL Background Thread 4 ] DEBUG TilesetLoader        - Writing to buffer: dst=210,630, w=70,h=70, src=504,576
23:17:51.634 [FXGL Background Thread 4 ] DEBUG TilesetLoader        - Writing to buffer: dst=280,630, w=70,h=70, src=504,576
23:17:51.635 [FXGL Background Thread 4 ] DEBUG TilesetLoader        - Writing to buffer: dst=350,630, w=70,h=70, src=504,576
23:17:51.635 [FXGL Background Thread 4 ] DEBUG TilesetLoader        - Writing to buffer: dst=420,630, w=70,h=70, src=504,576
23:17:51.636 [FXGL Background Thread 4 ] DEBUG TilesetLoader        - Writing to buffer: dst=490,630, w=70,h=70, src=504,576
23:17:51.636 [FXGL Background Thread 4 ] DEBUG TilesetLoader        - Writing to buffer: dst=560,630, w=70,h=70, src=504,576
23:17:51.636 [FXGL Background Thread 4 ] DEBUG TilesetLoader        - Writing to buffer: dst=630,630, w=70,h=70, src=504,576
23:17:51.637 [FXGL Background Thread 4 ] DEBUG TilesetLoader        - Writing to buffer: dst=700,630, w=70,h=70, src=504,576
23:17:51.644 [FXGL Background Thread 4 ] DEBUG TilesetLoader        - Writing to buffer: dst=770,630, w=70,h=70, src=504,576
23:17:51.644 [FXGL Background Thread 4 ] DEBUG TilesetLoader        - Writing to buffer: dst=840,630, w=70,h=70, src=504,576
23:17:51.645 [FXGL Background Thread 4 ] DEBUG TilesetLoader        - Writing to buffer: dst=910,630, w=70,h=70, src=504,576
23:17:51.646 [FXGL Background Thread 4 ] DEBUG TilesetLoader        - Writing to buffer: dst=980,630, w=70,h=70, src=504,504
23:17:51.649 [FXGL Background Thread 4 ] DEBUG TMXLevelLoader       - Creating object layer entities
23:17:51.789 [FXGL Background Thread 4 ] DEBUG FXGLAssetLoaderServi - Loading from file system: file:/C:/Users/isyoh/Documents/école/Object%20oriented%20program/Cours/Plarformer1/target/classes/assets/textures/enemy.png
23:17:51.806 [FXGL Background Thread 4 ] DEBUG GameWorld            - Clearing removable entities
23:17:51.807 [FXGL Background Thread 4 ] DEBUG GameWorld            - Setting level: com.almasb.fxgl.entity.level.Level@1b88961d
23:17:51.874 [FXGL Background Thread 4 ] DEBUG FXGLAssetLoaderServi - Loading from file system: file:/C:/Users/isyoh/Documents/école/Object%20oriented%20program/Cours/Plarformer1/target/classes/assets/textures/background/forest.png
23:17:51.940 [FXGL Background Thread 4 ] INFO  FXGLApplication      - Game initialization took: 0,556 sec
23:17:51.945 [JavaFX Application Thread] DEBUG Input                - Clearing active input actions
23:17:51.970 [JavaFX Application Thread] DEBUG GameApplicationServi - Removing overlay from BetterLoadingScene and adding to GameScene
23:17:51.971 [JavaFX Application Thread] DEBUG PrimaryStageWindow   - BetterLoadingScene -> GameScene
23:17:52.239 [FXGL Background Thread 2 ] INFO  UpdaterService       - Your current version:  11.14
23:17:52.239 [FXGL Background Thread 2 ] INFO  UpdaterService       - Latest stable version: 11.15
23:17:52.328 [JavaFX Application Thread] DEBUG FXGLAssetLoaderServi - Loading from file system: file:/C:/Users/isyoh/Documents/école/Object%20oriented%20program/Cours/Plarformer1/target/classes/assets/sounds/land.wav
23:17:53.654 [JavaFX Application Thread] DEBUG FXGLAssetLoaderServi - Loading from file system: file:/C:/Users/isyoh/Documents/école/Object%20oriented%20program/Cours/Plarformer1/target/classes/assets/sounds/jump.wav
23:17:53.800 [FXGL Background Thread 3 ] DEBUG Engine               - Logging environment variables
23:17:53.801 [FXGL Background Thread 3 ] DEBUG Engine               - achievements: []
23:17:53.801 [FXGL Background Thread 3 ] DEBUG Engine               - actualHeight: 679.0
23:17:53.801 [FXGL Background Thread 3 ] DEBUG Engine               - actualHeightProperty: ReadOnlyDoubleProperty [value: 679.0]
23:17:53.801 [FXGL Background Thread 3 ] DEBUG Engine               - actualWidth: 1183.0
23:17:53.801 [FXGL Background Thread 3 ] DEBUG Engine               - actualWidthProperty: ReadOnlyDoubleProperty [value: 1183.0]
23:17:53.802 [FXGL Background Thread 3 ] DEBUG Engine               - appIcon: fxgl_icon.png
23:17:53.802 [FXGL Background Thread 3 ] DEBUG Engine               - applicationMode: DEVELOPER
23:17:53.803 [FXGL Background Thread 3 ] DEBUG Engine               - cSSList: [fxgl_dark.css]
23:17:53.804 [FXGL Background Thread 3 ] DEBUG Engine               - collisionDetectionStrategy: BRUTE_FORCE
23:17:53.805 [FXGL Background Thread 3 ] DEBUG Engine               - configClass: Optional.empty
23:17:53.805 [FXGL Background Thread 3 ] DEBUG Engine               - credits: []
23:17:53.807 [FXGL Background Thread 3 ] DEBUG Engine               - devBBoxColorProperty: ObjectProperty [value: 0xff0000ff]
23:17:53.808 [FXGL Background Thread 3 ] DEBUG Engine               - devEnableDebugCameraProperty: BooleanProperty [value: false]
23:17:53.809 [FXGL Background Thread 3 ] DEBUG Engine               - devSensorColorProperty: ObjectProperty [value: 0xffff00ff]
23:17:53.809 [FXGL Background Thread 3 ] DEBUG Engine               - devShowBBoxProperty: BooleanProperty [value: false]
23:17:53.810 [FXGL Background Thread 3 ] DEBUG Engine               - devShowPositionProperty: BooleanProperty [value: false]
23:17:53.810 [FXGL Background Thread 3 ] DEBUG Engine               - enabledMenuItems: []
23:17:53.812 [FXGL Background Thread 3 ] DEBUG Engine               - engineServices: [class com.almasb.fxgl.app.services.FXGLAssetLoaderService, class com.almasb.fxgl.app.FXGLApplication$GameApplicationService, class com.almasb.fxgl.app.services.FXGLDialogService, class com.almasb.fxgl.app.services.IOTaskExecutorService, class com.almasb.fxgl.event.EventBusService, class com.almasb.fxgl.io.FileSystemService, class com.almasb.fxgl.localization.LocalizationService, class com.almasb.fxgl.app.services.SystemBundleService, class com.almasb.fxgl.profile.SaveLoadService, class com.almasb.fxgl.ui.FXGLUIFactoryServiceProvider, class com.almasb.fxgl.ui.FXGLDialogFactoryServiceProvider, class com.almasb.fxgl.audio.AudioPlayer, class com.almasb.fxgl.notification.impl.NotificationServiceProvider, class com.almasb.fxgl.achievement.AchievementService, class com.almasb.fxgl.cutscene.CutsceneService, class com.almasb.fxgl.minigames.MiniGameService, class com.almasb.fxgl.net.NetService, class com.almasb.fxgl.app.services.UpdaterService, class com.almasb.fxgl.dev.DevService]
23:17:53.814 [FXGL Background Thread 3 ] DEBUG Engine               - fontGame: Abel-Regular.ttf
23:17:53.815 [FXGL Background Thread 3 ] DEBUG Engine               - fontMono: lucida_console.ttf
23:17:53.816 [FXGL Background Thread 3 ] DEBUG Engine               - fontText: Courier-Prime.ttf
23:17:53.816 [FXGL Background Thread 3 ] DEBUG Engine               - fontUI: VarelaRound-Regular.ttf
23:17:53.816 [FXGL Background Thread 3 ] DEBUG Engine               - fullScreen: BooleanProperty [value: false]
23:17:53.816 [FXGL Background Thread 3 ] DEBUG Engine               - gameDifficulty: MEDIUM
23:17:53.817 [FXGL Background Thread 3 ] DEBUG Engine               - gameDifficultyProperty: ObjectProperty [value: MEDIUM]
23:17:53.817 [FXGL Background Thread 3 ] DEBUG Engine               - globalMusicVolume: 0.5
23:17:53.817 [FXGL Background Thread 3 ] DEBUG Engine               - globalMusicVolumeProperty: DoubleProperty [value: 0.01]
23:17:53.817 [FXGL Background Thread 3 ] DEBUG Engine               - globalSoundVolume: 0.5
23:17:53.818 [FXGL Background Thread 3 ] DEBUG Engine               - globalSoundVolumeProperty: DoubleProperty [value: 0.01]
23:17:53.818 [FXGL Background Thread 3 ] DEBUG Engine               - height: 720
23:17:53.818 [FXGL Background Thread 3 ] DEBUG Engine               - isAndroid: false
23:17:53.818 [FXGL Background Thread 3 ] DEBUG Engine               - isBrowser: false
23:17:53.819 [FXGL Background Thread 3 ] DEBUG Engine               - isClickFeedbackEnabled: false
23:17:53.819 [FXGL Background Thread 3 ] DEBUG Engine               - isCloseConfirmation: false
23:17:53.820 [FXGL Background Thread 3 ] DEBUG Engine               - isDesktop: true
23:17:53.821 [FXGL Background Thread 3 ] DEBUG Engine               - isDeveloperMenuEnabled: false
23:17:53.821 [FXGL Background Thread 3 ] DEBUG Engine               - isEntityPreloadEnabled: true
23:17:53.822 [FXGL Background Thread 3 ] DEBUG Engine               - isExperimental3D: false
23:17:53.822 [FXGL Background Thread 3 ] DEBUG Engine               - isExperimentalNative: false
23:17:53.823 [FXGL Background Thread 3 ] DEBUG Engine               - isExperimentalTiledLargeMap: false
23:17:53.824 [FXGL Background Thread 3 ] DEBUG Engine               - isFileSystemWriteAllowed: true
23:17:53.825 [FXGL Background Thread 3 ] DEBUG Engine               - isFullScreenAllowed: false
23:17:53.826 [FXGL Background Thread 3 ] DEBUG Engine               - isFullScreenFromStart: false
23:17:53.826 [FXGL Background Thread 3 ] DEBUG Engine               - isGameMenuEnabled: true
23:17:53.828 [FXGL Background Thread 3 ] DEBUG Engine               - isIOS: false
23:17:53.829 [FXGL Background Thread 3 ] DEBUG Engine               - isIntroEnabled: false
23:17:53.830 [FXGL Background Thread 3 ] DEBUG Engine               - isLinux: false
23:17:53.831 [FXGL Background Thread 3 ] DEBUG Engine               - isMac: false
23:17:53.831 [FXGL Background Thread 3 ] DEBUG Engine               - isMainMenuEnabled: false
23:17:53.832 [FXGL Background Thread 3 ] DEBUG Engine               - isManualResizeEnabled: false
23:17:53.832 [FXGL Background Thread 3 ] DEBUG Engine               - isMobile: false
23:17:53.832 [FXGL Background Thread 3 ] DEBUG Engine               - isPreserveResizeRatio: false
23:17:53.832 [FXGL Background Thread 3 ] DEBUG Engine               - isProfilingEnabled: false
23:17:53.833 [FXGL Background Thread 3 ] DEBUG Engine               - isScaleAffectedOnResize: true
23:17:53.833 [FXGL Background Thread 3 ] DEBUG Engine               - isSingleStep: false
23:17:53.833 [FXGL Background Thread 3 ] DEBUG Engine               - isUserProfileEnabled: false
23:17:53.833 [FXGL Background Thread 3 ] DEBUG Engine               - isWindows: true
23:17:53.833 [FXGL Background Thread 3 ] DEBUG Engine               - language: ObjectProperty [value: ENGLISH]
23:17:53.834 [FXGL Background Thread 3 ] DEBUG Engine               - menuKey: ESCAPE
23:17:53.834 [FXGL Background Thread 3 ] DEBUG Engine               - notificationViewClass: class com.almasb.fxgl.notification.view.XboxNotificationView
23:17:53.834 [FXGL Background Thread 3 ] DEBUG Engine               - pixelsPerMeter: 50.0
23:17:53.834 [FXGL Background Thread 3 ] DEBUG Engine               - platform: WINDOWS
23:17:53.834 [FXGL Background Thread 3 ] DEBUG Engine               - prefHeightProperty: ReadOnlyDoubleProperty [value: 720.0]
23:17:53.835 [FXGL Background Thread 3 ] DEBUG Engine               - prefWidthProperty: ReadOnlyDoubleProperty [value: 1280.0]
23:17:53.835 [FXGL Background Thread 3 ] DEBUG Engine               - profileDir: profiles/
23:17:53.835 [FXGL Background Thread 3 ] DEBUG Engine               - profileName: StringProperty [value: DEFAULT]
23:17:53.836 [FXGL Background Thread 3 ] DEBUG Engine               - randomSeed: -1
23:17:53.838 [FXGL Background Thread 3 ] DEBUG Engine               - runtimeInfo: RuntimeInfo(platform=WINDOWS, version=11.14, build=01.03.2021 16.59)
23:17:53.838 [FXGL Background Thread 3 ] DEBUG Engine               - saveFileExt: sav
23:17:53.839 [FXGL Background Thread 3 ] DEBUG Engine               - scaledHeightProp$fxgl: DoubleProperty [bound, value: 679.0]
23:17:53.839 [FXGL Background Thread 3 ] DEBUG Engine               - scaledWidthProp$fxgl: DoubleProperty [bound, value: 1183.0]
23:17:53.840 [FXGL Background Thread 3 ] DEBUG Engine               - sceneFactory: Main.App$1@465d0f20
23:17:53.842 [FXGL Background Thread 3 ] DEBUG Engine               - secondsIn24h: 60
23:17:53.842 [FXGL Background Thread 3 ] DEBUG Engine               - soundMenuBack: menu/back.wav
23:17:53.843 [FXGL Background Thread 3 ] DEBUG Engine               - soundMenuPress: menu/press.wav
23:17:53.844 [FXGL Background Thread 3 ] DEBUG Engine               - soundMenuSelect: menu/select.wav
23:17:53.844 [FXGL Background Thread 3 ] DEBUG Engine               - soundNotification: core/notification.wav
23:17:53.845 [FXGL Background Thread 3 ] DEBUG Engine               - stageStyle: DECORATED
23:17:53.846 [FXGL Background Thread 3 ] DEBUG Engine               - supportedLanguages: [ENGLISH, FRENCH, GERMAN, HUNGARIAN, RUSSIAN]
23:17:53.847 [FXGL Background Thread 3 ] DEBUG Engine               - ticksPerSecond: -1
23:17:53.848 [FXGL Background Thread 3 ] DEBUG Engine               - title: Game 1 Let's go
23:17:53.848 [FXGL Background Thread 3 ] DEBUG Engine               - urlGithub: https://github.com/AlmasB/FXGL
23:17:53.848 [FXGL Background Thread 3 ] DEBUG Engine               - urlLeaderboard: http://fxgl-top.herokuapp.com/
23:17:53.848 [FXGL Background Thread 3 ] DEBUG Engine               - urlPOM: https://raw.githubusercontent.com/AlmasB/FXGL/release/README.md
23:17:53.849 [FXGL Background Thread 3 ] DEBUG Engine               - userAppClass: class Main.App
23:17:53.849 [FXGL Background Thread 3 ] DEBUG Engine               - version: 1.0
23:17:53.849 [FXGL Background Thread 3 ] DEBUG Engine               - versionCheckDays: 7
23:17:53.849 [FXGL Background Thread 3 ] DEBUG Engine               - width: 1280
23:17:53.849 [FXGL Background Thread 3 ] DEBUG Engine               - Logging services
23:17:53.849 [FXGL Background Thread 3 ] DEBUG Engine               - class com.almasb.fxgl.app.services.FXGLAssetLoaderService
23:17:53.849 [FXGL Background Thread 3 ] DEBUG Engine               - class com.almasb.fxgl.app.FXGLApplication$GameApplicationService
23:17:53.850 [FXGL Background Thread 3 ] DEBUG Engine               - class com.almasb.fxgl.app.services.FXGLDialogService
23:17:53.850 [FXGL Background Thread 3 ] DEBUG Engine               - class com.almasb.fxgl.app.services.IOTaskExecutorService
23:17:53.850 [FXGL Background Thread 3 ] DEBUG Engine               - class com.almasb.fxgl.event.EventBusService
23:17:53.850 [FXGL Background Thread 3 ] DEBUG Engine               - class com.almasb.fxgl.io.FileSystemService
23:17:53.850 [FXGL Background Thread 3 ] DEBUG Engine               - class com.almasb.fxgl.localization.LocalizationService
23:17:53.850 [FXGL Background Thread 3 ] DEBUG Engine               - class com.almasb.fxgl.app.services.SystemBundleService
23:17:53.851 [FXGL Background Thread 3 ] DEBUG Engine               - class com.almasb.fxgl.profile.SaveLoadService
23:17:53.851 [FXGL Background Thread 3 ] DEBUG Engine               - class com.almasb.fxgl.ui.FXGLUIFactoryServiceProvider
23:17:53.852 [FXGL Background Thread 3 ] DEBUG Engine               - class com.almasb.fxgl.ui.FXGLDialogFactoryServiceProvider
23:17:53.852 [FXGL Background Thread 3 ] DEBUG Engine               - class com.almasb.fxgl.audio.AudioPlayer
23:17:53.853 [FXGL Background Thread 3 ] DEBUG Engine               - class com.almasb.fxgl.notification.impl.NotificationServiceProvider
23:17:53.853 [FXGL Background Thread 3 ] DEBUG Engine               - class com.almasb.fxgl.achievement.AchievementService
23:17:53.854 [FXGL Background Thread 3 ] DEBUG Engine               - class com.almasb.fxgl.cutscene.CutsceneService
23:17:53.856 [FXGL Background Thread 3 ] DEBUG Engine               - class com.almasb.fxgl.minigames.MiniGameService
23:17:53.858 [FXGL Background Thread 3 ] DEBUG Engine               - class com.almasb.fxgl.net.NetService
23:17:53.858 [FXGL Background Thread 3 ] DEBUG Engine               - class com.almasb.fxgl.app.services.UpdaterService
23:17:53.859 [FXGL Background Thread 3 ] DEBUG Engine               - class com.almasb.fxgl.dev.DevService
23:17:56.330 [JavaFX Application Thread] DEBUG FXGLAssetLoaderServi - Loading from file system: file:/C:/Users/isyoh/Documents/école/Object%20oriented%20program/Cours/Plarformer1/target/classes/assets/sounds/Honking.wav
23:18:27.370 [JavaFX Application Thread] DEBUG FXGLApplication      - Exiting FXGL
23:18:27.370 [JavaFX Application Thread] DEBUG LoopRunner           - Stopping loop
23:18:27.370 [JavaFX Application Thread] DEBUG SystemBundleService  - Saving FXGL system data
23:18:27.374 [JavaFX Application Thread] DEBUG FileSystemAccess     - Writing to: C:\Users\isyoh\Documents\école\Object oriented program\Cours\Plarformer1\system\fxgl.bundle
23:18:27.379 [JavaFX Application Thread] DEBUG Async                - Shutting down background threads
23:18:27.379 [JavaFX Application Thread] DEBUG PrimaryStageWindow   - Closing main window
23:18:27.391 [JavaFX Application Thread] DEBUG Logger               - Closing Logger
