23:24:02.057 [main                     ] DEBUG Logger               - Configured Logger
23:24:02.094 [main                     ] DEBUG GameApplication      - Logging settings
Title: Game 1 Let's go
Version: 1.0
Width: 1280
Height: 720
Fullscreen: false
Intro: false
Profiling: false
Single step:false
App Mode: DEVELOPER
Menu Key: ESCAPE
Stage Style: DECORATED
Scene Factory: class Main.App$1

23:24:03.181 [JavaFX Application Thread] DEBUG FXGLApplication      - Initializing FXGL
23:24:03.184 [JavaFX Application Thread] INFO  Engine               - FXGL-11.14 (01.03.2021 16.59) on WINDOWS (J:15.0.2 FX:15)
23:24:03.185 [JavaFX Application Thread] DEBUG Engine               - JRE Vendor Name: Oracle Corporation
23:24:03.185 [JavaFX Application Thread] DEBUG Engine               - Running on OS: Windows 10 version 10.0
23:24:03.186 [JavaFX Application Thread] DEBUG Engine               - Architecture: amd64
23:24:03.186 [JavaFX Application Thread] INFO  Engine               - Source code and latest versions at: https://github.com/AlmasB/FXGL
23:24:03.186 [JavaFX Application Thread] INFO  Engine               -              Join the FXGL chat at: https://gitter.im/AlmasB/FXGL
23:24:03.388 [JavaFX Application Thread] DEBUG PrimaryStageWindow   - Creating a JavaFX scene
23:24:03.389 [JavaFX Application Thread] DEBUG PrimaryStageWindow   - Target size > screen size
23:24:03.490 [JavaFX Application Thread] DEBUG PrimaryStageWindow   - Target settings size: 1280.0 x 720.0
23:24:03.491 [JavaFX Application Thread] DEBUG PrimaryStageWindow   - Scaled scene size:    1183.0 x 679.0
23:24:03.493 [JavaFX Application Thread] DEBUG PrimaryStageWindow   - Scaled ratio: (0.92421875, 0.9430555555555555)
23:24:03.497 [JavaFX Application Thread] DEBUG PrimaryStageWindow   - Set initial scene to FXGLStartupScene
23:24:03.517 [JavaFX Application Thread] DEBUG PrimaryStageWindow   - Opening main window
23:24:03.722 [JavaFX Application Thread] DEBUG PrimaryStageWindow   - Window border size: (15.0, 37.66668701171875)
23:24:03.722 [JavaFX Application Thread] DEBUG PrimaryStageWindow   - Scaled size: 1183.0 x 679.0
23:24:03.723 [JavaFX Application Thread] DEBUG PrimaryStageWindow   - Scaled ratio: (0.92421875, 0.9430555555555555)
23:24:03.723 [JavaFX Application Thread] DEBUG PrimaryStageWindow   - Scene size: 1183.0 x 679.0
23:24:03.723 [JavaFX Application Thread] DEBUG PrimaryStageWindow   - Stage size: 1198.0 x 716.6666870117188
23:24:03.792 [FXGL Background Thread 1 ] DEBUG Engine               - Initializing environment variables
23:24:03.869 [FXGL Background Thread 1 ] DEBUG FXGLAssetLoaderServi - User app class for loading assets: class Main.App
23:24:03.870 [FXGL Background Thread 1 ] DEBUG GameApplicationServi - Applying CSS: fxgl_dark.css
23:24:03.872 [FXGL Background Thread 1 ] DEBUG FXGLAssetLoaderServi - Loading from file system: jar:file:///C:/Users/isyoh/.m2/repository/com/github/almasb/fxgl/11.14/fxgl-11.14.jar!/fxglassets/ui/css/fxgl_dark.css
23:24:04.006 [FXGL Background Thread 1 ] DEBUG GameApplicationServi - Initializing application scenes
23:24:04.161 [FXGL Background Thread 1 ] DEBUG FXGLAssetLoaderServi - Loading from file system: file:/C:/Users/isyoh/Documents/école/Object%20oriented%20program/Cours/Plarformer1/target/classes/assets/textures/player.png
23:24:04.220 [FXGL Background Thread 1 ] DEBUG GameWorld            - Game world initialized
23:24:04.318 [FXGL Background Thread 1 ] DEBUG PhysicsWorld         - Physics world initialized: appHeight=720, physics.ppm=50,0
23:24:04.319 [FXGL Background Thread 1 ] DEBUG PhysicsWorld         - Using strategy: BRUTE_FORCE
23:24:04.323 [FXGL Background Thread 1 ] DEBUG GameScene            - Game scene initialized: 1280x720
23:24:04.350 [FXGL Background Thread 1 ] DEBUG FXGLAssetLoaderServi - Loading from file system: jar:file:///C:/Users/isyoh/.m2/repository/com/github/almasb/fxgl/11.14/fxgl-11.14.jar!/fxglassets/textures/particles/trace_horizontal.png
23:24:04.432 [FXGL Background Thread 1 ] DEBUG FXGL.DefaultMenu     - createMenuBodyGameMenu()
23:24:04.458 [FXGL Background Thread 1 ] DEBUG FXGL.DefaultMenu     - createOptionsMenu()
23:24:04.466 [FXGL Background Thread 1 ] DEBUG FXGLAssetLoaderServi - Loading from file system: jar:file:///C:/Users/isyoh/.m2/repository/com/github/almasb/fxgl/11.14/fxgl-11.14.jar!/fxglassets/textures/particles/smoke.png
23:24:04.618 [FXGL Background Thread 1 ] DEBUG GameApplicationServi - Application scenes initialized
23:24:04.636 [FXGL Background Thread 1 ] DEBUG SystemBundleService  - Loading FXGL system data
23:24:04.649 [FXGL Background Thread 1 ] DEBUG FileSystemAccess     - Reading from: C:\Users\isyoh\Documents\école\Object oriented program\Cours\Plarformer1\system\fxgl.bundle
23:24:04.665 [FXGL Background Thread 1 ] DEBUG SystemBundleService  - Bundle FXGL: {}
23:24:04.665 [FXGL Background Thread 1 ] DEBUG UpdaterService       - Checking for updates
23:24:04.672 [FXGL Background Thread 1 ] DEBUG FXGLApplication      - Loading default localization
23:24:04.673 [FXGL Background Thread 1 ] DEBUG FXGLAssetLoaderServi - Loading from file system: jar:file:///C:/Users/isyoh/.m2/repository/com/github/almasb/fxgl/11.14/fxgl-11.14.jar!/fxglassets/languages/english.lang
23:24:04.686 [FXGL Background Thread 4 ] DEBUG FXGLApplication      - Loading fonts
23:24:04.688 [FXGL Background Thread 4 ] DEBUG FXGLAssetLoaderServi - Loading from file system: jar:file:///C:/Users/isyoh/.m2/repository/com/github/almasb/fxgl/11.14/fxgl-11.14.jar!/fxglassets/ui/fonts/VarelaRound-Regular.ttf
23:24:04.693 [FXGL Background Thread 1 ] INFO  FXGLApplication      - FXGL initialization took: 0,901 sec
23:24:04.709 [JavaFX Application Thread] DEBUG Input                - Registered new binding: Left - A
23:24:04.710 [JavaFX Application Thread] DEBUG Input                - Registered new binding: Right - D
23:24:04.710 [JavaFX Application Thread] DEBUG Input                - Registered new binding: Jump - W
23:24:04.711 [JavaFX Application Thread] DEBUG Input                - Registered new binding: Whistle - X
23:24:04.711 [JavaFX Application Thread] DEBUG Input                - Registered new binding: Use - E
23:24:04.712 [JavaFX Application Thread] DEBUG FXGLAssetLoaderServi - Loading from file system: file:/C:/Users/isyoh/Documents/école/Object%20oriented%20program/Cours/Plarformer1/target/classes/assets/music/BGM_dash_runner.wav
23:24:05.118 [FXGL Background Thread 4 ] DEBUG FXGLAssetLoaderServi - Loading from file system: jar:file:///C:/Users/isyoh/.m2/repository/com/github/almasb/fxgl/11.14/fxgl-11.14.jar!/fxglassets/ui/fonts/Abel-Regular.ttf
23:24:05.161 [FXGL Background Thread 4 ] DEBUG FXGLAssetLoaderServi - Loading from file system: jar:file:///C:/Users/isyoh/.m2/repository/com/github/almasb/fxgl/11.14/fxgl-11.14.jar!/fxglassets/ui/fonts/lucida_console.ttf
23:24:05.174 [JavaFX Application Thread] DEBUG AudioPlayer          - Playing music com.almasb.fxgl.audio.Music@2448b97d
23:24:05.175 [JavaFX Application Thread] DEBUG FXGLAssetLoaderServi - Loading from file system: jar:file:///C:/Users/isyoh/.m2/repository/com/github/almasb/fxgl/11.14/fxgl-11.14.jar!/fxglassets/textures/fxgl_icon.png
23:24:05.275 [JavaFX Application Thread] DEBUG FXGLAssetLoaderServi - Loading from file system: jar:file:///C:/Users/isyoh/.m2/repository/com/github/almasb/fxgl/11.14/fxgl-11.14.jar!/fxglassets/ui/cursors/fxgl_default.png
23:24:05.279 [JavaFX Application Thread] DEBUG Input                - Registered new binding: Screenshot - P
23:24:05.280 [JavaFX Application Thread] DEBUG Input                - Registered new binding: System info dump - CTRL+9
23:24:05.281 [JavaFX Application Thread] DEBUG Input                - Registered new binding: Restart - CTRL+R
23:24:05.282 [JavaFX Application Thread] DEBUG Input                - Registered new binding: Toggle Debug Camera - CTRL+C
23:24:05.285 [JavaFX Application Thread] DEBUG LoopRunner           - Starting loop
23:24:05.285 [JavaFX Application Thread] DEBUG LoopRunner           - Initializing JavaFX AnimationTimerLoop
23:24:05.287 [JavaFX Application Thread] DEBUG GameApplicationServi - Starting new game
23:24:05.288 [JavaFX Application Thread] DEBUG Input                - Clearing active input actions
23:24:05.306 [JavaFX Application Thread] DEBUG GameApplicationServi - Removing overlay from FXGLStartupScene and adding to BetterLoadingScene
23:24:05.307 [JavaFX Application Thread] DEBUG PrimaryStageWindow   - FXGLStartupScene -> BetterLoadingScene
23:24:05.307 [JavaFX Application Thread] DEBUG GameApplicationServi - Clearing previous game
23:24:05.308 [JavaFX Application Thread] DEBUG GameScene            - Clearing game scene
23:24:05.308 [JavaFX Application Thread] DEBUG GameWorld            - Clearing game world
23:24:05.308 [JavaFX Application Thread] DEBUG PhysicsWorld         - Clearing physics world
23:24:05.310 [FXGL Background Thread 1 ] DEBUG FXGLApplication      - Initializing game
23:24:05.392 [FXGL Background Thread 4 ] DEBUG FXGLAssetLoaderServi - Loading from file system: jar:file:///C:/Users/isyoh/.m2/repository/com/github/almasb/fxgl/11.14/fxgl-11.14.jar!/fxglassets/ui/fonts/Courier-Prime.ttf
23:24:05.507 [FXGL Background Thread 1 ] DEBUG TMXLevelLoader       - Parsed raw map: TiledMap(width=15, height=10, tilewidth=70, tileheight=70, orientation=orthogonal, layers=[Layer(width=15, height=10, name=Tile Layer 1, type=tilelayer, visible=false, x=0, y=0, data=[0, 0, 0, 0, 0, 0, 0, 0, 0, 0, 0, 0, 0, 0, 0, 0, 0, 0, 0, 0, 0, 0, 0, 0, 0, 0, 0, 0, 0, 0, 0, 0, 0, 0, 0, 0, 0, 0, 0, 0, 0, 0, 0, 0, 0, 0, 0, 0, 0, 0, 0, 0, 0, 0, 0, 0, 0, 0, 0, 0, 0, 0, 0, 0, 0, 0, 0, 0, 0, 0, 0, 0, 0, 0, 0, 0, 0, 0, 0, 0, 0, 0, 0, 0, 0, 0, 0, 0, 0, 0, 0, 0, 0, 0, 0, 0, 0, 0, 0, 0, 0, 0, 0, 0, 0, 0, 0, 0, 0, 0, 0, 0, 0, 0, 0, 0, 0, 0, 0, 0, 0, 0, 0, 0, 0, 0, 69, 57, 45, 0, 0, 1, 0, 0, 0, 116, 104, 104, 104, 104, 104, 104, 104, 104, 104, 104, 104, 104, 104, 92], objects=[], opacity=0.0, draworder=), Layer(width=0, height=0, name=Object Layer 1, type=objectgroup, visible=false, x=0, y=0, data=[], objects=[com.almasb.fxgl.entity.level.tiled.TiledObject@553848b9, com.almasb.fxgl.entity.level.tiled.TiledObject@8d773ab, com.almasb.fxgl.entity.level.tiled.TiledObject@68f4c8f5, com.almasb.fxgl.entity.level.tiled.TiledObject@2fe5fac4, com.almasb.fxgl.entity.level.tiled.TiledObject@380f1201, com.almasb.fxgl.entity.level.tiled.TiledObject@bf67480, com.almasb.fxgl.entity.level.tiled.TiledObject@450bb66b, com.almasb.fxgl.entity.level.tiled.TiledObject@45b847d4, com.almasb.fxgl.entity.level.tiled.TiledObject@567ca78, com.almasb.fxgl.entity.level.tiled.TiledObject@3d0dec20, com.almasb.fxgl.entity.level.tiled.TiledObject@252dbd04], opacity=0.0, draworder=)], tilesets=[Tileset(firstgid=1, image=tiles_spritesheet.png, name=tiles_spritesheet, tilewidth=70, tileheight=70, imagewidth=914, imageheight=936, margin=0, spacing=2, columns=12, tilecount=156, transparentcolor=, tiles=[])], backgroundcolor=, renderorder=right-down, nextobjectid=22, version=1, tiledversion=1.2.3, type=map, infinite=false, hexsidelength=0, staggeraxis=, staggerindex=, properties={star1time=7.0}, propertytypes={star1time=float})
23:24:05.508 [FXGL Background Thread 1 ] DEBUG TMXLevelLoader       - Creating tile layer entities
23:24:05.510 [FXGL Background Thread 1 ] DEBUG TilesetLoader        - Loading view for layer Tile Layer 1
23:24:05.514 [FXGL Background Thread 1 ] DEBUG TilesetLoader        - Created buffer with size 1050.0x700.0
23:24:05.694 [FXGL Background Thread 2 ] INFO  UpdaterService       - Your current version:  11.14
23:24:05.695 [FXGL Background Thread 2 ] INFO  UpdaterService       - Latest stable version: 11.15
23:24:05.665 [FXGL Background Thread 1 ] DEBUG TilesetLoader        - Writing to buffer: dst=420,560, w=70,h=70, src=576,360
23:24:05.696 [FXGL Background Thread 1 ] DEBUG TilesetLoader        - Writing to buffer: dst=490,560, w=70,h=70, src=576,288
23:24:05.697 [FXGL Background Thread 1 ] DEBUG TilesetLoader        - Writing to buffer: dst=560,560, w=70,h=70, src=576,216
23:24:05.698 [FXGL Background Thread 1 ] DEBUG TilesetLoader        - Writing to buffer: dst=770,560, w=70,h=70, src=0,0
23:24:05.698 [FXGL Background Thread 1 ] DEBUG TilesetLoader        - Writing to buffer: dst=0,630, w=70,h=70, src=504,648
23:24:05.705 [FXGL Background Thread 1 ] DEBUG TilesetLoader        - Writing to buffer: dst=70,630, w=70,h=70, src=504,576
23:24:05.705 [FXGL Background Thread 1 ] DEBUG TilesetLoader        - Writing to buffer: dst=140,630, w=70,h=70, src=504,576
23:24:05.706 [FXGL Background Thread 1 ] DEBUG TilesetLoader        - Writing to buffer: dst=210,630, w=70,h=70, src=504,576
23:24:05.708 [FXGL Background Thread 1 ] DEBUG TilesetLoader        - Writing to buffer: dst=280,630, w=70,h=70, src=504,576
23:24:05.709 [FXGL Background Thread 1 ] DEBUG TilesetLoader        - Writing to buffer: dst=350,630, w=70,h=70, src=504,576
23:24:05.709 [FXGL Background Thread 1 ] DEBUG TilesetLoader        - Writing to buffer: dst=420,630, w=70,h=70, src=504,576
23:24:05.716 [FXGL Background Thread 1 ] DEBUG TilesetLoader        - Writing to buffer: dst=490,630, w=70,h=70, src=504,576
23:24:05.716 [FXGL Background Thread 1 ] DEBUG TilesetLoader        - Writing to buffer: dst=560,630, w=70,h=70, src=504,576
23:24:05.716 [FXGL Background Thread 1 ] DEBUG TilesetLoader        - Writing to buffer: dst=630,630, w=70,h=70, src=504,576
23:24:05.717 [FXGL Background Thread 1 ] DEBUG TilesetLoader        - Writing to buffer: dst=700,630, w=70,h=70, src=504,576
23:24:05.717 [FXGL Background Thread 1 ] DEBUG TilesetLoader        - Writing to buffer: dst=770,630, w=70,h=70, src=504,576
23:24:05.718 [FXGL Background Thread 1 ] DEBUG TilesetLoader        - Writing to buffer: dst=840,630, w=70,h=70, src=504,576
23:24:05.718 [FXGL Background Thread 1 ] DEBUG TilesetLoader        - Writing to buffer: dst=910,630, w=70,h=70, src=504,576
23:24:05.718 [FXGL Background Thread 1 ] DEBUG TilesetLoader        - Writing to buffer: dst=980,630, w=70,h=70, src=504,504
23:24:05.719 [FXGL Background Thread 1 ] DEBUG TMXLevelLoader       - Creating object layer entities
23:24:05.741 [JavaFX Application Thread] DEBUG FXGLApplication      - Registering font factories with UI factory
23:24:05.783 [FXGL Background Thread 1 ] DEBUG FXGLAssetLoaderServi - Loading from file system: file:/C:/Users/isyoh/Documents/école/Object%20oriented%20program/Cours/Plarformer1/target/classes/assets/textures/enemy.png
23:24:05.802 [FXGL Background Thread 1 ] DEBUG GameWorld            - Clearing removable entities
23:24:05.803 [FXGL Background Thread 1 ] DEBUG GameWorld            - Setting level: com.almasb.fxgl.entity.level.Level@200222d5
23:24:05.848 [FXGL Background Thread 1 ] DEBUG FXGLAssetLoaderServi - Loading from file system: file:/C:/Users/isyoh/Documents/école/Object%20oriented%20program/Cours/Plarformer1/target/classes/assets/textures/background/forest.png
23:24:05.913 [FXGL Background Thread 1 ] INFO  FXGLApplication      - Game initialization took: 0,603 sec
23:24:05.914 [JavaFX Application Thread] DEBUG Input                - Clearing active input actions
23:24:05.945 [JavaFX Application Thread] DEBUG GameApplicationServi - Removing overlay from BetterLoadingScene and adding to GameScene
23:24:05.945 [JavaFX Application Thread] DEBUG PrimaryStageWindow   - BetterLoadingScene -> GameScene
23:24:06.241 [JavaFX Application Thread] DEBUG FXGLAssetLoaderServi - Loading from file system: file:/C:/Users/isyoh/Documents/école/Object%20oriented%20program/Cours/Plarformer1/target/classes/assets/sounds/land.wav
23:24:07.554 [JavaFX Application Thread] DEBUG FXGLAssetLoaderServi - Loading from file system: file:/C:/Users/isyoh/Documents/école/Object%20oriented%20program/Cours/Plarformer1/target/classes/assets/sounds/jump.wav
23:24:07.671 [FXGL Background Thread 3 ] DEBUG Engine               - Logging environment variables
23:24:07.673 [FXGL Background Thread 3 ] DEBUG Engine               - achievements: []
23:24:07.675 [FXGL Background Thread 3 ] DEBUG Engine               - actualHeight: 679.0
23:24:07.677 [FXGL Background Thread 3 ] DEBUG Engine               - actualHeightProperty: ReadOnlyDoubleProperty [value: 679.0]
23:24:07.679 [FXGL Background Thread 3 ] DEBUG Engine               - actualWidth: 1183.0
23:24:07.679 [FXGL Background Thread 3 ] DEBUG Engine               - actualWidthProperty: ReadOnlyDoubleProperty [value: 1183.0]
23:24:07.679 [FXGL Background Thread 3 ] DEBUG Engine               - appIcon: fxgl_icon.png
23:24:07.679 [FXGL Background Thread 3 ] DEBUG Engine               - applicationMode: DEVELOPER
23:24:07.679 [FXGL Background Thread 3 ] DEBUG Engine               - cSSList: [fxgl_dark.css]
23:24:07.680 [FXGL Background Thread 3 ] DEBUG Engine               - collisionDetectionStrategy: BRUTE_FORCE
23:24:07.680 [FXGL Background Thread 3 ] DEBUG Engine               - configClass: Optional.empty
23:24:07.680 [FXGL Background Thread 3 ] DEBUG Engine               - credits: []
23:24:07.683 [FXGL Background Thread 3 ] DEBUG Engine               - devBBoxColorProperty: ObjectProperty [value: 0xff0000ff]
23:24:07.684 [FXGL Background Thread 3 ] DEBUG Engine               - devEnableDebugCameraProperty: BooleanProperty [value: false]
23:24:07.685 [FXGL Background Thread 3 ] DEBUG Engine               - devSensorColorProperty: ObjectProperty [value: 0xffff00ff]
23:24:07.687 [FXGL Background Thread 3 ] DEBUG Engine               - devShowBBoxProperty: BooleanProperty [value: false]
23:24:07.688 [FXGL Background Thread 3 ] DEBUG Engine               - devShowPositionProperty: BooleanProperty [value: false]
23:24:07.690 [FXGL Background Thread 3 ] DEBUG Engine               - enabledMenuItems: []
23:24:07.691 [FXGL Background Thread 3 ] DEBUG Engine               - engineServices: [class com.almasb.fxgl.app.services.FXGLAssetLoaderService, class com.almasb.fxgl.app.FXGLApplication$GameApplicationService, class com.almasb.fxgl.app.services.FXGLDialogService, class com.almasb.fxgl.app.services.IOTaskExecutorService, class com.almasb.fxgl.event.EventBusService, class com.almasb.fxgl.io.FileSystemService, class com.almasb.fxgl.localization.LocalizationService, class com.almasb.fxgl.app.services.SystemBundleService, class com.almasb.fxgl.profile.SaveLoadService, class com.almasb.fxgl.ui.FXGLUIFactoryServiceProvider, class com.almasb.fxgl.ui.FXGLDialogFactoryServiceProvider, class com.almasb.fxgl.audio.AudioPlayer, class com.almasb.fxgl.notification.impl.NotificationServiceProvider, class com.almasb.fxgl.achievement.AchievementService, class com.almasb.fxgl.cutscene.CutsceneService, class com.almasb.fxgl.minigames.MiniGameService, class com.almasb.fxgl.net.NetService, class com.almasb.fxgl.app.services.UpdaterService, class com.almasb.fxgl.dev.DevService]
23:24:07.693 [FXGL Background Thread 3 ] DEBUG Engine               - fontGame: Abel-Regular.ttf
23:24:07.694 [FXGL Background Thread 3 ] DEBUG Engine               - fontMono: lucida_console.ttf
23:24:07.695 [FXGL Background Thread 3 ] DEBUG Engine               - fontText: Courier-Prime.ttf
23:24:07.695 [FXGL Background Thread 3 ] DEBUG Engine               - fontUI: VarelaRound-Regular.ttf
23:24:07.695 [FXGL Background Thread 3 ] DEBUG Engine               - fullScreen: BooleanProperty [value: false]
23:24:07.696 [FXGL Background Thread 3 ] DEBUG Engine               - gameDifficulty: MEDIUM
23:24:07.696 [FXGL Background Thread 3 ] DEBUG Engine               - gameDifficultyProperty: ObjectProperty [value: MEDIUM]
23:24:07.696 [FXGL Background Thread 3 ] DEBUG Engine               - globalMusicVolume: 0.5
23:24:07.697 [FXGL Background Thread 3 ] DEBUG Engine               - globalMusicVolumeProperty: DoubleProperty [value: 0.01]
23:24:07.697 [FXGL Background Thread 3 ] DEBUG Engine               - globalSoundVolume: 0.5
23:24:07.697 [FXGL Background Thread 3 ] DEBUG Engine               - globalSoundVolumeProperty: DoubleProperty [value: 0.01]
23:24:07.698 [FXGL Background Thread 3 ] DEBUG Engine               - height: 720
23:24:07.698 [FXGL Background Thread 3 ] DEBUG Engine               - isAndroid: false
23:24:07.698 [FXGL Background Thread 3 ] DEBUG Engine               - isBrowser: false
23:24:07.698 [FXGL Background Thread 3 ] DEBUG Engine               - isClickFeedbackEnabled: false
23:24:07.699 [FXGL Background Thread 3 ] DEBUG Engine               - isCloseConfirmation: false
23:24:07.701 [FXGL Background Thread 3 ] DEBUG Engine               - isDesktop: true
23:24:07.701 [FXGL Background Thread 3 ] DEBUG Engine               - isDeveloperMenuEnabled: false
23:24:07.702 [FXGL Background Thread 3 ] DEBUG Engine               - isEntityPreloadEnabled: true
23:24:07.703 [FXGL Background Thread 3 ] DEBUG Engine               - isExperimental3D: false
23:24:07.704 [FXGL Background Thread 3 ] DEBUG Engine               - isExperimentalNative: false
23:24:07.705 [FXGL Background Thread 3 ] DEBUG Engine               - isExperimentalTiledLargeMap: false
23:24:07.707 [FXGL Background Thread 3 ] DEBUG Engine               - isFileSystemWriteAllowed: true
23:24:07.709 [FXGL Background Thread 3 ] DEBUG Engine               - isFullScreenAllowed: false
23:24:07.710 [FXGL Background Thread 3 ] DEBUG Engine               - isFullScreenFromStart: false
23:24:07.712 [FXGL Background Thread 3 ] DEBUG Engine               - isGameMenuEnabled: true
23:24:07.713 [FXGL Background Thread 3 ] DEBUG Engine               - isIOS: false
23:24:07.713 [FXGL Background Thread 3 ] DEBUG Engine               - isIntroEnabled: false
23:24:07.713 [FXGL Background Thread 3 ] DEBUG Engine               - isLinux: false
23:24:07.714 [FXGL Background Thread 3 ] DEBUG Engine               - isMac: false
23:24:07.714 [FXGL Background Thread 3 ] DEBUG Engine               - isMainMenuEnabled: false
23:24:07.714 [FXGL Background Thread 3 ] DEBUG Engine               - isManualResizeEnabled: false
23:24:07.714 [FXGL Background Thread 3 ] DEBUG Engine               - isMobile: false
23:24:07.715 [FXGL Background Thread 3 ] DEBUG Engine               - isPreserveResizeRatio: false
23:24:07.716 [FXGL Background Thread 3 ] DEBUG Engine               - isProfilingEnabled: false
23:24:07.717 [FXGL Background Thread 3 ] DEBUG Engine               - isScaleAffectedOnResize: true
23:24:07.717 [FXGL Background Thread 3 ] DEBUG Engine               - isSingleStep: false
23:24:07.718 [FXGL Background Thread 3 ] DEBUG Engine               - isUserProfileEnabled: false
23:24:07.718 [FXGL Background Thread 3 ] DEBUG Engine               - isWindows: true
23:24:07.723 [FXGL Background Thread 3 ] DEBUG Engine               - language: ObjectProperty [value: ENGLISH]
23:24:07.725 [FXGL Background Thread 3 ] DEBUG Engine               - menuKey: ESCAPE
23:24:07.726 [FXGL Background Thread 3 ] DEBUG Engine               - notificationViewClass: class com.almasb.fxgl.notification.view.XboxNotificationView
23:24:07.727 [FXGL Background Thread 3 ] DEBUG Engine               - pixelsPerMeter: 50.0
23:24:07.729 [FXGL Background Thread 3 ] DEBUG Engine               - platform: WINDOWS
23:24:07.729 [FXGL Background Thread 3 ] DEBUG Engine               - prefHeightProperty: ReadOnlyDoubleProperty [value: 720.0]
23:24:07.729 [FXGL Background Thread 3 ] DEBUG Engine               - prefWidthProperty: ReadOnlyDoubleProperty [value: 1280.0]
23:24:07.730 [FXGL Background Thread 3 ] DEBUG Engine               - profileDir: profiles/
23:24:07.730 [FXGL Background Thread 3 ] DEBUG Engine               - profileName: StringProperty [value: DEFAULT]
23:24:07.730 [FXGL Background Thread 3 ] DEBUG Engine               - randomSeed: -1
23:24:07.730 [FXGL Background Thread 3 ] DEBUG Engine               - runtimeInfo: RuntimeInfo(platform=WINDOWS, version=11.14, build=01.03.2021 16.59)
23:24:07.731 [FXGL Background Thread 3 ] DEBUG Engine               - saveFileExt: sav
23:24:07.731 [FXGL Background Thread 3 ] DEBUG Engine               - scaledHeightProp$fxgl: DoubleProperty [bound, value: 679.0]
23:24:07.732 [FXGL Background Thread 3 ] DEBUG Engine               - scaledWidthProp$fxgl: DoubleProperty [bound, value: 1183.0]
23:24:07.732 [FXGL Background Thread 3 ] DEBUG Engine               - sceneFactory: Main.App$1@56cd45cb
23:24:07.733 [FXGL Background Thread 3 ] DEBUG Engine               - secondsIn24h: 60
23:24:07.734 [FXGL Background Thread 3 ] DEBUG Engine               - soundMenuBack: menu/back.wav
23:24:07.735 [FXGL Background Thread 3 ] DEBUG Engine               - soundMenuPress: menu/press.wav
23:24:07.735 [FXGL Background Thread 3 ] DEBUG Engine               - soundMenuSelect: menu/select.wav
23:24:07.736 [FXGL Background Thread 3 ] DEBUG Engine               - soundNotification: core/notification.wav
23:24:07.737 [FXGL Background Thread 3 ] DEBUG Engine               - stageStyle: DECORATED
23:24:07.738 [FXGL Background Thread 3 ] DEBUG Engine               - supportedLanguages: [ENGLISH, FRENCH, GERMAN, HUNGARIAN, RUSSIAN]
23:24:07.739 [FXGL Background Thread 3 ] DEBUG Engine               - ticksPerSecond: -1
23:24:07.740 [FXGL Background Thread 3 ] DEBUG Engine               - title: Game 1 Let's go
23:24:07.741 [FXGL Background Thread 3 ] DEBUG Engine               - urlGithub: https://github.com/AlmasB/FXGL
23:24:07.743 [FXGL Background Thread 3 ] DEBUG Engine               - urlLeaderboard: http://fxgl-top.herokuapp.com/
23:24:07.744 [FXGL Background Thread 3 ] DEBUG Engine               - urlPOM: https://raw.githubusercontent.com/AlmasB/FXGL/release/README.md
23:24:07.745 [FXGL Background Thread 3 ] DEBUG Engine               - userAppClass: class Main.App
23:24:07.746 [FXGL Background Thread 3 ] DEBUG Engine               - version: 1.0
23:24:07.746 [FXGL Background Thread 3 ] DEBUG Engine               - versionCheckDays: 7
23:24:07.746 [FXGL Background Thread 3 ] DEBUG Engine               - width: 1280
23:24:07.747 [FXGL Background Thread 3 ] DEBUG Engine               - Logging services
23:24:07.747 [FXGL Background Thread 3 ] DEBUG Engine               - class com.almasb.fxgl.app.services.FXGLAssetLoaderService
23:24:07.747 [FXGL Background Thread 3 ] DEBUG Engine               - class com.almasb.fxgl.app.FXGLApplication$GameApplicationService
23:24:07.747 [FXGL Background Thread 3 ] DEBUG Engine               - class com.almasb.fxgl.app.services.FXGLDialogService
23:24:07.748 [FXGL Background Thread 3 ] DEBUG Engine               - class com.almasb.fxgl.app.services.IOTaskExecutorService
23:24:07.748 [FXGL Background Thread 3 ] DEBUG Engine               - class com.almasb.fxgl.event.EventBusService
23:24:07.748 [FXGL Background Thread 3 ] DEBUG Engine               - class com.almasb.fxgl.io.FileSystemService
23:24:07.749 [FXGL Background Thread 3 ] DEBUG Engine               - class com.almasb.fxgl.localization.LocalizationService
23:24:07.750 [FXGL Background Thread 3 ] DEBUG Engine               - class com.almasb.fxgl.app.services.SystemBundleService
23:24:07.751 [FXGL Background Thread 3 ] DEBUG Engine               - class com.almasb.fxgl.profile.SaveLoadService
23:24:07.751 [FXGL Background Thread 3 ] DEBUG Engine               - class com.almasb.fxgl.ui.FXGLUIFactoryServiceProvider
23:24:07.751 [FXGL Background Thread 3 ] DEBUG Engine               - class com.almasb.fxgl.ui.FXGLDialogFactoryServiceProvider
23:24:07.752 [FXGL Background Thread 3 ] DEBUG Engine               - class com.almasb.fxgl.audio.AudioPlayer
23:24:07.752 [FXGL Background Thread 3 ] DEBUG Engine               - class com.almasb.fxgl.notification.impl.NotificationServiceProvider
23:24:07.753 [FXGL Background Thread 3 ] DEBUG Engine               - class com.almasb.fxgl.achievement.AchievementService
23:24:07.755 [FXGL Background Thread 3 ] DEBUG Engine               - class com.almasb.fxgl.cutscene.CutsceneService
23:24:07.757 [FXGL Background Thread 3 ] DEBUG Engine               - class com.almasb.fxgl.minigames.MiniGameService
23:24:07.760 [FXGL Background Thread 3 ] DEBUG Engine               - class com.almasb.fxgl.net.NetService
23:24:07.761 [FXGL Background Thread 3 ] DEBUG Engine               - class com.almasb.fxgl.app.services.UpdaterService
23:24:07.762 [FXGL Background Thread 3 ] DEBUG Engine               - class com.almasb.fxgl.dev.DevService
23:24:07.785 [JavaFX Application Thread] DEBUG FXGLAssetLoaderServi - Loading from file system: file:/C:/Users/isyoh/Documents/école/Object%20oriented%20program/Cours/Plarformer1/target/classes/assets/sounds/Honking.wav
23:24:17.389 [JavaFX Application Thread] DEBUG FXGLApplication      - Exiting FXGL
23:24:17.390 [JavaFX Application Thread] DEBUG LoopRunner           - Stopping loop
23:24:17.390 [JavaFX Application Thread] DEBUG SystemBundleService  - Saving FXGL system data
23:24:17.393 [JavaFX Application Thread] DEBUG FileSystemAccess     - Writing to: C:\Users\isyoh\Documents\école\Object oriented program\Cours\Plarformer1\system\fxgl.bundle
23:24:17.398 [JavaFX Application Thread] DEBUG Async                - Shutting down background threads
23:24:17.398 [JavaFX Application Thread] DEBUG PrimaryStageWindow   - Closing main window
23:24:17.413 [JavaFX Application Thread] DEBUG Logger               - Closing Logger
