22:57:57.381 [main                     ] DEBUG Logger               - Configured Logger
22:57:57.415 [main                     ] DEBUG GameApplication      - Logging settings
Title: Game 1 Let's go
Version: 1.0
Width: 1280
Height: 720
Fullscreen: false
Intro: false
Profiling: false
Single step:false
App Mode: DEVELOPER
Menu Key: ESCAPE
Stage Style: DECORATED
Scene Factory: class Main.App$1

22:57:59.019 [JavaFX Application Thread] DEBUG FXGLApplication      - Initializing FXGL
22:57:59.022 [JavaFX Application Thread] INFO  Engine               - FXGL-11.14 (01.03.2021 16.59) on WINDOWS (J:15.0.2 FX:15)
22:57:59.022 [JavaFX Application Thread] DEBUG Engine               - JRE Vendor Name: Oracle Corporation
22:57:59.023 [JavaFX Application Thread] DEBUG Engine               - Running on OS: Windows 10 version 10.0
22:57:59.023 [JavaFX Application Thread] DEBUG Engine               - Architecture: amd64
22:57:59.023 [JavaFX Application Thread] INFO  Engine               - Source code and latest versions at: https://github.com/AlmasB/FXGL
22:57:59.024 [JavaFX Application Thread] INFO  Engine               -              Join the FXGL chat at: https://gitter.im/AlmasB/FXGL
22:57:59.192 [JavaFX Application Thread] DEBUG PrimaryStageWindow   - Creating a JavaFX scene
22:57:59.192 [JavaFX Application Thread] DEBUG PrimaryStageWindow   - Target size > screen size
22:57:59.288 [JavaFX Application Thread] DEBUG PrimaryStageWindow   - Target settings size: 1280.0 x 720.0
22:57:59.289 [JavaFX Application Thread] DEBUG PrimaryStageWindow   - Scaled scene size:    1183.0 x 679.0
22:57:59.289 [JavaFX Application Thread] DEBUG PrimaryStageWindow   - Scaled ratio: (0.92421875, 0.9430555555555555)
22:57:59.290 [JavaFX Application Thread] DEBUG PrimaryStageWindow   - Set initial scene to FXGLStartupScene
22:57:59.300 [JavaFX Application Thread] DEBUG PrimaryStageWindow   - Opening main window
22:57:59.568 [JavaFX Application Thread] DEBUG PrimaryStageWindow   - Window border size: (15.0, 37.66668701171875)
22:57:59.569 [JavaFX Application Thread] DEBUG PrimaryStageWindow   - Scaled size: 1183.0 x 679.0
22:57:59.569 [JavaFX Application Thread] DEBUG PrimaryStageWindow   - Scaled ratio: (0.92421875, 0.9430555555555555)
22:57:59.570 [JavaFX Application Thread] DEBUG PrimaryStageWindow   - Scene size: 1183.0 x 679.0
22:57:59.572 [JavaFX Application Thread] DEBUG PrimaryStageWindow   - Stage size: 1198.0 x 716.6666870117188
22:57:59.596 [FXGL Background Thread 1 ] DEBUG Engine               - Initializing environment variables
22:57:59.683 [FXGL Background Thread 1 ] DEBUG FXGLAssetLoaderServi - User app class for loading assets: class Main.App
22:57:59.684 [FXGL Background Thread 1 ] DEBUG GameApplicationServi - Applying CSS: fxgl_dark.css
22:57:59.685 [FXGL Background Thread 1 ] DEBUG FXGLAssetLoaderServi - Loading from file system: jar:file:///C:/Users/isyoh/.m2/repository/com/github/almasb/fxgl/11.14/fxgl-11.14.jar!/fxglassets/ui/css/fxgl_dark.css
22:57:59.793 [FXGL Background Thread 1 ] DEBUG GameApplicationServi - Initializing application scenes
22:57:59.983 [FXGL Background Thread 1 ] DEBUG FXGLAssetLoaderServi - Loading from file system: file:/C:/Users/isyoh/Documents/école/Object%20oriented%20program/Cours/Plarformer1/target/classes/assets/textures/player.png
22:58:00.025 [FXGL Background Thread 1 ] DEBUG GameWorld            - Game world initialized
22:58:00.078 [FXGL Background Thread 1 ] DEBUG PhysicsWorld         - Physics world initialized: appHeight=720, physics.ppm=50,0
22:58:00.078 [FXGL Background Thread 1 ] DEBUG PhysicsWorld         - Using strategy: BRUTE_FORCE
22:58:00.081 [FXGL Background Thread 1 ] DEBUG GameScene            - Game scene initialized: 1280x720
22:58:00.098 [FXGL Background Thread 1 ] DEBUG FXGLAssetLoaderServi - Loading from file system: jar:file:///C:/Users/isyoh/.m2/repository/com/github/almasb/fxgl/11.14/fxgl-11.14.jar!/fxglassets/textures/particles/trace_horizontal.png
22:58:00.145 [FXGL Background Thread 1 ] DEBUG FXGL.DefaultMenu     - createMenuBodyGameMenu()
22:58:00.168 [FXGL Background Thread 1 ] DEBUG FXGL.DefaultMenu     - createOptionsMenu()
22:58:00.175 [FXGL Background Thread 1 ] DEBUG FXGLAssetLoaderServi - Loading from file system: jar:file:///C:/Users/isyoh/.m2/repository/com/github/almasb/fxgl/11.14/fxgl-11.14.jar!/fxglassets/textures/particles/smoke.png
22:58:00.322 [FXGL Background Thread 1 ] DEBUG GameApplicationServi - Application scenes initialized
22:58:00.336 [FXGL Background Thread 1 ] DEBUG SystemBundleService  - Loading FXGL system data
22:58:00.342 [FXGL Background Thread 1 ] DEBUG FileSystemAccess     - Reading from: C:\Users\isyoh\Documents\école\Object oriented program\Cours\Plarformer1\system\fxgl.bundle
22:58:00.351 [FXGL Background Thread 1 ] DEBUG SystemBundleService  - Bundle FXGL: {}
22:58:00.351 [FXGL Background Thread 1 ] DEBUG UpdaterService       - Checking for updates
22:58:00.358 [FXGL Background Thread 1 ] DEBUG FXGLApplication      - Loading default localization
22:58:00.359 [FXGL Background Thread 1 ] DEBUG FXGLAssetLoaderServi - Loading from file system: jar:file:///C:/Users/isyoh/.m2/repository/com/github/almasb/fxgl/11.14/fxgl-11.14.jar!/fxglassets/languages/english.lang
22:58:00.357 [FXGL Background Thread 4 ] DEBUG FXGLApplication      - Loading fonts
22:58:00.362 [FXGL Background Thread 4 ] DEBUG FXGLAssetLoaderServi - Loading from file system: jar:file:///C:/Users/isyoh/.m2/repository/com/github/almasb/fxgl/11.14/fxgl-11.14.jar!/fxglassets/ui/fonts/VarelaRound-Regular.ttf
22:58:00.383 [FXGL Background Thread 1 ] INFO  FXGLApplication      - FXGL initialization took: 0,786 sec
22:58:00.398 [JavaFX Application Thread] DEBUG Input                - Registered new binding: Left - A
22:58:00.399 [JavaFX Application Thread] DEBUG Input                - Registered new binding: Right - D
22:58:00.399 [JavaFX Application Thread] DEBUG Input                - Registered new binding: Jump - W
22:58:00.400 [JavaFX Application Thread] DEBUG Input                - Registered new binding: Whistle - X
22:58:00.400 [JavaFX Application Thread] DEBUG Input                - Registered new binding: Use - E
22:58:00.401 [JavaFX Application Thread] DEBUG FXGLAssetLoaderServi - Loading from file system: file:/C:/Users/isyoh/Documents/école/Object%20oriented%20program/Cours/Plarformer1/target/classes/assets/music/BGM_dash_runner.wav
22:58:00.675 [FXGL Background Thread 4 ] DEBUG FXGLAssetLoaderServi - Loading from file system: jar:file:///C:/Users/isyoh/.m2/repository/com/github/almasb/fxgl/11.14/fxgl-11.14.jar!/fxglassets/ui/fonts/Abel-Regular.ttf
22:58:00.693 [FXGL Background Thread 4 ] DEBUG FXGLAssetLoaderServi - Loading from file system: jar:file:///C:/Users/isyoh/.m2/repository/com/github/almasb/fxgl/11.14/fxgl-11.14.jar!/fxglassets/ui/fonts/lucida_console.ttf
22:58:00.738 [FXGL Background Thread 4 ] DEBUG FXGLAssetLoaderServi - Loading from file system: jar:file:///C:/Users/isyoh/.m2/repository/com/github/almasb/fxgl/11.14/fxgl-11.14.jar!/fxglassets/ui/fonts/Courier-Prime.ttf
22:58:01.072 [JavaFX Application Thread] DEBUG AudioPlayer          - Playing music com.almasb.fxgl.audio.Music@296b2e3e
22:58:01.073 [JavaFX Application Thread] DEBUG FXGLAssetLoaderServi - Loading from file system: jar:file:///C:/Users/isyoh/.m2/repository/com/github/almasb/fxgl/11.14/fxgl-11.14.jar!/fxglassets/textures/fxgl_icon.png
22:58:01.114 [JavaFX Application Thread] DEBUG FXGLAssetLoaderServi - Loading from file system: jar:file:///C:/Users/isyoh/.m2/repository/com/github/almasb/fxgl/11.14/fxgl-11.14.jar!/fxglassets/ui/cursors/fxgl_default.png
22:58:01.118 [JavaFX Application Thread] DEBUG Input                - Registered new binding: Screenshot - P
22:58:01.119 [JavaFX Application Thread] DEBUG Input                - Registered new binding: System info dump - CTRL+9
22:58:01.120 [JavaFX Application Thread] DEBUG Input                - Registered new binding: Restart - CTRL+R
22:58:01.121 [JavaFX Application Thread] DEBUG Input                - Registered new binding: Toggle Debug Camera - CTRL+C
22:58:01.123 [JavaFX Application Thread] DEBUG LoopRunner           - Starting loop
22:58:01.125 [JavaFX Application Thread] DEBUG LoopRunner           - Initializing JavaFX AnimationTimerLoop
22:58:01.126 [JavaFX Application Thread] DEBUG GameApplicationServi - Starting new game
22:58:01.127 [JavaFX Application Thread] DEBUG Input                - Clearing active input actions
22:58:01.156 [JavaFX Application Thread] DEBUG GameApplicationServi - Removing overlay from FXGLStartupScene and adding to BetterLoadingScene
22:58:01.157 [JavaFX Application Thread] DEBUG PrimaryStageWindow   - FXGLStartupScene -> BetterLoadingScene
22:58:01.158 [JavaFX Application Thread] DEBUG GameApplicationServi - Clearing previous game
22:58:01.158 [JavaFX Application Thread] DEBUG GameScene            - Clearing game scene
22:58:01.158 [JavaFX Application Thread] DEBUG GameWorld            - Clearing game world
22:58:01.159 [JavaFX Application Thread] DEBUG PhysicsWorld         - Clearing physics world
22:58:01.160 [JavaFX Application Thread] DEBUG FXGLApplication      - Registering font factories with UI factory
22:58:01.160 [FXGL Background Thread 4 ] DEBUG FXGLApplication      - Initializing game
22:58:01.176 [FXGL Background Thread 2 ] INFO  UpdaterService       - Your current version:  11.14
22:58:01.177 [FXGL Background Thread 2 ] INFO  UpdaterService       - Latest stable version: 11.15
22:58:01.247 [FXGL Background Thread 4 ] DEBUG TMXLevelLoader       - Parsed raw map: TiledMap(width=15, height=10, tilewidth=70, tileheight=70, orientation=orthogonal, layers=[Layer(width=15, height=10, name=Tile Layer 1, type=tilelayer, visible=false, x=0, y=0, data=[0, 0, 0, 0, 0, 0, 0, 0, 0, 0, 0, 0, 0, 0, 0, 0, 0, 0, 0, 0, 0, 0, 0, 0, 0, 0, 0, 0, 0, 0, 0, 0, 0, 0, 0, 0, 0, 0, 0, 0, 0, 0, 0, 0, 0, 0, 0, 0, 0, 0, 0, 0, 0, 0, 0, 0, 0, 0, 0, 0, 0, 0, 0, 0, 0, 0, 0, 0, 0, 0, 0, 0, 0, 0, 0, 0, 0, 0, 0, 0, 0, 0, 0, 0, 0, 0, 0, 0, 0, 0, 0, 0, 0, 0, 0, 0, 0, 0, 0, 0, 0, 0, 0, 0, 0, 0, 0, 0, 0, 0, 0, 0, 0, 0, 0, 0, 0, 0, 0, 0, 0, 0, 0, 0, 0, 0, 69, 57, 45, 0, 0, 1, 0, 0, 0, 116, 104, 104, 104, 104, 104, 104, 104, 104, 104, 104, 104, 104, 104, 92], objects=[], opacity=0.0, draworder=), Layer(width=0, height=0, name=Object Layer 1, type=objectgroup, visible=false, x=0, y=0, data=[], objects=[com.almasb.fxgl.entity.level.tiled.TiledObject@7bdef654, com.almasb.fxgl.entity.level.tiled.TiledObject@32f6bd86, com.almasb.fxgl.entity.level.tiled.TiledObject@448cd732, com.almasb.fxgl.entity.level.tiled.TiledObject@2f94473d, com.almasb.fxgl.entity.level.tiled.TiledObject@23f468cd, com.almasb.fxgl.entity.level.tiled.TiledObject@24e9ebb8, com.almasb.fxgl.entity.level.tiled.TiledObject@67e8d50, com.almasb.fxgl.entity.level.tiled.TiledObject@bde8f0d, com.almasb.fxgl.entity.level.tiled.TiledObject@b6c3cbb, com.almasb.fxgl.entity.level.tiled.TiledObject@6033a245, com.almasb.fxgl.entity.level.tiled.TiledObject@12d5a71e], opacity=0.0, draworder=)], tilesets=[Tileset(firstgid=1, image=tiles_spritesheet.png, name=tiles_spritesheet, tilewidth=70, tileheight=70, imagewidth=914, imageheight=936, margin=0, spacing=2, columns=12, tilecount=156, transparentcolor=, tiles=[])], backgroundcolor=, renderorder=right-down, nextobjectid=22, version=1, tiledversion=1.2.3, type=map, infinite=false, hexsidelength=0, staggeraxis=, staggerindex=, properties={star1time=7.0}, propertytypes={star1time=float})
22:58:01.248 [FXGL Background Thread 4 ] DEBUG TMXLevelLoader       - Creating tile layer entities
22:58:01.250 [FXGL Background Thread 4 ] DEBUG TilesetLoader        - Loading view for layer Tile Layer 1
22:58:01.252 [FXGL Background Thread 4 ] DEBUG TilesetLoader        - Created buffer with size 1050.0x700.0
22:58:01.338 [FXGL Background Thread 4 ] DEBUG TilesetLoader        - Writing to buffer: dst=420,560, w=70,h=70, src=576,360
22:58:01.339 [FXGL Background Thread 4 ] DEBUG TilesetLoader        - Writing to buffer: dst=490,560, w=70,h=70, src=576,288
22:58:01.339 [FXGL Background Thread 4 ] DEBUG TilesetLoader        - Writing to buffer: dst=560,560, w=70,h=70, src=576,216
22:58:01.340 [FXGL Background Thread 4 ] DEBUG TilesetLoader        - Writing to buffer: dst=770,560, w=70,h=70, src=0,0
22:58:01.340 [FXGL Background Thread 4 ] DEBUG TilesetLoader        - Writing to buffer: dst=0,630, w=70,h=70, src=504,648
22:58:01.341 [FXGL Background Thread 4 ] DEBUG TilesetLoader        - Writing to buffer: dst=70,630, w=70,h=70, src=504,576
22:58:01.341 [FXGL Background Thread 4 ] DEBUG TilesetLoader        - Writing to buffer: dst=140,630, w=70,h=70, src=504,576
22:58:01.341 [FXGL Background Thread 4 ] DEBUG TilesetLoader        - Writing to buffer: dst=210,630, w=70,h=70, src=504,576
22:58:01.342 [FXGL Background Thread 4 ] DEBUG TilesetLoader        - Writing to buffer: dst=280,630, w=70,h=70, src=504,576
22:58:01.342 [FXGL Background Thread 4 ] DEBUG TilesetLoader        - Writing to buffer: dst=350,630, w=70,h=70, src=504,576
22:58:01.342 [FXGL Background Thread 4 ] DEBUG TilesetLoader        - Writing to buffer: dst=420,630, w=70,h=70, src=504,576
22:58:01.343 [FXGL Background Thread 4 ] DEBUG TilesetLoader        - Writing to buffer: dst=490,630, w=70,h=70, src=504,576
22:58:01.343 [FXGL Background Thread 4 ] DEBUG TilesetLoader        - Writing to buffer: dst=560,630, w=70,h=70, src=504,576
22:58:01.343 [FXGL Background Thread 4 ] DEBUG TilesetLoader        - Writing to buffer: dst=630,630, w=70,h=70, src=504,576
22:58:01.343 [FXGL Background Thread 4 ] DEBUG TilesetLoader        - Writing to buffer: dst=700,630, w=70,h=70, src=504,576
22:58:01.344 [FXGL Background Thread 4 ] DEBUG TilesetLoader        - Writing to buffer: dst=770,630, w=70,h=70, src=504,576
22:58:01.353 [FXGL Background Thread 4 ] DEBUG TilesetLoader        - Writing to buffer: dst=840,630, w=70,h=70, src=504,576
22:58:01.354 [FXGL Background Thread 4 ] DEBUG TilesetLoader        - Writing to buffer: dst=910,630, w=70,h=70, src=504,576
22:58:01.354 [FXGL Background Thread 4 ] DEBUG TilesetLoader        - Writing to buffer: dst=980,630, w=70,h=70, src=504,504
22:58:01.355 [FXGL Background Thread 4 ] DEBUG TMXLevelLoader       - Creating object layer entities
22:58:01.399 [FXGL Background Thread 4 ] DEBUG FXGLAssetLoaderServi - Loading from file system: file:/C:/Users/isyoh/Documents/école/Object%20oriented%20program/Cours/Plarformer1/target/classes/assets/textures/enemy.png
22:58:01.410 [FXGL Background Thread 4 ] DEBUG GameWorld            - Clearing removable entities
22:58:01.411 [FXGL Background Thread 4 ] DEBUG GameWorld            - Setting level: com.almasb.fxgl.entity.level.Level@29e72ffa
22:58:01.432 [FXGL Background Thread 4 ] DEBUG FXGLAssetLoaderServi - Loading from file system: file:/C:/Users/isyoh/Documents/école/Object%20oriented%20program/Cours/Plarformer1/target/classes/assets/textures/background/forest.png
22:58:01.455 [FXGL Background Thread 4 ] INFO  FXGLApplication      - Game initialization took: 0,295 sec
22:58:02.306 [JavaFX Application Thread] DEBUG Input                - Clearing active input actions
22:58:02.320 [JavaFX Application Thread] DEBUG GameApplicationServi - Removing overlay from BetterLoadingScene and adding to GameScene
22:58:02.321 [JavaFX Application Thread] DEBUG PrimaryStageWindow   - BetterLoadingScene -> GameScene
22:58:02.607 [JavaFX Application Thread] DEBUG FXGLAssetLoaderServi - Loading from file system: file:/C:/Users/isyoh/Documents/école/Object%20oriented%20program/Cours/Plarformer1/target/classes/assets/sounds/land.wav
22:58:03.356 [FXGL Background Thread 3 ] DEBUG Engine               - Logging environment variables
22:58:03.358 [FXGL Background Thread 3 ] DEBUG Engine               - achievements: []
22:58:03.359 [FXGL Background Thread 3 ] DEBUG Engine               - actualHeight: 679.0
22:58:03.359 [FXGL Background Thread 3 ] DEBUG Engine               - actualHeightProperty: ReadOnlyDoubleProperty [value: 679.0]
22:58:03.360 [FXGL Background Thread 3 ] DEBUG Engine               - actualWidth: 1183.0
22:58:03.360 [FXGL Background Thread 3 ] DEBUG Engine               - actualWidthProperty: ReadOnlyDoubleProperty [value: 1183.0]
22:58:03.360 [FXGL Background Thread 3 ] DEBUG Engine               - appIcon: fxgl_icon.png
22:58:03.360 [FXGL Background Thread 3 ] DEBUG Engine               - applicationMode: DEVELOPER
22:58:03.361 [FXGL Background Thread 3 ] DEBUG Engine               - cSSList: [fxgl_dark.css]
22:58:03.361 [FXGL Background Thread 3 ] DEBUG Engine               - collisionDetectionStrategy: BRUTE_FORCE
22:58:03.361 [FXGL Background Thread 3 ] DEBUG Engine               - configClass: Optional.empty
22:58:03.362 [FXGL Background Thread 3 ] DEBUG Engine               - credits: []
22:58:03.362 [FXGL Background Thread 3 ] DEBUG Engine               - devBBoxColorProperty: ObjectProperty [value: 0xff0000ff]
22:58:03.362 [FXGL Background Thread 3 ] DEBUG Engine               - devEnableDebugCameraProperty: BooleanProperty [value: false]
22:58:03.363 [FXGL Background Thread 3 ] DEBUG Engine               - devSensorColorProperty: ObjectProperty [value: 0xffff00ff]
22:58:03.363 [FXGL Background Thread 3 ] DEBUG Engine               - devShowBBoxProperty: BooleanProperty [value: false]
22:58:03.363 [FXGL Background Thread 3 ] DEBUG Engine               - devShowPositionProperty: BooleanProperty [value: false]
22:58:03.364 [FXGL Background Thread 3 ] DEBUG Engine               - enabledMenuItems: []
22:58:03.364 [FXGL Background Thread 3 ] DEBUG Engine               - engineServices: [class com.almasb.fxgl.app.services.FXGLAssetLoaderService, class com.almasb.fxgl.app.FXGLApplication$GameApplicationService, class com.almasb.fxgl.app.services.FXGLDialogService, class com.almasb.fxgl.app.services.IOTaskExecutorService, class com.almasb.fxgl.event.EventBusService, class com.almasb.fxgl.io.FileSystemService, class com.almasb.fxgl.localization.LocalizationService, class com.almasb.fxgl.app.services.SystemBundleService, class com.almasb.fxgl.profile.SaveLoadService, class com.almasb.fxgl.ui.FXGLUIFactoryServiceProvider, class com.almasb.fxgl.ui.FXGLDialogFactoryServiceProvider, class com.almasb.fxgl.audio.AudioPlayer, class com.almasb.fxgl.notification.impl.NotificationServiceProvider, class com.almasb.fxgl.achievement.AchievementService, class com.almasb.fxgl.cutscene.CutsceneService, class com.almasb.fxgl.minigames.MiniGameService, class com.almasb.fxgl.net.NetService, class com.almasb.fxgl.app.services.UpdaterService, class com.almasb.fxgl.dev.DevService]
22:58:03.364 [FXGL Background Thread 3 ] DEBUG Engine               - fontGame: Abel-Regular.ttf
22:58:03.364 [FXGL Background Thread 3 ] DEBUG Engine               - fontMono: lucida_console.ttf
22:58:03.365 [FXGL Background Thread 3 ] DEBUG Engine               - fontText: Courier-Prime.ttf
22:58:03.365 [FXGL Background Thread 3 ] DEBUG Engine               - fontUI: VarelaRound-Regular.ttf
22:58:03.365 [FXGL Background Thread 3 ] DEBUG Engine               - fullScreen: BooleanProperty [value: false]
22:58:03.365 [FXGL Background Thread 3 ] DEBUG Engine               - gameDifficulty: MEDIUM
22:58:03.365 [FXGL Background Thread 3 ] DEBUG Engine               - gameDifficultyProperty: ObjectProperty [value: MEDIUM]
22:58:03.366 [FXGL Background Thread 3 ] DEBUG Engine               - globalMusicVolume: 0.5
22:58:03.366 [FXGL Background Thread 3 ] DEBUG Engine               - globalMusicVolumeProperty: DoubleProperty [value: 0.08]
22:58:03.366 [FXGL Background Thread 3 ] DEBUG Engine               - globalSoundVolume: 0.5
22:58:03.366 [FXGL Background Thread 3 ] DEBUG Engine               - globalSoundVolumeProperty: DoubleProperty [value: 0.08]
22:58:03.366 [FXGL Background Thread 3 ] DEBUG Engine               - height: 720
22:58:03.366 [FXGL Background Thread 3 ] DEBUG Engine               - isAndroid: false
22:58:03.367 [FXGL Background Thread 3 ] DEBUG Engine               - isBrowser: false
22:58:03.367 [FXGL Background Thread 3 ] DEBUG Engine               - isClickFeedbackEnabled: false
22:58:03.367 [FXGL Background Thread 3 ] DEBUG Engine               - isCloseConfirmation: false
22:58:03.367 [FXGL Background Thread 3 ] DEBUG Engine               - isDesktop: true
22:58:03.368 [FXGL Background Thread 3 ] DEBUG Engine               - isDeveloperMenuEnabled: false
22:58:03.368 [FXGL Background Thread 3 ] DEBUG Engine               - isEntityPreloadEnabled: true
22:58:03.368 [FXGL Background Thread 3 ] DEBUG Engine               - isExperimental3D: false
22:58:03.368 [FXGL Background Thread 3 ] DEBUG Engine               - isExperimentalNative: false
22:58:03.368 [FXGL Background Thread 3 ] DEBUG Engine               - isExperimentalTiledLargeMap: false
22:58:03.368 [FXGL Background Thread 3 ] DEBUG Engine               - isFileSystemWriteAllowed: true
22:58:03.369 [FXGL Background Thread 3 ] DEBUG Engine               - isFullScreenAllowed: false
22:58:03.369 [FXGL Background Thread 3 ] DEBUG Engine               - isFullScreenFromStart: false
22:58:03.369 [FXGL Background Thread 3 ] DEBUG Engine               - isGameMenuEnabled: true
22:58:03.369 [FXGL Background Thread 3 ] DEBUG Engine               - isIOS: false
22:58:03.370 [FXGL Background Thread 3 ] DEBUG Engine               - isIntroEnabled: false
22:58:03.370 [FXGL Background Thread 3 ] DEBUG Engine               - isLinux: false
22:58:03.370 [FXGL Background Thread 3 ] DEBUG Engine               - isMac: false
22:58:03.371 [FXGL Background Thread 3 ] DEBUG Engine               - isMainMenuEnabled: false
22:58:03.371 [FXGL Background Thread 3 ] DEBUG Engine               - isManualResizeEnabled: false
22:58:03.371 [FXGL Background Thread 3 ] DEBUG Engine               - isMobile: false
22:58:03.372 [FXGL Background Thread 3 ] DEBUG Engine               - isPreserveResizeRatio: false
22:58:03.372 [FXGL Background Thread 3 ] DEBUG Engine               - isProfilingEnabled: false
22:58:03.373 [FXGL Background Thread 3 ] DEBUG Engine               - isScaleAffectedOnResize: true
22:58:03.375 [FXGL Background Thread 3 ] DEBUG Engine               - isSingleStep: false
22:58:03.376 [FXGL Background Thread 3 ] DEBUG Engine               - isUserProfileEnabled: false
22:58:03.378 [FXGL Background Thread 3 ] DEBUG Engine               - isWindows: true
22:58:03.379 [FXGL Background Thread 3 ] DEBUG Engine               - language: ObjectProperty [value: ENGLISH]
22:58:03.382 [FXGL Background Thread 3 ] DEBUG Engine               - menuKey: ESCAPE
22:58:03.382 [FXGL Background Thread 3 ] DEBUG Engine               - notificationViewClass: class com.almasb.fxgl.notification.view.XboxNotificationView
22:58:03.383 [FXGL Background Thread 3 ] DEBUG Engine               - pixelsPerMeter: 50.0
22:58:03.383 [FXGL Background Thread 3 ] DEBUG Engine               - platform: WINDOWS
22:58:03.383 [FXGL Background Thread 3 ] DEBUG Engine               - prefHeightProperty: ReadOnlyDoubleProperty [value: 720.0]
22:58:03.383 [FXGL Background Thread 3 ] DEBUG Engine               - prefWidthProperty: ReadOnlyDoubleProperty [value: 1280.0]
22:58:03.384 [FXGL Background Thread 3 ] DEBUG Engine               - profileDir: profiles/
22:58:03.384 [FXGL Background Thread 3 ] DEBUG Engine               - profileName: StringProperty [value: DEFAULT]
22:58:03.384 [FXGL Background Thread 3 ] DEBUG Engine               - randomSeed: -1
22:58:03.384 [FXGL Background Thread 3 ] DEBUG Engine               - runtimeInfo: RuntimeInfo(platform=WINDOWS, version=11.14, build=01.03.2021 16.59)
22:58:03.385 [FXGL Background Thread 3 ] DEBUG Engine               - saveFileExt: sav
22:58:03.385 [FXGL Background Thread 3 ] DEBUG Engine               - scaledHeightProp$fxgl: DoubleProperty [bound, value: 679.0]
22:58:03.385 [FXGL Background Thread 3 ] DEBUG Engine               - scaledWidthProp$fxgl: DoubleProperty [bound, value: 1183.0]
22:58:03.385 [FXGL Background Thread 3 ] DEBUG Engine               - sceneFactory: Main.App$1@225e03e5
22:58:03.386 [FXGL Background Thread 3 ] DEBUG Engine               - secondsIn24h: 60
22:58:03.386 [FXGL Background Thread 3 ] DEBUG Engine               - soundMenuBack: menu/back.wav
22:58:03.387 [FXGL Background Thread 3 ] DEBUG Engine               - soundMenuPress: menu/press.wav
22:58:03.387 [FXGL Background Thread 3 ] DEBUG Engine               - soundMenuSelect: menu/select.wav
22:58:03.387 [FXGL Background Thread 3 ] DEBUG Engine               - soundNotification: core/notification.wav
22:58:03.388 [FXGL Background Thread 3 ] DEBUG Engine               - stageStyle: DECORATED
22:58:03.388 [FXGL Background Thread 3 ] DEBUG Engine               - supportedLanguages: [ENGLISH, FRENCH, GERMAN, HUNGARIAN, RUSSIAN]
22:58:03.388 [FXGL Background Thread 3 ] DEBUG Engine               - ticksPerSecond: -1
22:58:03.389 [FXGL Background Thread 3 ] DEBUG Engine               - title: Game 1 Let's go
22:58:03.390 [FXGL Background Thread 3 ] DEBUG Engine               - urlGithub: https://github.com/AlmasB/FXGL
22:58:03.391 [FXGL Background Thread 3 ] DEBUG Engine               - urlLeaderboard: http://fxgl-top.herokuapp.com/
22:58:03.391 [FXGL Background Thread 3 ] DEBUG Engine               - urlPOM: https://raw.githubusercontent.com/AlmasB/FXGL/release/README.md
22:58:03.392 [FXGL Background Thread 3 ] DEBUG Engine               - userAppClass: class Main.App
22:58:03.392 [FXGL Background Thread 3 ] DEBUG Engine               - version: 1.0
22:58:03.393 [FXGL Background Thread 3 ] DEBUG Engine               - versionCheckDays: 7
22:58:03.394 [FXGL Background Thread 3 ] DEBUG Engine               - width: 1280
22:58:03.395 [FXGL Background Thread 3 ] DEBUG Engine               - Logging services
22:58:03.396 [FXGL Background Thread 3 ] DEBUG Engine               - class com.almasb.fxgl.app.services.FXGLAssetLoaderService
22:58:03.397 [FXGL Background Thread 3 ] DEBUG Engine               - class com.almasb.fxgl.app.FXGLApplication$GameApplicationService
22:58:03.398 [FXGL Background Thread 3 ] DEBUG Engine               - class com.almasb.fxgl.app.services.FXGLDialogService
22:58:03.400 [FXGL Background Thread 3 ] DEBUG Engine               - class com.almasb.fxgl.app.services.IOTaskExecutorService
22:58:03.401 [FXGL Background Thread 3 ] DEBUG Engine               - class com.almasb.fxgl.event.EventBusService
22:58:03.402 [FXGL Background Thread 3 ] DEBUG Engine               - class com.almasb.fxgl.io.FileSystemService
22:58:03.402 [FXGL Background Thread 3 ] DEBUG Engine               - class com.almasb.fxgl.localization.LocalizationService
22:58:03.402 [FXGL Background Thread 3 ] DEBUG Engine               - class com.almasb.fxgl.app.services.SystemBundleService
22:58:03.403 [FXGL Background Thread 3 ] DEBUG Engine               - class com.almasb.fxgl.profile.SaveLoadService
22:58:03.403 [FXGL Background Thread 3 ] DEBUG Engine               - class com.almasb.fxgl.ui.FXGLUIFactoryServiceProvider
22:58:03.403 [FXGL Background Thread 3 ] DEBUG Engine               - class com.almasb.fxgl.ui.FXGLDialogFactoryServiceProvider
22:58:03.403 [FXGL Background Thread 3 ] DEBUG Engine               - class com.almasb.fxgl.audio.AudioPlayer
22:58:03.403 [FXGL Background Thread 3 ] DEBUG Engine               - class com.almasb.fxgl.notification.impl.NotificationServiceProvider
22:58:03.404 [FXGL Background Thread 3 ] DEBUG Engine               - class com.almasb.fxgl.achievement.AchievementService
22:58:03.404 [FXGL Background Thread 3 ] DEBUG Engine               - class com.almasb.fxgl.cutscene.CutsceneService
22:58:03.404 [FXGL Background Thread 3 ] DEBUG Engine               - class com.almasb.fxgl.minigames.MiniGameService
22:58:03.404 [FXGL Background Thread 3 ] DEBUG Engine               - class com.almasb.fxgl.net.NetService
22:58:03.404 [FXGL Background Thread 3 ] DEBUG Engine               - class com.almasb.fxgl.app.services.UpdaterService
22:58:03.405 [FXGL Background Thread 3 ] DEBUG Engine               - class com.almasb.fxgl.dev.DevService
22:58:03.519 [JavaFX Application Thread] DEBUG FXGLAssetLoaderServi - Loading from file system: file:/C:/Users/isyoh/Documents/école/Object%20oriented%20program/Cours/Plarformer1/target/classes/assets/sounds/jump.wav
22:58:04.722 [JavaFX Application Thread] DEBUG FXGLAssetLoaderServi - Loading from file system: file:/C:/Users/isyoh/Documents/école/Object%20oriented%20program/Cours/Plarformer1/target/classes/assets/sounds/Honking.wav
22:58:06.879 [JavaFX Application Thread] DEBUG FXGLApplication      - Exiting FXGL
22:58:06.879 [JavaFX Application Thread] DEBUG LoopRunner           - Stopping loop
22:58:06.880 [JavaFX Application Thread] DEBUG SystemBundleService  - Saving FXGL system data
22:58:06.883 [JavaFX Application Thread] DEBUG FileSystemAccess     - Writing to: C:\Users\isyoh\Documents\école\Object oriented program\Cours\Plarformer1\system\fxgl.bundle
22:58:06.886 [JavaFX Application Thread] DEBUG Async                - Shutting down background threads
22:58:06.886 [JavaFX Application Thread] DEBUG PrimaryStageWindow   - Closing main window
22:58:06.913 [JavaFX Application Thread] DEBUG Logger               - Closing Logger
