22:54:21.106 [main                     ] DEBUG Logger               - Configured Logger
22:54:21.140 [main                     ] DEBUG GameApplication      - Logging settings
Title: Game 1 Let's go
Version: 1.0
Width: 1280
Height: 720
Fullscreen: false
Intro: false
Profiling: false
Single step:false
App Mode: DEVELOPER
Menu Key: ESCAPE
Stage Style: DECORATED
Scene Factory: class Main.App$1

22:54:23.840 [JavaFX Application Thread] DEBUG FXGLApplication      - Initializing FXGL
22:54:23.843 [JavaFX Application Thread] INFO  Engine               - FXGL-11.14 (01.03.2021 16.59) on WINDOWS (J:15.0.2 FX:15)
22:54:23.844 [JavaFX Application Thread] DEBUG Engine               - JRE Vendor Name: Oracle Corporation
22:54:23.845 [JavaFX Application Thread] DEBUG Engine               - Running on OS: Windows 10 version 10.0
22:54:23.845 [JavaFX Application Thread] DEBUG Engine               - Architecture: amd64
22:54:23.846 [JavaFX Application Thread] INFO  Engine               - Source code and latest versions at: https://github.com/AlmasB/FXGL
22:54:23.846 [JavaFX Application Thread] INFO  Engine               -              Join the FXGL chat at: https://gitter.im/AlmasB/FXGL
22:54:24.115 [JavaFX Application Thread] DEBUG PrimaryStageWindow   - Creating a JavaFX scene
22:54:24.116 [JavaFX Application Thread] DEBUG PrimaryStageWindow   - Target size > screen size
22:54:24.273 [JavaFX Application Thread] DEBUG PrimaryStageWindow   - Target settings size: 1280.0 x 720.0
22:54:24.273 [JavaFX Application Thread] DEBUG PrimaryStageWindow   - Scaled scene size:    1183.0 x 679.0
22:54:24.274 [JavaFX Application Thread] DEBUG PrimaryStageWindow   - Scaled ratio: (0.92421875, 0.9430555555555555)
22:54:24.276 [JavaFX Application Thread] DEBUG PrimaryStageWindow   - Set initial scene to FXGLStartupScene
22:54:24.288 [JavaFX Application Thread] DEBUG PrimaryStageWindow   - Opening main window
22:54:24.882 [JavaFX Application Thread] DEBUG PrimaryStageWindow   - Window border size: (15.0, 37.66668701171875)
22:54:24.883 [JavaFX Application Thread] DEBUG PrimaryStageWindow   - Scaled size: 1183.0 x 679.0
22:54:24.883 [JavaFX Application Thread] DEBUG PrimaryStageWindow   - Scaled ratio: (0.92421875, 0.9430555555555555)
22:54:24.883 [JavaFX Application Thread] DEBUG PrimaryStageWindow   - Scene size: 1183.0 x 679.0
22:54:24.884 [JavaFX Application Thread] DEBUG PrimaryStageWindow   - Stage size: 1198.0 x 716.6666870117188
22:54:24.974 [FXGL Background Thread 1 ] DEBUG Engine               - Initializing environment variables
22:54:25.051 [FXGL Background Thread 1 ] DEBUG FXGLAssetLoaderServi - User app class for loading assets: class Main.App
22:54:25.052 [FXGL Background Thread 1 ] DEBUG GameApplicationServi - Applying CSS: fxgl_dark.css
22:54:25.056 [FXGL Background Thread 1 ] DEBUG FXGLAssetLoaderServi - Loading from file system: jar:file:///C:/Users/isyoh/.m2/repository/com/github/almasb/fxgl/11.14/fxgl-11.14.jar!/fxglassets/ui/css/fxgl_dark.css
22:54:25.177 [FXGL Background Thread 1 ] DEBUG GameApplicationServi - Initializing application scenes
22:54:25.326 [FXGL Background Thread 1 ] DEBUG FXGLAssetLoaderServi - Loading from file system: file:/C:/Users/isyoh/Documents/école/Object%20oriented%20program/Cours/Plarformer1/target/classes/assets/textures/player.png
22:54:25.366 [FXGL Background Thread 1 ] DEBUG GameWorld            - Game world initialized
22:54:25.455 [FXGL Background Thread 1 ] DEBUG PhysicsWorld         - Physics world initialized: appHeight=720, physics.ppm=50,0
22:54:25.456 [FXGL Background Thread 1 ] DEBUG PhysicsWorld         - Using strategy: BRUTE_FORCE
22:54:25.460 [FXGL Background Thread 1 ] DEBUG GameScene            - Game scene initialized: 1280x720
22:54:25.485 [FXGL Background Thread 1 ] DEBUG FXGLAssetLoaderServi - Loading from file system: jar:file:///C:/Users/isyoh/.m2/repository/com/github/almasb/fxgl/11.14/fxgl-11.14.jar!/fxglassets/textures/particles/trace_horizontal.png
22:54:25.574 [FXGL Background Thread 1 ] DEBUG FXGL.DefaultMenu     - createMenuBodyGameMenu()
22:54:25.615 [FXGL Background Thread 1 ] DEBUG FXGL.DefaultMenu     - createOptionsMenu()
22:54:25.631 [FXGL Background Thread 1 ] DEBUG FXGLAssetLoaderServi - Loading from file system: jar:file:///C:/Users/isyoh/.m2/repository/com/github/almasb/fxgl/11.14/fxgl-11.14.jar!/fxglassets/textures/particles/smoke.png
22:54:25.749 [FXGL Background Thread 1 ] DEBUG GameApplicationServi - Application scenes initialized
22:54:25.770 [FXGL Background Thread 1 ] DEBUG SystemBundleService  - Loading FXGL system data
22:54:25.782 [FXGL Background Thread 1 ] DEBUG FileSystemAccess     - Reading from: C:\Users\isyoh\Documents\école\Object oriented program\Cours\Plarformer1\system\fxgl.bundle
22:54:25.794 [FXGL Background Thread 1 ] DEBUG SystemBundleService  - Bundle FXGL: {}
22:54:25.795 [FXGL Background Thread 1 ] DEBUG UpdaterService       - Checking for updates
22:54:25.802 [FXGL Background Thread 4 ] DEBUG FXGLApplication      - Loading fonts
22:54:25.802 [FXGL Background Thread 1 ] DEBUG FXGLApplication      - Loading default localization
22:54:25.803 [FXGL Background Thread 4 ] DEBUG FXGLAssetLoaderServi - Loading from file system: jar:file:///C:/Users/isyoh/.m2/repository/com/github/almasb/fxgl/11.14/fxgl-11.14.jar!/fxglassets/ui/fonts/VarelaRound-Regular.ttf
22:54:25.803 [FXGL Background Thread 1 ] DEBUG FXGLAssetLoaderServi - Loading from file system: jar:file:///C:/Users/isyoh/.m2/repository/com/github/almasb/fxgl/11.14/fxgl-11.14.jar!/fxglassets/languages/english.lang
22:54:25.833 [FXGL Background Thread 1 ] INFO  FXGLApplication      - FXGL initialization took: 0,859 sec
22:54:25.849 [JavaFX Application Thread] DEBUG Input                - Registered new binding: Left - A
22:54:25.850 [JavaFX Application Thread] DEBUG Input                - Registered new binding: Right - D
22:54:25.850 [JavaFX Application Thread] DEBUG Input                - Registered new binding: Jump - W
22:54:25.851 [JavaFX Application Thread] DEBUG Input                - Registered new binding: Whistle - X
22:54:25.851 [JavaFX Application Thread] DEBUG Input                - Registered new binding: Use - E
22:54:25.852 [JavaFX Application Thread] DEBUG FXGLAssetLoaderServi - Loading from file system: file:/C:/Users/isyoh/Documents/école/Object%20oriented%20program/Cours/Plarformer1/target/classes/assets/music/BGM_dash_runner.wav
22:54:26.356 [FXGL Background Thread 4 ] DEBUG FXGLAssetLoaderServi - Loading from file system: jar:file:///C:/Users/isyoh/.m2/repository/com/github/almasb/fxgl/11.14/fxgl-11.14.jar!/fxglassets/ui/fonts/Abel-Regular.ttf
22:54:26.449 [FXGL Background Thread 4 ] DEBUG FXGLAssetLoaderServi - Loading from file system: jar:file:///C:/Users/isyoh/.m2/repository/com/github/almasb/fxgl/11.14/fxgl-11.14.jar!/fxglassets/ui/fonts/lucida_console.ttf
22:54:26.485 [FXGL Background Thread 4 ] DEBUG FXGLAssetLoaderServi - Loading from file system: jar:file:///C:/Users/isyoh/.m2/repository/com/github/almasb/fxgl/11.14/fxgl-11.14.jar!/fxglassets/ui/fonts/Courier-Prime.ttf
22:54:26.953 [JavaFX Application Thread] DEBUG AudioPlayer          - Playing music com.almasb.fxgl.audio.Music@72bdc905
22:54:26.955 [JavaFX Application Thread] DEBUG FXGLAssetLoaderServi - Loading from file system: jar:file:///C:/Users/isyoh/.m2/repository/com/github/almasb/fxgl/11.14/fxgl-11.14.jar!/fxglassets/textures/fxgl_icon.png
22:54:27.000 [JavaFX Application Thread] DEBUG FXGLAssetLoaderServi - Loading from file system: jar:file:///C:/Users/isyoh/.m2/repository/com/github/almasb/fxgl/11.14/fxgl-11.14.jar!/fxglassets/ui/cursors/fxgl_default.png
22:54:27.006 [JavaFX Application Thread] DEBUG Input                - Registered new binding: Screenshot - P
22:54:27.007 [JavaFX Application Thread] DEBUG Input                - Registered new binding: System info dump - CTRL+9
22:54:27.008 [JavaFX Application Thread] DEBUG Input                - Registered new binding: Restart - CTRL+R
22:54:27.009 [JavaFX Application Thread] DEBUG Input                - Registered new binding: Toggle Debug Camera - CTRL+C
22:54:27.012 [JavaFX Application Thread] DEBUG LoopRunner           - Starting loop
22:54:27.012 [JavaFX Application Thread] DEBUG LoopRunner           - Initializing JavaFX AnimationTimerLoop
22:54:27.016 [JavaFX Application Thread] DEBUG GameApplicationServi - Starting new game
22:54:27.017 [JavaFX Application Thread] DEBUG Input                - Clearing active input actions
22:54:27.044 [JavaFX Application Thread] DEBUG GameApplicationServi - Removing overlay from FXGLStartupScene and adding to BetterLoadingScene
22:54:27.046 [JavaFX Application Thread] DEBUG PrimaryStageWindow   - FXGLStartupScene -> BetterLoadingScene
22:54:27.046 [JavaFX Application Thread] DEBUG GameApplicationServi - Clearing previous game
22:54:27.046 [JavaFX Application Thread] DEBUG GameScene            - Clearing game scene
22:54:27.048 [JavaFX Application Thread] DEBUG GameWorld            - Clearing game world
22:54:27.050 [JavaFX Application Thread] DEBUG PhysicsWorld         - Clearing physics world
22:54:27.053 [JavaFX Application Thread] DEBUG FXGLApplication      - Registering font factories with UI factory
22:54:27.053 [FXGL Background Thread 4 ] DEBUG FXGLApplication      - Initializing game
22:54:27.141 [FXGL Background Thread 2 ] INFO  UpdaterService       - Your current version:  11.14
22:54:27.141 [FXGL Background Thread 2 ] INFO  UpdaterService       - Latest stable version: 11.15
22:54:27.156 [FXGL Background Thread 4 ] DEBUG TMXLevelLoader       - Parsed raw map: TiledMap(width=15, height=10, tilewidth=70, tileheight=70, orientation=orthogonal, layers=[Layer(width=15, height=10, name=Tile Layer 1, type=tilelayer, visible=false, x=0, y=0, data=[0, 0, 0, 0, 0, 0, 0, 0, 0, 0, 0, 0, 0, 0, 0, 0, 0, 0, 0, 0, 0, 0, 0, 0, 0, 0, 0, 0, 0, 0, 0, 0, 0, 0, 0, 0, 0, 0, 0, 0, 0, 0, 0, 0, 0, 0, 0, 0, 0, 0, 0, 0, 0, 0, 0, 0, 0, 0, 0, 0, 0, 0, 0, 0, 0, 0, 0, 0, 0, 0, 0, 0, 0, 0, 0, 0, 0, 0, 0, 0, 0, 0, 0, 0, 0, 0, 0, 0, 0, 0, 0, 0, 0, 0, 0, 0, 0, 0, 0, 0, 0, 0, 0, 0, 0, 0, 0, 0, 0, 0, 0, 0, 0, 0, 0, 0, 0, 0, 0, 0, 0, 0, 0, 0, 0, 0, 69, 57, 45, 0, 0, 1, 0, 0, 0, 116, 104, 104, 104, 104, 104, 104, 104, 104, 104, 104, 104, 104, 104, 92], objects=[], opacity=0.0, draworder=), Layer(width=0, height=0, name=Object Layer 1, type=objectgroup, visible=false, x=0, y=0, data=[], objects=[com.almasb.fxgl.entity.level.tiled.TiledObject@3dec468b, com.almasb.fxgl.entity.level.tiled.TiledObject@1e2c7da4, com.almasb.fxgl.entity.level.tiled.TiledObject@5777fa4a, com.almasb.fxgl.entity.level.tiled.TiledObject@7564d8d7, com.almasb.fxgl.entity.level.tiled.TiledObject@2ae310ee, com.almasb.fxgl.entity.level.tiled.TiledObject@575f894b, com.almasb.fxgl.entity.level.tiled.TiledObject@3f928c40, com.almasb.fxgl.entity.level.tiled.TiledObject@6c634905, com.almasb.fxgl.entity.level.tiled.TiledObject@5e354007, com.almasb.fxgl.entity.level.tiled.TiledObject@758b8f5b, com.almasb.fxgl.entity.level.tiled.TiledObject@5ed0ed26], opacity=0.0, draworder=)], tilesets=[Tileset(firstgid=1, image=tiles_spritesheet.png, name=tiles_spritesheet, tilewidth=70, tileheight=70, imagewidth=914, imageheight=936, margin=0, spacing=2, columns=12, tilecount=156, transparentcolor=, tiles=[])], backgroundcolor=, renderorder=right-down, nextobjectid=22, version=1, tiledversion=1.2.3, type=map, infinite=false, hexsidelength=0, staggeraxis=, staggerindex=, properties={star1time=7.0}, propertytypes={star1time=float})
22:54:27.158 [FXGL Background Thread 4 ] DEBUG TMXLevelLoader       - Creating tile layer entities
22:54:27.160 [FXGL Background Thread 4 ] DEBUG TilesetLoader        - Loading view for layer Tile Layer 1
22:54:27.162 [FXGL Background Thread 4 ] DEBUG TilesetLoader        - Created buffer with size 1050.0x700.0
22:54:27.244 [FXGL Background Thread 4 ] DEBUG TilesetLoader        - Writing to buffer: dst=420,560, w=70,h=70, src=576,360
22:54:27.244 [FXGL Background Thread 4 ] DEBUG TilesetLoader        - Writing to buffer: dst=490,560, w=70,h=70, src=576,288
22:54:27.300 [FXGL Background Thread 4 ] DEBUG TilesetLoader        - Writing to buffer: dst=560,560, w=70,h=70, src=576,216
22:54:27.301 [FXGL Background Thread 4 ] DEBUG TilesetLoader        - Writing to buffer: dst=770,560, w=70,h=70, src=0,0
22:54:27.301 [FXGL Background Thread 4 ] DEBUG TilesetLoader        - Writing to buffer: dst=0,630, w=70,h=70, src=504,648
22:54:27.302 [FXGL Background Thread 4 ] DEBUG TilesetLoader        - Writing to buffer: dst=70,630, w=70,h=70, src=504,576
22:54:27.302 [FXGL Background Thread 4 ] DEBUG TilesetLoader        - Writing to buffer: dst=140,630, w=70,h=70, src=504,576
22:54:27.302 [FXGL Background Thread 4 ] DEBUG TilesetLoader        - Writing to buffer: dst=210,630, w=70,h=70, src=504,576
22:54:27.303 [FXGL Background Thread 4 ] DEBUG TilesetLoader        - Writing to buffer: dst=280,630, w=70,h=70, src=504,576
22:54:27.303 [FXGL Background Thread 4 ] DEBUG TilesetLoader        - Writing to buffer: dst=350,630, w=70,h=70, src=504,576
22:54:27.304 [FXGL Background Thread 4 ] DEBUG TilesetLoader        - Writing to buffer: dst=420,630, w=70,h=70, src=504,576
22:54:27.304 [FXGL Background Thread 4 ] DEBUG TilesetLoader        - Writing to buffer: dst=490,630, w=70,h=70, src=504,576
22:54:27.304 [FXGL Background Thread 4 ] DEBUG TilesetLoader        - Writing to buffer: dst=560,630, w=70,h=70, src=504,576
22:54:27.305 [FXGL Background Thread 4 ] DEBUG TilesetLoader        - Writing to buffer: dst=630,630, w=70,h=70, src=504,576
22:54:27.305 [FXGL Background Thread 4 ] DEBUG TilesetLoader        - Writing to buffer: dst=700,630, w=70,h=70, src=504,576
22:54:27.306 [FXGL Background Thread 4 ] DEBUG TilesetLoader        - Writing to buffer: dst=770,630, w=70,h=70, src=504,576
22:54:27.306 [FXGL Background Thread 4 ] DEBUG TilesetLoader        - Writing to buffer: dst=840,630, w=70,h=70, src=504,576
22:54:27.307 [FXGL Background Thread 4 ] DEBUG TilesetLoader        - Writing to buffer: dst=910,630, w=70,h=70, src=504,576
22:54:27.307 [FXGL Background Thread 4 ] DEBUG TilesetLoader        - Writing to buffer: dst=980,630, w=70,h=70, src=504,504
22:54:27.308 [FXGL Background Thread 4 ] DEBUG TMXLevelLoader       - Creating object layer entities
22:54:27.426 [FXGL Background Thread 4 ] DEBUG FXGLAssetLoaderServi - Loading from file system: file:/C:/Users/isyoh/Documents/école/Object%20oriented%20program/Cours/Plarformer1/target/classes/assets/textures/enemy.png
22:54:27.457 [FXGL Background Thread 4 ] DEBUG GameWorld            - Clearing removable entities
22:54:27.458 [FXGL Background Thread 4 ] DEBUG GameWorld            - Setting level: com.almasb.fxgl.entity.level.Level@326667d9
22:54:27.494 [FXGL Background Thread 4 ] DEBUG FXGLAssetLoaderServi - Loading from file system: file:/C:/Users/isyoh/Documents/école/Object%20oriented%20program/Cours/Plarformer1/target/classes/assets/textures/background/forest.png
22:54:27.530 [FXGL Background Thread 4 ] INFO  FXGLApplication      - Game initialization took: 0,476 sec
22:54:28.311 [JavaFX Application Thread] DEBUG Input                - Clearing active input actions
22:54:28.333 [JavaFX Application Thread] DEBUG GameApplicationServi - Removing overlay from BetterLoadingScene and adding to GameScene
22:54:28.333 [JavaFX Application Thread] DEBUG PrimaryStageWindow   - BetterLoadingScene -> GameScene
22:54:28.644 [JavaFX Application Thread] DEBUG FXGLAssetLoaderServi - Loading from file system: file:/C:/Users/isyoh/Documents/école/Object%20oriented%20program/Cours/Plarformer1/target/classes/assets/sounds/land.wav
22:54:28.801 [FXGL Background Thread 3 ] DEBUG Engine               - Logging environment variables
22:54:28.813 [FXGL Background Thread 3 ] DEBUG Engine               - achievements: []
22:54:28.813 [FXGL Background Thread 3 ] DEBUG Engine               - actualHeight: 679.0
22:54:28.814 [FXGL Background Thread 3 ] DEBUG Engine               - actualHeightProperty: ReadOnlyDoubleProperty [value: 679.0]
22:54:28.814 [FXGL Background Thread 3 ] DEBUG Engine               - actualWidth: 1183.0
22:54:28.815 [FXGL Background Thread 3 ] DEBUG Engine               - actualWidthProperty: ReadOnlyDoubleProperty [value: 1183.0]
22:54:28.816 [FXGL Background Thread 3 ] DEBUG Engine               - appIcon: fxgl_icon.png
22:54:28.816 [FXGL Background Thread 3 ] DEBUG Engine               - applicationMode: DEVELOPER
22:54:28.817 [FXGL Background Thread 3 ] DEBUG Engine               - cSSList: [fxgl_dark.css]
22:54:28.817 [FXGL Background Thread 3 ] DEBUG Engine               - collisionDetectionStrategy: BRUTE_FORCE
22:54:28.818 [FXGL Background Thread 3 ] DEBUG Engine               - configClass: Optional.empty
22:54:28.818 [FXGL Background Thread 3 ] DEBUG Engine               - credits: []
22:54:28.818 [FXGL Background Thread 3 ] DEBUG Engine               - devBBoxColorProperty: ObjectProperty [value: 0xff0000ff]
22:54:28.820 [FXGL Background Thread 3 ] DEBUG Engine               - devEnableDebugCameraProperty: BooleanProperty [value: false]
22:54:28.821 [FXGL Background Thread 3 ] DEBUG Engine               - devSensorColorProperty: ObjectProperty [value: 0xffff00ff]
22:54:28.821 [FXGL Background Thread 3 ] DEBUG Engine               - devShowBBoxProperty: BooleanProperty [value: false]
22:54:28.822 [FXGL Background Thread 3 ] DEBUG Engine               - devShowPositionProperty: BooleanProperty [value: false]
22:54:28.823 [FXGL Background Thread 3 ] DEBUG Engine               - enabledMenuItems: []
22:54:28.825 [FXGL Background Thread 3 ] DEBUG Engine               - engineServices: [class com.almasb.fxgl.app.services.FXGLAssetLoaderService, class com.almasb.fxgl.app.FXGLApplication$GameApplicationService, class com.almasb.fxgl.app.services.FXGLDialogService, class com.almasb.fxgl.app.services.IOTaskExecutorService, class com.almasb.fxgl.event.EventBusService, class com.almasb.fxgl.io.FileSystemService, class com.almasb.fxgl.localization.LocalizationService, class com.almasb.fxgl.app.services.SystemBundleService, class com.almasb.fxgl.profile.SaveLoadService, class com.almasb.fxgl.ui.FXGLUIFactoryServiceProvider, class com.almasb.fxgl.ui.FXGLDialogFactoryServiceProvider, class com.almasb.fxgl.audio.AudioPlayer, class com.almasb.fxgl.notification.impl.NotificationServiceProvider, class com.almasb.fxgl.achievement.AchievementService, class com.almasb.fxgl.cutscene.CutsceneService, class com.almasb.fxgl.minigames.MiniGameService, class com.almasb.fxgl.net.NetService, class com.almasb.fxgl.app.services.UpdaterService, class com.almasb.fxgl.dev.DevService]
22:54:28.825 [FXGL Background Thread 3 ] DEBUG Engine               - fontGame: Abel-Regular.ttf
22:54:28.831 [FXGL Background Thread 3 ] DEBUG Engine               - fontMono: lucida_console.ttf
22:54:28.834 [FXGL Background Thread 3 ] DEBUG Engine               - fontText: Courier-Prime.ttf
22:54:28.835 [FXGL Background Thread 3 ] DEBUG Engine               - fontUI: VarelaRound-Regular.ttf
22:54:28.836 [FXGL Background Thread 3 ] DEBUG Engine               - fullScreen: BooleanProperty [value: false]
22:54:28.836 [FXGL Background Thread 3 ] DEBUG Engine               - gameDifficulty: MEDIUM
22:54:28.836 [FXGL Background Thread 3 ] DEBUG Engine               - gameDifficultyProperty: ObjectProperty [value: MEDIUM]
22:54:28.837 [FXGL Background Thread 3 ] DEBUG Engine               - globalMusicVolume: 0.5
22:54:28.837 [FXGL Background Thread 3 ] DEBUG Engine               - globalMusicVolumeProperty: DoubleProperty [value: 0.08]
22:54:28.840 [FXGL Background Thread 3 ] DEBUG Engine               - globalSoundVolume: 0.5
22:54:28.841 [FXGL Background Thread 3 ] DEBUG Engine               - globalSoundVolumeProperty: DoubleProperty [value: 0.08]
22:54:28.842 [FXGL Background Thread 3 ] DEBUG Engine               - height: 720
22:54:28.843 [FXGL Background Thread 3 ] DEBUG Engine               - isAndroid: false
22:54:28.844 [FXGL Background Thread 3 ] DEBUG Engine               - isBrowser: false
22:54:28.845 [FXGL Background Thread 3 ] DEBUG Engine               - isClickFeedbackEnabled: false
22:54:28.846 [FXGL Background Thread 3 ] DEBUG Engine               - isCloseConfirmation: false
22:54:28.847 [FXGL Background Thread 3 ] DEBUG Engine               - isDesktop: true
22:54:28.848 [FXGL Background Thread 3 ] DEBUG Engine               - isDeveloperMenuEnabled: false
22:54:28.850 [FXGL Background Thread 3 ] DEBUG Engine               - isEntityPreloadEnabled: true
22:54:28.851 [FXGL Background Thread 3 ] DEBUG Engine               - isExperimental3D: false
22:54:28.854 [FXGL Background Thread 3 ] DEBUG Engine               - isExperimentalNative: false
22:54:28.854 [FXGL Background Thread 3 ] DEBUG Engine               - isExperimentalTiledLargeMap: false
22:54:28.854 [FXGL Background Thread 3 ] DEBUG Engine               - isFileSystemWriteAllowed: true
22:54:28.854 [FXGL Background Thread 3 ] DEBUG Engine               - isFullScreenAllowed: false
22:54:28.855 [FXGL Background Thread 3 ] DEBUG Engine               - isFullScreenFromStart: false
22:54:28.855 [FXGL Background Thread 3 ] DEBUG Engine               - isGameMenuEnabled: true
22:54:28.856 [FXGL Background Thread 3 ] DEBUG Engine               - isIOS: false
22:54:28.857 [FXGL Background Thread 3 ] DEBUG Engine               - isIntroEnabled: false
22:54:28.857 [FXGL Background Thread 3 ] DEBUG Engine               - isLinux: false
22:54:28.858 [FXGL Background Thread 3 ] DEBUG Engine               - isMac: false
22:54:28.858 [FXGL Background Thread 3 ] DEBUG Engine               - isMainMenuEnabled: false
22:54:28.859 [FXGL Background Thread 3 ] DEBUG Engine               - isManualResizeEnabled: false
22:54:28.859 [FXGL Background Thread 3 ] DEBUG Engine               - isMobile: false
22:54:28.859 [FXGL Background Thread 3 ] DEBUG Engine               - isPreserveResizeRatio: false
22:54:28.859 [FXGL Background Thread 3 ] DEBUG Engine               - isProfilingEnabled: false
22:54:28.864 [FXGL Background Thread 3 ] DEBUG Engine               - isScaleAffectedOnResize: true
22:54:28.865 [FXGL Background Thread 3 ] DEBUG Engine               - isSingleStep: false
22:54:28.866 [FXGL Background Thread 3 ] DEBUG Engine               - isUserProfileEnabled: false
22:54:28.867 [FXGL Background Thread 3 ] DEBUG Engine               - isWindows: true
22:54:28.870 [FXGL Background Thread 3 ] DEBUG Engine               - language: ObjectProperty [value: ENGLISH]
22:54:28.870 [FXGL Background Thread 3 ] DEBUG Engine               - menuKey: ESCAPE
22:54:28.870 [FXGL Background Thread 3 ] DEBUG Engine               - notificationViewClass: class com.almasb.fxgl.notification.view.XboxNotificationView
22:54:28.871 [FXGL Background Thread 3 ] DEBUG Engine               - pixelsPerMeter: 50.0
22:54:28.871 [FXGL Background Thread 3 ] DEBUG Engine               - platform: WINDOWS
22:54:28.871 [FXGL Background Thread 3 ] DEBUG Engine               - prefHeightProperty: ReadOnlyDoubleProperty [value: 720.0]
22:54:28.871 [FXGL Background Thread 3 ] DEBUG Engine               - prefWidthProperty: ReadOnlyDoubleProperty [value: 1280.0]
22:54:28.871 [FXGL Background Thread 3 ] DEBUG Engine               - profileDir: profiles/
22:54:28.872 [FXGL Background Thread 3 ] DEBUG Engine               - profileName: StringProperty [value: DEFAULT]
22:54:28.873 [FXGL Background Thread 3 ] DEBUG Engine               - randomSeed: -1
22:54:28.874 [FXGL Background Thread 3 ] DEBUG Engine               - runtimeInfo: RuntimeInfo(platform=WINDOWS, version=11.14, build=01.03.2021 16.59)
22:54:28.874 [FXGL Background Thread 3 ] DEBUG Engine               - saveFileExt: sav
22:54:28.875 [FXGL Background Thread 3 ] DEBUG Engine               - scaledHeightProp$fxgl: DoubleProperty [bound, value: 679.0]
22:54:28.876 [FXGL Background Thread 3 ] DEBUG Engine               - scaledWidthProp$fxgl: DoubleProperty [bound, value: 1183.0]
22:54:28.877 [FXGL Background Thread 3 ] DEBUG Engine               - sceneFactory: Main.App$1@6dca4963
22:54:28.878 [FXGL Background Thread 3 ] DEBUG Engine               - secondsIn24h: 60
22:54:28.879 [FXGL Background Thread 3 ] DEBUG Engine               - soundMenuBack: menu/back.wav
22:54:28.880 [FXGL Background Thread 3 ] DEBUG Engine               - soundMenuPress: menu/press.wav
22:54:28.881 [FXGL Background Thread 3 ] DEBUG Engine               - soundMenuSelect: menu/select.wav
22:54:28.883 [FXGL Background Thread 3 ] DEBUG Engine               - soundNotification: core/notification.wav
22:54:28.885 [FXGL Background Thread 3 ] DEBUG Engine               - stageStyle: DECORATED
22:54:28.885 [FXGL Background Thread 3 ] DEBUG Engine               - supportedLanguages: [ENGLISH, FRENCH, GERMAN, HUNGARIAN, RUSSIAN]
22:54:28.886 [FXGL Background Thread 3 ] DEBUG Engine               - ticksPerSecond: -1
22:54:28.886 [FXGL Background Thread 3 ] DEBUG Engine               - title: Game 1 Let's go
22:54:28.886 [FXGL Background Thread 3 ] DEBUG Engine               - urlGithub: https://github.com/AlmasB/FXGL
22:54:28.886 [FXGL Background Thread 3 ] DEBUG Engine               - urlLeaderboard: http://fxgl-top.herokuapp.com/
22:54:28.886 [FXGL Background Thread 3 ] DEBUG Engine               - urlPOM: https://raw.githubusercontent.com/AlmasB/FXGL/release/README.md
22:54:28.886 [FXGL Background Thread 3 ] DEBUG Engine               - userAppClass: class Main.App
22:54:28.887 [FXGL Background Thread 3 ] DEBUG Engine               - version: 1.0
22:54:28.887 [FXGL Background Thread 3 ] DEBUG Engine               - versionCheckDays: 7
22:54:28.887 [FXGL Background Thread 3 ] DEBUG Engine               - width: 1280
22:54:28.887 [FXGL Background Thread 3 ] DEBUG Engine               - Logging services
22:54:28.887 [FXGL Background Thread 3 ] DEBUG Engine               - class com.almasb.fxgl.app.services.FXGLAssetLoaderService
22:54:28.888 [FXGL Background Thread 3 ] DEBUG Engine               - class com.almasb.fxgl.app.FXGLApplication$GameApplicationService
22:54:28.888 [FXGL Background Thread 3 ] DEBUG Engine               - class com.almasb.fxgl.app.services.FXGLDialogService
22:54:28.888 [FXGL Background Thread 3 ] DEBUG Engine               - class com.almasb.fxgl.app.services.IOTaskExecutorService
22:54:28.888 [FXGL Background Thread 3 ] DEBUG Engine               - class com.almasb.fxgl.event.EventBusService
22:54:28.888 [FXGL Background Thread 3 ] DEBUG Engine               - class com.almasb.fxgl.io.FileSystemService
22:54:28.889 [FXGL Background Thread 3 ] DEBUG Engine               - class com.almasb.fxgl.localization.LocalizationService
22:54:28.890 [FXGL Background Thread 3 ] DEBUG Engine               - class com.almasb.fxgl.app.services.SystemBundleService
22:54:28.891 [FXGL Background Thread 3 ] DEBUG Engine               - class com.almasb.fxgl.profile.SaveLoadService
22:54:28.892 [FXGL Background Thread 3 ] DEBUG Engine               - class com.almasb.fxgl.ui.FXGLUIFactoryServiceProvider
22:54:28.892 [FXGL Background Thread 3 ] DEBUG Engine               - class com.almasb.fxgl.ui.FXGLDialogFactoryServiceProvider
22:54:28.892 [FXGL Background Thread 3 ] DEBUG Engine               - class com.almasb.fxgl.audio.AudioPlayer
22:54:28.893 [FXGL Background Thread 3 ] DEBUG Engine               - class com.almasb.fxgl.notification.impl.NotificationServiceProvider
22:54:28.893 [FXGL Background Thread 3 ] DEBUG Engine               - class com.almasb.fxgl.achievement.AchievementService
22:54:28.894 [FXGL Background Thread 3 ] DEBUG Engine               - class com.almasb.fxgl.cutscene.CutsceneService
22:54:28.896 [FXGL Background Thread 3 ] DEBUG Engine               - class com.almasb.fxgl.minigames.MiniGameService
22:54:28.897 [FXGL Background Thread 3 ] DEBUG Engine               - class com.almasb.fxgl.net.NetService
22:54:28.898 [FXGL Background Thread 3 ] DEBUG Engine               - class com.almasb.fxgl.app.services.UpdaterService
22:54:28.898 [FXGL Background Thread 3 ] DEBUG Engine               - class com.almasb.fxgl.dev.DevService
22:54:29.489 [JavaFX Application Thread] DEBUG FXGLAssetLoaderServi - Loading from file system: file:/C:/Users/isyoh/Documents/école/Object%20oriented%20program/Cours/Plarformer1/target/classes/assets/sounds/jump.wav
22:54:32.540 [JavaFX Application Thread] DEBUG TMXLevelLoader       - Parsed raw map: TiledMap(width=15, height=10, tilewidth=70, tileheight=70, orientation=orthogonal, layers=[Layer(width=15, height=10, name=Tile Layer 1, type=tilelayer, visible=false, x=0, y=0, data=[0, 0, 0, 0, 0, 0, 0, 0, 0, 0, 0, 0, 0, 0, 0, 0, 0, 0, 0, 0, 0, 0, 0, 0, 0, 0, 0, 0, 0, 0, 0, 0, 0, 0, 0, 0, 0, 0, 0, 0, 0, 0, 0, 0, 0, 0, 0, 0, 0, 0, 0, 0, 0, 0, 0, 0, 0, 0, 0, 0, 0, 0, 0, 0, 0, 0, 0, 0, 0, 0, 0, 0, 0, 0, 0, 0, 0, 0, 0, 0, 0, 0, 0, 0, 0, 0, 0, 0, 0, 0, 0, 0, 0, 0, 0, 0, 0, 0, 0, 0, 0, 0, 0, 0, 0, 0, 0, 0, 0, 0, 0, 0, 0, 0, 0, 0, 0, 0, 0, 0, 0, 0, 0, 0, 0, 0, 69, 57, 45, 0, 0, 1, 0, 0, 0, 116, 104, 104, 104, 104, 104, 104, 104, 104, 104, 104, 104, 104, 104, 92], objects=[], opacity=0.0, draworder=), Layer(width=0, height=0, name=Object Layer 1, type=objectgroup, visible=false, x=0, y=0, data=[], objects=[com.almasb.fxgl.entity.level.tiled.TiledObject@29fb31f3, com.almasb.fxgl.entity.level.tiled.TiledObject@65cc6272, com.almasb.fxgl.entity.level.tiled.TiledObject@2e23eb5b, com.almasb.fxgl.entity.level.tiled.TiledObject@202b7da5, com.almasb.fxgl.entity.level.tiled.TiledObject@502fa4fa, com.almasb.fxgl.entity.level.tiled.TiledObject@56f6837f, com.almasb.fxgl.entity.level.tiled.TiledObject@67bec3c9, com.almasb.fxgl.entity.level.tiled.TiledObject@1c035cce, com.almasb.fxgl.entity.level.tiled.TiledObject@312623c0, com.almasb.fxgl.entity.level.tiled.TiledObject@5329b3e0, com.almasb.fxgl.entity.level.tiled.TiledObject@421882c7], opacity=0.0, draworder=)], tilesets=[Tileset(firstgid=1, image=tiles_spritesheet.png, name=tiles_spritesheet, tilewidth=70, tileheight=70, imagewidth=914, imageheight=936, margin=0, spacing=2, columns=12, tilecount=156, transparentcolor=, tiles=[])], backgroundcolor=, renderorder=right-down, nextobjectid=22, version=1, tiledversion=1.2.3, type=map, infinite=false, hexsidelength=0, staggeraxis=, staggerindex=, properties={star1time=7.0}, propertytypes={star1time=float})
22:54:32.540 [JavaFX Application Thread] DEBUG TMXLevelLoader       - Creating tile layer entities
22:54:32.541 [JavaFX Application Thread] DEBUG TilesetLoader        - Loading view for layer Tile Layer 1
22:54:32.547 [JavaFX Application Thread] DEBUG TilesetLoader        - Created buffer with size 1050.0x700.0
22:54:32.571 [JavaFX Application Thread] DEBUG TilesetLoader        - Writing to buffer: dst=420,560, w=70,h=70, src=576,360
22:54:32.571 [JavaFX Application Thread] DEBUG TilesetLoader        - Writing to buffer: dst=490,560, w=70,h=70, src=576,288
22:54:32.571 [JavaFX Application Thread] DEBUG TilesetLoader        - Writing to buffer: dst=560,560, w=70,h=70, src=576,216
22:54:32.572 [JavaFX Application Thread] DEBUG TilesetLoader        - Writing to buffer: dst=770,560, w=70,h=70, src=0,0
22:54:32.572 [JavaFX Application Thread] DEBUG TilesetLoader        - Writing to buffer: dst=0,630, w=70,h=70, src=504,648
22:54:32.572 [JavaFX Application Thread] DEBUG TilesetLoader        - Writing to buffer: dst=70,630, w=70,h=70, src=504,576
22:54:32.572 [JavaFX Application Thread] DEBUG TilesetLoader        - Writing to buffer: dst=140,630, w=70,h=70, src=504,576
22:54:32.572 [JavaFX Application Thread] DEBUG TilesetLoader        - Writing to buffer: dst=210,630, w=70,h=70, src=504,576
22:54:32.573 [JavaFX Application Thread] DEBUG TilesetLoader        - Writing to buffer: dst=280,630, w=70,h=70, src=504,576
22:54:32.573 [JavaFX Application Thread] DEBUG TilesetLoader        - Writing to buffer: dst=350,630, w=70,h=70, src=504,576
22:54:32.573 [JavaFX Application Thread] DEBUG TilesetLoader        - Writing to buffer: dst=420,630, w=70,h=70, src=504,576
22:54:32.573 [JavaFX Application Thread] DEBUG TilesetLoader        - Writing to buffer: dst=490,630, w=70,h=70, src=504,576
22:54:32.574 [JavaFX Application Thread] DEBUG TilesetLoader        - Writing to buffer: dst=560,630, w=70,h=70, src=504,576
22:54:32.574 [JavaFX Application Thread] DEBUG TilesetLoader        - Writing to buffer: dst=630,630, w=70,h=70, src=504,576
22:54:32.574 [JavaFX Application Thread] DEBUG TilesetLoader        - Writing to buffer: dst=700,630, w=70,h=70, src=504,576
22:54:32.575 [JavaFX Application Thread] DEBUG TilesetLoader        - Writing to buffer: dst=770,630, w=70,h=70, src=504,576
22:54:32.575 [JavaFX Application Thread] DEBUG TilesetLoader        - Writing to buffer: dst=840,630, w=70,h=70, src=504,576
22:54:32.575 [JavaFX Application Thread] DEBUG TilesetLoader        - Writing to buffer: dst=910,630, w=70,h=70, src=504,576
22:54:32.575 [JavaFX Application Thread] DEBUG TilesetLoader        - Writing to buffer: dst=980,630, w=70,h=70, src=504,504
22:54:32.576 [JavaFX Application Thread] DEBUG TMXLevelLoader       - Creating object layer entities
22:54:32.588 [JavaFX Application Thread] DEBUG GameWorld            - Clearing removable entities
22:54:32.591 [JavaFX Application Thread] DEBUG GameWorld            - Setting level: com.almasb.fxgl.entity.level.Level@4708703a
22:54:32.596 [JavaFX Application Thread] DEBUG PrimaryStageWindow   - Push state: DialogSubScene
22:54:32.597 [JavaFX Application Thread] DEBUG Input                - Clearing active input actions
22:54:32.602 [JavaFX Application Thread] DEBUG GameApplicationServi - Removing overlay from GameScene and adding to DialogSubScene
22:54:32.603 [JavaFX Application Thread] DEBUG PrimaryStageWindow   - GameScene -> DialogSubScene
22:54:34.598 [JavaFX Application Thread] DEBUG FXGLApplication      - Exiting FXGL
22:54:34.599 [JavaFX Application Thread] DEBUG LoopRunner           - Stopping loop
22:54:34.599 [JavaFX Application Thread] DEBUG SystemBundleService  - Saving FXGL system data
22:54:34.604 [JavaFX Application Thread] DEBUG FileSystemAccess     - Writing to: C:\Users\isyoh\Documents\école\Object oriented program\Cours\Plarformer1\system\fxgl.bundle
22:54:34.609 [JavaFX Application Thread] DEBUG Async                - Shutting down background threads
22:54:34.611 [JavaFX Application Thread] DEBUG PrimaryStageWindow   - Closing main window
22:54:34.627 [JavaFX Application Thread] DEBUG Logger               - Closing Logger
