23:23:33.350 [main                     ] DEBUG Logger               - Configured Logger
23:23:33.378 [main                     ] DEBUG GameApplication      - Logging settings
Title: Game 1 Let's go
Version: 1.0
Width: 1280
Height: 720
Fullscreen: false
Intro: false
Profiling: false
Single step:false
App Mode: DEVELOPER
Menu Key: ESCAPE
Stage Style: DECORATED
Scene Factory: class Main.App$1

23:23:34.211 [JavaFX Application Thread] DEBUG FXGLApplication      - Initializing FXGL
23:23:34.214 [JavaFX Application Thread] INFO  Engine               - FXGL-11.14 (01.03.2021 16.59) on WINDOWS (J:15.0.2 FX:15)
23:23:34.215 [JavaFX Application Thread] DEBUG Engine               - JRE Vendor Name: Oracle Corporation
23:23:34.216 [JavaFX Application Thread] DEBUG Engine               - Running on OS: Windows 10 version 10.0
23:23:34.216 [JavaFX Application Thread] DEBUG Engine               - Architecture: amd64
23:23:34.217 [JavaFX Application Thread] INFO  Engine               - Source code and latest versions at: https://github.com/AlmasB/FXGL
23:23:34.217 [JavaFX Application Thread] INFO  Engine               -              Join the FXGL chat at: https://gitter.im/AlmasB/FXGL
23:23:34.397 [JavaFX Application Thread] DEBUG PrimaryStageWindow   - Creating a JavaFX scene
23:23:34.398 [JavaFX Application Thread] DEBUG PrimaryStageWindow   - Target size > screen size
23:23:34.472 [JavaFX Application Thread] DEBUG PrimaryStageWindow   - Target settings size: 1280.0 x 720.0
23:23:34.473 [JavaFX Application Thread] DEBUG PrimaryStageWindow   - Scaled scene size:    1183.0 x 679.0
23:23:34.473 [JavaFX Application Thread] DEBUG PrimaryStageWindow   - Scaled ratio: (0.92421875, 0.9430555555555555)
23:23:34.475 [JavaFX Application Thread] DEBUG PrimaryStageWindow   - Set initial scene to FXGLStartupScene
23:23:34.488 [JavaFX Application Thread] DEBUG PrimaryStageWindow   - Opening main window
23:23:34.680 [JavaFX Application Thread] DEBUG PrimaryStageWindow   - Window border size: (15.0, 37.66668701171875)
23:23:34.680 [JavaFX Application Thread] DEBUG PrimaryStageWindow   - Scaled size: 1183.0 x 679.0
23:23:34.681 [JavaFX Application Thread] DEBUG PrimaryStageWindow   - Scaled ratio: (0.92421875, 0.9430555555555555)
23:23:34.681 [JavaFX Application Thread] DEBUG PrimaryStageWindow   - Scene size: 1183.0 x 679.0
23:23:34.682 [JavaFX Application Thread] DEBUG PrimaryStageWindow   - Stage size: 1198.0 x 716.6666870117188
23:23:34.709 [FXGL Background Thread 1 ] DEBUG Engine               - Initializing environment variables
23:23:34.778 [FXGL Background Thread 1 ] DEBUG FXGLAssetLoaderServi - User app class for loading assets: class Main.App
23:23:34.780 [FXGL Background Thread 1 ] DEBUG GameApplicationServi - Applying CSS: fxgl_dark.css
23:23:34.780 [FXGL Background Thread 1 ] DEBUG FXGLAssetLoaderServi - Loading from file system: jar:file:///C:/Users/isyoh/.m2/repository/com/github/almasb/fxgl/11.14/fxgl-11.14.jar!/fxglassets/ui/css/fxgl_dark.css
23:23:34.902 [FXGL Background Thread 1 ] DEBUG GameApplicationServi - Initializing application scenes
23:23:35.068 [FXGL Background Thread 1 ] DEBUG FXGLAssetLoaderServi - Loading from file system: file:/C:/Users/isyoh/Documents/école/Object%20oriented%20program/Cours/Plarformer1/target/classes/assets/textures/player.png
23:23:35.130 [FXGL Background Thread 1 ] DEBUG GameWorld            - Game world initialized
23:23:35.223 [FXGL Background Thread 1 ] DEBUG PhysicsWorld         - Physics world initialized: appHeight=720, physics.ppm=50,0
23:23:35.224 [FXGL Background Thread 1 ] DEBUG PhysicsWorld         - Using strategy: BRUTE_FORCE
23:23:35.230 [FXGL Background Thread 1 ] DEBUG GameScene            - Game scene initialized: 1280x720
23:23:35.253 [FXGL Background Thread 1 ] DEBUG FXGLAssetLoaderServi - Loading from file system: jar:file:///C:/Users/isyoh/.m2/repository/com/github/almasb/fxgl/11.14/fxgl-11.14.jar!/fxglassets/textures/particles/trace_horizontal.png
23:23:35.322 [FXGL Background Thread 1 ] DEBUG FXGL.DefaultMenu     - createMenuBodyGameMenu()
23:23:35.348 [FXGL Background Thread 1 ] DEBUG FXGL.DefaultMenu     - createOptionsMenu()
23:23:35.356 [FXGL Background Thread 1 ] DEBUG FXGLAssetLoaderServi - Loading from file system: jar:file:///C:/Users/isyoh/.m2/repository/com/github/almasb/fxgl/11.14/fxgl-11.14.jar!/fxglassets/textures/particles/smoke.png
23:23:35.471 [FXGL Background Thread 1 ] DEBUG GameApplicationServi - Application scenes initialized
23:23:35.487 [FXGL Background Thread 1 ] DEBUG SystemBundleService  - Loading FXGL system data
23:23:35.495 [FXGL Background Thread 1 ] DEBUG FileSystemAccess     - Reading from: C:\Users\isyoh\Documents\école\Object oriented program\Cours\Plarformer1\system\fxgl.bundle
23:23:35.508 [FXGL Background Thread 1 ] DEBUG SystemBundleService  - Bundle FXGL: {}
23:23:35.508 [FXGL Background Thread 1 ] DEBUG UpdaterService       - Checking for updates
23:23:35.517 [FXGL Background Thread 1 ] DEBUG FXGLApplication      - Loading default localization
23:23:35.516 [FXGL Background Thread 4 ] DEBUG FXGLApplication      - Loading fonts
23:23:35.517 [FXGL Background Thread 1 ] DEBUG FXGLAssetLoaderServi - Loading from file system: jar:file:///C:/Users/isyoh/.m2/repository/com/github/almasb/fxgl/11.14/fxgl-11.14.jar!/fxglassets/languages/english.lang
23:23:35.517 [FXGL Background Thread 4 ] DEBUG FXGLAssetLoaderServi - Loading from file system: jar:file:///C:/Users/isyoh/.m2/repository/com/github/almasb/fxgl/11.14/fxgl-11.14.jar!/fxglassets/ui/fonts/VarelaRound-Regular.ttf
23:23:35.560 [FXGL Background Thread 1 ] INFO  FXGLApplication      - FXGL initialization took: 0,850 sec
23:23:35.577 [JavaFX Application Thread] DEBUG Input                - Registered new binding: Left - A
23:23:35.578 [JavaFX Application Thread] DEBUG Input                - Registered new binding: Right - D
23:23:35.579 [JavaFX Application Thread] DEBUG Input                - Registered new binding: Jump - W
23:23:35.579 [JavaFX Application Thread] DEBUG Input                - Registered new binding: Whistle - X
23:23:35.580 [JavaFX Application Thread] DEBUG Input                - Registered new binding: Use - E
23:23:35.581 [JavaFX Application Thread] DEBUG FXGLAssetLoaderServi - Loading from file system: file:/C:/Users/isyoh/Documents/école/Object%20oriented%20program/Cours/Plarformer1/target/classes/assets/music/BGM_dash_runner.wav
23:23:35.941 [FXGL Background Thread 4 ] DEBUG FXGLAssetLoaderServi - Loading from file system: jar:file:///C:/Users/isyoh/.m2/repository/com/github/almasb/fxgl/11.14/fxgl-11.14.jar!/fxglassets/ui/fonts/Abel-Regular.ttf
23:23:35.968 [FXGL Background Thread 4 ] DEBUG FXGLAssetLoaderServi - Loading from file system: jar:file:///C:/Users/isyoh/.m2/repository/com/github/almasb/fxgl/11.14/fxgl-11.14.jar!/fxglassets/ui/fonts/lucida_console.ttf
23:23:35.995 [JavaFX Application Thread] DEBUG AudioPlayer          - Playing music com.almasb.fxgl.audio.Music@5cb2073b
23:23:35.996 [JavaFX Application Thread] DEBUG FXGLAssetLoaderServi - Loading from file system: jar:file:///C:/Users/isyoh/.m2/repository/com/github/almasb/fxgl/11.14/fxgl-11.14.jar!/fxglassets/textures/fxgl_icon.png
23:23:35.999 [FXGL Background Thread 4 ] DEBUG FXGLAssetLoaderServi - Loading from file system: jar:file:///C:/Users/isyoh/.m2/repository/com/github/almasb/fxgl/11.14/fxgl-11.14.jar!/fxglassets/ui/fonts/Courier-Prime.ttf
23:23:36.044 [JavaFX Application Thread] DEBUG FXGLAssetLoaderServi - Loading from file system: jar:file:///C:/Users/isyoh/.m2/repository/com/github/almasb/fxgl/11.14/fxgl-11.14.jar!/fxglassets/ui/cursors/fxgl_default.png
23:23:36.049 [JavaFX Application Thread] DEBUG Input                - Registered new binding: Screenshot - P
23:23:36.050 [JavaFX Application Thread] DEBUG Input                - Registered new binding: System info dump - CTRL+9
23:23:36.051 [JavaFX Application Thread] DEBUG Input                - Registered new binding: Restart - CTRL+R
23:23:36.053 [JavaFX Application Thread] DEBUG Input                - Registered new binding: Toggle Debug Camera - CTRL+C
23:23:36.055 [JavaFX Application Thread] DEBUG LoopRunner           - Starting loop
23:23:36.056 [JavaFX Application Thread] DEBUG LoopRunner           - Initializing JavaFX AnimationTimerLoop
23:23:36.063 [JavaFX Application Thread] DEBUG GameApplicationServi - Starting new game
23:23:36.070 [JavaFX Application Thread] DEBUG Input                - Clearing active input actions
23:23:36.096 [JavaFX Application Thread] DEBUG GameApplicationServi - Removing overlay from FXGLStartupScene and adding to BetterLoadingScene
23:23:36.097 [JavaFX Application Thread] DEBUG PrimaryStageWindow   - FXGLStartupScene -> BetterLoadingScene
23:23:36.098 [JavaFX Application Thread] DEBUG GameApplicationServi - Clearing previous game
23:23:36.098 [JavaFX Application Thread] DEBUG GameScene            - Clearing game scene
23:23:36.098 [JavaFX Application Thread] DEBUG GameWorld            - Clearing game world
23:23:36.098 [JavaFX Application Thread] DEBUG PhysicsWorld         - Clearing physics world
23:23:36.105 [FXGL Background Thread 1 ] DEBUG FXGLApplication      - Initializing game
23:23:36.309 [FXGL Background Thread 1 ] DEBUG TMXLevelLoader       - Parsed raw map: TiledMap(width=15, height=10, tilewidth=70, tileheight=70, orientation=orthogonal, layers=[Layer(width=15, height=10, name=Tile Layer 1, type=tilelayer, visible=false, x=0, y=0, data=[0, 0, 0, 0, 0, 0, 0, 0, 0, 0, 0, 0, 0, 0, 0, 0, 0, 0, 0, 0, 0, 0, 0, 0, 0, 0, 0, 0, 0, 0, 0, 0, 0, 0, 0, 0, 0, 0, 0, 0, 0, 0, 0, 0, 0, 0, 0, 0, 0, 0, 0, 0, 0, 0, 0, 0, 0, 0, 0, 0, 0, 0, 0, 0, 0, 0, 0, 0, 0, 0, 0, 0, 0, 0, 0, 0, 0, 0, 0, 0, 0, 0, 0, 0, 0, 0, 0, 0, 0, 0, 0, 0, 0, 0, 0, 0, 0, 0, 0, 0, 0, 0, 0, 0, 0, 0, 0, 0, 0, 0, 0, 0, 0, 0, 0, 0, 0, 0, 0, 0, 0, 0, 0, 0, 0, 0, 69, 57, 45, 0, 0, 1, 0, 0, 0, 116, 104, 104, 104, 104, 104, 104, 104, 104, 104, 104, 104, 104, 104, 92], objects=[], opacity=0.0, draworder=), Layer(width=0, height=0, name=Object Layer 1, type=objectgroup, visible=false, x=0, y=0, data=[], objects=[com.almasb.fxgl.entity.level.tiled.TiledObject@5dfd24a6, com.almasb.fxgl.entity.level.tiled.TiledObject@63e80869, com.almasb.fxgl.entity.level.tiled.TiledObject@45a92686, com.almasb.fxgl.entity.level.tiled.TiledObject@45a35e43, com.almasb.fxgl.entity.level.tiled.TiledObject@714f8a45, com.almasb.fxgl.entity.level.tiled.TiledObject@52c77f45, com.almasb.fxgl.entity.level.tiled.TiledObject@5e56ee8d, com.almasb.fxgl.entity.level.tiled.TiledObject@1d8e242, com.almasb.fxgl.entity.level.tiled.TiledObject@c485d9e, com.almasb.fxgl.entity.level.tiled.TiledObject@659c2605, com.almasb.fxgl.entity.level.tiled.TiledObject@cd78ebd], opacity=0.0, draworder=)], tilesets=[Tileset(firstgid=1, image=tiles_spritesheet.png, name=tiles_spritesheet, tilewidth=70, tileheight=70, imagewidth=914, imageheight=936, margin=0, spacing=2, columns=12, tilecount=156, transparentcolor=, tiles=[])], backgroundcolor=, renderorder=right-down, nextobjectid=22, version=1, tiledversion=1.2.3, type=map, infinite=false, hexsidelength=0, staggeraxis=, staggerindex=, properties={star1time=7.0}, propertytypes={star1time=float})
23:23:36.311 [FXGL Background Thread 1 ] DEBUG TMXLevelLoader       - Creating tile layer entities
23:23:36.312 [FXGL Background Thread 1 ] DEBUG TilesetLoader        - Loading view for layer Tile Layer 1
23:23:36.315 [FXGL Background Thread 1 ] DEBUG TilesetLoader        - Created buffer with size 1050.0x700.0
23:23:36.346 [JavaFX Application Thread] DEBUG FXGLApplication      - Registering font factories with UI factory
23:23:36.427 [FXGL Background Thread 1 ] DEBUG TilesetLoader        - Writing to buffer: dst=420,560, w=70,h=70, src=576,360
23:23:36.432 [FXGL Background Thread 1 ] DEBUG TilesetLoader        - Writing to buffer: dst=490,560, w=70,h=70, src=576,288
23:23:36.433 [FXGL Background Thread 1 ] DEBUG TilesetLoader        - Writing to buffer: dst=560,560, w=70,h=70, src=576,216
23:23:36.435 [FXGL Background Thread 1 ] DEBUG TilesetLoader        - Writing to buffer: dst=770,560, w=70,h=70, src=0,0
23:23:36.435 [FXGL Background Thread 1 ] DEBUG TilesetLoader        - Writing to buffer: dst=0,630, w=70,h=70, src=504,648
23:23:36.435 [FXGL Background Thread 1 ] DEBUG TilesetLoader        - Writing to buffer: dst=70,630, w=70,h=70, src=504,576
23:23:36.436 [FXGL Background Thread 1 ] DEBUG TilesetLoader        - Writing to buffer: dst=140,630, w=70,h=70, src=504,576
23:23:36.436 [FXGL Background Thread 1 ] DEBUG TilesetLoader        - Writing to buffer: dst=210,630, w=70,h=70, src=504,576
23:23:36.440 [FXGL Background Thread 1 ] DEBUG TilesetLoader        - Writing to buffer: dst=280,630, w=70,h=70, src=504,576
23:23:36.441 [FXGL Background Thread 1 ] DEBUG TilesetLoader        - Writing to buffer: dst=350,630, w=70,h=70, src=504,576
23:23:36.441 [FXGL Background Thread 1 ] DEBUG TilesetLoader        - Writing to buffer: dst=420,630, w=70,h=70, src=504,576
23:23:36.441 [FXGL Background Thread 1 ] DEBUG TilesetLoader        - Writing to buffer: dst=490,630, w=70,h=70, src=504,576
23:23:36.441 [FXGL Background Thread 1 ] DEBUG TilesetLoader        - Writing to buffer: dst=560,630, w=70,h=70, src=504,576
23:23:36.442 [FXGL Background Thread 1 ] DEBUG TilesetLoader        - Writing to buffer: dst=630,630, w=70,h=70, src=504,576
23:23:36.442 [FXGL Background Thread 1 ] DEBUG TilesetLoader        - Writing to buffer: dst=700,630, w=70,h=70, src=504,576
23:23:36.442 [FXGL Background Thread 1 ] DEBUG TilesetLoader        - Writing to buffer: dst=770,630, w=70,h=70, src=504,576
23:23:36.442 [FXGL Background Thread 1 ] DEBUG TilesetLoader        - Writing to buffer: dst=840,630, w=70,h=70, src=504,576
23:23:36.442 [FXGL Background Thread 1 ] DEBUG TilesetLoader        - Writing to buffer: dst=910,630, w=70,h=70, src=504,576
23:23:36.443 [FXGL Background Thread 1 ] DEBUG TilesetLoader        - Writing to buffer: dst=980,630, w=70,h=70, src=504,504
23:23:36.444 [FXGL Background Thread 1 ] DEBUG TMXLevelLoader       - Creating object layer entities
23:23:36.522 [FXGL Background Thread 1 ] DEBUG FXGLAssetLoaderServi - Loading from file system: file:/C:/Users/isyoh/Documents/école/Object%20oriented%20program/Cours/Plarformer1/target/classes/assets/textures/enemy.png
23:23:36.510 [FXGL Background Thread 2 ] INFO  UpdaterService       - Your current version:  11.14
23:23:36.524 [FXGL Background Thread 2 ] INFO  UpdaterService       - Latest stable version: 11.15
23:23:36.542 [FXGL Background Thread 1 ] DEBUG GameWorld            - Clearing removable entities
23:23:36.543 [FXGL Background Thread 1 ] DEBUG GameWorld            - Setting level: com.almasb.fxgl.entity.level.Level@1ab8da2c
23:23:36.586 [FXGL Background Thread 1 ] DEBUG FXGLAssetLoaderServi - Loading from file system: file:/C:/Users/isyoh/Documents/école/Object%20oriented%20program/Cours/Plarformer1/target/classes/assets/textures/background/forest.png
23:23:36.636 [FXGL Background Thread 1 ] INFO  FXGLApplication      - Game initialization took: 0,532 sec
23:23:36.646 [JavaFX Application Thread] DEBUG Input                - Clearing active input actions
23:23:36.666 [JavaFX Application Thread] DEBUG GameApplicationServi - Removing overlay from BetterLoadingScene and adding to GameScene
23:23:36.667 [JavaFX Application Thread] DEBUG PrimaryStageWindow   - BetterLoadingScene -> GameScene
23:23:36.983 [JavaFX Application Thread] DEBUG FXGLAssetLoaderServi - Loading from file system: file:/C:/Users/isyoh/Documents/école/Object%20oriented%20program/Cours/Plarformer1/target/classes/assets/sounds/land.wav
23:23:38.294 [JavaFX Application Thread] DEBUG FXGLAssetLoaderServi - Loading from file system: file:/C:/Users/isyoh/Documents/école/Object%20oriented%20program/Cours/Plarformer1/target/classes/assets/sounds/jump.wav
23:23:38.515 [FXGL Background Thread 3 ] DEBUG Engine               - Logging environment variables
23:23:38.516 [FXGL Background Thread 3 ] DEBUG Engine               - achievements: []
23:23:38.517 [FXGL Background Thread 3 ] DEBUG Engine               - actualHeight: 679.0
23:23:38.517 [FXGL Background Thread 3 ] DEBUG Engine               - actualHeightProperty: ReadOnlyDoubleProperty [value: 679.0]
23:23:38.517 [FXGL Background Thread 3 ] DEBUG Engine               - actualWidth: 1183.0
23:23:38.517 [FXGL Background Thread 3 ] DEBUG Engine               - actualWidthProperty: ReadOnlyDoubleProperty [value: 1183.0]
23:23:38.518 [FXGL Background Thread 3 ] DEBUG Engine               - appIcon: fxgl_icon.png
23:23:38.518 [FXGL Background Thread 3 ] DEBUG Engine               - applicationMode: DEVELOPER
23:23:38.518 [FXGL Background Thread 3 ] DEBUG Engine               - cSSList: [fxgl_dark.css]
23:23:38.518 [FXGL Background Thread 3 ] DEBUG Engine               - collisionDetectionStrategy: BRUTE_FORCE
23:23:38.519 [FXGL Background Thread 3 ] DEBUG Engine               - configClass: Optional.empty
23:23:38.519 [FXGL Background Thread 3 ] DEBUG Engine               - credits: []
23:23:38.521 [FXGL Background Thread 3 ] DEBUG Engine               - devBBoxColorProperty: ObjectProperty [value: 0xff0000ff]
23:23:38.522 [FXGL Background Thread 3 ] DEBUG Engine               - devEnableDebugCameraProperty: BooleanProperty [value: false]
23:23:38.523 [FXGL Background Thread 3 ] DEBUG Engine               - devSensorColorProperty: ObjectProperty [value: 0xffff00ff]
23:23:38.523 [FXGL Background Thread 3 ] DEBUG Engine               - devShowBBoxProperty: BooleanProperty [value: false]
23:23:38.523 [FXGL Background Thread 3 ] DEBUG Engine               - devShowPositionProperty: BooleanProperty [value: false]
23:23:38.525 [FXGL Background Thread 3 ] DEBUG Engine               - enabledMenuItems: []
23:23:38.527 [FXGL Background Thread 3 ] DEBUG Engine               - engineServices: [class com.almasb.fxgl.app.services.FXGLAssetLoaderService, class com.almasb.fxgl.app.FXGLApplication$GameApplicationService, class com.almasb.fxgl.app.services.FXGLDialogService, class com.almasb.fxgl.app.services.IOTaskExecutorService, class com.almasb.fxgl.event.EventBusService, class com.almasb.fxgl.io.FileSystemService, class com.almasb.fxgl.localization.LocalizationService, class com.almasb.fxgl.app.services.SystemBundleService, class com.almasb.fxgl.profile.SaveLoadService, class com.almasb.fxgl.ui.FXGLUIFactoryServiceProvider, class com.almasb.fxgl.ui.FXGLDialogFactoryServiceProvider, class com.almasb.fxgl.audio.AudioPlayer, class com.almasb.fxgl.notification.impl.NotificationServiceProvider, class com.almasb.fxgl.achievement.AchievementService, class com.almasb.fxgl.cutscene.CutsceneService, class com.almasb.fxgl.minigames.MiniGameService, class com.almasb.fxgl.net.NetService, class com.almasb.fxgl.app.services.UpdaterService, class com.almasb.fxgl.dev.DevService]
23:23:38.529 [FXGL Background Thread 3 ] DEBUG Engine               - fontGame: Abel-Regular.ttf
23:23:38.531 [FXGL Background Thread 3 ] DEBUG Engine               - fontMono: lucida_console.ttf
23:23:38.532 [FXGL Background Thread 3 ] DEBUG Engine               - fontText: Courier-Prime.ttf
23:23:38.532 [FXGL Background Thread 3 ] DEBUG Engine               - fontUI: VarelaRound-Regular.ttf
23:23:38.532 [FXGL Background Thread 3 ] DEBUG Engine               - fullScreen: BooleanProperty [value: false]
23:23:38.532 [FXGL Background Thread 3 ] DEBUG Engine               - gameDifficulty: MEDIUM
23:23:38.533 [FXGL Background Thread 3 ] DEBUG Engine               - gameDifficultyProperty: ObjectProperty [value: MEDIUM]
23:23:38.533 [FXGL Background Thread 3 ] DEBUG Engine               - globalMusicVolume: 0.5
23:23:38.534 [FXGL Background Thread 3 ] DEBUG Engine               - globalMusicVolumeProperty: DoubleProperty [value: 0.01]
23:23:38.534 [FXGL Background Thread 3 ] DEBUG Engine               - globalSoundVolume: 0.5
23:23:38.534 [FXGL Background Thread 3 ] DEBUG Engine               - globalSoundVolumeProperty: DoubleProperty [value: 0.01]
23:23:38.535 [FXGL Background Thread 3 ] DEBUG Engine               - height: 720
23:23:38.535 [FXGL Background Thread 3 ] DEBUG Engine               - isAndroid: false
23:23:38.537 [FXGL Background Thread 3 ] DEBUG Engine               - isBrowser: false
23:23:38.538 [FXGL Background Thread 3 ] DEBUG Engine               - isClickFeedbackEnabled: false
23:23:38.540 [FXGL Background Thread 3 ] DEBUG Engine               - isCloseConfirmation: false
23:23:38.541 [FXGL Background Thread 3 ] DEBUG Engine               - isDesktop: true
23:23:38.542 [FXGL Background Thread 3 ] DEBUG Engine               - isDeveloperMenuEnabled: false
23:23:38.543 [FXGL Background Thread 3 ] DEBUG Engine               - isEntityPreloadEnabled: true
23:23:38.544 [FXGL Background Thread 3 ] DEBUG Engine               - isExperimental3D: false
23:23:38.545 [FXGL Background Thread 3 ] DEBUG Engine               - isExperimentalNative: false
23:23:38.546 [FXGL Background Thread 3 ] DEBUG Engine               - isExperimentalTiledLargeMap: false
23:23:38.547 [FXGL Background Thread 3 ] DEBUG Engine               - isFileSystemWriteAllowed: true
23:23:38.549 [FXGL Background Thread 3 ] DEBUG Engine               - isFullScreenAllowed: false
23:23:38.551 [FXGL Background Thread 3 ] DEBUG Engine               - isFullScreenFromStart: false
23:23:38.551 [FXGL Background Thread 3 ] DEBUG Engine               - isGameMenuEnabled: true
23:23:38.552 [FXGL Background Thread 3 ] DEBUG Engine               - isIOS: false
23:23:38.552 [FXGL Background Thread 3 ] DEBUG Engine               - isIntroEnabled: false
23:23:38.552 [FXGL Background Thread 3 ] DEBUG Engine               - isLinux: false
23:23:38.552 [FXGL Background Thread 3 ] DEBUG Engine               - isMac: false
23:23:38.552 [FXGL Background Thread 3 ] DEBUG Engine               - isMainMenuEnabled: false
23:23:38.553 [FXGL Background Thread 3 ] DEBUG Engine               - isManualResizeEnabled: false
23:23:38.554 [FXGL Background Thread 3 ] DEBUG Engine               - isMobile: false
23:23:38.555 [FXGL Background Thread 3 ] DEBUG Engine               - isPreserveResizeRatio: false
23:23:38.556 [FXGL Background Thread 3 ] DEBUG Engine               - isProfilingEnabled: false
23:23:38.558 [FXGL Background Thread 3 ] DEBUG Engine               - isScaleAffectedOnResize: true
23:23:38.559 [FXGL Background Thread 3 ] DEBUG Engine               - isSingleStep: false
23:23:38.560 [FXGL Background Thread 3 ] DEBUG Engine               - isUserProfileEnabled: false
23:23:38.561 [FXGL Background Thread 3 ] DEBUG Engine               - isWindows: true
23:23:38.563 [FXGL Background Thread 3 ] DEBUG Engine               - language: ObjectProperty [value: ENGLISH]
23:23:38.564 [FXGL Background Thread 3 ] DEBUG Engine               - menuKey: ESCAPE
23:23:38.565 [FXGL Background Thread 3 ] DEBUG Engine               - notificationViewClass: class com.almasb.fxgl.notification.view.XboxNotificationView
23:23:38.566 [FXGL Background Thread 3 ] DEBUG Engine               - pixelsPerMeter: 50.0
23:23:38.566 [FXGL Background Thread 3 ] DEBUG Engine               - platform: WINDOWS
23:23:38.567 [FXGL Background Thread 3 ] DEBUG Engine               - prefHeightProperty: ReadOnlyDoubleProperty [value: 720.0]
23:23:38.567 [FXGL Background Thread 3 ] DEBUG Engine               - prefWidthProperty: ReadOnlyDoubleProperty [value: 1280.0]
23:23:38.567 [FXGL Background Thread 3 ] DEBUG Engine               - profileDir: profiles/
23:23:38.567 [FXGL Background Thread 3 ] DEBUG Engine               - profileName: StringProperty [value: DEFAULT]
23:23:38.567 [FXGL Background Thread 3 ] DEBUG Engine               - randomSeed: -1
23:23:38.568 [FXGL Background Thread 3 ] DEBUG Engine               - runtimeInfo: RuntimeInfo(platform=WINDOWS, version=11.14, build=01.03.2021 16.59)
23:23:38.568 [FXGL Background Thread 3 ] DEBUG Engine               - saveFileExt: sav
23:23:38.568 [FXGL Background Thread 3 ] DEBUG Engine               - scaledHeightProp$fxgl: DoubleProperty [bound, value: 679.0]
23:23:38.568 [FXGL Background Thread 3 ] DEBUG Engine               - scaledWidthProp$fxgl: DoubleProperty [bound, value: 1183.0]
23:23:38.569 [FXGL Background Thread 3 ] DEBUG Engine               - sceneFactory: Main.App$1@56cd45cb
23:23:38.569 [FXGL Background Thread 3 ] DEBUG Engine               - secondsIn24h: 60
23:23:38.569 [FXGL Background Thread 3 ] DEBUG Engine               - soundMenuBack: menu/back.wav
23:23:38.569 [FXGL Background Thread 3 ] DEBUG Engine               - soundMenuPress: menu/press.wav
23:23:38.570 [FXGL Background Thread 3 ] DEBUG Engine               - soundMenuSelect: menu/select.wav
23:23:38.571 [FXGL Background Thread 3 ] DEBUG Engine               - soundNotification: core/notification.wav
23:23:38.572 [FXGL Background Thread 3 ] DEBUG Engine               - stageStyle: DECORATED
23:23:38.573 [FXGL Background Thread 3 ] DEBUG Engine               - supportedLanguages: [ENGLISH, FRENCH, GERMAN, HUNGARIAN, RUSSIAN]
23:23:38.573 [FXGL Background Thread 3 ] DEBUG Engine               - ticksPerSecond: -1
23:23:38.573 [FXGL Background Thread 3 ] DEBUG Engine               - title: Game 1 Let's go
23:23:38.574 [FXGL Background Thread 3 ] DEBUG Engine               - urlGithub: https://github.com/AlmasB/FXGL
23:23:38.575 [FXGL Background Thread 3 ] DEBUG Engine               - urlLeaderboard: http://fxgl-top.herokuapp.com/
23:23:38.575 [FXGL Background Thread 3 ] DEBUG Engine               - urlPOM: https://raw.githubusercontent.com/AlmasB/FXGL/release/README.md
23:23:38.576 [FXGL Background Thread 3 ] DEBUG Engine               - userAppClass: class Main.App
23:23:38.577 [FXGL Background Thread 3 ] DEBUG Engine               - version: 1.0
23:23:38.578 [FXGL Background Thread 3 ] DEBUG Engine               - versionCheckDays: 7
23:23:38.579 [FXGL Background Thread 3 ] DEBUG Engine               - width: 1280
23:23:38.579 [FXGL Background Thread 3 ] DEBUG Engine               - Logging services
23:23:38.580 [FXGL Background Thread 3 ] DEBUG Engine               - class com.almasb.fxgl.app.services.FXGLAssetLoaderService
23:23:38.581 [FXGL Background Thread 3 ] DEBUG Engine               - class com.almasb.fxgl.app.FXGLApplication$GameApplicationService
23:23:38.582 [FXGL Background Thread 3 ] DEBUG Engine               - class com.almasb.fxgl.app.services.FXGLDialogService
23:23:38.582 [FXGL Background Thread 3 ] DEBUG Engine               - class com.almasb.fxgl.app.services.IOTaskExecutorService
23:23:38.583 [FXGL Background Thread 3 ] DEBUG Engine               - class com.almasb.fxgl.event.EventBusService
23:23:38.583 [FXGL Background Thread 3 ] DEBUG Engine               - class com.almasb.fxgl.io.FileSystemService
23:23:38.583 [FXGL Background Thread 3 ] DEBUG Engine               - class com.almasb.fxgl.localization.LocalizationService
23:23:38.584 [FXGL Background Thread 3 ] DEBUG Engine               - class com.almasb.fxgl.app.services.SystemBundleService
23:23:38.584 [FXGL Background Thread 3 ] DEBUG Engine               - class com.almasb.fxgl.profile.SaveLoadService
23:23:38.584 [FXGL Background Thread 3 ] DEBUG Engine               - class com.almasb.fxgl.ui.FXGLUIFactoryServiceProvider
23:23:38.584 [FXGL Background Thread 3 ] DEBUG Engine               - class com.almasb.fxgl.ui.FXGLDialogFactoryServiceProvider
23:23:38.584 [FXGL Background Thread 3 ] DEBUG Engine               - class com.almasb.fxgl.audio.AudioPlayer
23:23:38.584 [FXGL Background Thread 3 ] DEBUG Engine               - class com.almasb.fxgl.notification.impl.NotificationServiceProvider
23:23:38.584 [FXGL Background Thread 3 ] DEBUG Engine               - class com.almasb.fxgl.achievement.AchievementService
23:23:38.584 [FXGL Background Thread 3 ] DEBUG Engine               - class com.almasb.fxgl.cutscene.CutsceneService
23:23:38.585 [FXGL Background Thread 3 ] DEBUG Engine               - class com.almasb.fxgl.minigames.MiniGameService
23:23:38.585 [FXGL Background Thread 3 ] DEBUG Engine               - class com.almasb.fxgl.net.NetService
23:23:38.585 [FXGL Background Thread 3 ] DEBUG Engine               - class com.almasb.fxgl.app.services.UpdaterService
23:23:38.585 [FXGL Background Thread 3 ] DEBUG Engine               - class com.almasb.fxgl.dev.DevService
23:23:39.732 [JavaFX Application Thread] DEBUG FXGLAssetLoaderServi - Loading from file system: file:/C:/Users/isyoh/Documents/école/Object%20oriented%20program/Cours/Plarformer1/target/classes/assets/sounds/Honking.wav
23:23:46.504 [JavaFX Application Thread] DEBUG FXGLApplication      - Exiting FXGL
23:23:46.504 [JavaFX Application Thread] DEBUG LoopRunner           - Stopping loop
23:23:46.504 [JavaFX Application Thread] DEBUG SystemBundleService  - Saving FXGL system data
23:23:46.507 [JavaFX Application Thread] DEBUG FileSystemAccess     - Writing to: C:\Users\isyoh\Documents\école\Object oriented program\Cours\Plarformer1\system\fxgl.bundle
23:23:46.512 [JavaFX Application Thread] DEBUG Async                - Shutting down background threads
23:23:46.512 [JavaFX Application Thread] DEBUG PrimaryStageWindow   - Closing main window
23:23:46.535 [JavaFX Application Thread] DEBUG Logger               - Closing Logger
