18:00:00.266 [main                     ] DEBUG Logger               - Configured Logger
18:00:00.284 [main                     ] DEBUG GameApplication      - Logging settings
Title: Game 1 Let's go
Version: 1.0
Width: 1280
Height: 720
Fullscreen: false
Intro: false
Profiling: false
Single step:false
App Mode: DEVELOPER
Menu Key: ESCAPE
Stage Style: DECORATED
Scene Factory: class Main.App$1

18:00:01.644 [JavaFX Application Thread] DEBUG FXGLApplication      - Initializing FXGL
18:00:01.647 [JavaFX Application Thread] INFO  Engine               - FXGL-11.14 (01.03.2021 16.59) on WINDOWS (J:15.0.2 FX:15)
18:00:01.648 [JavaFX Application Thread] DEBUG Engine               - JRE Vendor Name: Oracle Corporation
18:00:01.648 [JavaFX Application Thread] DEBUG Engine               - Running on OS: Windows 10 version 10.0
18:00:01.649 [JavaFX Application Thread] DEBUG Engine               - Architecture: amd64
18:00:01.649 [JavaFX Application Thread] INFO  Engine               - Source code and latest versions at: https://github.com/AlmasB/FXGL
18:00:01.650 [JavaFX Application Thread] INFO  Engine               -              Join the FXGL chat at: https://gitter.im/AlmasB/FXGL
18:00:01.956 [JavaFX Application Thread] DEBUG PrimaryStageWindow   - Creating a JavaFX scene
18:00:01.957 [JavaFX Application Thread] DEBUG PrimaryStageWindow   - Target size > screen size
18:00:02.111 [JavaFX Application Thread] DEBUG PrimaryStageWindow   - Target settings size: 1280.0 x 720.0
18:00:02.111 [JavaFX Application Thread] DEBUG PrimaryStageWindow   - Scaled scene size:    1183.0 x 679.0
18:00:02.112 [JavaFX Application Thread] DEBUG PrimaryStageWindow   - Scaled ratio: (0.92421875, 0.9430555555555555)
18:00:02.114 [JavaFX Application Thread] DEBUG PrimaryStageWindow   - Set initial scene to FXGLStartupScene
18:00:02.135 [JavaFX Application Thread] DEBUG PrimaryStageWindow   - Opening main window
18:00:02.369 [JavaFX Application Thread] DEBUG PrimaryStageWindow   - Window border size: (15.0, 37.66668701171875)
18:00:02.370 [JavaFX Application Thread] DEBUG PrimaryStageWindow   - Scaled size: 1183.0 x 679.0
18:00:02.370 [JavaFX Application Thread] DEBUG PrimaryStageWindow   - Scaled ratio: (0.92421875, 0.9430555555555555)
18:00:02.370 [JavaFX Application Thread] DEBUG PrimaryStageWindow   - Scene size: 1183.0 x 679.0
18:00:02.371 [JavaFX Application Thread] DEBUG PrimaryStageWindow   - Stage size: 1198.0 x 716.6666870117188
18:00:02.528 [FXGL Background Thread 1 ] DEBUG Engine               - Initializing environment variables
18:00:02.603 [FXGL Background Thread 1 ] DEBUG FXGLAssetLoaderServi - User app class for loading assets: class Main.App
18:00:02.604 [FXGL Background Thread 1 ] DEBUG GameApplicationServi - Applying CSS: fxgl_dark.css
18:00:02.605 [FXGL Background Thread 1 ] DEBUG FXGLAssetLoaderServi - Loading from file system: jar:file:///C:/Users/isyoh/.m2/repository/com/github/almasb/fxgl/11.14/fxgl-11.14.jar!/fxglassets/ui/css/fxgl_dark.css
18:00:02.716 [FXGL Background Thread 1 ] DEBUG GameApplicationServi - Initializing application scenes
18:00:02.905 [FXGL Background Thread 1 ] DEBUG FXGLAssetLoaderServi - Loading from file system: file:/C:/Users/isyoh/Documents/école/Object%20oriented%20program/Cours/Game1/target/classes/assets/textures/player.png
18:00:02.961 [FXGL Background Thread 1 ] DEBUG GameWorld            - Game world initialized
18:00:03.047 [FXGL Background Thread 1 ] DEBUG PhysicsWorld         - Physics world initialized: appHeight=720, physics.ppm=50,0
18:00:03.047 [FXGL Background Thread 1 ] DEBUG PhysicsWorld         - Using strategy: BRUTE_FORCE
18:00:03.050 [FXGL Background Thread 1 ] DEBUG GameScene            - Game scene initialized: 1280x720
18:00:03.068 [FXGL Background Thread 1 ] DEBUG FXGLAssetLoaderServi - Loading from file system: jar:file:///C:/Users/isyoh/.m2/repository/com/github/almasb/fxgl/11.14/fxgl-11.14.jar!/fxglassets/textures/particles/trace_horizontal.png
18:00:03.130 [FXGL Background Thread 1 ] DEBUG FXGL.DefaultMenu     - createMenuBodyGameMenu()
18:00:03.180 [FXGL Background Thread 1 ] DEBUG FXGL.DefaultMenu     - createOptionsMenu()
18:00:03.190 [FXGL Background Thread 1 ] DEBUG FXGLAssetLoaderServi - Loading from file system: jar:file:///C:/Users/isyoh/.m2/repository/com/github/almasb/fxgl/11.14/fxgl-11.14.jar!/fxglassets/textures/particles/smoke.png
18:00:03.313 [FXGL Background Thread 1 ] DEBUG GameApplicationServi - Application scenes initialized
18:00:03.330 [FXGL Background Thread 1 ] DEBUG SystemBundleService  - Loading FXGL system data
18:00:03.337 [FXGL Background Thread 1 ] DEBUG FileSystemAccess     - Reading from: C:\Users\isyoh\Documents\école\Object oriented program\Cours\Game1\system\fxgl.bundle
18:00:03.350 [FXGL Background Thread 1 ] DEBUG SystemBundleService  - Bundle FXGL: {}
18:00:03.350 [FXGL Background Thread 1 ] DEBUG UpdaterService       - Checking for updates
18:00:03.356 [FXGL Background Thread 1 ] DEBUG FXGLApplication      - Loading default localization
18:00:03.357 [FXGL Background Thread 1 ] DEBUG FXGLAssetLoaderServi - Loading from file system: jar:file:///C:/Users/isyoh/.m2/repository/com/github/almasb/fxgl/11.14/fxgl-11.14.jar!/fxglassets/languages/english.lang
18:00:03.383 [FXGL Background Thread 1 ] INFO  FXGLApplication      - FXGL initialization took: 0,856 sec
18:00:03.406 [FXGL Background Thread 4 ] DEBUG FXGLApplication      - Loading fonts
18:00:03.408 [FXGL Background Thread 4 ] DEBUG FXGLAssetLoaderServi - Loading from file system: jar:file:///C:/Users/isyoh/.m2/repository/com/github/almasb/fxgl/11.14/fxgl-11.14.jar!/fxglassets/ui/fonts/VarelaRound-Regular.ttf
18:00:03.401 [JavaFX Application Thread] DEBUG Input                - Registered new binding: Left - A
18:00:03.415 [JavaFX Application Thread] DEBUG Input                - Registered new binding: Right - D
18:00:03.416 [JavaFX Application Thread] DEBUG Input                - Registered new binding: Jump - W
18:00:03.416 [JavaFX Application Thread] DEBUG Input                - Registered new binding: Whistle - X
18:00:03.417 [JavaFX Application Thread] DEBUG Input                - Registered new binding: Use - E
18:00:03.418 [JavaFX Application Thread] DEBUG FXGLAssetLoaderServi - Loading from file system: file:/C:/Users/isyoh/Documents/école/Object%20oriented%20program/Cours/Game1/target/classes/assets/music/BGM_dash_runner.wav
18:00:03.983 [JavaFX Application Thread] DEBUG AudioPlayer          - Playing music com.almasb.fxgl.audio.Music@2448b97d
18:00:03.984 [JavaFX Application Thread] DEBUG FXGLAssetLoaderServi - Loading from file system: jar:file:///C:/Users/isyoh/.m2/repository/com/github/almasb/fxgl/11.14/fxgl-11.14.jar!/fxglassets/textures/fxgl_icon.png
18:00:03.994 [FXGL Background Thread 4 ] DEBUG FXGLAssetLoaderServi - Loading from file system: jar:file:///C:/Users/isyoh/.m2/repository/com/github/almasb/fxgl/11.14/fxgl-11.14.jar!/fxglassets/ui/fonts/Abel-Regular.ttf
18:00:04.024 [JavaFX Application Thread] DEBUG FXGLAssetLoaderServi - Loading from file system: jar:file:///C:/Users/isyoh/.m2/repository/com/github/almasb/fxgl/11.14/fxgl-11.14.jar!/fxglassets/ui/cursors/fxgl_default.png
18:00:04.028 [JavaFX Application Thread] DEBUG Input                - Registered new binding: Screenshot - P
18:00:04.029 [JavaFX Application Thread] DEBUG Input                - Registered new binding: System info dump - CTRL+9
18:00:04.030 [JavaFX Application Thread] DEBUG Input                - Registered new binding: Restart - CTRL+R
18:00:04.031 [JavaFX Application Thread] DEBUG Input                - Registered new binding: Toggle Debug Camera - CTRL+C
18:00:04.034 [JavaFX Application Thread] DEBUG LoopRunner           - Starting loop
18:00:04.034 [JavaFX Application Thread] DEBUG LoopRunner           - Initializing JavaFX AnimationTimerLoop
18:00:04.036 [JavaFX Application Thread] DEBUG GameApplicationServi - Starting new game
18:00:04.037 [JavaFX Application Thread] DEBUG Input                - Clearing active input actions
18:00:04.058 [JavaFX Application Thread] DEBUG GameApplicationServi - Removing overlay from FXGLStartupScene and adding to BetterLoadingScene
18:00:04.059 [JavaFX Application Thread] DEBUG PrimaryStageWindow   - FXGLStartupScene -> BetterLoadingScene
18:00:04.059 [JavaFX Application Thread] DEBUG GameApplicationServi - Clearing previous game
18:00:04.060 [JavaFX Application Thread] DEBUG GameScene            - Clearing game scene
18:00:04.061 [JavaFX Application Thread] DEBUG GameWorld            - Clearing game world
18:00:04.061 [JavaFX Application Thread] DEBUG PhysicsWorld         - Clearing physics world
18:00:04.062 [FXGL Background Thread 1 ] DEBUG FXGLApplication      - Initializing game
18:00:04.161 [FXGL Background Thread 1 ] DEBUG TMXLevelLoader       - Parsed raw map: TiledMap(width=15, height=10, tilewidth=70, tileheight=70, orientation=orthogonal, layers=[Layer(width=15, height=10, name=Tile Layer 1, type=tilelayer, visible=false, x=0, y=0, data=[0, 0, 0, 0, 0, 0, 0, 0, 0, 0, 0, 0, 0, 0, 0, 0, 0, 0, 0, 0, 0, 0, 0, 0, 0, 0, 0, 0, 0, 0, 0, 0, 0, 0, 0, 0, 0, 0, 0, 0, 0, 0, 0, 0, 0, 0, 0, 0, 0, 0, 0, 0, 0, 0, 0, 0, 0, 0, 0, 0, 0, 0, 0, 0, 0, 0, 0, 0, 0, 0, 0, 0, 0, 0, 0, 0, 0, 0, 0, 0, 0, 0, 0, 0, 0, 0, 0, 0, 0, 0, 0, 0, 0, 0, 0, 0, 0, 0, 0, 0, 0, 0, 0, 0, 0, 0, 0, 0, 0, 0, 0, 0, 0, 0, 0, 0, 0, 0, 0, 0, 0, 0, 0, 0, 0, 0, 69, 57, 45, 0, 0, 1, 0, 0, 0, 116, 104, 104, 104, 104, 104, 104, 104, 104, 104, 104, 104, 104, 104, 92], objects=[], opacity=0.0, draworder=), Layer(width=0, height=0, name=Object Layer 1, type=objectgroup, visible=false, x=0, y=0, data=[], objects=[com.almasb.fxgl.entity.level.tiled.TiledObject@5dfd24a6, com.almasb.fxgl.entity.level.tiled.TiledObject@63e80869, com.almasb.fxgl.entity.level.tiled.TiledObject@45a92686, com.almasb.fxgl.entity.level.tiled.TiledObject@45a35e43, com.almasb.fxgl.entity.level.tiled.TiledObject@714f8a45, com.almasb.fxgl.entity.level.tiled.TiledObject@52c77f45, com.almasb.fxgl.entity.level.tiled.TiledObject@5e56ee8d, com.almasb.fxgl.entity.level.tiled.TiledObject@1d8e242, com.almasb.fxgl.entity.level.tiled.TiledObject@c485d9e, com.almasb.fxgl.entity.level.tiled.TiledObject@659c2605, com.almasb.fxgl.entity.level.tiled.TiledObject@cd78ebd], opacity=0.0, draworder=)], tilesets=[Tileset(firstgid=1, image=tiles_spritesheet.png, name=tiles_spritesheet, tilewidth=70, tileheight=70, imagewidth=914, imageheight=936, margin=0, spacing=2, columns=12, tilecount=156, transparentcolor=, tiles=[])], backgroundcolor=, renderorder=right-down, nextobjectid=22, version=1, tiledversion=1.2.3, type=map, infinite=false, hexsidelength=0, staggeraxis=, staggerindex=, properties={star1time=7.0}, propertytypes={star1time=float})
18:00:04.163 [FXGL Background Thread 4 ] DEBUG FXGLAssetLoaderServi - Loading from file system: jar:file:///C:/Users/isyoh/.m2/repository/com/github/almasb/fxgl/11.14/fxgl-11.14.jar!/fxglassets/ui/fonts/lucida_console.ttf
18:00:04.169 [FXGL Background Thread 1 ] DEBUG TMXLevelLoader       - Creating tile layer entities
18:00:04.174 [FXGL Background Thread 1 ] DEBUG TilesetLoader        - Loading view for layer Tile Layer 1
18:00:04.177 [FXGL Background Thread 1 ] DEBUG TilesetLoader        - Created buffer with size 1050.0x700.0
18:00:04.269 [FXGL Background Thread 1 ] DEBUG TilesetLoader        - Writing to buffer: dst=420,560, w=70,h=70, src=576,360
18:00:04.270 [FXGL Background Thread 1 ] DEBUG TilesetLoader        - Writing to buffer: dst=490,560, w=70,h=70, src=576,288
18:00:04.270 [FXGL Background Thread 1 ] DEBUG TilesetLoader        - Writing to buffer: dst=560,560, w=70,h=70, src=576,216
18:00:04.271 [FXGL Background Thread 1 ] DEBUG TilesetLoader        - Writing to buffer: dst=770,560, w=70,h=70, src=0,0
18:00:04.271 [FXGL Background Thread 1 ] DEBUG TilesetLoader        - Writing to buffer: dst=0,630, w=70,h=70, src=504,648
18:00:04.296 [FXGL Background Thread 1 ] DEBUG TilesetLoader        - Writing to buffer: dst=70,630, w=70,h=70, src=504,576
18:00:04.296 [FXGL Background Thread 1 ] DEBUG TilesetLoader        - Writing to buffer: dst=140,630, w=70,h=70, src=504,576
18:00:04.296 [FXGL Background Thread 1 ] DEBUG TilesetLoader        - Writing to buffer: dst=210,630, w=70,h=70, src=504,576
18:00:04.297 [FXGL Background Thread 1 ] DEBUG TilesetLoader        - Writing to buffer: dst=280,630, w=70,h=70, src=504,576
18:00:04.298 [FXGL Background Thread 1 ] DEBUG TilesetLoader        - Writing to buffer: dst=350,630, w=70,h=70, src=504,576
18:00:04.298 [FXGL Background Thread 1 ] DEBUG TilesetLoader        - Writing to buffer: dst=420,630, w=70,h=70, src=504,576
18:00:04.302 [FXGL Background Thread 1 ] DEBUG TilesetLoader        - Writing to buffer: dst=490,630, w=70,h=70, src=504,576
18:00:04.304 [FXGL Background Thread 1 ] DEBUG TilesetLoader        - Writing to buffer: dst=560,630, w=70,h=70, src=504,576
18:00:04.306 [FXGL Background Thread 1 ] DEBUG TilesetLoader        - Writing to buffer: dst=630,630, w=70,h=70, src=504,576
18:00:04.308 [FXGL Background Thread 1 ] DEBUG TilesetLoader        - Writing to buffer: dst=700,630, w=70,h=70, src=504,576
18:00:04.309 [FXGL Background Thread 1 ] DEBUG TilesetLoader        - Writing to buffer: dst=770,630, w=70,h=70, src=504,576
18:00:04.309 [FXGL Background Thread 1 ] DEBUG TilesetLoader        - Writing to buffer: dst=840,630, w=70,h=70, src=504,576
18:00:04.310 [FXGL Background Thread 1 ] DEBUG TilesetLoader        - Writing to buffer: dst=910,630, w=70,h=70, src=504,576
18:00:04.310 [FXGL Background Thread 1 ] DEBUG TilesetLoader        - Writing to buffer: dst=980,630, w=70,h=70, src=504,504
18:00:04.311 [FXGL Background Thread 1 ] DEBUG TMXLevelLoader       - Creating object layer entities
18:00:04.439 [FXGL Background Thread 1 ] DEBUG FXGLAssetLoaderServi - Loading from file system: file:/C:/Users/isyoh/Documents/école/Object%20oriented%20program/Cours/Game1/target/classes/assets/textures/enemy.png
18:00:04.452 [FXGL Background Thread 1 ] DEBUG GameWorld            - Clearing removable entities
18:00:04.453 [FXGL Background Thread 1 ] DEBUG GameWorld            - Setting level: com.almasb.fxgl.entity.level.Level@1ab8da2c
18:00:04.459 [FXGL Background Thread 4 ] DEBUG FXGLAssetLoaderServi - Loading from file system: jar:file:///C:/Users/isyoh/.m2/repository/com/github/almasb/fxgl/11.14/fxgl-11.14.jar!/fxglassets/ui/fonts/Courier-Prime.ttf
18:00:04.493 [FXGL Background Thread 1 ] DEBUG FXGLAssetLoaderServi - Loading from file system: file:/C:/Users/isyoh/Documents/école/Object%20oriented%20program/Cours/Game1/target/classes/assets/textures/background/forest.png
18:00:04.598 [FXGL Background Thread 1 ] INFO  FXGLApplication      - Game initialization took: 0,536 sec
18:00:04.690 [FXGL Background Thread 2 ] INFO  UpdaterService       - Your current version:  11.14
18:00:04.690 [FXGL Background Thread 2 ] INFO  UpdaterService       - Latest stable version: 11.15
18:00:04.695 [JavaFX Application Thread] DEBUG Input                - Clearing active input actions
18:00:04.711 [JavaFX Application Thread] DEBUG GameApplicationServi - Removing overlay from BetterLoadingScene and adding to GameScene
18:00:04.712 [JavaFX Application Thread] DEBUG PrimaryStageWindow   - BetterLoadingScene -> GameScene
18:00:04.891 [JavaFX Application Thread] DEBUG FXGLApplication      - Registering font factories with UI factory
18:00:05.046 [JavaFX Application Thread] DEBUG FXGLAssetLoaderServi - Loading from file system: file:/C:/Users/isyoh/Documents/école/Object%20oriented%20program/Cours/Game1/target/classes/assets/sounds/land.wav
18:00:06.339 [JavaFX Application Thread] DEBUG FXGLAssetLoaderServi - Loading from file system: file:/C:/Users/isyoh/Documents/école/Object%20oriented%20program/Cours/Game1/target/classes/assets/sounds/jump.wav
18:00:06.354 [FXGL Background Thread 3 ] DEBUG Engine               - Logging environment variables
18:00:06.357 [FXGL Background Thread 3 ] DEBUG Engine               - achievements: []
18:00:06.360 [FXGL Background Thread 3 ] DEBUG Engine               - actualHeight: 679.0
18:00:06.361 [FXGL Background Thread 3 ] DEBUG Engine               - actualHeightProperty: ReadOnlyDoubleProperty [value: 679.0]
18:00:06.361 [FXGL Background Thread 3 ] DEBUG Engine               - actualWidth: 1183.0
18:00:06.361 [FXGL Background Thread 3 ] DEBUG Engine               - actualWidthProperty: ReadOnlyDoubleProperty [value: 1183.0]
18:00:06.362 [FXGL Background Thread 3 ] DEBUG Engine               - appIcon: fxgl_icon.png
18:00:06.362 [FXGL Background Thread 3 ] DEBUG Engine               - applicationMode: DEVELOPER
18:00:06.362 [FXGL Background Thread 3 ] DEBUG Engine               - cSSList: [fxgl_dark.css]
18:00:06.362 [FXGL Background Thread 3 ] DEBUG Engine               - collisionDetectionStrategy: BRUTE_FORCE
18:00:06.363 [FXGL Background Thread 3 ] DEBUG Engine               - configClass: Optional.empty
18:00:06.363 [FXGL Background Thread 3 ] DEBUG Engine               - credits: []
18:00:06.364 [FXGL Background Thread 3 ] DEBUG Engine               - devBBoxColorProperty: ObjectProperty [value: 0xff0000ff]
18:00:06.366 [FXGL Background Thread 3 ] DEBUG Engine               - devEnableDebugCameraProperty: BooleanProperty [value: false]
18:00:06.367 [FXGL Background Thread 3 ] DEBUG Engine               - devSensorColorProperty: ObjectProperty [value: 0xffff00ff]
18:00:06.367 [FXGL Background Thread 3 ] DEBUG Engine               - devShowBBoxProperty: BooleanProperty [value: false]
18:00:06.368 [FXGL Background Thread 3 ] DEBUG Engine               - devShowPositionProperty: BooleanProperty [value: false]
18:00:06.368 [FXGL Background Thread 3 ] DEBUG Engine               - enabledMenuItems: []
18:00:06.368 [FXGL Background Thread 3 ] DEBUG Engine               - engineServices: [class com.almasb.fxgl.app.services.FXGLAssetLoaderService, class com.almasb.fxgl.app.FXGLApplication$GameApplicationService, class com.almasb.fxgl.app.services.FXGLDialogService, class com.almasb.fxgl.app.services.IOTaskExecutorService, class com.almasb.fxgl.event.EventBusService, class com.almasb.fxgl.io.FileSystemService, class com.almasb.fxgl.localization.LocalizationService, class com.almasb.fxgl.app.services.SystemBundleService, class com.almasb.fxgl.profile.SaveLoadService, class com.almasb.fxgl.ui.FXGLUIFactoryServiceProvider, class com.almasb.fxgl.ui.FXGLDialogFactoryServiceProvider, class com.almasb.fxgl.audio.AudioPlayer, class com.almasb.fxgl.notification.impl.NotificationServiceProvider, class com.almasb.fxgl.achievement.AchievementService, class com.almasb.fxgl.cutscene.CutsceneService, class com.almasb.fxgl.minigames.MiniGameService, class com.almasb.fxgl.net.NetService, class com.almasb.fxgl.app.services.UpdaterService, class com.almasb.fxgl.dev.DevService]
18:00:06.369 [FXGL Background Thread 3 ] DEBUG Engine               - fontGame: Abel-Regular.ttf
18:00:06.369 [FXGL Background Thread 3 ] DEBUG Engine               - fontMono: lucida_console.ttf
18:00:06.369 [FXGL Background Thread 3 ] DEBUG Engine               - fontText: Courier-Prime.ttf
18:00:06.369 [FXGL Background Thread 3 ] DEBUG Engine               - fontUI: VarelaRound-Regular.ttf
18:00:06.370 [FXGL Background Thread 3 ] DEBUG Engine               - fullScreen: BooleanProperty [value: false]
18:00:06.370 [FXGL Background Thread 3 ] DEBUG Engine               - gameDifficulty: MEDIUM
18:00:06.370 [FXGL Background Thread 3 ] DEBUG Engine               - gameDifficultyProperty: ObjectProperty [value: MEDIUM]
18:00:06.370 [FXGL Background Thread 3 ] DEBUG Engine               - globalMusicVolume: 0.5
18:00:06.371 [FXGL Background Thread 3 ] DEBUG Engine               - globalMusicVolumeProperty: DoubleProperty [value: 0.01]
18:00:06.371 [FXGL Background Thread 3 ] DEBUG Engine               - globalSoundVolume: 0.5
18:00:06.371 [FXGL Background Thread 3 ] DEBUG Engine               - globalSoundVolumeProperty: DoubleProperty [value: 0.01]
18:00:06.371 [FXGL Background Thread 3 ] DEBUG Engine               - height: 720
18:00:06.372 [FXGL Background Thread 3 ] DEBUG Engine               - isAndroid: false
18:00:06.372 [FXGL Background Thread 3 ] DEBUG Engine               - isBrowser: false
18:00:06.372 [FXGL Background Thread 3 ] DEBUG Engine               - isClickFeedbackEnabled: false
18:00:06.373 [FXGL Background Thread 3 ] DEBUG Engine               - isCloseConfirmation: false
18:00:06.373 [FXGL Background Thread 3 ] DEBUG Engine               - isDesktop: true
18:00:06.373 [FXGL Background Thread 3 ] DEBUG Engine               - isDeveloperMenuEnabled: false
18:00:06.374 [FXGL Background Thread 3 ] DEBUG Engine               - isEntityPreloadEnabled: true
18:00:06.374 [FXGL Background Thread 3 ] DEBUG Engine               - isExperimental3D: false
18:00:06.374 [FXGL Background Thread 3 ] DEBUG Engine               - isExperimentalNative: false
18:00:06.374 [FXGL Background Thread 3 ] DEBUG Engine               - isExperimentalTiledLargeMap: false
18:00:06.375 [FXGL Background Thread 3 ] DEBUG Engine               - isFileSystemWriteAllowed: true
18:00:06.375 [FXGL Background Thread 3 ] DEBUG Engine               - isFullScreenAllowed: false
18:00:06.375 [FXGL Background Thread 3 ] DEBUG Engine               - isFullScreenFromStart: false
18:00:06.375 [FXGL Background Thread 3 ] DEBUG Engine               - isGameMenuEnabled: true
18:00:06.376 [FXGL Background Thread 3 ] DEBUG Engine               - isIOS: false
18:00:06.376 [FXGL Background Thread 3 ] DEBUG Engine               - isIntroEnabled: false
18:00:06.376 [FXGL Background Thread 3 ] DEBUG Engine               - isLinux: false
18:00:06.377 [FXGL Background Thread 3 ] DEBUG Engine               - isMac: false
18:00:06.377 [FXGL Background Thread 3 ] DEBUG Engine               - isMainMenuEnabled: false
18:00:06.377 [FXGL Background Thread 3 ] DEBUG Engine               - isManualResizeEnabled: false
18:00:06.377 [FXGL Background Thread 3 ] DEBUG Engine               - isMobile: false
18:00:06.378 [FXGL Background Thread 3 ] DEBUG Engine               - isPreserveResizeRatio: false
18:00:06.378 [FXGL Background Thread 3 ] DEBUG Engine               - isProfilingEnabled: false
18:00:06.378 [FXGL Background Thread 3 ] DEBUG Engine               - isScaleAffectedOnResize: true
18:00:06.379 [FXGL Background Thread 3 ] DEBUG Engine               - isSingleStep: false
18:00:06.379 [FXGL Background Thread 3 ] DEBUG Engine               - isUserProfileEnabled: false
18:00:06.380 [FXGL Background Thread 3 ] DEBUG Engine               - isWindows: true
18:00:06.380 [FXGL Background Thread 3 ] DEBUG Engine               - language: ObjectProperty [value: ENGLISH]
18:00:06.381 [FXGL Background Thread 3 ] DEBUG Engine               - menuKey: ESCAPE
18:00:06.383 [FXGL Background Thread 3 ] DEBUG Engine               - notificationViewClass: class com.almasb.fxgl.notification.view.XboxNotificationView
18:00:06.384 [FXGL Background Thread 3 ] DEBUG Engine               - pixelsPerMeter: 50.0
18:00:06.388 [FXGL Background Thread 3 ] DEBUG Engine               - platform: WINDOWS
18:00:06.395 [FXGL Background Thread 3 ] DEBUG Engine               - prefHeightProperty: ReadOnlyDoubleProperty [value: 720.0]
18:00:06.395 [FXGL Background Thread 3 ] DEBUG Engine               - prefWidthProperty: ReadOnlyDoubleProperty [value: 1280.0]
18:00:06.396 [FXGL Background Thread 3 ] DEBUG Engine               - profileDir: profiles/
18:00:06.396 [FXGL Background Thread 3 ] DEBUG Engine               - profileName: StringProperty [value: DEFAULT]
18:00:06.396 [FXGL Background Thread 3 ] DEBUG Engine               - randomSeed: -1
18:00:06.396 [FXGL Background Thread 3 ] DEBUG Engine               - runtimeInfo: RuntimeInfo(platform=WINDOWS, version=11.14, build=01.03.2021 16.59)
18:00:06.396 [FXGL Background Thread 3 ] DEBUG Engine               - saveFileExt: sav
18:00:06.398 [FXGL Background Thread 3 ] DEBUG Engine               - scaledHeightProp$fxgl: DoubleProperty [bound, value: 679.0]
18:00:06.399 [FXGL Background Thread 3 ] DEBUG Engine               - scaledWidthProp$fxgl: DoubleProperty [bound, value: 1183.0]
18:00:06.400 [FXGL Background Thread 3 ] DEBUG Engine               - sceneFactory: Main.App$1@153802df
18:00:06.400 [FXGL Background Thread 3 ] DEBUG Engine               - secondsIn24h: 60
18:00:06.401 [FXGL Background Thread 3 ] DEBUG Engine               - soundMenuBack: menu/back.wav
18:00:06.401 [FXGL Background Thread 3 ] DEBUG Engine               - soundMenuPress: menu/press.wav
18:00:06.402 [FXGL Background Thread 3 ] DEBUG Engine               - soundMenuSelect: menu/select.wav
18:00:06.403 [FXGL Background Thread 3 ] DEBUG Engine               - soundNotification: core/notification.wav
18:00:06.404 [FXGL Background Thread 3 ] DEBUG Engine               - stageStyle: DECORATED
18:00:06.420 [FXGL Background Thread 3 ] DEBUG Engine               - supportedLanguages: [ENGLISH, FRENCH, GERMAN, HUNGARIAN, RUSSIAN]
18:00:06.421 [FXGL Background Thread 3 ] DEBUG Engine               - ticksPerSecond: -1
18:00:06.422 [FXGL Background Thread 3 ] DEBUG Engine               - title: Game 1 Let's go
18:00:06.423 [FXGL Background Thread 3 ] DEBUG Engine               - urlGithub: https://github.com/AlmasB/FXGL
18:00:06.424 [FXGL Background Thread 3 ] DEBUG Engine               - urlLeaderboard: http://fxgl-top.herokuapp.com/
18:00:06.425 [FXGL Background Thread 3 ] DEBUG Engine               - urlPOM: https://raw.githubusercontent.com/AlmasB/FXGL/release/README.md
18:00:06.426 [FXGL Background Thread 3 ] DEBUG Engine               - userAppClass: class Main.App
18:00:06.426 [FXGL Background Thread 3 ] DEBUG Engine               - version: 1.0
18:00:06.427 [FXGL Background Thread 3 ] DEBUG Engine               - versionCheckDays: 7
18:00:06.427 [FXGL Background Thread 3 ] DEBUG Engine               - width: 1280
18:00:06.427 [FXGL Background Thread 3 ] DEBUG Engine               - Logging services
18:00:06.428 [FXGL Background Thread 3 ] DEBUG Engine               - class com.almasb.fxgl.app.services.FXGLAssetLoaderService
18:00:06.428 [FXGL Background Thread 3 ] DEBUG Engine               - class com.almasb.fxgl.app.FXGLApplication$GameApplicationService
18:00:06.428 [FXGL Background Thread 3 ] DEBUG Engine               - class com.almasb.fxgl.app.services.FXGLDialogService
18:00:06.428 [FXGL Background Thread 3 ] DEBUG Engine               - class com.almasb.fxgl.app.services.IOTaskExecutorService
18:00:06.428 [FXGL Background Thread 3 ] DEBUG Engine               - class com.almasb.fxgl.event.EventBusService
18:00:06.435 [FXGL Background Thread 3 ] DEBUG Engine               - class com.almasb.fxgl.io.FileSystemService
18:00:06.436 [FXGL Background Thread 3 ] DEBUG Engine               - class com.almasb.fxgl.localization.LocalizationService
18:00:06.436 [FXGL Background Thread 3 ] DEBUG Engine               - class com.almasb.fxgl.app.services.SystemBundleService
18:00:06.436 [FXGL Background Thread 3 ] DEBUG Engine               - class com.almasb.fxgl.profile.SaveLoadService
18:00:06.436 [FXGL Background Thread 3 ] DEBUG Engine               - class com.almasb.fxgl.ui.FXGLUIFactoryServiceProvider
18:00:06.437 [FXGL Background Thread 3 ] DEBUG Engine               - class com.almasb.fxgl.ui.FXGLDialogFactoryServiceProvider
18:00:06.437 [FXGL Background Thread 3 ] DEBUG Engine               - class com.almasb.fxgl.audio.AudioPlayer
18:00:06.437 [FXGL Background Thread 3 ] DEBUG Engine               - class com.almasb.fxgl.notification.impl.NotificationServiceProvider
18:00:06.437 [FXGL Background Thread 3 ] DEBUG Engine               - class com.almasb.fxgl.achievement.AchievementService
18:00:06.437 [FXGL Background Thread 3 ] DEBUG Engine               - class com.almasb.fxgl.cutscene.CutsceneService
18:00:06.438 [FXGL Background Thread 3 ] DEBUG Engine               - class com.almasb.fxgl.minigames.MiniGameService
18:00:06.438 [FXGL Background Thread 3 ] DEBUG Engine               - class com.almasb.fxgl.net.NetService
18:00:06.438 [FXGL Background Thread 3 ] DEBUG Engine               - class com.almasb.fxgl.app.services.UpdaterService
18:00:06.438 [FXGL Background Thread 3 ] DEBUG Engine               - class com.almasb.fxgl.dev.DevService
18:00:07.096 [JavaFX Application Thread] DEBUG FXGLApplication      - Exiting FXGL
18:00:07.097 [JavaFX Application Thread] DEBUG LoopRunner           - Stopping loop
18:00:07.097 [JavaFX Application Thread] DEBUG SystemBundleService  - Saving FXGL system data
18:00:07.100 [JavaFX Application Thread] DEBUG FileSystemAccess     - Writing to: C:\Users\isyoh\Documents\école\Object oriented program\Cours\Game1\system\fxgl.bundle
18:00:07.104 [JavaFX Application Thread] DEBUG Async                - Shutting down background threads
18:00:07.104 [JavaFX Application Thread] DEBUG PrimaryStageWindow   - Closing main window
18:00:07.145 [JavaFX Application Thread] DEBUG Logger               - Closing Logger
