21:42:43.373 [main                     ] DEBUG Logger               - Configured Logger
21:42:43.404 [main                     ] DEBUG GameApplication      - Logging settings
Title: Game 1 Let's go
Version: 1.0
Width: 1280
Height: 720
Fullscreen: false
Intro: false
Profiling: false
Single step:false
App Mode: DEVELOPER
Menu Key: ESCAPE
Stage Style: DECORATED
Scene Factory: class Main.App$1

21:42:44.240 [JavaFX Application Thread] DEBUG FXGLApplication      - Initializing FXGL
21:42:44.243 [JavaFX Application Thread] INFO  Engine               - FXGL-11.14 (01.03.2021 16.59) on WINDOWS (J:15.0.2 FX:15)
21:42:44.246 [JavaFX Application Thread] DEBUG Engine               - JRE Vendor Name: Oracle Corporation
21:42:44.247 [JavaFX Application Thread] DEBUG Engine               - Running on OS: Windows 10 version 10.0
21:42:44.247 [JavaFX Application Thread] DEBUG Engine               - Architecture: amd64
21:42:44.247 [JavaFX Application Thread] INFO  Engine               - Source code and latest versions at: https://github.com/AlmasB/FXGL
21:42:44.248 [JavaFX Application Thread] INFO  Engine               -              Join the FXGL chat at: https://gitter.im/AlmasB/FXGL
21:42:44.385 [JavaFX Application Thread] DEBUG PrimaryStageWindow   - Creating a JavaFX scene
21:42:44.386 [JavaFX Application Thread] DEBUG PrimaryStageWindow   - Target size > screen size
21:42:44.471 [JavaFX Application Thread] DEBUG PrimaryStageWindow   - Target settings size: 1280.0 x 720.0
21:42:44.472 [JavaFX Application Thread] DEBUG PrimaryStageWindow   - Scaled scene size:    1183.0 x 679.0
21:42:44.472 [JavaFX Application Thread] DEBUG PrimaryStageWindow   - Scaled ratio: (0.92421875, 0.9430555555555555)
21:42:44.473 [JavaFX Application Thread] DEBUG PrimaryStageWindow   - Set initial scene to FXGLStartupScene
21:42:44.484 [JavaFX Application Thread] DEBUG PrimaryStageWindow   - Opening main window
21:42:44.646 [JavaFX Application Thread] DEBUG PrimaryStageWindow   - Window border size: (15.0, 37.66668701171875)
21:42:44.646 [JavaFX Application Thread] DEBUG PrimaryStageWindow   - Scaled size: 1183.0 x 679.0
21:42:44.647 [JavaFX Application Thread] DEBUG PrimaryStageWindow   - Scaled ratio: (0.92421875, 0.9430555555555555)
21:42:44.649 [JavaFX Application Thread] DEBUG PrimaryStageWindow   - Scene size: 1183.0 x 679.0
21:42:44.650 [JavaFX Application Thread] DEBUG PrimaryStageWindow   - Stage size: 1198.0 x 716.6666870117188
21:42:44.734 [FXGL Background Thread 1 ] DEBUG Engine               - Initializing environment variables
21:42:44.826 [FXGL Background Thread 1 ] DEBUG FXGLAssetLoaderServi - User app class for loading assets: class Main.App
21:42:44.828 [FXGL Background Thread 1 ] DEBUG GameApplicationServi - Applying CSS: fxgl_dark.css
21:42:44.830 [FXGL Background Thread 1 ] DEBUG FXGLAssetLoaderServi - Loading from file system: jar:file:/C:/Users/isyoh/Documents/%c3%a9cole/Object%20oriented%20program/Cours/MusicAdventure/out/artifacts/MusicAdventure_jar2/MusicAdventure.jar!/fxglassets/ui/css/fxgl_dark.css
21:42:44.929 [FXGL Background Thread 1 ] DEBUG GameApplicationServi - Initializing application scenes
21:42:45.034 [FXGL Background Thread 1 ] DEBUG FXGLAssetLoaderServi - Loading from file system: jar:file:/C:/Users/isyoh/Documents/%c3%a9cole/Object%20oriented%20program/Cours/MusicAdventure/out/artifacts/MusicAdventure_jar2/MusicAdventure.jar!/assets/textures/player.png
21:42:45.072 [FXGL Background Thread 1 ] DEBUG GameWorld            - Game world initialized
21:42:45.148 [FXGL Background Thread 1 ] DEBUG PhysicsWorld         - Physics world initialized: appHeight=720, physics.ppm=50,0
21:42:45.149 [FXGL Background Thread 1 ] DEBUG PhysicsWorld         - Using strategy: BRUTE_FORCE
21:42:45.152 [FXGL Background Thread 1 ] DEBUG GameScene            - Game scene initialized: 1280x720
21:42:45.176 [FXGL Background Thread 1 ] DEBUG FXGLAssetLoaderServi - Loading from file system: jar:file:/C:/Users/isyoh/Documents/%c3%a9cole/Object%20oriented%20program/Cours/MusicAdventure/out/artifacts/MusicAdventure_jar2/MusicAdventure.jar!/fxglassets/textures/particles/trace_horizontal.png
21:42:45.255 [FXGL Background Thread 1 ] DEBUG FXGL.DefaultMenu     - createMenuBodyGameMenu()
21:42:45.290 [FXGL Background Thread 1 ] DEBUG FXGL.DefaultMenu     - createOptionsMenu()
21:42:45.305 [FXGL Background Thread 1 ] DEBUG FXGLAssetLoaderServi - Loading from file system: jar:file:/C:/Users/isyoh/Documents/%c3%a9cole/Object%20oriented%20program/Cours/MusicAdventure/out/artifacts/MusicAdventure_jar2/MusicAdventure.jar!/fxglassets/textures/particles/smoke.png
21:42:45.427 [FXGL Background Thread 1 ] DEBUG GameApplicationServi - Application scenes initialized
21:42:45.446 [FXGL Background Thread 1 ] DEBUG SystemBundleService  - Loading FXGL system data
21:42:45.456 [FXGL Background Thread 1 ] DEBUG FileSystemAccess     - Reading from: C:\Users\isyoh\Documents\école\Object oriented program\Cours\MusicAdventure\out\artifacts\MusicAdventure_jar2\system\fxgl.bundle
21:42:45.466 [FXGL Background Thread 1 ] DEBUG SystemBundleService  - Bundle FXGL: {}
21:42:45.467 [FXGL Background Thread 1 ] DEBUG UpdaterService       - Checking for updates
21:42:45.475 [FXGL Background Thread 4 ] DEBUG FXGLApplication      - Loading fonts
21:42:45.475 [FXGL Background Thread 1 ] DEBUG FXGLApplication      - Loading default localization
21:42:45.477 [FXGL Background Thread 1 ] DEBUG FXGLAssetLoaderServi - Loading from file system: jar:file:/C:/Users/isyoh/Documents/%c3%a9cole/Object%20oriented%20program/Cours/MusicAdventure/out/artifacts/MusicAdventure_jar2/MusicAdventure.jar!/fxglassets/languages/english.lang
21:42:45.478 [FXGL Background Thread 4 ] DEBUG FXGLAssetLoaderServi - Loading from file system: jar:file:/C:/Users/isyoh/Documents/%c3%a9cole/Object%20oriented%20program/Cours/MusicAdventure/out/artifacts/MusicAdventure_jar2/MusicAdventure.jar!/fxglassets/ui/fonts/VarelaRound-Regular.ttf
21:42:45.502 [FXGL Background Thread 1 ] INFO  FXGLApplication      - FXGL initialization took: 0,767 sec
21:42:45.519 [JavaFX Application Thread] DEBUG Input                - Registered new binding: Left - Left
21:42:45.520 [JavaFX Application Thread] DEBUG Input                - Registered new binding: Right - Right
21:42:45.521 [JavaFX Application Thread] DEBUG Input                - Registered new binding: Jump - Up
21:42:45.521 [JavaFX Application Thread] DEBUG Input                - Registered new binding: WhistleA - 1
21:42:45.522 [JavaFX Application Thread] DEBUG Input                - Registered new binding: WhistleB - 2
21:42:45.523 [JavaFX Application Thread] DEBUG Input                - Registered new binding: WhistleC - 3
21:42:45.524 [JavaFX Application Thread] DEBUG Input                - Registered new binding: WhistleD - 4
21:42:45.524 [JavaFX Application Thread] DEBUG Input                - Registered new binding: WhistleE - 5
21:42:45.525 [JavaFX Application Thread] DEBUG Input                - Registered new binding: WhistleF - 6
21:42:45.525 [JavaFX Application Thread] DEBUG Input                - Registered new binding: WhistleG - 7
21:42:45.526 [JavaFX Application Thread] DEBUG Input                - Registered new binding: Use - E
21:42:45.527 [JavaFX Application Thread] DEBUG FXGLAssetLoaderServi - Loading from file system: jar:file:/C:/Users/isyoh/Documents/%c3%a9cole/Object%20oriented%20program/Cours/MusicAdventure/out/artifacts/MusicAdventure_jar2/MusicAdventure.jar!/assets/music/BGM_dash_runner.wav
21:42:46.006 [JavaFX Application Thread] DEBUG AudioPlayer          - Playing music com.almasb.fxgl.audio.Music@45b85df8
21:42:46.008 [JavaFX Application Thread] DEBUG FXGLAssetLoaderServi - Loading from file system: jar:file:/C:/Users/isyoh/Documents/%c3%a9cole/Object%20oriented%20program/Cours/MusicAdventure/out/artifacts/MusicAdventure_jar2/MusicAdventure.jar!/fxglassets/textures/fxgl_icon.png
21:42:46.061 [JavaFX Application Thread] DEBUG FXGLAssetLoaderServi - Loading from file system: jar:file:/C:/Users/isyoh/Documents/%c3%a9cole/Object%20oriented%20program/Cours/MusicAdventure/out/artifacts/MusicAdventure_jar2/MusicAdventure.jar!/fxglassets/ui/cursors/fxgl_default.png
21:42:46.068 [JavaFX Application Thread] DEBUG Input                - Registered new binding: Screenshot - P
21:42:46.070 [JavaFX Application Thread] DEBUG Input                - Registered new binding: System info dump - CTRL+9
21:42:46.070 [JavaFX Application Thread] DEBUG Input                - Registered new binding: Restart - CTRL+R
21:42:46.071 [JavaFX Application Thread] DEBUG Input                - Registered new binding: Toggle Debug Camera - CTRL+C
21:42:46.074 [JavaFX Application Thread] DEBUG LoopRunner           - Starting loop
21:42:46.075 [JavaFX Application Thread] DEBUG LoopRunner           - Initializing JavaFX AnimationTimerLoop
21:42:46.077 [JavaFX Application Thread] DEBUG GameApplicationServi - Starting new game
21:42:46.078 [JavaFX Application Thread] DEBUG Input                - Clearing active input actions
21:42:46.137 [JavaFX Application Thread] DEBUG GameApplicationServi - Removing overlay from FXGLStartupScene and adding to BetterLoadingScene
21:42:46.137 [JavaFX Application Thread] DEBUG PrimaryStageWindow   - FXGLStartupScene -> BetterLoadingScene
21:42:46.138 [JavaFX Application Thread] DEBUG GameApplicationServi - Clearing previous game
21:42:46.138 [JavaFX Application Thread] DEBUG GameScene            - Clearing game scene
21:42:46.138 [JavaFX Application Thread] DEBUG GameWorld            - Clearing game world
21:42:46.139 [JavaFX Application Thread] DEBUG PhysicsWorld         - Clearing physics world
21:42:46.141 [FXGL Background Thread 1 ] DEBUG FXGLApplication      - Initializing game
21:42:46.264 [FXGL Background Thread 1 ] DEBUG TMXLevelLoader       - Parsed raw map: TiledMap(width=15, height=10, tilewidth=70, tileheight=70, orientation=orthogonal, layers=[Layer(width=15, height=10, name=Tile Layer 1, type=tilelayer, visible=false, x=0, y=0, data=[0, 0, 0, 0, 0, 0, 0, 0, 0, 0, 0, 0, 0, 0, 0, 0, 0, 0, 0, 0, 0, 0, 0, 0, 0, 0, 0, 0, 0, 0, 0, 0, 0, 0, 0, 0, 0, 0, 0, 0, 0, 0, 0, 0, 0, 0, 0, 0, 0, 0, 0, 0, 0, 0, 0, 0, 0, 0, 0, 0, 0, 0, 0, 0, 0, 0, 0, 0, 0, 0, 0, 0, 0, 0, 0, 0, 0, 0, 0, 0, 0, 0, 0, 0, 0, 0, 0, 0, 0, 0, 0, 0, 0, 0, 0, 0, 0, 0, 0, 0, 0, 0, 0, 0, 0, 0, 0, 0, 0, 0, 0, 0, 0, 0, 0, 0, 0, 0, 0, 0, 0, 0, 0, 0, 0, 0, 69, 57, 45, 0, 0, 0, 0, 0, 0, 116, 104, 104, 104, 104, 104, 104, 104, 104, 104, 104, 104, 104, 104, 92], objects=[], opacity=0.0, draworder=), Layer(width=0, height=0, name=Object Layer 1, type=objectgroup, visible=false, x=0, y=0, data=[], objects=[com.almasb.fxgl.entity.level.tiled.TiledObject@1bb252dd, com.almasb.fxgl.entity.level.tiled.TiledObject@68f660d, com.almasb.fxgl.entity.level.tiled.TiledObject@4e41c1c8, com.almasb.fxgl.entity.level.tiled.TiledObject@e9c33b, com.almasb.fxgl.entity.level.tiled.TiledObject@9c44d41, com.almasb.fxgl.entity.level.tiled.TiledObject@7486ed7a], opacity=0.0, draworder=)], tilesets=[Tileset(firstgid=1, image=tiles_spritesheet.png, name=tiles_spritesheet, tilewidth=70, tileheight=70, imagewidth=914, imageheight=936, margin=0, spacing=2, columns=12, tilecount=156, transparentcolor=, tiles=[])], backgroundcolor=, renderorder=right-down, nextobjectid=22, version=1, tiledversion=1.2.3, type=map, infinite=false, hexsidelength=0, staggeraxis=, staggerindex=, properties={star1time=9.0}, propertytypes={star1time=float})
21:42:46.266 [FXGL Background Thread 1 ] DEBUG TMXLevelLoader       - Creating tile layer entities
21:42:46.267 [FXGL Background Thread 1 ] DEBUG TilesetLoader        - Loading view for layer Tile Layer 1
21:42:46.275 [FXGL Background Thread 1 ] DEBUG TilesetLoader        - Created buffer with size 1050.0x700.0
21:42:46.349 [FXGL Background Thread 1 ] DEBUG TilesetLoader        - Writing to buffer: dst=420,560, w=70,h=70, src=576,360
21:42:46.350 [FXGL Background Thread 1 ] DEBUG TilesetLoader        - Writing to buffer: dst=490,560, w=70,h=70, src=576,288
21:42:46.350 [FXGL Background Thread 1 ] DEBUG TilesetLoader        - Writing to buffer: dst=560,560, w=70,h=70, src=576,216
21:42:46.351 [FXGL Background Thread 1 ] DEBUG TilesetLoader        - Writing to buffer: dst=0,630, w=70,h=70, src=504,648
21:42:46.351 [FXGL Background Thread 1 ] DEBUG TilesetLoader        - Writing to buffer: dst=70,630, w=70,h=70, src=504,576
21:42:46.351 [FXGL Background Thread 1 ] DEBUG TilesetLoader        - Writing to buffer: dst=140,630, w=70,h=70, src=504,576
21:42:46.352 [FXGL Background Thread 1 ] DEBUG TilesetLoader        - Writing to buffer: dst=210,630, w=70,h=70, src=504,576
21:42:46.352 [FXGL Background Thread 1 ] DEBUG TilesetLoader        - Writing to buffer: dst=280,630, w=70,h=70, src=504,576
21:42:46.353 [FXGL Background Thread 1 ] DEBUG TilesetLoader        - Writing to buffer: dst=350,630, w=70,h=70, src=504,576
21:42:46.353 [FXGL Background Thread 1 ] DEBUG TilesetLoader        - Writing to buffer: dst=420,630, w=70,h=70, src=504,576
21:42:46.353 [FXGL Background Thread 1 ] DEBUG TilesetLoader        - Writing to buffer: dst=490,630, w=70,h=70, src=504,576
21:42:46.354 [FXGL Background Thread 1 ] DEBUG TilesetLoader        - Writing to buffer: dst=560,630, w=70,h=70, src=504,576
21:42:46.354 [FXGL Background Thread 1 ] DEBUG TilesetLoader        - Writing to buffer: dst=630,630, w=70,h=70, src=504,576
21:42:46.354 [FXGL Background Thread 1 ] DEBUG TilesetLoader        - Writing to buffer: dst=700,630, w=70,h=70, src=504,576
21:42:46.355 [FXGL Background Thread 1 ] DEBUG TilesetLoader        - Writing to buffer: dst=770,630, w=70,h=70, src=504,576
21:42:46.355 [FXGL Background Thread 1 ] DEBUG TilesetLoader        - Writing to buffer: dst=840,630, w=70,h=70, src=504,576
21:42:46.362 [FXGL Background Thread 1 ] DEBUG TilesetLoader        - Writing to buffer: dst=910,630, w=70,h=70, src=504,576
21:42:46.362 [FXGL Background Thread 1 ] DEBUG TilesetLoader        - Writing to buffer: dst=980,630, w=70,h=70, src=504,504
21:42:46.363 [FXGL Background Thread 1 ] DEBUG TMXLevelLoader       - Creating object layer entities
21:42:46.419 [FXGL Background Thread 1 ] DEBUG GameWorld            - Clearing removable entities
21:42:46.420 [FXGL Background Thread 1 ] DEBUG GameWorld            - Setting level: com.almasb.fxgl.entity.level.Level@97beab2
21:42:46.449 [FXGL Background Thread 1 ] DEBUG FXGLAssetLoaderServi - Loading from file system: jar:file:/C:/Users/isyoh/Documents/%c3%a9cole/Object%20oriented%20program/Cours/MusicAdventure/out/artifacts/MusicAdventure_jar2/MusicAdventure.jar!/assets/textures/background/proj.png
21:42:46.580 [FXGL Background Thread 1 ] INFO  FXGLApplication      - Game initialization took: 0,439 sec
21:42:46.590 [JavaFX Application Thread] DEBUG Input                - Clearing active input actions
21:42:46.611 [JavaFX Application Thread] DEBUG GameApplicationServi - Removing overlay from BetterLoadingScene and adding to GameScene
21:42:46.616 [JavaFX Application Thread] DEBUG PrimaryStageWindow   - BetterLoadingScene -> GameScene
21:42:46.657 [FXGL Background Thread 4 ] DEBUG FXGLAssetLoaderServi - Loading from file system: jar:file:/C:/Users/isyoh/Documents/%c3%a9cole/Object%20oriented%20program/Cours/MusicAdventure/out/artifacts/MusicAdventure_jar2/MusicAdventure.jar!/fxglassets/ui/fonts/Abel-Regular.ttf
21:42:46.785 [FXGL Background Thread 2 ] INFO  UpdaterService       - Your current version:  11.14
21:42:46.788 [FXGL Background Thread 2 ] INFO  UpdaterService       - Latest stable version: 11.15
21:42:46.837 [FXGL Background Thread 4 ] DEBUG FXGLAssetLoaderServi - Loading from file system: jar:file:/C:/Users/isyoh/Documents/%c3%a9cole/Object%20oriented%20program/Cours/MusicAdventure/out/artifacts/MusicAdventure_jar2/MusicAdventure.jar!/fxglassets/ui/fonts/lucida_console.ttf
21:42:47.080 [FXGL Background Thread 4 ] DEBUG FXGLAssetLoaderServi - Loading from file system: jar:file:/C:/Users/isyoh/Documents/%c3%a9cole/Object%20oriented%20program/Cours/MusicAdventure/out/artifacts/MusicAdventure_jar2/MusicAdventure.jar!/fxglassets/ui/fonts/Courier-Prime.ttf
21:42:47.271 [JavaFX Application Thread] DEBUG FXGLApplication      - Registering font factories with UI factory
21:42:47.727 [JavaFX Application Thread] DEBUG PrimaryStageWindow   - Push state: DialogSubScene
21:42:47.727 [JavaFX Application Thread] DEBUG Input                - Clearing active input actions
21:42:47.734 [JavaFX Application Thread] DEBUG GameApplicationServi - Removing overlay from GameScene and adding to DialogSubScene
21:42:47.735 [JavaFX Application Thread] DEBUG PrimaryStageWindow   - GameScene -> DialogSubScene
21:42:48.473 [FXGL Background Thread 3 ] DEBUG Engine               - Logging environment variables
21:42:48.473 [FXGL Background Thread 3 ] DEBUG Engine               - achievements: []
21:42:48.474 [FXGL Background Thread 3 ] DEBUG Engine               - actualHeight: 679.0
21:42:48.474 [FXGL Background Thread 3 ] DEBUG Engine               - actualHeightProperty: ReadOnlyDoubleProperty [value: 679.0]
21:42:48.474 [FXGL Background Thread 3 ] DEBUG Engine               - actualWidth: 1183.0
21:42:48.475 [FXGL Background Thread 3 ] DEBUG Engine               - actualWidthProperty: ReadOnlyDoubleProperty [value: 1183.0]
21:42:48.475 [FXGL Background Thread 3 ] DEBUG Engine               - appIcon: fxgl_icon.png
21:42:48.475 [FXGL Background Thread 3 ] DEBUG Engine               - applicationMode: DEVELOPER
21:42:48.476 [FXGL Background Thread 3 ] DEBUG Engine               - cSSList: [fxgl_dark.css]
21:42:48.476 [FXGL Background Thread 3 ] DEBUG Engine               - collisionDetectionStrategy: BRUTE_FORCE
21:42:48.477 [FXGL Background Thread 3 ] DEBUG Engine               - configClass: Optional.empty
21:42:48.477 [FXGL Background Thread 3 ] DEBUG Engine               - credits: []
21:42:48.478 [FXGL Background Thread 3 ] DEBUG Engine               - devBBoxColorProperty: ObjectProperty [value: 0xff0000ff]
21:42:48.478 [FXGL Background Thread 3 ] DEBUG Engine               - devEnableDebugCameraProperty: BooleanProperty [value: false]
21:42:48.479 [FXGL Background Thread 3 ] DEBUG Engine               - devSensorColorProperty: ObjectProperty [value: 0xffff00ff]
21:42:48.479 [FXGL Background Thread 3 ] DEBUG Engine               - devShowBBoxProperty: BooleanProperty [value: false]
21:42:48.479 [FXGL Background Thread 3 ] DEBUG Engine               - devShowPositionProperty: BooleanProperty [value: false]
21:42:48.479 [FXGL Background Thread 3 ] DEBUG Engine               - enabledMenuItems: []
21:42:48.480 [FXGL Background Thread 3 ] DEBUG Engine               - engineServices: [class com.almasb.fxgl.app.services.FXGLAssetLoaderService, class com.almasb.fxgl.app.FXGLApplication$GameApplicationService, class com.almasb.fxgl.app.services.FXGLDialogService, class com.almasb.fxgl.app.services.IOTaskExecutorService, class com.almasb.fxgl.event.EventBusService, class com.almasb.fxgl.io.FileSystemService, class com.almasb.fxgl.localization.LocalizationService, class com.almasb.fxgl.app.services.SystemBundleService, class com.almasb.fxgl.profile.SaveLoadService, class com.almasb.fxgl.ui.FXGLUIFactoryServiceProvider, class com.almasb.fxgl.ui.FXGLDialogFactoryServiceProvider, class com.almasb.fxgl.audio.AudioPlayer, class com.almasb.fxgl.notification.impl.NotificationServiceProvider, class com.almasb.fxgl.achievement.AchievementService, class com.almasb.fxgl.cutscene.CutsceneService, class com.almasb.fxgl.minigames.MiniGameService, class com.almasb.fxgl.net.NetService, class com.almasb.fxgl.app.services.UpdaterService, class com.almasb.fxgl.dev.DevService]
21:42:48.480 [FXGL Background Thread 3 ] DEBUG Engine               - fontGame: Abel-Regular.ttf
21:42:48.480 [FXGL Background Thread 3 ] DEBUG Engine               - fontMono: lucida_console.ttf
21:42:48.480 [FXGL Background Thread 3 ] DEBUG Engine               - fontText: Courier-Prime.ttf
21:42:48.480 [FXGL Background Thread 3 ] DEBUG Engine               - fontUI: VarelaRound-Regular.ttf
21:42:48.481 [FXGL Background Thread 3 ] DEBUG Engine               - fullScreen: BooleanProperty [value: false]
21:42:48.481 [FXGL Background Thread 3 ] DEBUG Engine               - gameDifficulty: MEDIUM
21:42:48.481 [FXGL Background Thread 3 ] DEBUG Engine               - gameDifficultyProperty: ObjectProperty [value: MEDIUM]
21:42:48.481 [FXGL Background Thread 3 ] DEBUG Engine               - globalMusicVolume: 0.5
21:42:48.482 [FXGL Background Thread 3 ] DEBUG Engine               - globalMusicVolumeProperty: DoubleProperty [value: 0.08]
21:42:48.482 [FXGL Background Thread 3 ] DEBUG Engine               - globalSoundVolume: 0.5
21:42:48.482 [FXGL Background Thread 3 ] DEBUG Engine               - globalSoundVolumeProperty: DoubleProperty [value: 0.08]
21:42:48.483 [FXGL Background Thread 3 ] DEBUG Engine               - height: 720
21:42:48.483 [FXGL Background Thread 3 ] DEBUG Engine               - isAndroid: false
21:42:48.483 [FXGL Background Thread 3 ] DEBUG Engine               - isBrowser: false
21:42:48.483 [FXGL Background Thread 3 ] DEBUG Engine               - isClickFeedbackEnabled: false
21:42:48.484 [FXGL Background Thread 3 ] DEBUG Engine               - isCloseConfirmation: false
21:42:48.484 [FXGL Background Thread 3 ] DEBUG Engine               - isDesktop: true
21:42:48.484 [FXGL Background Thread 3 ] DEBUG Engine               - isDeveloperMenuEnabled: false
21:42:48.484 [FXGL Background Thread 3 ] DEBUG Engine               - isEntityPreloadEnabled: true
21:42:48.484 [FXGL Background Thread 3 ] DEBUG Engine               - isExperimental3D: false
21:42:48.484 [FXGL Background Thread 3 ] DEBUG Engine               - isExperimentalNative: false
21:42:48.485 [FXGL Background Thread 3 ] DEBUG Engine               - isExperimentalTiledLargeMap: false
21:42:48.485 [FXGL Background Thread 3 ] DEBUG Engine               - isFileSystemWriteAllowed: true
21:42:48.485 [FXGL Background Thread 3 ] DEBUG Engine               - isFullScreenAllowed: false
21:42:48.486 [FXGL Background Thread 3 ] DEBUG Engine               - isFullScreenFromStart: false
21:42:48.486 [FXGL Background Thread 3 ] DEBUG Engine               - isGameMenuEnabled: true
21:42:48.486 [FXGL Background Thread 3 ] DEBUG Engine               - isIOS: false
21:42:48.486 [FXGL Background Thread 3 ] DEBUG Engine               - isIntroEnabled: false
21:42:48.487 [FXGL Background Thread 3 ] DEBUG Engine               - isLinux: false
21:42:48.487 [FXGL Background Thread 3 ] DEBUG Engine               - isMac: false
21:42:48.487 [FXGL Background Thread 3 ] DEBUG Engine               - isMainMenuEnabled: false
21:42:48.487 [FXGL Background Thread 3 ] DEBUG Engine               - isManualResizeEnabled: false
21:42:48.488 [FXGL Background Thread 3 ] DEBUG Engine               - isMobile: false
21:42:48.488 [FXGL Background Thread 3 ] DEBUG Engine               - isPreserveResizeRatio: false
21:42:48.488 [FXGL Background Thread 3 ] DEBUG Engine               - isProfilingEnabled: false
21:42:48.488 [FXGL Background Thread 3 ] DEBUG Engine               - isScaleAffectedOnResize: true
21:42:48.489 [FXGL Background Thread 3 ] DEBUG Engine               - isSingleStep: false
21:42:48.489 [FXGL Background Thread 3 ] DEBUG Engine               - isUserProfileEnabled: false
21:42:48.489 [FXGL Background Thread 3 ] DEBUG Engine               - isWindows: true
21:42:48.489 [FXGL Background Thread 3 ] DEBUG Engine               - language: ObjectProperty [value: ENGLISH]
21:42:48.490 [FXGL Background Thread 3 ] DEBUG Engine               - menuKey: ESCAPE
21:42:48.490 [FXGL Background Thread 3 ] DEBUG Engine               - notificationViewClass: class com.almasb.fxgl.notification.view.XboxNotificationView
21:42:48.490 [FXGL Background Thread 3 ] DEBUG Engine               - pixelsPerMeter: 50.0
21:42:48.490 [FXGL Background Thread 3 ] DEBUG Engine               - platform: WINDOWS
21:42:48.490 [FXGL Background Thread 3 ] DEBUG Engine               - prefHeightProperty: ReadOnlyDoubleProperty [value: 720.0]
21:42:48.491 [FXGL Background Thread 3 ] DEBUG Engine               - prefWidthProperty: ReadOnlyDoubleProperty [value: 1280.0]
21:42:48.491 [FXGL Background Thread 3 ] DEBUG Engine               - profileDir: profiles/
21:42:48.491 [FXGL Background Thread 3 ] DEBUG Engine               - profileName: StringProperty [value: DEFAULT]
21:42:48.491 [FXGL Background Thread 3 ] DEBUG Engine               - randomSeed: -1
21:42:48.491 [FXGL Background Thread 3 ] DEBUG Engine               - runtimeInfo: RuntimeInfo(platform=WINDOWS, version=11.14, build=01.03.2021 16.59)
21:42:48.491 [FXGL Background Thread 3 ] DEBUG Engine               - saveFileExt: sav
21:42:48.491 [FXGL Background Thread 3 ] DEBUG Engine               - scaledHeightProp$fxgl: DoubleProperty [bound, value: 679.0]
21:42:48.492 [FXGL Background Thread 3 ] DEBUG Engine               - scaledWidthProp$fxgl: DoubleProperty [bound, value: 1183.0]
21:42:48.492 [FXGL Background Thread 3 ] DEBUG Engine               - sceneFactory: Main.App$1@271aa07c
21:42:48.492 [FXGL Background Thread 3 ] DEBUG Engine               - secondsIn24h: 60
21:42:48.492 [FXGL Background Thread 3 ] DEBUG Engine               - soundMenuBack: menu/back.wav
21:42:48.493 [FXGL Background Thread 3 ] DEBUG Engine               - soundMenuPress: menu/press.wav
21:42:48.493 [FXGL Background Thread 3 ] DEBUG Engine               - soundMenuSelect: menu/select.wav
21:42:48.493 [FXGL Background Thread 3 ] DEBUG Engine               - soundNotification: core/notification.wav
21:42:48.494 [FXGL Background Thread 3 ] DEBUG Engine               - stageStyle: DECORATED
21:42:48.494 [FXGL Background Thread 3 ] DEBUG Engine               - supportedLanguages: [ENGLISH, FRENCH, GERMAN, HUNGARIAN, RUSSIAN]
21:42:48.494 [FXGL Background Thread 3 ] DEBUG Engine               - ticksPerSecond: -1
21:42:48.494 [FXGL Background Thread 3 ] DEBUG Engine               - title: Game 1 Let's go
21:42:48.494 [FXGL Background Thread 3 ] DEBUG Engine               - urlGithub: https://github.com/AlmasB/FXGL
21:42:48.494 [FXGL Background Thread 3 ] DEBUG Engine               - urlLeaderboard: http://fxgl-top.herokuapp.com/
21:42:48.494 [FXGL Background Thread 3 ] DEBUG Engine               - urlPOM: https://raw.githubusercontent.com/AlmasB/FXGL/release/README.md
21:42:48.495 [FXGL Background Thread 3 ] DEBUG Engine               - userAppClass: class Main.App
21:42:48.495 [FXGL Background Thread 3 ] DEBUG Engine               - version: 1.0
21:42:48.495 [FXGL Background Thread 3 ] DEBUG Engine               - versionCheckDays: 7
21:42:48.496 [FXGL Background Thread 3 ] DEBUG Engine               - width: 1280
21:42:48.496 [FXGL Background Thread 3 ] DEBUG Engine               - Logging services
21:42:48.496 [FXGL Background Thread 3 ] DEBUG Engine               - class com.almasb.fxgl.app.services.FXGLAssetLoaderService
21:42:48.497 [FXGL Background Thread 3 ] DEBUG Engine               - class com.almasb.fxgl.app.FXGLApplication$GameApplicationService
21:42:48.497 [FXGL Background Thread 3 ] DEBUG Engine               - class com.almasb.fxgl.app.services.FXGLDialogService
21:42:48.497 [FXGL Background Thread 3 ] DEBUG Engine               - class com.almasb.fxgl.app.services.IOTaskExecutorService
21:42:48.497 [FXGL Background Thread 3 ] DEBUG Engine               - class com.almasb.fxgl.event.EventBusService
21:42:48.497 [FXGL Background Thread 3 ] DEBUG Engine               - class com.almasb.fxgl.io.FileSystemService
21:42:48.497 [FXGL Background Thread 3 ] DEBUG Engine               - class com.almasb.fxgl.localization.LocalizationService
21:42:48.498 [FXGL Background Thread 3 ] DEBUG Engine               - class com.almasb.fxgl.app.services.SystemBundleService
21:42:48.498 [FXGL Background Thread 3 ] DEBUG Engine               - class com.almasb.fxgl.profile.SaveLoadService
21:42:48.498 [FXGL Background Thread 3 ] DEBUG Engine               - class com.almasb.fxgl.ui.FXGLUIFactoryServiceProvider
21:42:48.498 [FXGL Background Thread 3 ] DEBUG Engine               - class com.almasb.fxgl.ui.FXGLDialogFactoryServiceProvider
21:42:48.498 [FXGL Background Thread 3 ] DEBUG Engine               - class com.almasb.fxgl.audio.AudioPlayer
21:42:48.499 [FXGL Background Thread 3 ] DEBUG Engine               - class com.almasb.fxgl.notification.impl.NotificationServiceProvider
21:42:48.499 [FXGL Background Thread 3 ] DEBUG Engine               - class com.almasb.fxgl.achievement.AchievementService
21:42:48.499 [FXGL Background Thread 3 ] DEBUG Engine               - class com.almasb.fxgl.cutscene.CutsceneService
21:42:48.499 [FXGL Background Thread 3 ] DEBUG Engine               - class com.almasb.fxgl.minigames.MiniGameService
21:42:48.500 [FXGL Background Thread 3 ] DEBUG Engine               - class com.almasb.fxgl.net.NetService
21:42:48.500 [FXGL Background Thread 3 ] DEBUG Engine               - class com.almasb.fxgl.app.services.UpdaterService
21:42:48.500 [FXGL Background Thread 3 ] DEBUG Engine               - class com.almasb.fxgl.dev.DevService
21:42:48.801 [JavaFX Application Thread] DEBUG PrimaryStageWindow   - Pop state: DialogSubScene
21:42:48.801 [JavaFX Application Thread] DEBUG Input                - Clearing active input actions
21:42:48.803 [JavaFX Application Thread] DEBUG GameApplicationServi - Removing overlay from DialogSubScene and adding to GameScene
21:42:48.804 [JavaFX Application Thread] DEBUG PrimaryStageWindow   - GameScene <- DialogSubScene
21:42:49.618 [JavaFX Application Thread] DEBUG FXGLApplication      - Exiting FXGL
21:42:49.618 [JavaFX Application Thread] DEBUG LoopRunner           - Stopping loop
21:42:49.618 [JavaFX Application Thread] DEBUG SystemBundleService  - Saving FXGL system data
21:42:49.622 [JavaFX Application Thread] DEBUG FileSystemAccess     - Writing to: C:\Users\isyoh\Documents\école\Object oriented program\Cours\MusicAdventure\out\artifacts\MusicAdventure_jar2\system\fxgl.bundle
21:42:49.626 [JavaFX Application Thread] DEBUG Async                - Shutting down background threads
21:42:49.626 [JavaFX Application Thread] DEBUG PrimaryStageWindow   - Closing main window
21:42:49.673 [JavaFX Application Thread] DEBUG Logger               - Closing Logger
