19:48:20.053 [main                     ] DEBUG Logger               - Configured Logger
19:48:20.090 [main                     ] DEBUG GameApplication      - Logging settings
Title: Game 1 Let's go
Version: 1.0
Width: 1280
Height: 720
Fullscreen: false
Intro: false
Profiling: false
Single step:false
App Mode: DEVELOPER
Menu Key: ESCAPE
Stage Style: DECORATED
Scene Factory: class Main.App$1

19:48:21.112 [JavaFX Application Thread] DEBUG FXGLApplication      - Initializing FXGL
19:48:21.115 [JavaFX Application Thread] INFO  Engine               - FXGL-11.14 (01.03.2021 16.59) on WINDOWS (J:15.0.2 FX:15)
19:48:21.117 [JavaFX Application Thread] DEBUG Engine               - JRE Vendor Name: Oracle Corporation
19:48:21.118 [JavaFX Application Thread] DEBUG Engine               - Running on OS: Windows 10 version 10.0
19:48:21.118 [JavaFX Application Thread] DEBUG Engine               - Architecture: amd64
19:48:21.119 [JavaFX Application Thread] INFO  Engine               - Source code and latest versions at: https://github.com/AlmasB/FXGL
19:48:21.120 [JavaFX Application Thread] INFO  Engine               -              Join the FXGL chat at: https://gitter.im/AlmasB/FXGL
19:48:21.285 [JavaFX Application Thread] DEBUG PrimaryStageWindow   - Creating a JavaFX scene
19:48:21.285 [JavaFX Application Thread] DEBUG PrimaryStageWindow   - Target size > screen size
19:48:21.372 [JavaFX Application Thread] DEBUG PrimaryStageWindow   - Target settings size: 1280.0 x 720.0
19:48:21.372 [JavaFX Application Thread] DEBUG PrimaryStageWindow   - Scaled scene size:    1183.0 x 679.0
19:48:21.372 [JavaFX Application Thread] DEBUG PrimaryStageWindow   - Scaled ratio: (0.92421875, 0.9430555555555555)
19:48:21.373 [JavaFX Application Thread] DEBUG PrimaryStageWindow   - Set initial scene to FXGLStartupScene
19:48:21.383 [JavaFX Application Thread] DEBUG PrimaryStageWindow   - Opening main window
19:48:21.549 [JavaFX Application Thread] DEBUG PrimaryStageWindow   - Window border size: (15.0, 37.66668701171875)
19:48:21.549 [JavaFX Application Thread] DEBUG PrimaryStageWindow   - Scaled size: 1183.0 x 679.0
19:48:21.549 [JavaFX Application Thread] DEBUG PrimaryStageWindow   - Scaled ratio: (0.92421875, 0.9430555555555555)
19:48:21.550 [JavaFX Application Thread] DEBUG PrimaryStageWindow   - Scene size: 1183.0 x 679.0
19:48:21.550 [JavaFX Application Thread] DEBUG PrimaryStageWindow   - Stage size: 1198.0 x 716.6666870117188
19:48:21.571 [FXGL Background Thread 1 ] DEBUG Engine               - Initializing environment variables
19:48:21.673 [FXGL Background Thread 1 ] DEBUG FXGLAssetLoaderServi - User app class for loading assets: class Main.App
19:48:21.673 [FXGL Background Thread 1 ] DEBUG GameApplicationServi - Applying CSS: fxgl_dark.css
19:48:21.675 [FXGL Background Thread 1 ] DEBUG FXGLAssetLoaderServi - Loading from file system: jar:file:/C:/Users/isyoh/Documents/%c3%a9cole/Object%20oriented%20program/Cours/MusicAdventure/out/artifacts/MusicAdventure_jar2/MusicAdventure.jar!/fxglassets/ui/css/fxgl_dark.css
19:48:21.870 [FXGL Background Thread 1 ] DEBUG GameApplicationServi - Initializing application scenes
19:48:21.996 [FXGL Background Thread 1 ] DEBUG FXGLAssetLoaderServi - Loading from file system: jar:file:/C:/Users/isyoh/Documents/%c3%a9cole/Object%20oriented%20program/Cours/MusicAdventure/out/artifacts/MusicAdventure_jar2/MusicAdventure.jar!/assets/textures/player.png
19:48:22.038 [FXGL Background Thread 1 ] DEBUG GameWorld            - Game world initialized
19:48:22.155 [FXGL Background Thread 1 ] DEBUG PhysicsWorld         - Physics world initialized: appHeight=720, physics.ppm=50,0
19:48:22.156 [FXGL Background Thread 1 ] DEBUG PhysicsWorld         - Using strategy: BRUTE_FORCE
19:48:22.159 [FXGL Background Thread 1 ] DEBUG GameScene            - Game scene initialized: 1280x720
19:48:22.188 [FXGL Background Thread 1 ] DEBUG FXGLAssetLoaderServi - Loading from file system: jar:file:/C:/Users/isyoh/Documents/%c3%a9cole/Object%20oriented%20program/Cours/MusicAdventure/out/artifacts/MusicAdventure_jar2/MusicAdventure.jar!/fxglassets/textures/particles/trace_horizontal.png
19:48:22.273 [FXGL Background Thread 1 ] DEBUG FXGL.DefaultMenu     - createMenuBodyGameMenu()
19:48:22.311 [FXGL Background Thread 1 ] DEBUG FXGL.DefaultMenu     - createOptionsMenu()
19:48:22.329 [FXGL Background Thread 1 ] DEBUG FXGLAssetLoaderServi - Loading from file system: jar:file:/C:/Users/isyoh/Documents/%c3%a9cole/Object%20oriented%20program/Cours/MusicAdventure/out/artifacts/MusicAdventure_jar2/MusicAdventure.jar!/fxglassets/textures/particles/smoke.png
19:48:22.452 [FXGL Background Thread 1 ] DEBUG GameApplicationServi - Application scenes initialized
19:48:22.484 [FXGL Background Thread 1 ] DEBUG SystemBundleService  - Loading default FXGL system data
19:48:22.485 [FXGL Background Thread 1 ] DEBUG UpdaterService       - Checking for updates
19:48:22.494 [FXGL Background Thread 1 ] DEBUG FXGLApplication      - Loading default localization
19:48:22.494 [FXGL Background Thread 1 ] DEBUG FXGLAssetLoaderServi - Loading from file system: jar:file:/C:/Users/isyoh/Documents/%c3%a9cole/Object%20oriented%20program/Cours/MusicAdventure/out/artifacts/MusicAdventure_jar2/MusicAdventure.jar!/fxglassets/languages/english.lang
19:48:22.521 [FXGL Background Thread 1 ] INFO  FXGLApplication      - FXGL initialization took: 0,950 sec
19:48:22.542 [JavaFX Application Thread] DEBUG Input                - Registered new binding: Left - Left
19:48:22.549 [FXGL Background Thread 4 ] DEBUG FXGLApplication      - Loading fonts
19:48:22.542 [JavaFX Application Thread] DEBUG Input                - Registered new binding: Right - Right
19:48:22.550 [FXGL Background Thread 4 ] DEBUG FXGLAssetLoaderServi - Loading from file system: jar:file:/C:/Users/isyoh/Documents/%c3%a9cole/Object%20oriented%20program/Cours/MusicAdventure/out/artifacts/MusicAdventure_jar2/MusicAdventure.jar!/fxglassets/ui/fonts/VarelaRound-Regular.ttf
19:48:22.550 [JavaFX Application Thread] DEBUG Input                - Registered new binding: Jump - Up
19:48:22.551 [JavaFX Application Thread] DEBUG Input                - Registered new binding: WhistleA - 1
19:48:22.552 [JavaFX Application Thread] DEBUG Input                - Registered new binding: WhistleB - 2
19:48:22.552 [JavaFX Application Thread] DEBUG Input                - Registered new binding: WhistleC - 3
19:48:22.553 [JavaFX Application Thread] DEBUG Input                - Registered new binding: WhistleD - 4
19:48:22.553 [JavaFX Application Thread] DEBUG Input                - Registered new binding: WhistleE - 5
19:48:22.554 [JavaFX Application Thread] DEBUG Input                - Registered new binding: WhistleF - 6
19:48:22.554 [JavaFX Application Thread] DEBUG Input                - Registered new binding: WhistleG - 7
19:48:22.555 [JavaFX Application Thread] DEBUG Input                - Registered new binding: Use - E
19:48:22.556 [JavaFX Application Thread] DEBUG FXGLAssetLoaderServi - Loading from file system: jar:file:/C:/Users/isyoh/Documents/%c3%a9cole/Object%20oriented%20program/Cours/MusicAdventure/out/artifacts/MusicAdventure_jar2/MusicAdventure.jar!/assets/music/BGM_dash_runner.wav
19:48:23.066 [JavaFX Application Thread] DEBUG AudioPlayer          - Playing music com.almasb.fxgl.audio.Music@1704ca45
19:48:23.067 [JavaFX Application Thread] DEBUG FXGLAssetLoaderServi - Loading from file system: jar:file:/C:/Users/isyoh/Documents/%c3%a9cole/Object%20oriented%20program/Cours/MusicAdventure/out/artifacts/MusicAdventure_jar2/MusicAdventure.jar!/fxglassets/textures/fxgl_icon.png
19:48:23.086 [FXGL Background Thread 4 ] DEBUG FXGLAssetLoaderServi - Loading from file system: jar:file:/C:/Users/isyoh/Documents/%c3%a9cole/Object%20oriented%20program/Cours/MusicAdventure/out/artifacts/MusicAdventure_jar2/MusicAdventure.jar!/fxglassets/ui/fonts/Abel-Regular.ttf
19:48:23.118 [JavaFX Application Thread] DEBUG FXGLAssetLoaderServi - Loading from file system: jar:file:/C:/Users/isyoh/Documents/%c3%a9cole/Object%20oriented%20program/Cours/MusicAdventure/out/artifacts/MusicAdventure_jar2/MusicAdventure.jar!/fxglassets/ui/cursors/fxgl_default.png
19:48:23.123 [JavaFX Application Thread] DEBUG Input                - Registered new binding: Screenshot - P
19:48:23.124 [JavaFX Application Thread] DEBUG Input                - Registered new binding: System info dump - CTRL+9
19:48:23.126 [JavaFX Application Thread] DEBUG Input                - Registered new binding: Restart - CTRL+R
19:48:23.126 [JavaFX Application Thread] DEBUG Input                - Registered new binding: Toggle Debug Camera - CTRL+C
19:48:23.132 [JavaFX Application Thread] DEBUG LoopRunner           - Starting loop
19:48:23.133 [JavaFX Application Thread] DEBUG LoopRunner           - Initializing JavaFX AnimationTimerLoop
19:48:23.136 [JavaFX Application Thread] DEBUG GameApplicationServi - Starting new game
19:48:23.138 [JavaFX Application Thread] DEBUG Input                - Clearing active input actions
19:48:23.148 [FXGL Background Thread 4 ] DEBUG FXGLAssetLoaderServi - Loading from file system: jar:file:/C:/Users/isyoh/Documents/%c3%a9cole/Object%20oriented%20program/Cours/MusicAdventure/out/artifacts/MusicAdventure_jar2/MusicAdventure.jar!/fxglassets/ui/fonts/lucida_console.ttf
19:48:23.168 [JavaFX Application Thread] DEBUG GameApplicationServi - Removing overlay from FXGLStartupScene and adding to BetterLoadingScene
19:48:23.172 [JavaFX Application Thread] DEBUG PrimaryStageWindow   - FXGLStartupScene -> BetterLoadingScene
19:48:23.172 [JavaFX Application Thread] DEBUG GameApplicationServi - Clearing previous game
19:48:23.174 [JavaFX Application Thread] DEBUG GameScene            - Clearing game scene
19:48:23.175 [JavaFX Application Thread] DEBUG GameWorld            - Clearing game world
19:48:23.176 [JavaFX Application Thread] DEBUG PhysicsWorld         - Clearing physics world
19:48:23.178 [FXGL Background Thread 1 ] DEBUG FXGLApplication      - Initializing game
19:48:23.333 [FXGL Background Thread 1 ] DEBUG TMXLevelLoader       - Parsed raw map: TiledMap(width=15, height=10, tilewidth=70, tileheight=70, orientation=orthogonal, layers=[Layer(width=15, height=10, name=Tile Layer 1, type=tilelayer, visible=false, x=0, y=0, data=[0, 0, 0, 0, 0, 0, 0, 0, 0, 0, 0, 0, 0, 0, 0, 0, 0, 0, 0, 0, 0, 0, 0, 0, 0, 0, 0, 0, 0, 0, 0, 0, 0, 0, 0, 0, 0, 0, 0, 0, 0, 0, 0, 0, 0, 0, 0, 0, 0, 0, 0, 0, 0, 0, 0, 0, 0, 0, 0, 0, 0, 0, 0, 0, 0, 0, 0, 0, 0, 0, 0, 0, 0, 0, 0, 0, 0, 0, 0, 0, 0, 0, 0, 0, 0, 0, 0, 0, 0, 0, 0, 0, 0, 0, 0, 0, 0, 0, 0, 0, 0, 0, 0, 0, 0, 0, 0, 0, 0, 0, 0, 0, 0, 0, 0, 0, 0, 0, 0, 0, 0, 0, 0, 0, 0, 104, 0, 104, 0, 104, 0, 0, 0, 0, 0, 116, 104, 104, 104, 104, 153, 104, 153, 104, 153, 104, 104, 104, 104, 92], objects=[], opacity=0.0, draworder=), Layer(width=0, height=0, name=Object Layer 1, type=objectgroup, visible=false, x=0, y=0, data=[], objects=[com.almasb.fxgl.entity.level.tiled.TiledObject@2f263db4, com.almasb.fxgl.entity.level.tiled.TiledObject@8676541, com.almasb.fxgl.entity.level.tiled.TiledObject@3d1b47ed, com.almasb.fxgl.entity.level.tiled.TiledObject@6932b940, com.almasb.fxgl.entity.level.tiled.TiledObject@77e7f24f, com.almasb.fxgl.entity.level.tiled.TiledObject@4499cc9f, com.almasb.fxgl.entity.level.tiled.TiledObject@235adfce, com.almasb.fxgl.entity.level.tiled.TiledObject@5fde9a5c, com.almasb.fxgl.entity.level.tiled.TiledObject@17636e62, com.almasb.fxgl.entity.level.tiled.TiledObject@1d94b525, com.almasb.fxgl.entity.level.tiled.TiledObject@68c5adf6], opacity=0.0, draworder=)], tilesets=[Tileset(firstgid=1, image=tiles_spritesheet.png, name=tiles_spritesheet, tilewidth=70, tileheight=70, imagewidth=914, imageheight=936, margin=0, spacing=2, columns=12, tilecount=156, transparentcolor=, tiles=[])], backgroundcolor=, renderorder=right-down, nextobjectid=22, version=1, tiledversion=1.2.3, type=map, infinite=false, hexsidelength=0, staggeraxis=, staggerindex=, properties={star1time=7.0}, propertytypes={star1time=float})
19:48:23.336 [FXGL Background Thread 1 ] DEBUG TMXLevelLoader       - Creating tile layer entities
19:48:23.338 [FXGL Background Thread 1 ] DEBUG TilesetLoader        - Loading view for layer Tile Layer 1
19:48:23.341 [FXGL Background Thread 1 ] DEBUG TilesetLoader        - Created buffer with size 1050.0x700.0
19:48:23.371 [FXGL Background Thread 4 ] DEBUG FXGLAssetLoaderServi - Loading from file system: jar:file:/C:/Users/isyoh/Documents/%c3%a9cole/Object%20oriented%20program/Cours/MusicAdventure/out/artifacts/MusicAdventure_jar2/MusicAdventure.jar!/fxglassets/ui/fonts/Courier-Prime.ttf
19:48:23.489 [FXGL Background Thread 1 ] DEBUG TilesetLoader        - Writing to buffer: dst=350,560, w=70,h=70, src=504,576
19:48:23.489 [FXGL Background Thread 1 ] DEBUG TilesetLoader        - Writing to buffer: dst=490,560, w=70,h=70, src=504,576
19:48:23.490 [FXGL Background Thread 1 ] DEBUG TilesetLoader        - Writing to buffer: dst=630,560, w=70,h=70, src=504,576
19:48:23.490 [FXGL Background Thread 1 ] DEBUG TilesetLoader        - Writing to buffer: dst=0,630, w=70,h=70, src=504,648
19:48:23.490 [FXGL Background Thread 1 ] DEBUG TilesetLoader        - Writing to buffer: dst=70,630, w=70,h=70, src=504,576
19:48:23.491 [FXGL Background Thread 1 ] DEBUG TilesetLoader        - Writing to buffer: dst=140,630, w=70,h=70, src=504,576
19:48:23.491 [FXGL Background Thread 1 ] DEBUG TilesetLoader        - Writing to buffer: dst=210,630, w=70,h=70, src=504,576
19:48:23.501 [FXGL Background Thread 1 ] DEBUG TilesetLoader        - Writing to buffer: dst=280,630, w=70,h=70, src=504,576
19:48:23.501 [FXGL Background Thread 1 ] DEBUG TilesetLoader        - Writing to buffer: dst=350,630, w=70,h=70, src=576,864
19:48:23.502 [FXGL Background Thread 1 ] DEBUG TilesetLoader        - Writing to buffer: dst=420,630, w=70,h=70, src=504,576
19:48:23.502 [FXGL Background Thread 1 ] DEBUG TilesetLoader        - Writing to buffer: dst=490,630, w=70,h=70, src=576,864
19:48:23.502 [FXGL Background Thread 1 ] DEBUG TilesetLoader        - Writing to buffer: dst=560,630, w=70,h=70, src=504,576
19:48:23.502 [FXGL Background Thread 1 ] DEBUG TilesetLoader        - Writing to buffer: dst=630,630, w=70,h=70, src=576,864
19:48:23.502 [FXGL Background Thread 1 ] DEBUG TilesetLoader        - Writing to buffer: dst=700,630, w=70,h=70, src=504,576
19:48:23.503 [FXGL Background Thread 1 ] DEBUG TilesetLoader        - Writing to buffer: dst=770,630, w=70,h=70, src=504,576
19:48:23.503 [FXGL Background Thread 1 ] DEBUG TilesetLoader        - Writing to buffer: dst=840,630, w=70,h=70, src=504,576
19:48:23.504 [FXGL Background Thread 1 ] DEBUG TilesetLoader        - Writing to buffer: dst=910,630, w=70,h=70, src=504,576
19:48:23.504 [FXGL Background Thread 1 ] DEBUG TilesetLoader        - Writing to buffer: dst=980,630, w=70,h=70, src=504,504
19:48:23.505 [FXGL Background Thread 1 ] DEBUG TMXLevelLoader       - Creating object layer entities
19:48:23.627 [FXGL Background Thread 1 ] DEBUG FXGLAssetLoaderServi - Loading from file system: jar:file:/C:/Users/isyoh/Documents/%c3%a9cole/Object%20oriented%20program/Cours/MusicAdventure/out/artifacts/MusicAdventure_jar2/MusicAdventure.jar!/assets/textures/C(Do).png
19:48:23.647 [FXGL Background Thread 1 ] DEBUG FXGLAssetLoaderServi - Loading from file system: jar:file:/C:/Users/isyoh/Documents/%c3%a9cole/Object%20oriented%20program/Cours/MusicAdventure/out/artifacts/MusicAdventure_jar2/MusicAdventure.jar!/assets/textures/E(Mi).png
19:48:23.654 [FXGL Background Thread 1 ] DEBUG FXGLAssetLoaderServi - Loading from file system: jar:file:/C:/Users/isyoh/Documents/%c3%a9cole/Object%20oriented%20program/Cours/MusicAdventure/out/artifacts/MusicAdventure_jar2/MusicAdventure.jar!/assets/textures/G(Sol).png
19:48:23.659 [FXGL Background Thread 1 ] DEBUG GameWorld            - Clearing removable entities
19:48:23.663 [FXGL Background Thread 1 ] DEBUG GameWorld            - Setting level: com.almasb.fxgl.entity.level.Level@61a6d8e3
19:48:23.783 [FXGL Background Thread 1 ] DEBUG FXGLAssetLoaderServi - Loading from file system: jar:file:/C:/Users/isyoh/Documents/%c3%a9cole/Object%20oriented%20program/Cours/MusicAdventure/out/artifacts/MusicAdventure_jar2/MusicAdventure.jar!/assets/textures/background/proj.png
19:48:23.961 [JavaFX Application Thread] DEBUG FXGLApplication      - Registering font factories with UI factory
19:48:24.050 [FXGL Background Thread 1 ] INFO  FXGLApplication      - Game initialization took: 0,859 sec
19:48:24.052 [JavaFX Application Thread] DEBUG Input                - Clearing active input actions
19:48:24.087 [JavaFX Application Thread] DEBUG GameApplicationServi - Removing overlay from BetterLoadingScene and adding to GameScene
19:48:24.088 [JavaFX Application Thread] DEBUG PrimaryStageWindow   - BetterLoadingScene -> GameScene
19:48:24.133 [FXGL Background Thread 2 ] INFO  UpdaterService       - Your current version:  11.14
19:48:24.134 [FXGL Background Thread 2 ] INFO  UpdaterService       - Latest stable version: 11.15
19:48:25.492 [FXGL Background Thread 3 ] DEBUG Engine               - Logging environment variables
19:48:25.500 [FXGL Background Thread 3 ] DEBUG Engine               - achievements: []
19:48:25.501 [FXGL Background Thread 3 ] DEBUG Engine               - actualHeight: 679.0
19:48:25.503 [FXGL Background Thread 3 ] DEBUG Engine               - actualHeightProperty: ReadOnlyDoubleProperty [value: 679.0]
19:48:25.506 [FXGL Background Thread 3 ] DEBUG Engine               - actualWidth: 1183.0
19:48:25.508 [FXGL Background Thread 3 ] DEBUG Engine               - actualWidthProperty: ReadOnlyDoubleProperty [value: 1183.0]
19:48:25.509 [FXGL Background Thread 3 ] DEBUG Engine               - appIcon: fxgl_icon.png
19:48:25.511 [FXGL Background Thread 3 ] DEBUG Engine               - applicationMode: DEVELOPER
19:48:25.512 [FXGL Background Thread 3 ] DEBUG Engine               - cSSList: [fxgl_dark.css]
19:48:25.513 [FXGL Background Thread 3 ] DEBUG Engine               - collisionDetectionStrategy: BRUTE_FORCE
19:48:25.518 [FXGL Background Thread 3 ] DEBUG Engine               - configClass: Optional.empty
19:48:25.519 [FXGL Background Thread 3 ] DEBUG Engine               - credits: []
19:48:25.521 [FXGL Background Thread 3 ] DEBUG Engine               - devBBoxColorProperty: ObjectProperty [value: 0xff0000ff]
19:48:25.523 [FXGL Background Thread 3 ] DEBUG Engine               - devEnableDebugCameraProperty: BooleanProperty [value: false]
19:48:25.528 [FXGL Background Thread 3 ] DEBUG Engine               - devSensorColorProperty: ObjectProperty [value: 0xffff00ff]
19:48:25.528 [FXGL Background Thread 3 ] DEBUG Engine               - devShowBBoxProperty: BooleanProperty [value: false]
19:48:25.531 [FXGL Background Thread 3 ] DEBUG Engine               - devShowPositionProperty: BooleanProperty [value: false]
19:48:25.533 [FXGL Background Thread 3 ] DEBUG Engine               - enabledMenuItems: []
19:48:25.533 [FXGL Background Thread 3 ] DEBUG Engine               - engineServices: [class com.almasb.fxgl.app.services.FXGLAssetLoaderService, class com.almasb.fxgl.app.FXGLApplication$GameApplicationService, class com.almasb.fxgl.app.services.FXGLDialogService, class com.almasb.fxgl.app.services.IOTaskExecutorService, class com.almasb.fxgl.event.EventBusService, class com.almasb.fxgl.io.FileSystemService, class com.almasb.fxgl.localization.LocalizationService, class com.almasb.fxgl.app.services.SystemBundleService, class com.almasb.fxgl.profile.SaveLoadService, class com.almasb.fxgl.ui.FXGLUIFactoryServiceProvider, class com.almasb.fxgl.ui.FXGLDialogFactoryServiceProvider, class com.almasb.fxgl.audio.AudioPlayer, class com.almasb.fxgl.notification.impl.NotificationServiceProvider, class com.almasb.fxgl.achievement.AchievementService, class com.almasb.fxgl.cutscene.CutsceneService, class com.almasb.fxgl.minigames.MiniGameService, class com.almasb.fxgl.net.NetService, class com.almasb.fxgl.app.services.UpdaterService, class com.almasb.fxgl.dev.DevService]
19:48:25.535 [FXGL Background Thread 3 ] DEBUG Engine               - fontGame: Abel-Regular.ttf
19:48:25.535 [FXGL Background Thread 3 ] DEBUG Engine               - fontMono: lucida_console.ttf
19:48:25.537 [FXGL Background Thread 3 ] DEBUG Engine               - fontText: Courier-Prime.ttf
19:48:25.538 [FXGL Background Thread 3 ] DEBUG Engine               - fontUI: VarelaRound-Regular.ttf
19:48:25.538 [FXGL Background Thread 3 ] DEBUG Engine               - fullScreen: BooleanProperty [value: false]
19:48:25.539 [FXGL Background Thread 3 ] DEBUG Engine               - gameDifficulty: MEDIUM
19:48:25.540 [FXGL Background Thread 3 ] DEBUG Engine               - gameDifficultyProperty: ObjectProperty [value: MEDIUM]
19:48:25.542 [FXGL Background Thread 3 ] DEBUG Engine               - globalMusicVolume: 0.5
19:48:25.548 [FXGL Background Thread 3 ] DEBUG Engine               - globalMusicVolumeProperty: DoubleProperty [value: 0.08]
19:48:25.549 [FXGL Background Thread 3 ] DEBUG Engine               - globalSoundVolume: 0.5
19:48:25.550 [FXGL Background Thread 3 ] DEBUG Engine               - globalSoundVolumeProperty: DoubleProperty [value: 0.08]
19:48:25.551 [FXGL Background Thread 3 ] DEBUG Engine               - height: 720
19:48:25.551 [FXGL Background Thread 3 ] DEBUG Engine               - isAndroid: false
19:48:25.551 [FXGL Background Thread 3 ] DEBUG Engine               - isBrowser: false
19:48:25.552 [FXGL Background Thread 3 ] DEBUG Engine               - isClickFeedbackEnabled: false
19:48:25.552 [FXGL Background Thread 3 ] DEBUG Engine               - isCloseConfirmation: false
19:48:25.553 [FXGL Background Thread 3 ] DEBUG Engine               - isDesktop: true
19:48:25.555 [FXGL Background Thread 3 ] DEBUG Engine               - isDeveloperMenuEnabled: false
19:48:25.556 [FXGL Background Thread 3 ] DEBUG Engine               - isEntityPreloadEnabled: true
19:48:25.556 [FXGL Background Thread 3 ] DEBUG Engine               - isExperimental3D: false
19:48:25.557 [FXGL Background Thread 3 ] DEBUG Engine               - isExperimentalNative: false
19:48:25.557 [FXGL Background Thread 3 ] DEBUG Engine               - isExperimentalTiledLargeMap: false
19:48:25.558 [FXGL Background Thread 3 ] DEBUG Engine               - isFileSystemWriteAllowed: true
19:48:25.559 [FXGL Background Thread 3 ] DEBUG Engine               - isFullScreenAllowed: false
19:48:25.560 [FXGL Background Thread 3 ] DEBUG Engine               - isFullScreenFromStart: false
19:48:25.560 [FXGL Background Thread 3 ] DEBUG Engine               - isGameMenuEnabled: true
19:48:25.561 [FXGL Background Thread 3 ] DEBUG Engine               - isIOS: false
19:48:25.561 [FXGL Background Thread 3 ] DEBUG Engine               - isIntroEnabled: false
19:48:25.562 [FXGL Background Thread 3 ] DEBUG Engine               - isLinux: false
19:48:25.563 [FXGL Background Thread 3 ] DEBUG Engine               - isMac: false
19:48:25.563 [FXGL Background Thread 3 ] DEBUG Engine               - isMainMenuEnabled: false
19:48:25.564 [FXGL Background Thread 3 ] DEBUG Engine               - isManualResizeEnabled: false
19:48:25.564 [FXGL Background Thread 3 ] DEBUG Engine               - isMobile: false
19:48:25.564 [FXGL Background Thread 3 ] DEBUG Engine               - isPreserveResizeRatio: false
19:48:25.565 [FXGL Background Thread 3 ] DEBUG Engine               - isProfilingEnabled: false
19:48:25.565 [FXGL Background Thread 3 ] DEBUG Engine               - isScaleAffectedOnResize: true
19:48:25.569 [FXGL Background Thread 3 ] DEBUG Engine               - isSingleStep: false
19:48:25.569 [FXGL Background Thread 3 ] DEBUG Engine               - isUserProfileEnabled: false
19:48:25.570 [FXGL Background Thread 3 ] DEBUG Engine               - isWindows: true
19:48:25.570 [FXGL Background Thread 3 ] DEBUG Engine               - language: ObjectProperty [value: ENGLISH]
19:48:25.575 [FXGL Background Thread 3 ] DEBUG Engine               - menuKey: ESCAPE
19:48:25.575 [FXGL Background Thread 3 ] DEBUG Engine               - notificationViewClass: class com.almasb.fxgl.notification.view.XboxNotificationView
19:48:25.575 [FXGL Background Thread 3 ] DEBUG Engine               - pixelsPerMeter: 50.0
19:48:25.576 [FXGL Background Thread 3 ] DEBUG Engine               - platform: WINDOWS
19:48:25.576 [FXGL Background Thread 3 ] DEBUG Engine               - prefHeightProperty: ReadOnlyDoubleProperty [value: 720.0]
19:48:25.576 [FXGL Background Thread 3 ] DEBUG Engine               - prefWidthProperty: ReadOnlyDoubleProperty [value: 1280.0]
19:48:25.577 [FXGL Background Thread 3 ] DEBUG Engine               - profileDir: profiles/
19:48:25.577 [FXGL Background Thread 3 ] DEBUG Engine               - profileName: StringProperty [value: DEFAULT]
19:48:25.577 [FXGL Background Thread 3 ] DEBUG Engine               - randomSeed: -1
19:48:25.578 [FXGL Background Thread 3 ] DEBUG Engine               - runtimeInfo: RuntimeInfo(platform=WINDOWS, version=11.14, build=01.03.2021 16.59)
19:48:25.578 [FXGL Background Thread 3 ] DEBUG Engine               - saveFileExt: sav
19:48:25.578 [FXGL Background Thread 3 ] DEBUG Engine               - scaledHeightProp$fxgl: DoubleProperty [bound, value: 679.0]
19:48:25.579 [FXGL Background Thread 3 ] DEBUG Engine               - scaledWidthProp$fxgl: DoubleProperty [bound, value: 1183.0]
19:48:25.579 [FXGL Background Thread 3 ] DEBUG Engine               - sceneFactory: Main.App$1@2be75abd
19:48:25.580 [FXGL Background Thread 3 ] DEBUG Engine               - secondsIn24h: 60
19:48:25.580 [FXGL Background Thread 3 ] DEBUG Engine               - soundMenuBack: menu/back.wav
19:48:25.581 [FXGL Background Thread 3 ] DEBUG Engine               - soundMenuPress: menu/press.wav
19:48:25.582 [FXGL Background Thread 3 ] DEBUG Engine               - soundMenuSelect: menu/select.wav
19:48:25.583 [FXGL Background Thread 3 ] DEBUG Engine               - soundNotification: core/notification.wav
19:48:25.585 [FXGL Background Thread 3 ] DEBUG Engine               - stageStyle: DECORATED
19:48:25.586 [FXGL Background Thread 3 ] DEBUG Engine               - supportedLanguages: [ENGLISH, FRENCH, GERMAN, HUNGARIAN, RUSSIAN]
19:48:25.587 [FXGL Background Thread 3 ] DEBUG Engine               - ticksPerSecond: -1
19:48:25.588 [FXGL Background Thread 3 ] DEBUG Engine               - title: Game 1 Let's go
19:48:25.589 [FXGL Background Thread 3 ] DEBUG Engine               - urlGithub: https://github.com/AlmasB/FXGL
19:48:25.590 [FXGL Background Thread 3 ] DEBUG Engine               - urlLeaderboard: http://fxgl-top.herokuapp.com/
19:48:25.591 [FXGL Background Thread 3 ] DEBUG Engine               - urlPOM: https://raw.githubusercontent.com/AlmasB/FXGL/release/README.md
19:48:25.592 [FXGL Background Thread 3 ] DEBUG Engine               - userAppClass: class Main.App
19:48:25.593 [FXGL Background Thread 3 ] DEBUG Engine               - version: 1.0
19:48:25.594 [FXGL Background Thread 3 ] DEBUG Engine               - versionCheckDays: 7
19:48:25.595 [FXGL Background Thread 3 ] DEBUG Engine               - width: 1280
19:48:25.595 [FXGL Background Thread 3 ] DEBUG Engine               - Logging services
19:48:25.597 [FXGL Background Thread 3 ] DEBUG Engine               - class com.almasb.fxgl.app.services.FXGLAssetLoaderService
19:48:25.597 [FXGL Background Thread 3 ] DEBUG Engine               - class com.almasb.fxgl.app.FXGLApplication$GameApplicationService
19:48:25.598 [FXGL Background Thread 3 ] DEBUG Engine               - class com.almasb.fxgl.app.services.FXGLDialogService
19:48:25.598 [FXGL Background Thread 3 ] DEBUG Engine               - class com.almasb.fxgl.app.services.IOTaskExecutorService
19:48:25.598 [FXGL Background Thread 3 ] DEBUG Engine               - class com.almasb.fxgl.event.EventBusService
19:48:25.599 [FXGL Background Thread 3 ] DEBUG Engine               - class com.almasb.fxgl.io.FileSystemService
19:48:25.599 [FXGL Background Thread 3 ] DEBUG Engine               - class com.almasb.fxgl.localization.LocalizationService
19:48:25.599 [FXGL Background Thread 3 ] DEBUG Engine               - class com.almasb.fxgl.app.services.SystemBundleService
19:48:25.600 [FXGL Background Thread 3 ] DEBUG Engine               - class com.almasb.fxgl.profile.SaveLoadService
19:48:25.600 [FXGL Background Thread 3 ] DEBUG Engine               - class com.almasb.fxgl.ui.FXGLUIFactoryServiceProvider
19:48:25.600 [FXGL Background Thread 3 ] DEBUG Engine               - class com.almasb.fxgl.ui.FXGLDialogFactoryServiceProvider
19:48:25.601 [FXGL Background Thread 3 ] DEBUG Engine               - class com.almasb.fxgl.audio.AudioPlayer
19:48:25.601 [FXGL Background Thread 3 ] DEBUG Engine               - class com.almasb.fxgl.notification.impl.NotificationServiceProvider
19:48:25.602 [FXGL Background Thread 3 ] DEBUG Engine               - class com.almasb.fxgl.achievement.AchievementService
19:48:25.602 [FXGL Background Thread 3 ] DEBUG Engine               - class com.almasb.fxgl.cutscene.CutsceneService
19:48:25.603 [FXGL Background Thread 3 ] DEBUG Engine               - class com.almasb.fxgl.minigames.MiniGameService
19:48:25.605 [FXGL Background Thread 3 ] DEBUG Engine               - class com.almasb.fxgl.net.NetService
19:48:25.607 [FXGL Background Thread 3 ] DEBUG Engine               - class com.almasb.fxgl.app.services.UpdaterService
19:48:25.609 [FXGL Background Thread 3 ] DEBUG Engine               - class com.almasb.fxgl.dev.DevService
19:48:25.660 [JavaFX Application Thread] DEBUG FXGLAssetLoaderServi - Loading from file system: jar:file:/C:/Users/isyoh/Documents/%c3%a9cole/Object%20oriented%20program/Cours/MusicAdventure/out/artifacts/MusicAdventure_jar2/MusicAdventure.jar!/assets/sounds/jump.wav
19:48:25.712 [JavaFX Application Thread] DEBUG PrimaryStageWindow   - Push state: DialogSubScene
19:48:25.712 [JavaFX Application Thread] DEBUG Input                - Clearing active input actions
19:48:25.721 [JavaFX Application Thread] DEBUG GameApplicationServi - Removing overlay from GameScene and adding to DialogSubScene
19:48:25.722 [JavaFX Application Thread] DEBUG PrimaryStageWindow   - GameScene -> DialogSubScene
19:48:27.011 [JavaFX Application Thread] DEBUG PrimaryStageWindow   - Pop state: DialogSubScene
19:48:27.011 [JavaFX Application Thread] DEBUG Input                - Clearing active input actions
19:48:27.013 [JavaFX Application Thread] DEBUG GameApplicationServi - Removing overlay from DialogSubScene and adding to GameScene
19:48:27.014 [JavaFX Application Thread] DEBUG PrimaryStageWindow   - GameScene <- DialogSubScene
19:48:31.412 [JavaFX Application Thread] DEBUG FXGLAssetLoaderServi - Loading from file system: jar:file:/C:/Users/isyoh/Documents/%c3%a9cole/Object%20oriented%20program/Cours/MusicAdventure/out/artifacts/MusicAdventure_jar2/MusicAdventure.jar!/assets/sounds/Kick.wav
19:48:31.806 [JavaFX Application Thread] DEBUG FXGLAssetLoaderServi - Loading from file system: jar:file:/C:/Users/isyoh/Documents/%c3%a9cole/Object%20oriented%20program/Cours/MusicAdventure/out/artifacts/MusicAdventure_jar2/MusicAdventure.jar!/assets/sounds/notes/C(Do).wav
19:48:32.451 [JavaFX Application Thread] DEBUG FXGLAssetLoaderServi - Loading from file system: jar:file:/C:/Users/isyoh/Documents/%c3%a9cole/Object%20oriented%20program/Cours/MusicAdventure/out/artifacts/MusicAdventure_jar2/MusicAdventure.jar!/assets/sounds/notes/E(Mi).wav
19:48:32.735 [JavaFX Application Thread] DEBUG FXGLAssetLoaderServi - Loading from file system: jar:file:/C:/Users/isyoh/Documents/%c3%a9cole/Object%20oriented%20program/Cours/MusicAdventure/out/artifacts/MusicAdventure_jar2/MusicAdventure.jar!/assets/sounds/notes/F(Fa).wav
19:48:36.924 [JavaFX Application Thread] DEBUG FXGLAssetLoaderServi - Loading from file system: jar:file:/C:/Users/isyoh/Documents/%c3%a9cole/Object%20oriented%20program/Cours/MusicAdventure/out/artifacts/MusicAdventure_jar2/MusicAdventure.jar!/assets/sounds/notes/G(Sol).wav
19:48:38.937 [JavaFX Application Thread] DEBUG FXGLAssetLoaderServi - Loading from file system: jar:file:/C:/Users/isyoh/Documents/%c3%a9cole/Object%20oriented%20program/Cours/MusicAdventure/out/artifacts/MusicAdventure_jar2/MusicAdventure.jar!/assets/textures/exit_sign.png
19:48:39.228 [JavaFX Application Thread] DEBUG FXGLAssetLoaderServi - Loading from file system: jar:file:/C:/Users/isyoh/Documents/%c3%a9cole/Object%20oriented%20program/Cours/MusicAdventure/out/artifacts/MusicAdventure_jar2/MusicAdventure.jar!/assets/ui/fonts/level_font.ttf
19:48:39.279 [JavaFX Application Thread] DEBUG Input                - Registered new binding: Close Level End Screen - LMB
19:48:39.280 [JavaFX Application Thread] DEBUG FXGLAssetLoaderServi - Loading from file system: jar:file:/C:/Users/isyoh/Documents/%c3%a9cole/Object%20oriented%20program/Cours/MusicAdventure/out/artifacts/MusicAdventure_jar2/MusicAdventure.jar!/assets/textures/star_empty.png
19:48:39.303 [JavaFX Application Thread] DEBUG FXGLAssetLoaderServi - Loading from file system: jar:file:/C:/Users/isyoh/Documents/%c3%a9cole/Object%20oriented%20program/Cours/MusicAdventure/out/artifacts/MusicAdventure_jar2/MusicAdventure.jar!/assets/textures/star_full.png
19:48:39.313 [JavaFX Application Thread] DEBUG PrimaryStageWindow   - Push state: LevelEndScene
19:48:39.313 [JavaFX Application Thread] DEBUG Input                - Clearing active input actions
19:48:39.315 [JavaFX Application Thread] DEBUG GameApplicationServi - Removing overlay from GameScene and adding to LevelEndScene
19:48:39.316 [JavaFX Application Thread] DEBUG PrimaryStageWindow   - GameScene -> LevelEndScene
19:48:41.670 [JavaFX Application Thread] DEBUG PrimaryStageWindow   - Pop state: LevelEndScene
19:48:41.671 [JavaFX Application Thread] DEBUG Input                - Clearing active input actions
19:48:41.675 [JavaFX Application Thread] DEBUG GameApplicationServi - Removing overlay from LevelEndScene and adding to GameScene
19:48:41.681 [JavaFX Application Thread] DEBUG PrimaryStageWindow   - GameScene <- LevelEndScene
19:48:42.667 [JavaFX Application Thread] DEBUG AudioPlayer          - Stopping music com.almasb.fxgl.audio.Music@1704ca45
19:48:42.680 [JavaFX Application Thread] DEBUG FXGLAssetLoaderServi - Loading from file system: jar:file:/C:/Users/isyoh/Documents/%c3%a9cole/Object%20oriented%20program/Cours/MusicAdventure/out/artifacts/MusicAdventure_jar2/MusicAdventure.jar!/assets/music/Venus.wav
19:48:42.713 [JavaFX Application Thread] DEBUG AudioPlayer          - Playing music com.almasb.fxgl.audio.Music@52b50cd1
19:48:42.765 [JavaFX Application Thread] DEBUG TMXLevelLoader       - Parsed raw map: TiledMap(width=15, height=10, tilewidth=70, tileheight=70, orientation=orthogonal, layers=[Layer(width=15, height=10, name=Tile Layer 1, type=tilelayer, visible=false, x=0, y=0, data=[0, 0, 0, 0, 0, 0, 0, 0, 0, 0, 0, 0, 0, 0, 0, 0, 0, 0, 0, 0, 0, 0, 0, 0, 0, 0, 0, 0, 0, 0, 0, 0, 0, 0, 0, 0, 0, 0, 0, 0, 0, 0, 0, 0, 0, 0, 0, 0, 0, 0, 0, 0, 0, 0, 0, 0, 0, 0, 0, 0, 0, 0, 0, 0, 0, 0, 0, 0, 0, 0, 0, 0, 0, 0, 0, 0, 0, 0, 0, 0, 0, 0, 0, 0, 0, 0, 0, 0, 0, 0, 0, 0, 0, 0, 0, 0, 0, 0, 0, 0, 0, 0, 0, 0, 0, 0, 0, 0, 0, 0, 0, 0, 0, 0, 0, 0, 0, 0, 0, 0, 0, 0, 0, 69, 57, 45, 0, 0, 0, 69, 57, 45, 0, 0, 0, 116, 104, 104, 104, 104, 104, 104, 104, 104, 104, 104, 104, 104, 104, 92], objects=[], opacity=0.0, draworder=), Layer(width=0, height=0, name=Object Layer 1, type=objectgroup, visible=false, x=0, y=0, data=[], objects=[com.almasb.fxgl.entity.level.tiled.TiledObject@79a6e71e, com.almasb.fxgl.entity.level.tiled.TiledObject@38faf7f, com.almasb.fxgl.entity.level.tiled.TiledObject@2f48141f, com.almasb.fxgl.entity.level.tiled.TiledObject@54635546, com.almasb.fxgl.entity.level.tiled.TiledObject@1a33d6c3, com.almasb.fxgl.entity.level.tiled.TiledObject@64b966ad, com.almasb.fxgl.entity.level.tiled.TiledObject@bbe7ec9, com.almasb.fxgl.entity.level.tiled.TiledObject@4539d39d, com.almasb.fxgl.entity.level.tiled.TiledObject@41b89037], opacity=0.0, draworder=)], tilesets=[Tileset(firstgid=1, image=tiles_spritesheet.png, name=tiles_spritesheet, tilewidth=70, tileheight=70, imagewidth=914, imageheight=936, margin=0, spacing=2, columns=12, tilecount=156, transparentcolor=, tiles=[])], backgroundcolor=, renderorder=right-down, nextobjectid=21, version=1, tiledversion=1.2.3, type=map, infinite=false, hexsidelength=0, staggeraxis=, staggerindex=, properties={star1time=7.0}, propertytypes={star1time=float})
19:48:42.766 [JavaFX Application Thread] DEBUG TMXLevelLoader       - Creating tile layer entities
19:48:42.769 [JavaFX Application Thread] DEBUG TilesetLoader        - Loading view for layer Tile Layer 1
19:48:42.793 [JavaFX Application Thread] DEBUG TilesetLoader        - Created buffer with size 1050.0x700.0
19:48:42.839 [JavaFX Application Thread] DEBUG TilesetLoader        - Writing to buffer: dst=210,560, w=70,h=70, src=576,360
19:48:42.839 [JavaFX Application Thread] DEBUG TilesetLoader        - Writing to buffer: dst=280,560, w=70,h=70, src=576,288
19:48:42.839 [JavaFX Application Thread] DEBUG TilesetLoader        - Writing to buffer: dst=350,560, w=70,h=70, src=576,216
19:48:42.840 [JavaFX Application Thread] DEBUG TilesetLoader        - Writing to buffer: dst=630,560, w=70,h=70, src=576,360
19:48:42.840 [JavaFX Application Thread] DEBUG TilesetLoader        - Writing to buffer: dst=700,560, w=70,h=70, src=576,288
19:48:42.840 [JavaFX Application Thread] DEBUG TilesetLoader        - Writing to buffer: dst=770,560, w=70,h=70, src=576,216
19:48:42.840 [JavaFX Application Thread] DEBUG TilesetLoader        - Writing to buffer: dst=0,630, w=70,h=70, src=504,648
19:48:42.840 [JavaFX Application Thread] DEBUG TilesetLoader        - Writing to buffer: dst=70,630, w=70,h=70, src=504,576
19:48:42.841 [JavaFX Application Thread] DEBUG TilesetLoader        - Writing to buffer: dst=140,630, w=70,h=70, src=504,576
19:48:42.841 [JavaFX Application Thread] DEBUG TilesetLoader        - Writing to buffer: dst=210,630, w=70,h=70, src=504,576
19:48:42.841 [JavaFX Application Thread] DEBUG TilesetLoader        - Writing to buffer: dst=280,630, w=70,h=70, src=504,576
19:48:42.841 [JavaFX Application Thread] DEBUG TilesetLoader        - Writing to buffer: dst=350,630, w=70,h=70, src=504,576
19:48:42.841 [JavaFX Application Thread] DEBUG TilesetLoader        - Writing to buffer: dst=420,630, w=70,h=70, src=504,576
19:48:42.842 [JavaFX Application Thread] DEBUG TilesetLoader        - Writing to buffer: dst=490,630, w=70,h=70, src=504,576
19:48:42.842 [JavaFX Application Thread] DEBUG TilesetLoader        - Writing to buffer: dst=560,630, w=70,h=70, src=504,576
19:48:42.843 [JavaFX Application Thread] DEBUG TilesetLoader        - Writing to buffer: dst=630,630, w=70,h=70, src=504,576
19:48:42.843 [JavaFX Application Thread] DEBUG TilesetLoader        - Writing to buffer: dst=700,630, w=70,h=70, src=504,576
19:48:42.843 [JavaFX Application Thread] DEBUG TilesetLoader        - Writing to buffer: dst=770,630, w=70,h=70, src=504,576
19:48:42.843 [JavaFX Application Thread] DEBUG TilesetLoader        - Writing to buffer: dst=840,630, w=70,h=70, src=504,576
19:48:42.843 [JavaFX Application Thread] DEBUG TilesetLoader        - Writing to buffer: dst=910,630, w=70,h=70, src=504,576
19:48:42.843 [JavaFX Application Thread] DEBUG TilesetLoader        - Writing to buffer: dst=980,630, w=70,h=70, src=504,504
19:48:42.844 [JavaFX Application Thread] DEBUG TMXLevelLoader       - Creating object layer entities
19:48:42.855 [JavaFX Application Thread] DEBUG GameWorld            - Clearing removable entities
19:48:42.857 [JavaFX Application Thread] DEBUG GameWorld            - Setting level: com.almasb.fxgl.entity.level.Level@6ec3681a
19:48:42.859 [JavaFX Application Thread] DEBUG FXGLAssetLoaderServi - Loading from file system: jar:file:/C:/Users/isyoh/Documents/%c3%a9cole/Object%20oriented%20program/Cours/MusicAdventure/out/artifacts/MusicAdventure_jar2/MusicAdventure.jar!/assets/textures/background/proj2.png
19:48:48.222 [JavaFX Application Thread] DEBUG PrimaryStageWindow   - Push state: LevelEndScene
19:48:48.224 [JavaFX Application Thread] DEBUG Input                - Clearing active input actions
19:48:48.227 [JavaFX Application Thread] DEBUG GameApplicationServi - Removing overlay from GameScene and adding to LevelEndScene
19:48:48.230 [JavaFX Application Thread] DEBUG PrimaryStageWindow   - GameScene -> LevelEndScene
19:48:50.622 [JavaFX Application Thread] DEBUG PrimaryStageWindow   - Pop state: LevelEndScene
19:48:50.622 [JavaFX Application Thread] DEBUG Input                - Clearing active input actions
19:48:50.625 [JavaFX Application Thread] DEBUG GameApplicationServi - Removing overlay from LevelEndScene and adding to GameScene
19:48:50.626 [JavaFX Application Thread] DEBUG PrimaryStageWindow   - GameScene <- LevelEndScene
19:48:51.550 [JavaFX Application Thread] DEBUG TMXLevelLoader       - Parsed raw map: TiledMap(width=15, height=10, tilewidth=70, tileheight=70, orientation=orthogonal, layers=[Layer(width=15, height=10, name=Tile Layer 1, type=tilelayer, visible=false, x=0, y=0, data=[0, 0, 0, 0, 0, 0, 0, 0, 0, 0, 0, 0, 0, 0, 0, 0, 0, 0, 0, 0, 0, 0, 0, 0, 0, 0, 0, 0, 0, 0, 0, 0, 0, 0, 0, 0, 0, 0, 0, 0, 0, 0, 0, 0, 0, 0, 0, 0, 0, 0, 0, 0, 0, 0, 0, 0, 0, 0, 0, 0, 0, 0, 0, 0, 0, 0, 0, 0, 0, 0, 0, 0, 0, 0, 0, 0, 0, 0, 0, 0, 0, 0, 0, 0, 0, 0, 0, 0, 0, 0, 0, 0, 0, 0, 0, 0, 0, 0, 0, 0, 16, 69, 45, 116, 92, 0, 0, 0, 0, 0, 0, 0, 0, 0, 0, 0, 0, 0, 0, 0, 0, 0, 0, 0, 0, 0, 81, 116, 92, 0, 0, 0, 0, 0, 0, 116, 104, 104, 104, 104, 104, 104, 104, 104, 104, 104, 104, 104, 104, 92], objects=[], opacity=0.0, draworder=), Layer(width=0, height=0, name=Object Layer 1, type=objectgroup, visible=false, x=0, y=0, data=[], objects=[com.almasb.fxgl.entity.level.tiled.TiledObject@36b42d8b, com.almasb.fxgl.entity.level.tiled.TiledObject@2c508f82, com.almasb.fxgl.entity.level.tiled.TiledObject@4edec7af, com.almasb.fxgl.entity.level.tiled.TiledObject@351b3322, com.almasb.fxgl.entity.level.tiled.TiledObject@22d4887f, com.almasb.fxgl.entity.level.tiled.TiledObject@a502f38, com.almasb.fxgl.entity.level.tiled.TiledObject@328b7262, com.almasb.fxgl.entity.level.tiled.TiledObject@5e65d532, com.almasb.fxgl.entity.level.tiled.TiledObject@58f439f1, com.almasb.fxgl.entity.level.tiled.TiledObject@5356f438, com.almasb.fxgl.entity.level.tiled.TiledObject@3a279452, com.almasb.fxgl.entity.level.tiled.TiledObject@4a9b0a61], opacity=0.0, draworder=)], tilesets=[Tileset(firstgid=1, image=tiles_spritesheet.png, name=tiles_spritesheet, tilewidth=70, tileheight=70, imagewidth=914, imageheight=936, margin=0, spacing=2, columns=12, tilecount=156, transparentcolor=, tiles=[])], backgroundcolor=, renderorder=right-down, nextobjectid=31, version=1, tiledversion=1.2.3, type=map, infinite=false, hexsidelength=0, staggeraxis=, staggerindex=, properties={star1time=7.0}, propertytypes={star1time=float})
19:48:51.551 [JavaFX Application Thread] DEBUG TMXLevelLoader       - Creating tile layer entities
19:48:51.555 [JavaFX Application Thread] DEBUG TilesetLoader        - Loading view for layer Tile Layer 1
19:48:51.577 [JavaFX Application Thread] DEBUG TilesetLoader        - Created buffer with size 1050.0x700.0
19:48:51.672 [JavaFX Application Thread] DEBUG TilesetLoader        - Writing to buffer: dst=700,420, w=70,h=70, src=216,72
19:48:51.674 [JavaFX Application Thread] DEBUG TilesetLoader        - Writing to buffer: dst=770,420, w=70,h=70, src=576,360
19:48:51.675 [JavaFX Application Thread] DEBUG TilesetLoader        - Writing to buffer: dst=840,420, w=70,h=70, src=576,216
19:48:51.675 [JavaFX Application Thread] DEBUG TilesetLoader        - Writing to buffer: dst=910,420, w=70,h=70, src=504,648
19:48:51.676 [JavaFX Application Thread] DEBUG TilesetLoader        - Writing to buffer: dst=980,420, w=70,h=70, src=504,504
19:48:51.676 [JavaFX Application Thread] DEBUG TilesetLoader        - Writing to buffer: dst=420,560, w=70,h=70, src=576,432
19:48:51.676 [JavaFX Application Thread] DEBUG TilesetLoader        - Writing to buffer: dst=490,560, w=70,h=70, src=504,648
19:48:51.676 [JavaFX Application Thread] DEBUG TilesetLoader        - Writing to buffer: dst=560,560, w=70,h=70, src=504,504
19:48:51.677 [JavaFX Application Thread] DEBUG TilesetLoader        - Writing to buffer: dst=0,630, w=70,h=70, src=504,648
19:48:51.677 [JavaFX Application Thread] DEBUG TilesetLoader        - Writing to buffer: dst=70,630, w=70,h=70, src=504,576
19:48:51.677 [JavaFX Application Thread] DEBUG TilesetLoader        - Writing to buffer: dst=140,630, w=70,h=70, src=504,576
19:48:51.677 [JavaFX Application Thread] DEBUG TilesetLoader        - Writing to buffer: dst=210,630, w=70,h=70, src=504,576
19:48:51.678 [JavaFX Application Thread] DEBUG TilesetLoader        - Writing to buffer: dst=280,630, w=70,h=70, src=504,576
19:48:51.678 [JavaFX Application Thread] DEBUG TilesetLoader        - Writing to buffer: dst=350,630, w=70,h=70, src=504,576
19:48:51.678 [JavaFX Application Thread] DEBUG TilesetLoader        - Writing to buffer: dst=420,630, w=70,h=70, src=504,576
19:48:51.679 [JavaFX Application Thread] DEBUG TilesetLoader        - Writing to buffer: dst=490,630, w=70,h=70, src=504,576
19:48:51.679 [JavaFX Application Thread] DEBUG TilesetLoader        - Writing to buffer: dst=560,630, w=70,h=70, src=504,576
19:48:51.679 [JavaFX Application Thread] DEBUG TilesetLoader        - Writing to buffer: dst=630,630, w=70,h=70, src=504,576
19:48:51.680 [JavaFX Application Thread] DEBUG TilesetLoader        - Writing to buffer: dst=700,630, w=70,h=70, src=504,576
19:48:51.680 [JavaFX Application Thread] DEBUG TilesetLoader        - Writing to buffer: dst=770,630, w=70,h=70, src=504,576
19:48:51.680 [JavaFX Application Thread] DEBUG TilesetLoader        - Writing to buffer: dst=840,630, w=70,h=70, src=504,576
19:48:51.680 [JavaFX Application Thread] DEBUG TilesetLoader        - Writing to buffer: dst=910,630, w=70,h=70, src=504,576
19:48:51.681 [JavaFX Application Thread] DEBUG TilesetLoader        - Writing to buffer: dst=980,630, w=70,h=70, src=504,504
19:48:51.681 [JavaFX Application Thread] DEBUG TMXLevelLoader       - Creating object layer entities
19:48:51.693 [JavaFX Application Thread] DEBUG GameWorld            - Clearing removable entities
19:48:51.695 [JavaFX Application Thread] DEBUG GameWorld            - Setting level: com.almasb.fxgl.entity.level.Level@1a4ee032
19:48:51.698 [JavaFX Application Thread] DEBUG FXGLAssetLoaderServi - Loading from file system: jar:file:/C:/Users/isyoh/Documents/%c3%a9cole/Object%20oriented%20program/Cours/MusicAdventure/out/artifacts/MusicAdventure_jar2/MusicAdventure.jar!/assets/textures/background/proj3.png
19:48:57.758 [JavaFX Application Thread] DEBUG PrimaryStageWindow   - Push state: LevelEndScene
19:48:57.759 [JavaFX Application Thread] DEBUG Input                - Clearing active input actions
19:48:57.768 [JavaFX Application Thread] DEBUG GameApplicationServi - Removing overlay from GameScene and adding to LevelEndScene
19:48:57.771 [JavaFX Application Thread] DEBUG PrimaryStageWindow   - GameScene -> LevelEndScene
19:48:59.920 [JavaFX Application Thread] DEBUG PrimaryStageWindow   - Pop state: LevelEndScene
19:48:59.921 [JavaFX Application Thread] DEBUG Input                - Clearing active input actions
19:48:59.922 [JavaFX Application Thread] DEBUG GameApplicationServi - Removing overlay from LevelEndScene and adding to GameScene
19:48:59.922 [JavaFX Application Thread] DEBUG PrimaryStageWindow   - GameScene <- LevelEndScene
19:49:01.169 [JavaFX Application Thread] DEBUG TMXLevelLoader       - Parsed raw map: TiledMap(width=15, height=10, tilewidth=70, tileheight=70, orientation=orthogonal, layers=[Layer(width=15, height=10, name=Tile Layer 1, type=tilelayer, visible=false, x=0, y=0, data=[0, 0, 0, 0, 0, 0, 0, 0, 0, 0, 0, 0, 0, 0, 0, 0, 0, 0, 0, 0, 0, 0, 0, 0, 0, 0, 0, 0, 0, 0, 0, 0, 0, 0, 0, 0, 0, 0, 0, 0, 0, 0, 0, 0, 0, 0, 0, 0, 0, 0, 0, 0, 0, 0, 0, 0, 0, 0, 0, 0, 0, 0, 0, 0, 0, 0, 0, 0, 0, 0, 0, 0, 0, 0, 0, 0, 0, 0, 0, 0, 0, 0, 0, 0, 0, 0, 0, 0, 0, 0, 0, 0, 0, 0, 0, 0, 0, 0, 0, 0, 0, 0, 0, 0, 0, 0, 0, 0, 0, 0, 0, 0, 0, 0, 0, 0, 0, 0, 0, 0, 0, 0, 0, 0, 0, 0, 69, 57, 45, 0, 0, 0, 0, 0, 0, 116, 104, 104, 104, 104, 104, 104, 104, 104, 104, 104, 104, 104, 104, 92], objects=[], opacity=0.0, draworder=), Layer(width=0, height=0, name=Object Layer 1, type=objectgroup, visible=false, x=0, y=0, data=[], objects=[com.almasb.fxgl.entity.level.tiled.TiledObject@325e6248, com.almasb.fxgl.entity.level.tiled.TiledObject@18ee3ae0, com.almasb.fxgl.entity.level.tiled.TiledObject@e902dab, com.almasb.fxgl.entity.level.tiled.TiledObject@64fd961b, com.almasb.fxgl.entity.level.tiled.TiledObject@25f0e4ee, com.almasb.fxgl.entity.level.tiled.TiledObject@4c20f38a], opacity=0.0, draworder=)], tilesets=[Tileset(firstgid=1, image=tiles_spritesheet.png, name=tiles_spritesheet, tilewidth=70, tileheight=70, imagewidth=914, imageheight=936, margin=0, spacing=2, columns=12, tilecount=156, transparentcolor=, tiles=[])], backgroundcolor=, renderorder=right-down, nextobjectid=22, version=1, tiledversion=1.2.3, type=map, infinite=false, hexsidelength=0, staggeraxis=, staggerindex=, properties={star1time=7.0}, propertytypes={star1time=float})
19:49:01.170 [JavaFX Application Thread] DEBUG TMXLevelLoader       - Creating tile layer entities
19:49:01.173 [JavaFX Application Thread] DEBUG TilesetLoader        - Loading view for layer Tile Layer 1
19:49:01.186 [JavaFX Application Thread] DEBUG TilesetLoader        - Created buffer with size 1050.0x700.0
19:49:01.240 [JavaFX Application Thread] DEBUG TilesetLoader        - Writing to buffer: dst=420,560, w=70,h=70, src=576,360
19:49:01.240 [JavaFX Application Thread] DEBUG TilesetLoader        - Writing to buffer: dst=490,560, w=70,h=70, src=576,288
19:49:01.241 [JavaFX Application Thread] DEBUG TilesetLoader        - Writing to buffer: dst=560,560, w=70,h=70, src=576,216
19:49:01.241 [JavaFX Application Thread] DEBUG TilesetLoader        - Writing to buffer: dst=0,630, w=70,h=70, src=504,648
19:49:01.241 [JavaFX Application Thread] DEBUG TilesetLoader        - Writing to buffer: dst=70,630, w=70,h=70, src=504,576
19:49:01.241 [JavaFX Application Thread] DEBUG TilesetLoader        - Writing to buffer: dst=140,630, w=70,h=70, src=504,576
19:49:01.241 [JavaFX Application Thread] DEBUG TilesetLoader        - Writing to buffer: dst=210,630, w=70,h=70, src=504,576
19:49:01.242 [JavaFX Application Thread] DEBUG TilesetLoader        - Writing to buffer: dst=280,630, w=70,h=70, src=504,576
19:49:01.242 [JavaFX Application Thread] DEBUG TilesetLoader        - Writing to buffer: dst=350,630, w=70,h=70, src=504,576
19:49:01.243 [JavaFX Application Thread] DEBUG TilesetLoader        - Writing to buffer: dst=420,630, w=70,h=70, src=504,576
19:49:01.243 [JavaFX Application Thread] DEBUG TilesetLoader        - Writing to buffer: dst=490,630, w=70,h=70, src=504,576
19:49:01.243 [JavaFX Application Thread] DEBUG TilesetLoader        - Writing to buffer: dst=560,630, w=70,h=70, src=504,576
19:49:01.243 [JavaFX Application Thread] DEBUG TilesetLoader        - Writing to buffer: dst=630,630, w=70,h=70, src=504,576
19:49:01.244 [JavaFX Application Thread] DEBUG TilesetLoader        - Writing to buffer: dst=700,630, w=70,h=70, src=504,576
19:49:01.244 [JavaFX Application Thread] DEBUG TilesetLoader        - Writing to buffer: dst=770,630, w=70,h=70, src=504,576
19:49:01.244 [JavaFX Application Thread] DEBUG TilesetLoader        - Writing to buffer: dst=840,630, w=70,h=70, src=504,576
19:49:01.245 [JavaFX Application Thread] DEBUG TilesetLoader        - Writing to buffer: dst=910,630, w=70,h=70, src=504,576
19:49:01.245 [JavaFX Application Thread] DEBUG TilesetLoader        - Writing to buffer: dst=980,630, w=70,h=70, src=504,504
19:49:01.246 [JavaFX Application Thread] DEBUG TMXLevelLoader       - Creating object layer entities
19:49:01.250 [JavaFX Application Thread] DEBUG FXGLAssetLoaderServi - Loading from file system: jar:file:/C:/Users/isyoh/Documents/%c3%a9cole/Object%20oriented%20program/Cours/MusicAdventure/out/artifacts/MusicAdventure_jar2/MusicAdventure.jar!/assets/textures/button.png
19:49:01.266 [JavaFX Application Thread] DEBUG GameWorld            - Clearing removable entities
19:49:01.268 [JavaFX Application Thread] DEBUG GameWorld            - Setting level: com.almasb.fxgl.entity.level.Level@54966017
19:49:07.847 [JavaFX Application Thread] DEBUG PrimaryStageWindow   - Push state: LevelEndScene
19:49:07.848 [JavaFX Application Thread] DEBUG Input                - Clearing active input actions
19:49:07.855 [JavaFX Application Thread] DEBUG GameApplicationServi - Removing overlay from GameScene and adding to LevelEndScene
19:49:07.858 [JavaFX Application Thread] DEBUG PrimaryStageWindow   - GameScene -> LevelEndScene
19:49:09.933 [JavaFX Application Thread] DEBUG PrimaryStageWindow   - Pop state: LevelEndScene
19:49:09.934 [JavaFX Application Thread] DEBUG Input                - Clearing active input actions
19:49:09.936 [JavaFX Application Thread] DEBUG GameApplicationServi - Removing overlay from LevelEndScene and adding to GameScene
19:49:09.936 [JavaFX Application Thread] DEBUG PrimaryStageWindow   - GameScene <- LevelEndScene
19:49:11.158 [JavaFX Application Thread] DEBUG TMXLevelLoader       - Parsed raw map: TiledMap(width=30, height=10, tilewidth=70, tileheight=70, orientation=orthogonal, layers=[Layer(width=30, height=10, name=Tile Layer 1, type=tilelayer, visible=false, x=0, y=0, data=[0, 0, 0, 0, 0, 0, 0, 0, 0, 0, 0, 0, 0, 0, 0, 0, 0, 0, 0, 0, 0, 0, 0, 0, 0, 0, 0, 0, 0, 0, 0, 0, 0, 0, 0, 0, 0, 0, 0, 0, 0, 0, 0, 0, 0, 0, 0, 0, 0, 0, 0, 0, 0, 0, 0, 0, 0, 0, 0, 0, 0, 0, 0, 0, 0, 0, 0, 0, 0, 0, 0, 0, 0, 0, 0, 0, 0, 0, 0, 0, 0, 0, 0, 0, 0, 0, 0, 0, 0, 0, 0, 0, 0, 0, 0, 0, 0, 0, 0, 0, 0, 0, 0, 0, 0, 0, 0, 0, 0, 0, 0, 0, 0, 0, 0, 0, 0, 0, 0, 0, 0, 0, 0, 0, 0, 0, 0, 0, 0, 0, 0, 0, 0, 0, 0, 0, 0, 0, 0, 0, 0, 0, 0, 0, 0, 0, 0, 0, 0, 0, 0, 0, 0, 0, 0, 0, 0, 0, 0, 0, 0, 0, 0, 0, 0, 0, 0, 0, 0, 0, 0, 0, 0, 0, 0, 0, 0, 0, 0, 0, 0, 0, 0, 0, 0, 0, 0, 0, 0, 0, 0, 0, 0, 0, 0, 0, 0, 0, 0, 0, 0, 0, 0, 0, 0, 0, 0, 0, 0, 0, 0, 0, 0, 0, 0, 0, 0, 0, 0, 0, 0, 0, 0, 0, 0, 0, 0, 0, 0, 0, 0, 0, 0, 0, 0, 0, 0, 0, 0, 0, 0, 0, 0, 0, 0, 0, 0, 0, 0, 0, 0, 0, 0, 0, 0, 0, 0, 0, 0, 0, 0, 0, 0, 0, 0, 0, 0, 0, 0, 0, 116, 104, 104, 104, 104, 104, 104, 104, 104, 104, 104, 104, 104, 92, 0, 0, 116, 104, 104, 104, 104, 104, 104, 104, 104, 104, 104, 104, 104, 92], objects=[], opacity=0.0, draworder=), Layer(width=0, height=0, name=Object Layer 1, type=objectgroup, visible=false, x=0, y=0, data=[], objects=[com.almasb.fxgl.entity.level.tiled.TiledObject@3229d8e0, com.almasb.fxgl.entity.level.tiled.TiledObject@79b3da20, com.almasb.fxgl.entity.level.tiled.TiledObject@4a8e8ddf, com.almasb.fxgl.entity.level.tiled.TiledObject@3acaccd2, com.almasb.fxgl.entity.level.tiled.TiledObject@4658edb3, com.almasb.fxgl.entity.level.tiled.TiledObject@21dd4d82], opacity=0.0, draworder=)], tilesets=[Tileset(firstgid=1, image=tiles_spritesheet.png, name=tiles_spritesheet, tilewidth=70, tileheight=70, imagewidth=914, imageheight=936, margin=0, spacing=2, columns=12, tilecount=156, transparentcolor=, tiles=[])], backgroundcolor=, renderorder=right-down, nextobjectid=11, version=1, tiledversion=1.2.3, type=map, infinite=false, hexsidelength=0, staggeraxis=, staggerindex=, properties={star1time=12.0}, propertytypes={star1time=float})
19:49:11.160 [JavaFX Application Thread] DEBUG TMXLevelLoader       - Creating tile layer entities
19:49:11.164 [JavaFX Application Thread] DEBUG TilesetLoader        - Loading view for layer Tile Layer 1
19:49:11.180 [JavaFX Application Thread] DEBUG TilesetLoader        - Created buffer with size 2100.0x700.0
19:49:11.214 [JavaFX Application Thread] DEBUG TilesetLoader        - Writing to buffer: dst=0,630, w=70,h=70, src=504,648
19:49:11.215 [JavaFX Application Thread] DEBUG TilesetLoader        - Writing to buffer: dst=70,630, w=70,h=70, src=504,576
19:49:11.215 [JavaFX Application Thread] DEBUG TilesetLoader        - Writing to buffer: dst=140,630, w=70,h=70, src=504,576
19:49:11.215 [JavaFX Application Thread] DEBUG TilesetLoader        - Writing to buffer: dst=210,630, w=70,h=70, src=504,576
19:49:11.215 [JavaFX Application Thread] DEBUG TilesetLoader        - Writing to buffer: dst=280,630, w=70,h=70, src=504,576
19:49:11.215 [JavaFX Application Thread] DEBUG TilesetLoader        - Writing to buffer: dst=350,630, w=70,h=70, src=504,576
19:49:11.216 [JavaFX Application Thread] DEBUG TilesetLoader        - Writing to buffer: dst=420,630, w=70,h=70, src=504,576
19:49:11.216 [JavaFX Application Thread] DEBUG TilesetLoader        - Writing to buffer: dst=490,630, w=70,h=70, src=504,576
19:49:11.216 [JavaFX Application Thread] DEBUG TilesetLoader        - Writing to buffer: dst=560,630, w=70,h=70, src=504,576
19:49:11.216 [JavaFX Application Thread] DEBUG TilesetLoader        - Writing to buffer: dst=630,630, w=70,h=70, src=504,576
19:49:11.216 [JavaFX Application Thread] DEBUG TilesetLoader        - Writing to buffer: dst=700,630, w=70,h=70, src=504,576
19:49:11.216 [JavaFX Application Thread] DEBUG TilesetLoader        - Writing to buffer: dst=770,630, w=70,h=70, src=504,576
19:49:11.217 [JavaFX Application Thread] DEBUG TilesetLoader        - Writing to buffer: dst=840,630, w=70,h=70, src=504,576
19:49:11.217 [JavaFX Application Thread] DEBUG TilesetLoader        - Writing to buffer: dst=910,630, w=70,h=70, src=504,504
19:49:11.217 [JavaFX Application Thread] DEBUG TilesetLoader        - Writing to buffer: dst=1120,630, w=70,h=70, src=504,648
19:49:11.217 [JavaFX Application Thread] DEBUG TilesetLoader        - Writing to buffer: dst=1190,630, w=70,h=70, src=504,576
19:49:11.218 [JavaFX Application Thread] DEBUG TilesetLoader        - Writing to buffer: dst=1260,630, w=70,h=70, src=504,576
19:49:11.218 [JavaFX Application Thread] DEBUG TilesetLoader        - Writing to buffer: dst=1330,630, w=70,h=70, src=504,576
19:49:11.223 [JavaFX Application Thread] DEBUG TilesetLoader        - Writing to buffer: dst=1400,630, w=70,h=70, src=504,576
19:49:11.223 [JavaFX Application Thread] DEBUG TilesetLoader        - Writing to buffer: dst=1470,630, w=70,h=70, src=504,576
19:49:11.224 [JavaFX Application Thread] DEBUG TilesetLoader        - Writing to buffer: dst=1540,630, w=70,h=70, src=504,576
19:49:11.224 [JavaFX Application Thread] DEBUG TilesetLoader        - Writing to buffer: dst=1610,630, w=70,h=70, src=504,576
19:49:11.225 [JavaFX Application Thread] DEBUG TilesetLoader        - Writing to buffer: dst=1680,630, w=70,h=70, src=504,576
19:49:11.225 [JavaFX Application Thread] DEBUG TilesetLoader        - Writing to buffer: dst=1750,630, w=70,h=70, src=504,576
19:49:11.225 [JavaFX Application Thread] DEBUG TilesetLoader        - Writing to buffer: dst=1820,630, w=70,h=70, src=504,576
19:49:11.225 [JavaFX Application Thread] DEBUG TilesetLoader        - Writing to buffer: dst=1890,630, w=70,h=70, src=504,576
19:49:11.226 [JavaFX Application Thread] DEBUG TilesetLoader        - Writing to buffer: dst=1960,630, w=70,h=70, src=504,576
19:49:11.230 [JavaFX Application Thread] DEBUG TilesetLoader        - Writing to buffer: dst=2030,630, w=70,h=70, src=504,504
19:49:11.231 [JavaFX Application Thread] DEBUG TMXLevelLoader       - Creating object layer entities
19:49:11.237 [JavaFX Application Thread] DEBUG GameWorld            - Clearing removable entities
19:49:11.239 [JavaFX Application Thread] DEBUG GameWorld            - Setting level: com.almasb.fxgl.entity.level.Level@69a415b6
19:49:22.945 [JavaFX Application Thread] DEBUG PrimaryStageWindow   - Push state: LevelEndScene
19:49:22.946 [JavaFX Application Thread] DEBUG Input                - Clearing active input actions
19:49:22.950 [JavaFX Application Thread] DEBUG GameApplicationServi - Removing overlay from GameScene and adding to LevelEndScene
19:49:22.952 [JavaFX Application Thread] DEBUG PrimaryStageWindow   - GameScene -> LevelEndScene
19:49:25.602 [JavaFX Application Thread] DEBUG PrimaryStageWindow   - Pop state: LevelEndScene
19:49:25.602 [JavaFX Application Thread] DEBUG Input                - Clearing active input actions
19:49:25.603 [JavaFX Application Thread] DEBUG GameApplicationServi - Removing overlay from LevelEndScene and adding to GameScene
19:49:25.605 [JavaFX Application Thread] DEBUG PrimaryStageWindow   - GameScene <- LevelEndScene
19:49:26.738 [JavaFX Application Thread] DEBUG TMXLevelLoader       - Parsed raw map: TiledMap(width=15, height=10, tilewidth=70, tileheight=70, orientation=orthogonal, layers=[Layer(width=15, height=10, name=Tile Layer 1, type=tilelayer, visible=false, x=0, y=0, data=[0, 0, 0, 0, 0, 0, 0, 0, 0, 0, 0, 0, 0, 0, 0, 0, 0, 0, 0, 0, 0, 0, 0, 0, 0, 0, 0, 0, 0, 0, 0, 0, 0, 0, 0, 0, 0, 0, 0, 0, 0, 0, 0, 0, 0, 0, 0, 0, 0, 0, 0, 0, 0, 0, 0, 0, 0, 0, 0, 0, 0, 0, 0, 0, 0, 0, 0, 0, 0, 0, 0, 0, 0, 0, 0, 0, 0, 0, 0, 0, 0, 0, 0, 0, 0, 0, 0, 0, 0, 0, 0, 0, 0, 0, 0, 0, 0, 0, 0, 0, 0, 0, 0, 0, 0, 0, 0, 0, 0, 0, 0, 0, 0, 0, 0, 0, 0, 0, 0, 0, 0, 0, 0, 0, 0, 0, 69, 57, 45, 0, 0, 0, 0, 0, 0, 116, 104, 104, 104, 104, 104, 104, 104, 104, 104, 104, 104, 104, 104, 92], objects=[], opacity=0.0, draworder=), Layer(width=0, height=0, name=Object Layer 1, type=objectgroup, visible=false, x=0, y=0, data=[], objects=[com.almasb.fxgl.entity.level.tiled.TiledObject@6213134f, com.almasb.fxgl.entity.level.tiled.TiledObject@47c02635, com.almasb.fxgl.entity.level.tiled.TiledObject@186f4dec, com.almasb.fxgl.entity.level.tiled.TiledObject@3f204a98, com.almasb.fxgl.entity.level.tiled.TiledObject@4553af58, com.almasb.fxgl.entity.level.tiled.TiledObject@364c849, com.almasb.fxgl.entity.level.tiled.TiledObject@6186e5e4, com.almasb.fxgl.entity.level.tiled.TiledObject@5ccf07c6], opacity=0.0, draworder=)], tilesets=[Tileset(firstgid=1, image=tiles_spritesheet.png, name=tiles_spritesheet, tilewidth=70, tileheight=70, imagewidth=914, imageheight=936, margin=0, spacing=2, columns=12, tilecount=156, transparentcolor=, tiles=[])], backgroundcolor=, renderorder=right-down, nextobjectid=22, version=1, tiledversion=1.2.3, type=map, infinite=false, hexsidelength=0, staggeraxis=, staggerindex=, properties={star1time=7.0}, propertytypes={star1time=float})
19:49:26.739 [JavaFX Application Thread] DEBUG TMXLevelLoader       - Creating tile layer entities
19:49:26.743 [JavaFX Application Thread] DEBUG TilesetLoader        - Loading view for layer Tile Layer 1
19:49:26.776 [JavaFX Application Thread] DEBUG TilesetLoader        - Created buffer with size 1050.0x700.0
19:49:26.821 [JavaFX Application Thread] DEBUG TilesetLoader        - Writing to buffer: dst=420,560, w=70,h=70, src=576,360
19:49:26.821 [JavaFX Application Thread] DEBUG TilesetLoader        - Writing to buffer: dst=490,560, w=70,h=70, src=576,288
19:49:26.822 [JavaFX Application Thread] DEBUG TilesetLoader        - Writing to buffer: dst=560,560, w=70,h=70, src=576,216
19:49:26.822 [JavaFX Application Thread] DEBUG TilesetLoader        - Writing to buffer: dst=0,630, w=70,h=70, src=504,648
19:49:26.822 [JavaFX Application Thread] DEBUG TilesetLoader        - Writing to buffer: dst=70,630, w=70,h=70, src=504,576
19:49:26.822 [JavaFX Application Thread] DEBUG TilesetLoader        - Writing to buffer: dst=140,630, w=70,h=70, src=504,576
19:49:26.823 [JavaFX Application Thread] DEBUG TilesetLoader        - Writing to buffer: dst=210,630, w=70,h=70, src=504,576
19:49:26.823 [JavaFX Application Thread] DEBUG TilesetLoader        - Writing to buffer: dst=280,630, w=70,h=70, src=504,576
19:49:26.823 [JavaFX Application Thread] DEBUG TilesetLoader        - Writing to buffer: dst=350,630, w=70,h=70, src=504,576
19:49:26.824 [JavaFX Application Thread] DEBUG TilesetLoader        - Writing to buffer: dst=420,630, w=70,h=70, src=504,576
19:49:26.824 [JavaFX Application Thread] DEBUG TilesetLoader        - Writing to buffer: dst=490,630, w=70,h=70, src=504,576
19:49:26.824 [JavaFX Application Thread] DEBUG TilesetLoader        - Writing to buffer: dst=560,630, w=70,h=70, src=504,576
19:49:26.824 [JavaFX Application Thread] DEBUG TilesetLoader        - Writing to buffer: dst=630,630, w=70,h=70, src=504,576
19:49:26.824 [JavaFX Application Thread] DEBUG TilesetLoader        - Writing to buffer: dst=700,630, w=70,h=70, src=504,576
19:49:26.825 [JavaFX Application Thread] DEBUG TilesetLoader        - Writing to buffer: dst=770,630, w=70,h=70, src=504,576
19:49:26.825 [JavaFX Application Thread] DEBUG TilesetLoader        - Writing to buffer: dst=840,630, w=70,h=70, src=504,576
19:49:26.826 [JavaFX Application Thread] DEBUG TilesetLoader        - Writing to buffer: dst=910,630, w=70,h=70, src=504,576
19:49:26.826 [JavaFX Application Thread] DEBUG TilesetLoader        - Writing to buffer: dst=980,630, w=70,h=70, src=504,504
19:49:26.826 [JavaFX Application Thread] DEBUG TMXLevelLoader       - Creating object layer entities
19:49:26.830 [JavaFX Application Thread] DEBUG GameWorld            - Clearing removable entities
19:49:26.833 [JavaFX Application Thread] DEBUG GameWorld            - Setting level: com.almasb.fxgl.entity.level.Level@8bd22b1
19:49:32.201 [JavaFX Application Thread] DEBUG PrimaryStageWindow   - Push state: LevelEndScene
19:49:32.202 [JavaFX Application Thread] DEBUG Input                - Clearing active input actions
19:49:32.206 [JavaFX Application Thread] DEBUG GameApplicationServi - Removing overlay from GameScene and adding to LevelEndScene
19:49:32.207 [JavaFX Application Thread] DEBUG PrimaryStageWindow   - GameScene -> LevelEndScene
19:49:34.447 [JavaFX Application Thread] DEBUG PrimaryStageWindow   - Pop state: LevelEndScene
19:49:34.448 [JavaFX Application Thread] DEBUG Input                - Clearing active input actions
19:49:34.450 [JavaFX Application Thread] DEBUG GameApplicationServi - Removing overlay from LevelEndScene and adding to GameScene
19:49:34.452 [JavaFX Application Thread] DEBUG PrimaryStageWindow   - GameScene <- LevelEndScene
19:49:35.597 [JavaFX Application Thread] DEBUG PrimaryStageWindow   - Push state: DialogSubScene
19:49:35.598 [JavaFX Application Thread] DEBUG Input                - Clearing active input actions
19:49:35.605 [JavaFX Application Thread] DEBUG GameApplicationServi - Removing overlay from GameScene and adding to DialogSubScene
19:49:35.607 [JavaFX Application Thread] DEBUG PrimaryStageWindow   - GameScene -> DialogSubScene
19:49:37.099 [JavaFX Application Thread] DEBUG PrimaryStageWindow   - Pop state: DialogSubScene
19:49:37.099 [JavaFX Application Thread] DEBUG Input                - Clearing active input actions
19:49:37.099 [JavaFX Application Thread] DEBUG GameApplicationServi - Removing overlay from DialogSubScene and adding to GameScene
19:49:37.099 [JavaFX Application Thread] DEBUG PrimaryStageWindow   - GameScene <- DialogSubScene
19:49:43.559 [JavaFX Application Thread] DEBUG TMXLevelLoader       - Parsed raw map: TiledMap(width=15, height=10, tilewidth=70, tileheight=70, orientation=orthogonal, layers=[Layer(width=15, height=10, name=Tile Layer 1, type=tilelayer, visible=false, x=0, y=0, data=[0, 0, 0, 0, 0, 0, 0, 0, 0, 0, 0, 0, 0, 0, 0, 0, 0, 0, 0, 0, 0, 0, 0, 0, 0, 0, 0, 0, 0, 0, 0, 0, 0, 0, 0, 0, 0, 0, 0, 0, 0, 0, 0, 0, 0, 0, 0, 0, 0, 0, 0, 0, 0, 0, 0, 0, 0, 0, 0, 0, 0, 0, 0, 0, 0, 0, 0, 0, 0, 0, 0, 0, 0, 0, 0, 0, 0, 0, 0, 0, 0, 0, 0, 0, 0, 0, 0, 0, 0, 0, 0, 0, 0, 0, 0, 0, 0, 0, 0, 0, 0, 0, 0, 0, 0, 0, 0, 0, 0, 0, 0, 0, 0, 0, 0, 0, 0, 0, 0, 0, 0, 0, 0, 0, 0, 0, 69, 57, 45, 0, 0, 0, 0, 0, 0, 116, 104, 104, 104, 104, 104, 104, 104, 104, 104, 104, 104, 104, 104, 92], objects=[], opacity=0.0, draworder=), Layer(width=0, height=0, name=Object Layer 1, type=objectgroup, visible=false, x=0, y=0, data=[], objects=[com.almasb.fxgl.entity.level.tiled.TiledObject@7097ead3, com.almasb.fxgl.entity.level.tiled.TiledObject@2fb6e3ea, com.almasb.fxgl.entity.level.tiled.TiledObject@36a9500, com.almasb.fxgl.entity.level.tiled.TiledObject@7f2f447d, com.almasb.fxgl.entity.level.tiled.TiledObject@3021e839, com.almasb.fxgl.entity.level.tiled.TiledObject@2810f464, com.almasb.fxgl.entity.level.tiled.TiledObject@7f85b6f3, com.almasb.fxgl.entity.level.tiled.TiledObject@7a0c09d2], opacity=0.0, draworder=)], tilesets=[Tileset(firstgid=1, image=tiles_spritesheet.png, name=tiles_spritesheet, tilewidth=70, tileheight=70, imagewidth=914, imageheight=936, margin=0, spacing=2, columns=12, tilecount=156, transparentcolor=, tiles=[])], backgroundcolor=, renderorder=right-down, nextobjectid=22, version=1, tiledversion=1.2.3, type=map, infinite=false, hexsidelength=0, staggeraxis=, staggerindex=, properties={star1time=7.0}, propertytypes={star1time=float})
19:49:43.561 [JavaFX Application Thread] DEBUG TMXLevelLoader       - Creating tile layer entities
19:49:43.565 [JavaFX Application Thread] DEBUG TilesetLoader        - Loading view for layer Tile Layer 1
19:49:43.586 [JavaFX Application Thread] DEBUG TilesetLoader        - Created buffer with size 1050.0x700.0
19:49:43.662 [JavaFX Application Thread] DEBUG TilesetLoader        - Writing to buffer: dst=420,560, w=70,h=70, src=576,360
19:49:43.664 [JavaFX Application Thread] DEBUG TilesetLoader        - Writing to buffer: dst=490,560, w=70,h=70, src=576,288
19:49:43.665 [JavaFX Application Thread] DEBUG TilesetLoader        - Writing to buffer: dst=560,560, w=70,h=70, src=576,216
19:49:43.666 [JavaFX Application Thread] DEBUG TilesetLoader        - Writing to buffer: dst=0,630, w=70,h=70, src=504,648
19:49:43.666 [JavaFX Application Thread] DEBUG TilesetLoader        - Writing to buffer: dst=70,630, w=70,h=70, src=504,576
19:49:43.666 [JavaFX Application Thread] DEBUG TilesetLoader        - Writing to buffer: dst=140,630, w=70,h=70, src=504,576
19:49:43.667 [JavaFX Application Thread] DEBUG TilesetLoader        - Writing to buffer: dst=210,630, w=70,h=70, src=504,576
19:49:43.667 [JavaFX Application Thread] DEBUG TilesetLoader        - Writing to buffer: dst=280,630, w=70,h=70, src=504,576
19:49:43.667 [JavaFX Application Thread] DEBUG TilesetLoader        - Writing to buffer: dst=350,630, w=70,h=70, src=504,576
19:49:43.668 [JavaFX Application Thread] DEBUG TilesetLoader        - Writing to buffer: dst=420,630, w=70,h=70, src=504,576
19:49:43.668 [JavaFX Application Thread] DEBUG TilesetLoader        - Writing to buffer: dst=490,630, w=70,h=70, src=504,576
19:49:43.668 [JavaFX Application Thread] DEBUG TilesetLoader        - Writing to buffer: dst=560,630, w=70,h=70, src=504,576
19:49:43.669 [JavaFX Application Thread] DEBUG TilesetLoader        - Writing to buffer: dst=630,630, w=70,h=70, src=504,576
19:49:43.669 [JavaFX Application Thread] DEBUG TilesetLoader        - Writing to buffer: dst=700,630, w=70,h=70, src=504,576
19:49:43.669 [JavaFX Application Thread] DEBUG TilesetLoader        - Writing to buffer: dst=770,630, w=70,h=70, src=504,576
19:49:43.670 [JavaFX Application Thread] DEBUG TilesetLoader        - Writing to buffer: dst=840,630, w=70,h=70, src=504,576
19:49:43.670 [JavaFX Application Thread] DEBUG TilesetLoader        - Writing to buffer: dst=910,630, w=70,h=70, src=504,576
19:49:43.670 [JavaFX Application Thread] DEBUG TilesetLoader        - Writing to buffer: dst=980,630, w=70,h=70, src=504,504
19:49:43.671 [JavaFX Application Thread] DEBUG TMXLevelLoader       - Creating object layer entities
19:49:43.677 [JavaFX Application Thread] DEBUG GameWorld            - Clearing removable entities
19:49:43.679 [JavaFX Application Thread] DEBUG GameWorld            - Setting level: com.almasb.fxgl.entity.level.Level@31df5b0f
19:49:43.687 [JavaFX Application Thread] DEBUG PrimaryStageWindow   - Push state: DialogSubScene
19:49:43.687 [JavaFX Application Thread] DEBUG Input                - Clearing active input actions
19:49:43.688 [JavaFX Application Thread] DEBUG GameApplicationServi - Removing overlay from GameScene and adding to DialogSubScene
19:49:43.688 [JavaFX Application Thread] DEBUG PrimaryStageWindow   - GameScene -> DialogSubScene
19:49:45.115 [JavaFX Application Thread] DEBUG PrimaryStageWindow   - Pop state: DialogSubScene
19:49:45.115 [JavaFX Application Thread] DEBUG Input                - Clearing active input actions
19:49:45.115 [JavaFX Application Thread] DEBUG GameApplicationServi - Removing overlay from DialogSubScene and adding to GameScene
19:49:45.116 [JavaFX Application Thread] DEBUG PrimaryStageWindow   - GameScene <- DialogSubScene
19:49:51.333 [JavaFX Application Thread] DEBUG PrimaryStageWindow   - Push state: LevelEndScene
19:49:51.334 [JavaFX Application Thread] DEBUG Input                - Clearing active input actions
19:49:51.338 [JavaFX Application Thread] DEBUG GameApplicationServi - Removing overlay from GameScene and adding to LevelEndScene
19:49:51.340 [JavaFX Application Thread] DEBUG PrimaryStageWindow   - GameScene -> LevelEndScene
19:49:53.559 [JavaFX Application Thread] DEBUG PrimaryStageWindow   - Pop state: LevelEndScene
19:49:53.562 [JavaFX Application Thread] DEBUG Input                - Clearing active input actions
19:49:53.564 [JavaFX Application Thread] DEBUG GameApplicationServi - Removing overlay from LevelEndScene and adding to GameScene
19:49:53.565 [JavaFX Application Thread] DEBUG PrimaryStageWindow   - GameScene <- LevelEndScene
19:49:54.623 [JavaFX Application Thread] DEBUG PrimaryStageWindow   - Push state: DialogSubScene
19:49:54.625 [JavaFX Application Thread] DEBUG Input                - Clearing active input actions
19:49:54.631 [JavaFX Application Thread] DEBUG GameApplicationServi - Removing overlay from GameScene and adding to DialogSubScene
19:49:54.634 [JavaFX Application Thread] DEBUG PrimaryStageWindow   - GameScene -> DialogSubScene
19:49:56.003 [JavaFX Application Thread] DEBUG FXGLApplication      - Exiting FXGL
19:49:56.003 [JavaFX Application Thread] DEBUG LoopRunner           - Stopping loop
19:49:56.003 [JavaFX Application Thread] DEBUG SystemBundleService  - Saving FXGL system data
19:49:56.008 [JavaFX Application Thread] DEBUG FileSystemAccess     - Writing to: C:\Users\isyoh\Documents\cole\Object oriented program\Cours\MusicAdventure\out\artifacts\MusicAdventure_jar2\system\fxgl.bundle
19:49:56.017 [JavaFX Application Thread] DEBUG Async                - Shutting down background threads
19:49:56.017 [JavaFX Application Thread] DEBUG PrimaryStageWindow   - Closing main window
19:49:56.038 [JavaFX Application Thread] DEBUG Logger               - Closing Logger
