18:37:20.097 [main                     ] DEBUG Logger               - Configured Logger
18:37:20.132 [main                     ] DEBUG GameApplication      - Logging settings
Title: Game 1 Let's go
Version: 1.0
Width: 1280
Height: 720
Fullscreen: false
Intro: false
Profiling: false
Single step:false
App Mode: DEVELOPER
Menu Key: ESCAPE
Stage Style: DECORATED
Scene Factory: class Main.App$1

18:37:21.856 [JavaFX Application Thread] DEBUG FXGLApplication      - Initializing FXGL
18:37:21.859 [JavaFX Application Thread] INFO  Engine               - FXGL-11.14 (01.03.2021 16.59) on WINDOWS (J:15.0.2 FX:15)
18:37:21.862 [JavaFX Application Thread] DEBUG Engine               - JRE Vendor Name: Oracle Corporation
18:37:21.862 [JavaFX Application Thread] DEBUG Engine               - Running on OS: Windows 10 version 10.0
18:37:21.863 [JavaFX Application Thread] DEBUG Engine               - Architecture: amd64
18:37:21.863 [JavaFX Application Thread] INFO  Engine               - Source code and latest versions at: https://github.com/AlmasB/FXGL
18:37:21.864 [JavaFX Application Thread] INFO  Engine               -              Join the FXGL chat at: https://gitter.im/AlmasB/FXGL
18:37:22.057 [JavaFX Application Thread] DEBUG PrimaryStageWindow   - Creating a JavaFX scene
18:37:22.057 [JavaFX Application Thread] DEBUG PrimaryStageWindow   - Target size > screen size
18:37:22.165 [JavaFX Application Thread] DEBUG PrimaryStageWindow   - Target settings size: 1280.0 x 720.0
18:37:22.165 [JavaFX Application Thread] DEBUG PrimaryStageWindow   - Scaled scene size:    1183.0 x 679.0
18:37:22.166 [JavaFX Application Thread] DEBUG PrimaryStageWindow   - Scaled ratio: (0.92421875, 0.9430555555555555)
18:37:22.167 [JavaFX Application Thread] DEBUG PrimaryStageWindow   - Set initial scene to FXGLStartupScene
18:37:22.176 [JavaFX Application Thread] DEBUG PrimaryStageWindow   - Opening main window
18:37:22.396 [JavaFX Application Thread] DEBUG PrimaryStageWindow   - Window border size: (15.0, 37.66668701171875)
18:37:22.397 [JavaFX Application Thread] DEBUG PrimaryStageWindow   - Scaled size: 1183.0 x 679.0
18:37:22.397 [JavaFX Application Thread] DEBUG PrimaryStageWindow   - Scaled ratio: (0.92421875, 0.9430555555555555)
18:37:22.398 [JavaFX Application Thread] DEBUG PrimaryStageWindow   - Scene size: 1183.0 x 679.0
18:37:22.400 [JavaFX Application Thread] DEBUG PrimaryStageWindow   - Stage size: 1198.0 x 716.6666870117188
18:37:22.424 [FXGL Background Thread 1 ] DEBUG Engine               - Initializing environment variables
18:37:22.570 [FXGL Background Thread 1 ] DEBUG FXGLAssetLoaderServi - User app class for loading assets: class Main.App
18:37:22.571 [FXGL Background Thread 1 ] DEBUG GameApplicationServi - Applying CSS: fxgl_dark.css
18:37:22.573 [FXGL Background Thread 1 ] DEBUG FXGLAssetLoaderServi - Loading from file system: jar:file:/C:/Users/isyoh/Documents/%c3%a9cole/Object%20oriented%20program/Cours/MusicAdventure/out/artifacts/MusicAdventure_jar/MusicAdventure.jar!/fxglassets/ui/css/fxgl_dark.css
18:37:22.746 [FXGL Background Thread 1 ] DEBUG GameApplicationServi - Initializing application scenes
18:37:22.863 [FXGL Background Thread 1 ] DEBUG FXGLAssetLoaderServi - Loading from file system: jar:file:/C:/Users/isyoh/Documents/%c3%a9cole/Object%20oriented%20program/Cours/MusicAdventure/out/artifacts/MusicAdventure_jar/MusicAdventure.jar!/assets/textures/player.png
18:37:22.923 [FXGL Background Thread 1 ] DEBUG GameWorld            - Game world initialized
18:37:23.011 [FXGL Background Thread 1 ] DEBUG PhysicsWorld         - Physics world initialized: appHeight=720, physics.ppm=50,0
18:37:23.012 [FXGL Background Thread 1 ] DEBUG PhysicsWorld         - Using strategy: BRUTE_FORCE
18:37:23.016 [FXGL Background Thread 1 ] DEBUG GameScene            - Game scene initialized: 1280x720
18:37:23.040 [FXGL Background Thread 1 ] DEBUG FXGLAssetLoaderServi - Loading from file system: jar:file:/C:/Users/isyoh/Documents/%c3%a9cole/Object%20oriented%20program/Cours/MusicAdventure/out/artifacts/MusicAdventure_jar/MusicAdventure.jar!/fxglassets/textures/particles/trace_horizontal.png
18:37:23.127 [FXGL Background Thread 1 ] DEBUG FXGL.DefaultMenu     - createMenuBodyGameMenu()
18:37:23.196 [FXGL Background Thread 1 ] DEBUG FXGL.DefaultMenu     - createOptionsMenu()
18:37:23.205 [FXGL Background Thread 1 ] DEBUG FXGLAssetLoaderServi - Loading from file system: jar:file:/C:/Users/isyoh/Documents/%c3%a9cole/Object%20oriented%20program/Cours/MusicAdventure/out/artifacts/MusicAdventure_jar/MusicAdventure.jar!/fxglassets/textures/particles/smoke.png
18:37:23.346 [FXGL Background Thread 1 ] DEBUG GameApplicationServi - Application scenes initialized
18:37:23.391 [FXGL Background Thread 1 ] DEBUG SystemBundleService  - Loading FXGL system data
18:37:23.401 [FXGL Background Thread 1 ] DEBUG FileSystemAccess     - Reading from: C:\Users\isyoh\Documents\école\Object oriented program\Cours\MusicAdventure\out\artifacts\MusicAdventure_jar\system\fxgl.bundle
18:37:23.417 [FXGL Background Thread 1 ] DEBUG SystemBundleService  - Bundle FXGL: {}
18:37:23.417 [FXGL Background Thread 1 ] DEBUG UpdaterService       - Checking for updates
18:37:23.426 [FXGL Background Thread 1 ] DEBUG FXGLApplication      - Loading default localization
18:37:23.428 [FXGL Background Thread 4 ] DEBUG FXGLApplication      - Loading fonts
18:37:23.430 [FXGL Background Thread 4 ] DEBUG FXGLAssetLoaderServi - Loading from file system: jar:file:/C:/Users/isyoh/Documents/%c3%a9cole/Object%20oriented%20program/Cours/MusicAdventure/out/artifacts/MusicAdventure_jar/MusicAdventure.jar!/fxglassets/ui/fonts/VarelaRound-Regular.ttf
18:37:23.437 [FXGL Background Thread 1 ] DEBUG FXGLAssetLoaderServi - Loading from file system: jar:file:/C:/Users/isyoh/Documents/%c3%a9cole/Object%20oriented%20program/Cours/MusicAdventure/out/artifacts/MusicAdventure_jar/MusicAdventure.jar!/fxglassets/languages/english.lang
18:37:23.469 [FXGL Background Thread 1 ] INFO  FXGLApplication      - FXGL initialization took: 1,044 sec
18:37:23.490 [JavaFX Application Thread] DEBUG Input                - Registered new binding: Left - Left
18:37:23.490 [JavaFX Application Thread] DEBUG Input                - Registered new binding: Right - Right
18:37:23.491 [JavaFX Application Thread] DEBUG Input                - Registered new binding: Jump - Up
18:37:23.491 [JavaFX Application Thread] DEBUG Input                - Registered new binding: WhistleA - 1
18:37:23.492 [JavaFX Application Thread] DEBUG Input                - Registered new binding: WhistleB - 2
18:37:23.492 [JavaFX Application Thread] DEBUG Input                - Registered new binding: WhistleC - 3
18:37:23.493 [JavaFX Application Thread] DEBUG Input                - Registered new binding: WhistleD - 4
18:37:23.493 [JavaFX Application Thread] DEBUG Input                - Registered new binding: WhistleE - 5
18:37:23.494 [JavaFX Application Thread] DEBUG Input                - Registered new binding: WhistleF - 6
18:37:23.494 [JavaFX Application Thread] DEBUG Input                - Registered new binding: WhistleG - 7
18:37:23.495 [JavaFX Application Thread] DEBUG Input                - Registered new binding: Use - E
18:37:23.496 [JavaFX Application Thread] DEBUG FXGLAssetLoaderServi - Loading from file system: jar:file:/C:/Users/isyoh/Documents/%c3%a9cole/Object%20oriented%20program/Cours/MusicAdventure/out/artifacts/MusicAdventure_jar/MusicAdventure.jar!/assets/music/BGM_dash_runner.wav
18:37:24.092 [FXGL Background Thread 4 ] DEBUG FXGLAssetLoaderServi - Loading from file system: jar:file:/C:/Users/isyoh/Documents/%c3%a9cole/Object%20oriented%20program/Cours/MusicAdventure/out/artifacts/MusicAdventure_jar/MusicAdventure.jar!/fxglassets/ui/fonts/Abel-Regular.ttf
18:37:24.131 [FXGL Background Thread 4 ] DEBUG FXGLAssetLoaderServi - Loading from file system: jar:file:/C:/Users/isyoh/Documents/%c3%a9cole/Object%20oriented%20program/Cours/MusicAdventure/out/artifacts/MusicAdventure_jar/MusicAdventure.jar!/fxglassets/ui/fonts/lucida_console.ttf
18:37:24.170 [FXGL Background Thread 4 ] DEBUG FXGLAssetLoaderServi - Loading from file system: jar:file:/C:/Users/isyoh/Documents/%c3%a9cole/Object%20oriented%20program/Cours/MusicAdventure/out/artifacts/MusicAdventure_jar/MusicAdventure.jar!/fxglassets/ui/fonts/Courier-Prime.ttf
18:37:24.417 [JavaFX Application Thread] DEBUG AudioPlayer          - Playing music com.almasb.fxgl.audio.Music@2255bcfe
18:37:24.422 [JavaFX Application Thread] DEBUG FXGLAssetLoaderServi - Loading from file system: jar:file:/C:/Users/isyoh/Documents/%c3%a9cole/Object%20oriented%20program/Cours/MusicAdventure/out/artifacts/MusicAdventure_jar/MusicAdventure.jar!/fxglassets/textures/fxgl_icon.png
18:37:24.481 [JavaFX Application Thread] DEBUG FXGLAssetLoaderServi - Loading from file system: jar:file:/C:/Users/isyoh/Documents/%c3%a9cole/Object%20oriented%20program/Cours/MusicAdventure/out/artifacts/MusicAdventure_jar/MusicAdventure.jar!/fxglassets/ui/cursors/fxgl_default.png
18:37:24.485 [JavaFX Application Thread] DEBUG Input                - Registered new binding: Screenshot - P
18:37:24.486 [JavaFX Application Thread] DEBUG Input                - Registered new binding: System info dump - CTRL+9
18:37:24.486 [JavaFX Application Thread] DEBUG Input                - Registered new binding: Restart - CTRL+R
18:37:24.489 [JavaFX Application Thread] DEBUG Input                - Registered new binding: Toggle Debug Camera - CTRL+C
18:37:24.496 [JavaFX Application Thread] DEBUG LoopRunner           - Starting loop
18:37:24.497 [JavaFX Application Thread] DEBUG LoopRunner           - Initializing JavaFX AnimationTimerLoop
18:37:24.500 [JavaFX Application Thread] DEBUG GameApplicationServi - Starting new game
18:37:24.501 [JavaFX Application Thread] DEBUG Input                - Clearing active input actions
18:37:24.527 [JavaFX Application Thread] DEBUG GameApplicationServi - Removing overlay from FXGLStartupScene and adding to BetterLoadingScene
18:37:24.528 [JavaFX Application Thread] DEBUG PrimaryStageWindow   - FXGLStartupScene -> BetterLoadingScene
18:37:24.529 [JavaFX Application Thread] DEBUG GameApplicationServi - Clearing previous game
18:37:24.529 [JavaFX Application Thread] DEBUG GameScene            - Clearing game scene
18:37:24.531 [JavaFX Application Thread] DEBUG GameWorld            - Clearing game world
18:37:24.533 [JavaFX Application Thread] DEBUG PhysicsWorld         - Clearing physics world
18:37:24.542 [FXGL Background Thread 4 ] DEBUG FXGLApplication      - Initializing game
18:37:24.556 [JavaFX Application Thread] DEBUG FXGLApplication      - Registering font factories with UI factory
18:37:24.698 [FXGL Background Thread 4 ] DEBUG TMXLevelLoader       - Parsed raw map: TiledMap(width=15, height=10, tilewidth=70, tileheight=70, orientation=orthogonal, layers=[Layer(width=15, height=10, name=Tile Layer 1, type=tilelayer, visible=false, x=0, y=0, data=[0, 0, 0, 0, 0, 0, 0, 0, 0, 0, 0, 0, 0, 0, 0, 0, 0, 0, 0, 0, 0, 0, 0, 0, 0, 0, 0, 0, 0, 0, 0, 0, 0, 0, 0, 0, 0, 0, 0, 0, 0, 0, 0, 0, 0, 0, 0, 0, 0, 0, 0, 0, 0, 0, 0, 0, 0, 0, 0, 0, 0, 0, 0, 0, 0, 0, 0, 0, 0, 0, 0, 0, 0, 0, 0, 0, 0, 0, 0, 0, 0, 0, 0, 0, 0, 0, 0, 0, 0, 0, 0, 0, 0, 0, 0, 0, 0, 0, 0, 0, 0, 0, 0, 0, 0, 0, 0, 0, 0, 0, 0, 0, 0, 0, 0, 0, 0, 0, 0, 0, 0, 0, 0, 0, 0, 0, 69, 57, 45, 0, 0, 0, 0, 0, 0, 116, 104, 104, 104, 104, 104, 104, 104, 104, 104, 104, 104, 104, 104, 92], objects=[], opacity=0.0, draworder=), Layer(width=0, height=0, name=Object Layer 1, type=objectgroup, visible=false, x=0, y=0, data=[], objects=[com.almasb.fxgl.entity.level.tiled.TiledObject@309475b7, com.almasb.fxgl.entity.level.tiled.TiledObject@1cd6c95e, com.almasb.fxgl.entity.level.tiled.TiledObject@4f57778d, com.almasb.fxgl.entity.level.tiled.TiledObject@7e919778, com.almasb.fxgl.entity.level.tiled.TiledObject@6d3b7cd0, com.almasb.fxgl.entity.level.tiled.TiledObject@478dd410, com.almasb.fxgl.entity.level.tiled.TiledObject@33922873, com.almasb.fxgl.entity.level.tiled.TiledObject@41ca432e, com.almasb.fxgl.entity.level.tiled.TiledObject@77a17a3b, com.almasb.fxgl.entity.level.tiled.TiledObject@5ea50d8b, com.almasb.fxgl.entity.level.tiled.TiledObject@7c56679c, com.almasb.fxgl.entity.level.tiled.TiledObject@6f16880b, com.almasb.fxgl.entity.level.tiled.TiledObject@131a4770, com.almasb.fxgl.entity.level.tiled.TiledObject@65a5c9cd, com.almasb.fxgl.entity.level.tiled.TiledObject@2a003862, com.almasb.fxgl.entity.level.tiled.TiledObject@710dbbf9, com.almasb.fxgl.entity.level.tiled.TiledObject@306d536f, com.almasb.fxgl.entity.level.tiled.TiledObject@7b4d1f0e, com.almasb.fxgl.entity.level.tiled.TiledObject@50a5eb2d], opacity=0.0, draworder=)], tilesets=[Tileset(firstgid=1, image=tiles_spritesheet2.png, name=tiles_spritesheet, tilewidth=70, tileheight=70, imagewidth=914, imageheight=936, margin=0, spacing=2, columns=12, tilecount=156, transparentcolor=, tiles=[])], backgroundcolor=, renderorder=right-down, nextobjectid=22, version=1, tiledversion=1.2.3, type=map, infinite=false, hexsidelength=0, staggeraxis=, staggerindex=, properties={star1time=7.0}, propertytypes={star1time=float})
18:37:24.701 [FXGL Background Thread 4 ] DEBUG TMXLevelLoader       - Creating tile layer entities
18:37:24.705 [FXGL Background Thread 4 ] DEBUG TilesetLoader        - Loading view for layer Tile Layer 1
18:37:24.708 [FXGL Background Thread 4 ] DEBUG TilesetLoader        - Created buffer with size 1050.0x700.0
18:37:24.814 [FXGL Background Thread 4 ] DEBUG TilesetLoader        - Writing to buffer: dst=420,560, w=70,h=70, src=576,360
18:37:24.814 [FXGL Background Thread 4 ] DEBUG TilesetLoader        - Writing to buffer: dst=490,560, w=70,h=70, src=576,288
18:37:24.815 [FXGL Background Thread 4 ] DEBUG TilesetLoader        - Writing to buffer: dst=560,560, w=70,h=70, src=576,216
18:37:24.816 [FXGL Background Thread 4 ] DEBUG TilesetLoader        - Writing to buffer: dst=0,630, w=70,h=70, src=504,648
18:37:24.816 [FXGL Background Thread 4 ] DEBUG TilesetLoader        - Writing to buffer: dst=70,630, w=70,h=70, src=504,576
18:37:24.816 [FXGL Background Thread 4 ] DEBUG TilesetLoader        - Writing to buffer: dst=140,630, w=70,h=70, src=504,576
18:37:24.817 [FXGL Background Thread 4 ] DEBUG TilesetLoader        - Writing to buffer: dst=210,630, w=70,h=70, src=504,576
18:37:24.817 [FXGL Background Thread 4 ] DEBUG TilesetLoader        - Writing to buffer: dst=280,630, w=70,h=70, src=504,576
18:37:24.818 [FXGL Background Thread 4 ] DEBUG TilesetLoader        - Writing to buffer: dst=350,630, w=70,h=70, src=504,576
18:37:24.818 [FXGL Background Thread 4 ] DEBUG TilesetLoader        - Writing to buffer: dst=420,630, w=70,h=70, src=504,576
18:37:24.818 [FXGL Background Thread 4 ] DEBUG TilesetLoader        - Writing to buffer: dst=490,630, w=70,h=70, src=504,576
18:37:24.820 [FXGL Background Thread 4 ] DEBUG TilesetLoader        - Writing to buffer: dst=560,630, w=70,h=70, src=504,576
18:37:24.821 [FXGL Background Thread 4 ] DEBUG TilesetLoader        - Writing to buffer: dst=630,630, w=70,h=70, src=504,576
18:37:24.821 [FXGL Background Thread 4 ] DEBUG TilesetLoader        - Writing to buffer: dst=700,630, w=70,h=70, src=504,576
18:37:24.821 [FXGL Background Thread 4 ] DEBUG TilesetLoader        - Writing to buffer: dst=770,630, w=70,h=70, src=504,576
18:37:24.822 [FXGL Background Thread 4 ] DEBUG TilesetLoader        - Writing to buffer: dst=840,630, w=70,h=70, src=504,576
18:37:24.822 [FXGL Background Thread 4 ] DEBUG TilesetLoader        - Writing to buffer: dst=910,630, w=70,h=70, src=504,576
18:37:24.822 [FXGL Background Thread 4 ] DEBUG TilesetLoader        - Writing to buffer: dst=980,630, w=70,h=70, src=504,504
18:37:24.823 [FXGL Background Thread 4 ] DEBUG TMXLevelLoader       - Creating object layer entities
18:37:24.914 [FXGL Background Thread 4 ] DEBUG FXGLAssetLoaderServi - Loading from file system: jar:file:/C:/Users/isyoh/Documents/%c3%a9cole/Object%20oriented%20program/Cours/MusicAdventure/out/artifacts/MusicAdventure_jar/MusicAdventure.jar!/assets/textures/dirt_32x32.png
18:37:24.939 [FXGL Background Thread 4 ] DEBUG FXGLAssetLoaderServi - Loading from file system: jar:file:/C:/Users/isyoh/Documents/%c3%a9cole/Object%20oriented%20program/Cours/MusicAdventure/out/artifacts/MusicAdventure_jar/MusicAdventure.jar!/assets/textures/A(La).png
18:37:24.944 [FXGL Background Thread 4 ] DEBUG FXGLAssetLoaderServi - Loading from file system: jar:file:/C:/Users/isyoh/Documents/%c3%a9cole/Object%20oriented%20program/Cours/MusicAdventure/out/artifacts/MusicAdventure_jar/MusicAdventure.jar!/assets/textures/B(Si).png
18:37:24.950 [FXGL Background Thread 4 ] DEBUG FXGLAssetLoaderServi - Loading from file system: jar:file:/C:/Users/isyoh/Documents/%c3%a9cole/Object%20oriented%20program/Cours/MusicAdventure/out/artifacts/MusicAdventure_jar/MusicAdventure.jar!/assets/textures/C(Do).png
18:37:24.955 [FXGL Background Thread 4 ] DEBUG FXGLAssetLoaderServi - Loading from file system: jar:file:/C:/Users/isyoh/Documents/%c3%a9cole/Object%20oriented%20program/Cours/MusicAdventure/out/artifacts/MusicAdventure_jar/MusicAdventure.jar!/assets/textures/D(R%c3%a9).png
18:37:24.959 [FXGL Background Thread 4 ] DEBUG FXGLAssetLoaderServi - Loading from file system: jar:file:/C:/Users/isyoh/Documents/%c3%a9cole/Object%20oriented%20program/Cours/MusicAdventure/out/artifacts/MusicAdventure_jar/MusicAdventure.jar!/assets/textures/E(Mi).png
18:37:24.962 [FXGL Background Thread 4 ] DEBUG FXGLAssetLoaderServi - Loading from file system: jar:file:/C:/Users/isyoh/Documents/%c3%a9cole/Object%20oriented%20program/Cours/MusicAdventure/out/artifacts/MusicAdventure_jar/MusicAdventure.jar!/assets/textures/F(Fa).png
18:37:24.965 [FXGL Background Thread 4 ] DEBUG FXGLAssetLoaderServi - Loading from file system: jar:file:/C:/Users/isyoh/Documents/%c3%a9cole/Object%20oriented%20program/Cours/MusicAdventure/out/artifacts/MusicAdventure_jar/MusicAdventure.jar!/assets/textures/G(Sol).png
18:37:24.969 [FXGL Background Thread 4 ] DEBUG GameWorld            - Clearing removable entities
18:37:24.969 [FXGL Background Thread 4 ] DEBUG GameWorld            - Setting level: com.almasb.fxgl.entity.level.Level@6233b0ba
18:37:25.001 [FXGL Background Thread 4 ] DEBUG FXGLAssetLoaderServi - Loading from file system: jar:file:/C:/Users/isyoh/Documents/%c3%a9cole/Object%20oriented%20program/Cours/MusicAdventure/out/artifacts/MusicAdventure_jar/MusicAdventure.jar!/assets/textures/background/proj.png
18:37:25.146 [FXGL Background Thread 2 ] INFO  UpdaterService       - Your current version:  11.14
18:37:25.147 [FXGL Background Thread 2 ] INFO  UpdaterService       - Latest stable version: 11.15
18:37:25.188 [FXGL Background Thread 4 ] INFO  FXGLApplication      - Game initialization took: 0,645 sec
18:37:25.195 [JavaFX Application Thread] DEBUG Input                - Clearing active input actions
18:37:25.231 [JavaFX Application Thread] DEBUG GameApplicationServi - Removing overlay from BetterLoadingScene and adding to GameScene
18:37:25.232 [JavaFX Application Thread] DEBUG PrimaryStageWindow   - BetterLoadingScene -> GameScene
18:37:25.749 [JavaFX Application Thread] DEBUG FXGLAssetLoaderServi - Loading from file system: jar:file:/C:/Users/isyoh/Documents/%c3%a9cole/Object%20oriented%20program/Cours/MusicAdventure/out/artifacts/MusicAdventure_jar/MusicAdventure.jar!/assets/sounds/land.wav
18:37:26.427 [FXGL Background Thread 3 ] DEBUG Engine               - Logging environment variables
18:37:26.429 [FXGL Background Thread 3 ] DEBUG Engine               - achievements: []
18:37:26.437 [FXGL Background Thread 3 ] DEBUG Engine               - actualHeight: 679.0
18:37:26.437 [FXGL Background Thread 3 ] DEBUG Engine               - actualHeightProperty: ReadOnlyDoubleProperty [value: 679.0]
18:37:26.438 [FXGL Background Thread 3 ] DEBUG Engine               - actualWidth: 1183.0
18:37:26.438 [FXGL Background Thread 3 ] DEBUG Engine               - actualWidthProperty: ReadOnlyDoubleProperty [value: 1183.0]
18:37:26.438 [FXGL Background Thread 3 ] DEBUG Engine               - appIcon: fxgl_icon.png
18:37:26.439 [FXGL Background Thread 3 ] DEBUG Engine               - applicationMode: DEVELOPER
18:37:26.441 [FXGL Background Thread 3 ] DEBUG Engine               - cSSList: [fxgl_dark.css]
18:37:26.443 [FXGL Background Thread 3 ] DEBUG Engine               - collisionDetectionStrategy: BRUTE_FORCE
18:37:26.445 [FXGL Background Thread 3 ] DEBUG Engine               - configClass: Optional.empty
18:37:26.449 [FXGL Background Thread 3 ] DEBUG Engine               - credits: []
18:37:26.451 [FXGL Background Thread 3 ] DEBUG Engine               - devBBoxColorProperty: ObjectProperty [value: 0xff0000ff]
18:37:26.451 [FXGL Background Thread 3 ] DEBUG Engine               - devEnableDebugCameraProperty: BooleanProperty [value: false]
18:37:26.452 [FXGL Background Thread 3 ] DEBUG Engine               - devSensorColorProperty: ObjectProperty [value: 0xffff00ff]
18:37:26.453 [FXGL Background Thread 3 ] DEBUG Engine               - devShowBBoxProperty: BooleanProperty [value: false]
18:37:26.453 [FXGL Background Thread 3 ] DEBUG Engine               - devShowPositionProperty: BooleanProperty [value: false]
18:37:26.453 [FXGL Background Thread 3 ] DEBUG Engine               - enabledMenuItems: []
18:37:26.453 [FXGL Background Thread 3 ] DEBUG Engine               - engineServices: [class com.almasb.fxgl.app.services.FXGLAssetLoaderService, class com.almasb.fxgl.app.FXGLApplication$GameApplicationService, class com.almasb.fxgl.app.services.FXGLDialogService, class com.almasb.fxgl.app.services.IOTaskExecutorService, class com.almasb.fxgl.event.EventBusService, class com.almasb.fxgl.io.FileSystemService, class com.almasb.fxgl.localization.LocalizationService, class com.almasb.fxgl.app.services.SystemBundleService, class com.almasb.fxgl.profile.SaveLoadService, class com.almasb.fxgl.ui.FXGLUIFactoryServiceProvider, class com.almasb.fxgl.ui.FXGLDialogFactoryServiceProvider, class com.almasb.fxgl.audio.AudioPlayer, class com.almasb.fxgl.notification.impl.NotificationServiceProvider, class com.almasb.fxgl.achievement.AchievementService, class com.almasb.fxgl.cutscene.CutsceneService, class com.almasb.fxgl.minigames.MiniGameService, class com.almasb.fxgl.net.NetService, class com.almasb.fxgl.app.services.UpdaterService, class com.almasb.fxgl.dev.DevService]
18:37:26.454 [FXGL Background Thread 3 ] DEBUG Engine               - fontGame: Abel-Regular.ttf
18:37:26.454 [FXGL Background Thread 3 ] DEBUG Engine               - fontMono: lucida_console.ttf
18:37:26.454 [FXGL Background Thread 3 ] DEBUG Engine               - fontText: Courier-Prime.ttf
18:37:26.454 [FXGL Background Thread 3 ] DEBUG Engine               - fontUI: VarelaRound-Regular.ttf
18:37:26.454 [FXGL Background Thread 3 ] DEBUG Engine               - fullScreen: BooleanProperty [value: false]
18:37:26.455 [FXGL Background Thread 3 ] DEBUG Engine               - gameDifficulty: MEDIUM
18:37:26.455 [FXGL Background Thread 3 ] DEBUG Engine               - gameDifficultyProperty: ObjectProperty [value: MEDIUM]
18:37:26.456 [FXGL Background Thread 3 ] DEBUG Engine               - globalMusicVolume: 0.5
18:37:26.456 [FXGL Background Thread 3 ] DEBUG Engine               - globalMusicVolumeProperty: DoubleProperty [value: 0.08]
18:37:26.456 [FXGL Background Thread 3 ] DEBUG Engine               - globalSoundVolume: 0.5
18:37:26.456 [FXGL Background Thread 3 ] DEBUG Engine               - globalSoundVolumeProperty: DoubleProperty [value: 0.08]
18:37:26.457 [FXGL Background Thread 3 ] DEBUG Engine               - height: 720
18:37:26.457 [FXGL Background Thread 3 ] DEBUG Engine               - isAndroid: false
18:37:26.457 [FXGL Background Thread 3 ] DEBUG Engine               - isBrowser: false
18:37:26.458 [FXGL Background Thread 3 ] DEBUG Engine               - isClickFeedbackEnabled: false
18:37:26.458 [FXGL Background Thread 3 ] DEBUG Engine               - isCloseConfirmation: false
18:37:26.459 [FXGL Background Thread 3 ] DEBUG Engine               - isDesktop: true
18:37:26.460 [FXGL Background Thread 3 ] DEBUG Engine               - isDeveloperMenuEnabled: false
18:37:26.460 [FXGL Background Thread 3 ] DEBUG Engine               - isEntityPreloadEnabled: true
18:37:26.461 [FXGL Background Thread 3 ] DEBUG Engine               - isExperimental3D: false
18:37:26.462 [FXGL Background Thread 3 ] DEBUG Engine               - isExperimentalNative: false
18:37:26.462 [FXGL Background Thread 3 ] DEBUG Engine               - isExperimentalTiledLargeMap: false
18:37:26.463 [FXGL Background Thread 3 ] DEBUG Engine               - isFileSystemWriteAllowed: true
18:37:26.463 [FXGL Background Thread 3 ] DEBUG Engine               - isFullScreenAllowed: false
18:37:26.464 [FXGL Background Thread 3 ] DEBUG Engine               - isFullScreenFromStart: false
18:37:26.464 [FXGL Background Thread 3 ] DEBUG Engine               - isGameMenuEnabled: true
18:37:26.464 [FXGL Background Thread 3 ] DEBUG Engine               - isIOS: false
18:37:26.466 [FXGL Background Thread 3 ] DEBUG Engine               - isIntroEnabled: false
18:37:26.473 [FXGL Background Thread 3 ] DEBUG Engine               - isLinux: false
18:37:26.477 [FXGL Background Thread 3 ] DEBUG Engine               - isMac: false
18:37:26.478 [FXGL Background Thread 3 ] DEBUG Engine               - isMainMenuEnabled: false
18:37:26.480 [FXGL Background Thread 3 ] DEBUG Engine               - isManualResizeEnabled: false
18:37:26.481 [FXGL Background Thread 3 ] DEBUG Engine               - isMobile: false
18:37:26.481 [FXGL Background Thread 3 ] DEBUG Engine               - isPreserveResizeRatio: false
18:37:26.481 [FXGL Background Thread 3 ] DEBUG Engine               - isProfilingEnabled: false
18:37:26.482 [FXGL Background Thread 3 ] DEBUG Engine               - isScaleAffectedOnResize: true
18:37:26.483 [FXGL Background Thread 3 ] DEBUG Engine               - isSingleStep: false
18:37:26.483 [FXGL Background Thread 3 ] DEBUG Engine               - isUserProfileEnabled: false
18:37:26.484 [FXGL Background Thread 3 ] DEBUG Engine               - isWindows: true
18:37:26.484 [FXGL Background Thread 3 ] DEBUG Engine               - language: ObjectProperty [value: ENGLISH]
18:37:26.489 [FXGL Background Thread 3 ] DEBUG Engine               - menuKey: ESCAPE
18:37:26.489 [FXGL Background Thread 3 ] DEBUG Engine               - notificationViewClass: class com.almasb.fxgl.notification.view.XboxNotificationView
18:37:26.490 [FXGL Background Thread 3 ] DEBUG Engine               - pixelsPerMeter: 50.0
18:37:26.490 [FXGL Background Thread 3 ] DEBUG Engine               - platform: WINDOWS
18:37:26.490 [FXGL Background Thread 3 ] DEBUG Engine               - prefHeightProperty: ReadOnlyDoubleProperty [value: 720.0]
18:37:26.491 [FXGL Background Thread 3 ] DEBUG Engine               - prefWidthProperty: ReadOnlyDoubleProperty [value: 1280.0]
18:37:26.491 [FXGL Background Thread 3 ] DEBUG Engine               - profileDir: profiles/
18:37:26.491 [FXGL Background Thread 3 ] DEBUG Engine               - profileName: StringProperty [value: DEFAULT]
18:37:26.491 [FXGL Background Thread 3 ] DEBUG Engine               - randomSeed: -1
18:37:26.492 [FXGL Background Thread 3 ] DEBUG Engine               - runtimeInfo: RuntimeInfo(platform=WINDOWS, version=11.14, build=01.03.2021 16.59)
18:37:26.492 [FXGL Background Thread 3 ] DEBUG Engine               - saveFileExt: sav
18:37:26.492 [FXGL Background Thread 3 ] DEBUG Engine               - scaledHeightProp$fxgl: DoubleProperty [bound, value: 679.0]
18:37:26.492 [FXGL Background Thread 3 ] DEBUG Engine               - scaledWidthProp$fxgl: DoubleProperty [bound, value: 1183.0]
18:37:26.493 [FXGL Background Thread 3 ] DEBUG Engine               - sceneFactory: Main.App$1@1d711494
18:37:26.493 [FXGL Background Thread 3 ] DEBUG Engine               - secondsIn24h: 60
18:37:26.493 [FXGL Background Thread 3 ] DEBUG Engine               - soundMenuBack: menu/back.wav
18:37:26.493 [FXGL Background Thread 3 ] DEBUG Engine               - soundMenuPress: menu/press.wav
18:37:26.493 [FXGL Background Thread 3 ] DEBUG Engine               - soundMenuSelect: menu/select.wav
18:37:26.494 [FXGL Background Thread 3 ] DEBUG Engine               - soundNotification: core/notification.wav
18:37:26.494 [FXGL Background Thread 3 ] DEBUG Engine               - stageStyle: DECORATED
18:37:26.494 [FXGL Background Thread 3 ] DEBUG Engine               - supportedLanguages: [ENGLISH, FRENCH, GERMAN, HUNGARIAN, RUSSIAN]
18:37:26.494 [FXGL Background Thread 3 ] DEBUG Engine               - ticksPerSecond: -1
18:37:26.495 [FXGL Background Thread 3 ] DEBUG Engine               - title: Game 1 Let's go
18:37:26.495 [FXGL Background Thread 3 ] DEBUG Engine               - urlGithub: https://github.com/AlmasB/FXGL
18:37:26.495 [FXGL Background Thread 3 ] DEBUG Engine               - urlLeaderboard: http://fxgl-top.herokuapp.com/
18:37:26.496 [FXGL Background Thread 3 ] DEBUG Engine               - urlPOM: https://raw.githubusercontent.com/AlmasB/FXGL/release/README.md
18:37:26.496 [FXGL Background Thread 3 ] DEBUG Engine               - userAppClass: class Main.App
18:37:26.496 [FXGL Background Thread 3 ] DEBUG Engine               - version: 1.0
18:37:26.497 [FXGL Background Thread 3 ] DEBUG Engine               - versionCheckDays: 7
18:37:26.497 [FXGL Background Thread 3 ] DEBUG Engine               - width: 1280
18:37:26.497 [FXGL Background Thread 3 ] DEBUG Engine               - Logging services
18:37:26.497 [FXGL Background Thread 3 ] DEBUG Engine               - class com.almasb.fxgl.app.services.FXGLAssetLoaderService
18:37:26.498 [FXGL Background Thread 3 ] DEBUG Engine               - class com.almasb.fxgl.app.FXGLApplication$GameApplicationService
18:37:26.499 [FXGL Background Thread 3 ] DEBUG Engine               - class com.almasb.fxgl.app.services.FXGLDialogService
18:37:26.499 [FXGL Background Thread 3 ] DEBUG Engine               - class com.almasb.fxgl.app.services.IOTaskExecutorService
18:37:26.500 [FXGL Background Thread 3 ] DEBUG Engine               - class com.almasb.fxgl.event.EventBusService
18:37:26.500 [FXGL Background Thread 3 ] DEBUG Engine               - class com.almasb.fxgl.io.FileSystemService
18:37:26.501 [FXGL Background Thread 3 ] DEBUG Engine               - class com.almasb.fxgl.localization.LocalizationService
18:37:26.502 [FXGL Background Thread 3 ] DEBUG Engine               - class com.almasb.fxgl.app.services.SystemBundleService
18:37:26.502 [FXGL Background Thread 3 ] DEBUG Engine               - class com.almasb.fxgl.profile.SaveLoadService
18:37:26.503 [FXGL Background Thread 3 ] DEBUG Engine               - class com.almasb.fxgl.ui.FXGLUIFactoryServiceProvider
18:37:26.504 [FXGL Background Thread 3 ] DEBUG Engine               - class com.almasb.fxgl.ui.FXGLDialogFactoryServiceProvider
18:37:26.506 [FXGL Background Thread 3 ] DEBUG Engine               - class com.almasb.fxgl.audio.AudioPlayer
18:37:26.508 [FXGL Background Thread 3 ] DEBUG Engine               - class com.almasb.fxgl.notification.impl.NotificationServiceProvider
18:37:26.509 [FXGL Background Thread 3 ] DEBUG Engine               - class com.almasb.fxgl.achievement.AchievementService
18:37:26.509 [FXGL Background Thread 3 ] DEBUG Engine               - class com.almasb.fxgl.cutscene.CutsceneService
18:37:26.510 [FXGL Background Thread 3 ] DEBUG Engine               - class com.almasb.fxgl.minigames.MiniGameService
18:37:26.514 [FXGL Background Thread 3 ] DEBUG Engine               - class com.almasb.fxgl.net.NetService
18:37:26.514 [FXGL Background Thread 3 ] DEBUG Engine               - class com.almasb.fxgl.app.services.UpdaterService
18:37:26.514 [FXGL Background Thread 3 ] DEBUG Engine               - class com.almasb.fxgl.dev.DevService
18:37:26.805 [JavaFX Application Thread] DEBUG PrimaryStageWindow   - Push state: DialogSubScene
18:37:26.811 [JavaFX Application Thread] DEBUG Input                - Clearing active input actions
18:37:26.833 [JavaFX Application Thread] DEBUG GameApplicationServi - Removing overlay from GameScene and adding to DialogSubScene
18:37:26.834 [JavaFX Application Thread] DEBUG PrimaryStageWindow   - GameScene -> DialogSubScene
18:37:27.441 [JavaFX Application Thread] DEBUG FXGLApplication      - Exiting FXGL
18:37:27.441 [JavaFX Application Thread] DEBUG LoopRunner           - Stopping loop
18:37:27.441 [JavaFX Application Thread] DEBUG SystemBundleService  - Saving FXGL system data
18:37:27.448 [JavaFX Application Thread] DEBUG FileSystemAccess     - Writing to: C:\Users\isyoh\Documents\école\Object oriented program\Cours\MusicAdventure\out\artifacts\MusicAdventure_jar\system\fxgl.bundle
18:37:27.452 [JavaFX Application Thread] DEBUG Async                - Shutting down background threads
18:37:27.453 [JavaFX Application Thread] DEBUG PrimaryStageWindow   - Closing main window
18:37:27.490 [JavaFX Application Thread] DEBUG Logger               - Closing Logger
