17:15:53.834 [main                     ] DEBUG Logger               - Configured Logger
17:15:53.862 [main                     ] DEBUG GameApplication      - Logging settings
Title: Game 1 Let's go
Version: 1.0
Width: 1280
Height: 720
Fullscreen: false
Intro: false
Profiling: false
Single step:false
App Mode: DEVELOPER
Menu Key: ESCAPE
Stage Style: DECORATED
Scene Factory: class Main.App$1

17:15:54.647 [JavaFX Application Thread] DEBUG FXGLApplication      - Initializing FXGL
17:15:54.650 [JavaFX Application Thread] INFO  Engine               - FXGL-11.14 (01.03.2021 16.59) on WINDOWS (J:15.0.2 FX:15)
17:15:54.652 [JavaFX Application Thread] DEBUG Engine               - JRE Vendor Name: Oracle Corporation
17:15:54.653 [JavaFX Application Thread] DEBUG Engine               - Running on OS: Windows 10 version 10.0
17:15:54.653 [JavaFX Application Thread] DEBUG Engine               - Architecture: amd64
17:15:54.653 [JavaFX Application Thread] INFO  Engine               - Source code and latest versions at: https://github.com/AlmasB/FXGL
17:15:54.654 [JavaFX Application Thread] INFO  Engine               -              Join the FXGL chat at: https://gitter.im/AlmasB/FXGL
17:15:54.786 [JavaFX Application Thread] DEBUG PrimaryStageWindow   - Creating a JavaFX scene
17:15:54.786 [JavaFX Application Thread] DEBUG PrimaryStageWindow   - Target size > screen size
17:15:54.853 [JavaFX Application Thread] DEBUG PrimaryStageWindow   - Target settings size: 1280.0 x 720.0
17:15:54.854 [JavaFX Application Thread] DEBUG PrimaryStageWindow   - Scaled scene size:    1183.0 x 679.0
17:15:54.854 [JavaFX Application Thread] DEBUG PrimaryStageWindow   - Scaled ratio: (0.92421875, 0.9430555555555555)
17:15:54.855 [JavaFX Application Thread] DEBUG PrimaryStageWindow   - Set initial scene to FXGLStartupScene
17:15:54.865 [JavaFX Application Thread] DEBUG PrimaryStageWindow   - Opening main window
17:15:55.004 [JavaFX Application Thread] DEBUG PrimaryStageWindow   - Window border size: (15.0, 37.66668701171875)
17:15:55.005 [JavaFX Application Thread] DEBUG PrimaryStageWindow   - Scaled size: 1183.0 x 679.0
17:15:55.005 [JavaFX Application Thread] DEBUG PrimaryStageWindow   - Scaled ratio: (0.92421875, 0.9430555555555555)
17:15:55.006 [JavaFX Application Thread] DEBUG PrimaryStageWindow   - Scene size: 1183.0 x 679.0
17:15:55.006 [JavaFX Application Thread] DEBUG PrimaryStageWindow   - Stage size: 1198.0 x 716.6666870117188
17:15:55.026 [FXGL Background Thread 1 ] DEBUG Engine               - Initializing environment variables
17:15:55.102 [FXGL Background Thread 1 ] DEBUG FXGLAssetLoaderServi - User app class for loading assets: class Main.App
17:15:55.102 [FXGL Background Thread 1 ] DEBUG GameApplicationServi - Applying CSS: fxgl_dark.css
17:15:55.103 [FXGL Background Thread 1 ] DEBUG FXGLAssetLoaderServi - Loading from file system: jar:file:/C:/Users/isyoh/Documents/%c3%a9cole/Object%20oriented%20program/Cours/MusicAdventure/out/artifacts/MusicAdventure_jar/MusicAdventure.jar!/fxglassets/ui/css/fxgl_dark.css
17:15:55.221 [FXGL Background Thread 1 ] DEBUG GameApplicationServi - Initializing application scenes
17:15:55.312 [FXGL Background Thread 1 ] DEBUG FXGLAssetLoaderServi - Loading from file system: jar:file:/C:/Users/isyoh/Documents/%c3%a9cole/Object%20oriented%20program/Cours/MusicAdventure/out/artifacts/MusicAdventure_jar/MusicAdventure.jar!/assets/textures/player.png
17:15:55.341 [FXGL Background Thread 1 ] DEBUG GameWorld            - Game world initialized
17:15:55.396 [FXGL Background Thread 1 ] DEBUG PhysicsWorld         - Physics world initialized: appHeight=720, physics.ppm=50,0
17:15:55.396 [FXGL Background Thread 1 ] DEBUG PhysicsWorld         - Using strategy: BRUTE_FORCE
17:15:55.400 [FXGL Background Thread 1 ] DEBUG GameScene            - Game scene initialized: 1280x720
17:15:55.419 [FXGL Background Thread 1 ] DEBUG FXGLAssetLoaderServi - Loading from file system: jar:file:/C:/Users/isyoh/Documents/%c3%a9cole/Object%20oriented%20program/Cours/MusicAdventure/out/artifacts/MusicAdventure_jar/MusicAdventure.jar!/fxglassets/textures/particles/trace_horizontal.png
17:15:55.474 [FXGL Background Thread 1 ] DEBUG FXGL.DefaultMenu     - createMenuBodyGameMenu()
17:15:55.522 [FXGL Background Thread 1 ] DEBUG FXGL.DefaultMenu     - createOptionsMenu()
17:15:55.531 [FXGL Background Thread 1 ] DEBUG FXGLAssetLoaderServi - Loading from file system: jar:file:/C:/Users/isyoh/Documents/%c3%a9cole/Object%20oriented%20program/Cours/MusicAdventure/out/artifacts/MusicAdventure_jar/MusicAdventure.jar!/fxglassets/textures/particles/smoke.png
17:15:55.653 [FXGL Background Thread 1 ] DEBUG GameApplicationServi - Application scenes initialized
17:15:55.674 [FXGL Background Thread 1 ] DEBUG SystemBundleService  - Loading FXGL system data
17:15:55.691 [FXGL Background Thread 1 ] DEBUG FileSystemAccess     - Reading from: C:\Users\isyoh\Documents\école\Object oriented program\Cours\MusicAdventure\out\artifacts\MusicAdventure_jar\system\fxgl.bundle
17:15:55.706 [FXGL Background Thread 1 ] DEBUG SystemBundleService  - Bundle FXGL: {}
17:15:55.707 [FXGL Background Thread 1 ] DEBUG UpdaterService       - Checking for updates
17:15:55.714 [FXGL Background Thread 4 ] DEBUG FXGLApplication      - Loading fonts
17:15:55.715 [FXGL Background Thread 4 ] DEBUG FXGLAssetLoaderServi - Loading from file system: jar:file:/C:/Users/isyoh/Documents/%c3%a9cole/Object%20oriented%20program/Cours/MusicAdventure/out/artifacts/MusicAdventure_jar/MusicAdventure.jar!/fxglassets/ui/fonts/VarelaRound-Regular.ttf
17:15:55.716 [FXGL Background Thread 1 ] DEBUG FXGLApplication      - Loading default localization
17:15:55.717 [FXGL Background Thread 1 ] DEBUG FXGLAssetLoaderServi - Loading from file system: jar:file:/C:/Users/isyoh/Documents/%c3%a9cole/Object%20oriented%20program/Cours/MusicAdventure/out/artifacts/MusicAdventure_jar/MusicAdventure.jar!/fxglassets/languages/english.lang
17:15:55.754 [FXGL Background Thread 1 ] INFO  FXGLApplication      - FXGL initialization took: 0,727 sec
17:15:55.771 [JavaFX Application Thread] DEBUG Input                - Registered new binding: Left - Left
17:15:55.772 [JavaFX Application Thread] DEBUG Input                - Registered new binding: Right - Right
17:15:55.772 [JavaFX Application Thread] DEBUG Input                - Registered new binding: Jump - Up
17:15:55.773 [JavaFX Application Thread] DEBUG Input                - Registered new binding: WhistleA - 1
17:15:55.773 [JavaFX Application Thread] DEBUG Input                - Registered new binding: WhistleB - 2
17:15:55.774 [JavaFX Application Thread] DEBUG Input                - Registered new binding: WhistleC - 3
17:15:55.774 [JavaFX Application Thread] DEBUG Input                - Registered new binding: WhistleD - 4
17:15:55.775 [JavaFX Application Thread] DEBUG Input                - Registered new binding: WhistleE - 5
17:15:55.775 [JavaFX Application Thread] DEBUG Input                - Registered new binding: WhistleF - 6
17:15:55.776 [JavaFX Application Thread] DEBUG Input                - Registered new binding: WhistleG - 7
17:15:55.776 [JavaFX Application Thread] DEBUG Input                - Registered new binding: Use - E
17:15:55.777 [JavaFX Application Thread] DEBUG FXGLAssetLoaderServi - Loading from file system: jar:file:/C:/Users/isyoh/Documents/%c3%a9cole/Object%20oriented%20program/Cours/MusicAdventure/out/artifacts/MusicAdventure_jar/MusicAdventure.jar!/assets/music/BGM_dash_runner.wav
17:15:56.142 [JavaFX Application Thread] DEBUG AudioPlayer          - Playing music com.almasb.fxgl.audio.Music@201e1b6f
17:15:56.150 [JavaFX Application Thread] DEBUG FXGLAssetLoaderServi - Loading from file system: jar:file:/C:/Users/isyoh/Documents/%c3%a9cole/Object%20oriented%20program/Cours/MusicAdventure/out/artifacts/MusicAdventure_jar/MusicAdventure.jar!/fxglassets/textures/fxgl_icon.png
17:15:56.173 [FXGL Background Thread 4 ] DEBUG FXGLAssetLoaderServi - Loading from file system: jar:file:/C:/Users/isyoh/Documents/%c3%a9cole/Object%20oriented%20program/Cours/MusicAdventure/out/artifacts/MusicAdventure_jar/MusicAdventure.jar!/fxglassets/ui/fonts/Abel-Regular.ttf
17:15:56.189 [JavaFX Application Thread] DEBUG FXGLAssetLoaderServi - Loading from file system: jar:file:/C:/Users/isyoh/Documents/%c3%a9cole/Object%20oriented%20program/Cours/MusicAdventure/out/artifacts/MusicAdventure_jar/MusicAdventure.jar!/fxglassets/ui/cursors/fxgl_default.png
17:15:56.193 [JavaFX Application Thread] DEBUG Input                - Registered new binding: Screenshot - P
17:15:56.193 [JavaFX Application Thread] DEBUG Input                - Registered new binding: System info dump - CTRL+9
17:15:56.194 [JavaFX Application Thread] DEBUG Input                - Registered new binding: Restart - CTRL+R
17:15:56.195 [JavaFX Application Thread] DEBUG Input                - Registered new binding: Toggle Debug Camera - CTRL+C
17:15:56.199 [JavaFX Application Thread] DEBUG LoopRunner           - Starting loop
17:15:56.216 [JavaFX Application Thread] DEBUG LoopRunner           - Initializing JavaFX AnimationTimerLoop
17:15:56.218 [JavaFX Application Thread] DEBUG GameApplicationServi - Starting new game
17:15:56.219 [JavaFX Application Thread] DEBUG Input                - Clearing active input actions
17:15:56.264 [JavaFX Application Thread] DEBUG GameApplicationServi - Removing overlay from FXGLStartupScene and adding to BetterLoadingScene
17:15:56.264 [JavaFX Application Thread] DEBUG PrimaryStageWindow   - FXGLStartupScene -> BetterLoadingScene
17:15:56.264 [JavaFX Application Thread] DEBUG GameApplicationServi - Clearing previous game
17:15:56.265 [JavaFX Application Thread] DEBUG GameScene            - Clearing game scene
17:15:56.265 [JavaFX Application Thread] DEBUG GameWorld            - Clearing game world
17:15:56.265 [JavaFX Application Thread] DEBUG PhysicsWorld         - Clearing physics world
17:15:56.267 [FXGL Background Thread 1 ] DEBUG FXGLApplication      - Initializing game
17:15:56.408 [FXGL Background Thread 4 ] DEBUG FXGLAssetLoaderServi - Loading from file system: jar:file:/C:/Users/isyoh/Documents/%c3%a9cole/Object%20oriented%20program/Cours/MusicAdventure/out/artifacts/MusicAdventure_jar/MusicAdventure.jar!/fxglassets/ui/fonts/lucida_console.ttf
17:15:56.461 [FXGL Background Thread 1 ] DEBUG TMXLevelLoader       - Parsed raw map: TiledMap(width=15, height=10, tilewidth=70, tileheight=70, orientation=orthogonal, layers=[Layer(width=15, height=10, name=Tile Layer 1, type=tilelayer, visible=false, x=0, y=0, data=[0, 0, 0, 0, 0, 0, 0, 0, 0, 0, 0, 0, 0, 0, 0, 0, 0, 0, 0, 0, 0, 0, 0, 0, 0, 0, 0, 0, 0, 0, 0, 0, 0, 0, 0, 0, 0, 0, 0, 0, 0, 0, 0, 0, 0, 0, 0, 0, 0, 0, 0, 0, 0, 0, 0, 0, 0, 0, 0, 0, 0, 0, 0, 0, 0, 0, 0, 0, 0, 0, 0, 0, 0, 0, 0, 0, 0, 0, 0, 0, 0, 0, 0, 0, 0, 0, 0, 0, 0, 0, 0, 0, 0, 0, 0, 0, 0, 0, 0, 0, 0, 0, 0, 0, 0, 0, 0, 0, 0, 0, 0, 0, 0, 0, 0, 0, 0, 0, 0, 0, 0, 0, 0, 0, 0, 0, 69, 57, 45, 0, 0, 0, 0, 0, 0, 116, 104, 104, 104, 104, 104, 104, 104, 104, 104, 104, 104, 104, 104, 92], objects=[], opacity=0.0, draworder=), Layer(width=0, height=0, name=Object Layer 1, type=objectgroup, visible=false, x=0, y=0, data=[], objects=[com.almasb.fxgl.entity.level.tiled.TiledObject@4be3360, com.almasb.fxgl.entity.level.tiled.TiledObject@3738b856, com.almasb.fxgl.entity.level.tiled.TiledObject@367ddd31, com.almasb.fxgl.entity.level.tiled.TiledObject@1b2fbfd9, com.almasb.fxgl.entity.level.tiled.TiledObject@6effbaef, com.almasb.fxgl.entity.level.tiled.TiledObject@1c77456e, com.almasb.fxgl.entity.level.tiled.TiledObject@443b8784, com.almasb.fxgl.entity.level.tiled.TiledObject@220c39ad, com.almasb.fxgl.entity.level.tiled.TiledObject@31b7d7c1, com.almasb.fxgl.entity.level.tiled.TiledObject@174da8ac, com.almasb.fxgl.entity.level.tiled.TiledObject@f520a66, com.almasb.fxgl.entity.level.tiled.TiledObject@4cd09b70, com.almasb.fxgl.entity.level.tiled.TiledObject@43d644f4, com.almasb.fxgl.entity.level.tiled.TiledObject@39a48cea, com.almasb.fxgl.entity.level.tiled.TiledObject@263ab082, com.almasb.fxgl.entity.level.tiled.TiledObject@6ef9b42e, com.almasb.fxgl.entity.level.tiled.TiledObject@1ff9ace1, com.almasb.fxgl.entity.level.tiled.TiledObject@227a028, com.almasb.fxgl.entity.level.tiled.TiledObject@71eaae4e], opacity=0.0, draworder=)], tilesets=[Tileset(firstgid=1, image=tiles_spritesheet2.png, name=tiles_spritesheet, tilewidth=70, tileheight=70, imagewidth=914, imageheight=936, margin=0, spacing=2, columns=12, tilecount=156, transparentcolor=, tiles=[])], backgroundcolor=, renderorder=right-down, nextobjectid=22, version=1, tiledversion=1.2.3, type=map, infinite=false, hexsidelength=0, staggeraxis=, staggerindex=, properties={star1time=7.0}, propertytypes={star1time=float})
17:15:56.463 [FXGL Background Thread 1 ] DEBUG TMXLevelLoader       - Creating tile layer entities
17:15:56.464 [FXGL Background Thread 1 ] DEBUG TilesetLoader        - Loading view for layer Tile Layer 1
17:15:56.466 [FXGL Background Thread 1 ] DEBUG TilesetLoader        - Created buffer with size 1050.0x700.0
17:15:56.520 [FXGL Background Thread 2 ] WARN  UpdaterService       - Failed to find updates: javax.net.ssl.SSLHandshakeException: No subject alternative DNS name matching raw.githubusercontent.com found.
17:15:56.557 [FXGL Background Thread 1 ] DEBUG TilesetLoader        - Writing to buffer: dst=420,560, w=70,h=70, src=576,360
17:15:56.558 [FXGL Background Thread 1 ] DEBUG TilesetLoader        - Writing to buffer: dst=490,560, w=70,h=70, src=576,288
17:15:56.558 [FXGL Background Thread 1 ] DEBUG TilesetLoader        - Writing to buffer: dst=560,560, w=70,h=70, src=576,216
17:15:56.558 [FXGL Background Thread 1 ] DEBUG TilesetLoader        - Writing to buffer: dst=0,630, w=70,h=70, src=504,648
17:15:56.558 [FXGL Background Thread 1 ] DEBUG TilesetLoader        - Writing to buffer: dst=70,630, w=70,h=70, src=504,576
17:15:56.559 [FXGL Background Thread 1 ] DEBUG TilesetLoader        - Writing to buffer: dst=140,630, w=70,h=70, src=504,576
17:15:56.559 [FXGL Background Thread 1 ] DEBUG TilesetLoader        - Writing to buffer: dst=210,630, w=70,h=70, src=504,576
17:15:56.560 [FXGL Background Thread 1 ] DEBUG TilesetLoader        - Writing to buffer: dst=280,630, w=70,h=70, src=504,576
17:15:56.560 [FXGL Background Thread 1 ] DEBUG TilesetLoader        - Writing to buffer: dst=350,630, w=70,h=70, src=504,576
17:15:56.560 [FXGL Background Thread 1 ] DEBUG TilesetLoader        - Writing to buffer: dst=420,630, w=70,h=70, src=504,576
17:15:56.560 [FXGL Background Thread 1 ] DEBUG TilesetLoader        - Writing to buffer: dst=490,630, w=70,h=70, src=504,576
17:15:56.560 [FXGL Background Thread 1 ] DEBUG TilesetLoader        - Writing to buffer: dst=560,630, w=70,h=70, src=504,576
17:15:56.561 [FXGL Background Thread 1 ] DEBUG TilesetLoader        - Writing to buffer: dst=630,630, w=70,h=70, src=504,576
17:15:56.561 [FXGL Background Thread 1 ] DEBUG TilesetLoader        - Writing to buffer: dst=700,630, w=70,h=70, src=504,576
17:15:56.561 [FXGL Background Thread 1 ] DEBUG TilesetLoader        - Writing to buffer: dst=770,630, w=70,h=70, src=504,576
17:15:56.562 [FXGL Background Thread 1 ] DEBUG TilesetLoader        - Writing to buffer: dst=840,630, w=70,h=70, src=504,576
17:15:56.562 [FXGL Background Thread 1 ] DEBUG TilesetLoader        - Writing to buffer: dst=910,630, w=70,h=70, src=504,576
17:15:56.562 [FXGL Background Thread 1 ] DEBUG TilesetLoader        - Writing to buffer: dst=980,630, w=70,h=70, src=504,504
17:15:56.563 [FXGL Background Thread 1 ] DEBUG TMXLevelLoader       - Creating object layer entities
17:15:56.584 [FXGL Background Thread 4 ] DEBUG FXGLAssetLoaderServi - Loading from file system: jar:file:/C:/Users/isyoh/Documents/%c3%a9cole/Object%20oriented%20program/Cours/MusicAdventure/out/artifacts/MusicAdventure_jar/MusicAdventure.jar!/fxglassets/ui/fonts/Courier-Prime.ttf
17:15:56.595 [FXGL Background Thread 1 ] DEBUG FXGLAssetLoaderServi - Loading from file system: jar:file:/C:/Users/isyoh/Documents/%c3%a9cole/Object%20oriented%20program/Cours/MusicAdventure/out/artifacts/MusicAdventure_jar/MusicAdventure.jar!/assets/textures/dirt_32x32.png
17:15:56.606 [FXGL Background Thread 1 ] DEBUG FXGLAssetLoaderServi - Loading from file system: jar:file:/C:/Users/isyoh/Documents/%c3%a9cole/Object%20oriented%20program/Cours/MusicAdventure/out/artifacts/MusicAdventure_jar/MusicAdventure.jar!/assets/textures/A(La).png
17:15:56.610 [FXGL Background Thread 1 ] DEBUG FXGLAssetLoaderServi - Loading from file system: jar:file:/C:/Users/isyoh/Documents/%c3%a9cole/Object%20oriented%20program/Cours/MusicAdventure/out/artifacts/MusicAdventure_jar/MusicAdventure.jar!/assets/textures/B(Si).png
17:15:56.613 [FXGL Background Thread 1 ] DEBUG FXGLAssetLoaderServi - Loading from file system: jar:file:/C:/Users/isyoh/Documents/%c3%a9cole/Object%20oriented%20program/Cours/MusicAdventure/out/artifacts/MusicAdventure_jar/MusicAdventure.jar!/assets/textures/C(Do).png
17:15:56.616 [FXGL Background Thread 1 ] DEBUG FXGLAssetLoaderServi - Loading from file system: jar:file:/C:/Users/isyoh/Documents/%c3%a9cole/Object%20oriented%20program/Cours/MusicAdventure/out/artifacts/MusicAdventure_jar/MusicAdventure.jar!/assets/textures/D(R%c3%a9).png
17:15:56.626 [FXGL Background Thread 1 ] DEBUG FXGLAssetLoaderServi - Loading from file system: jar:file:/C:/Users/isyoh/Documents/%c3%a9cole/Object%20oriented%20program/Cours/MusicAdventure/out/artifacts/MusicAdventure_jar/MusicAdventure.jar!/assets/textures/E(Mi).png
17:15:56.631 [FXGL Background Thread 1 ] DEBUG FXGLAssetLoaderServi - Loading from file system: jar:file:/C:/Users/isyoh/Documents/%c3%a9cole/Object%20oriented%20program/Cours/MusicAdventure/out/artifacts/MusicAdventure_jar/MusicAdventure.jar!/assets/textures/F(Fa).png
17:15:56.634 [FXGL Background Thread 1 ] DEBUG FXGLAssetLoaderServi - Loading from file system: jar:file:/C:/Users/isyoh/Documents/%c3%a9cole/Object%20oriented%20program/Cours/MusicAdventure/out/artifacts/MusicAdventure_jar/MusicAdventure.jar!/assets/textures/G(Sol).png
17:15:56.636 [FXGL Background Thread 1 ] DEBUG GameWorld            - Clearing removable entities
17:15:56.637 [FXGL Background Thread 1 ] DEBUG GameWorld            - Setting level: com.almasb.fxgl.entity.level.Level@47c3a0aa
17:15:56.671 [FXGL Background Thread 1 ] DEBUG FXGLAssetLoaderServi - Loading from file system: jar:file:/C:/Users/isyoh/Documents/%c3%a9cole/Object%20oriented%20program/Cours/MusicAdventure/out/artifacts/MusicAdventure_jar/MusicAdventure.jar!/assets/textures/background/proj.png
17:15:56.726 [JavaFX Application Thread] DEBUG FXGLApplication      - Registering font factories with UI factory
17:15:56.765 [FXGL Background Thread 1 ] INFO  FXGLApplication      - Game initialization took: 0,498 sec
17:15:56.772 [JavaFX Application Thread] DEBUG Input                - Clearing active input actions
17:15:56.793 [JavaFX Application Thread] DEBUG GameApplicationServi - Removing overlay from BetterLoadingScene and adding to GameScene
17:15:56.794 [JavaFX Application Thread] DEBUG PrimaryStageWindow   - BetterLoadingScene -> GameScene
17:15:57.093 [JavaFX Application Thread] DEBUG FXGLAssetLoaderServi - Loading from file system: jar:file:/C:/Users/isyoh/Documents/%c3%a9cole/Object%20oriented%20program/Cours/MusicAdventure/out/artifacts/MusicAdventure_jar/MusicAdventure.jar!/assets/sounds/land.wav
17:15:57.913 [JavaFX Application Thread] DEBUG PrimaryStageWindow   - Push state: DialogSubScene
17:15:57.913 [JavaFX Application Thread] DEBUG Input                - Clearing active input actions
17:15:57.925 [JavaFX Application Thread] DEBUG GameApplicationServi - Removing overlay from GameScene and adding to DialogSubScene
17:15:57.926 [JavaFX Application Thread] DEBUG PrimaryStageWindow   - GameScene -> DialogSubScene
17:15:58.713 [FXGL Background Thread 3 ] DEBUG Engine               - Logging environment variables
17:15:58.714 [FXGL Background Thread 3 ] DEBUG Engine               - achievements: []
17:15:58.714 [FXGL Background Thread 3 ] DEBUG Engine               - actualHeight: 679.0
17:15:58.714 [FXGL Background Thread 3 ] DEBUG Engine               - actualHeightProperty: ReadOnlyDoubleProperty [value: 679.0]
17:15:58.714 [FXGL Background Thread 3 ] DEBUG Engine               - actualWidth: 1183.0
17:15:58.714 [FXGL Background Thread 3 ] DEBUG Engine               - actualWidthProperty: ReadOnlyDoubleProperty [value: 1183.0]
17:15:58.714 [FXGL Background Thread 3 ] DEBUG Engine               - appIcon: fxgl_icon.png
17:15:58.715 [FXGL Background Thread 3 ] DEBUG Engine               - applicationMode: DEVELOPER
17:15:58.715 [FXGL Background Thread 3 ] DEBUG Engine               - cSSList: [fxgl_dark.css]
17:15:58.715 [FXGL Background Thread 3 ] DEBUG Engine               - collisionDetectionStrategy: BRUTE_FORCE
17:15:58.715 [FXGL Background Thread 3 ] DEBUG Engine               - configClass: Optional.empty
17:15:58.715 [FXGL Background Thread 3 ] DEBUG Engine               - credits: []
17:15:58.716 [FXGL Background Thread 3 ] DEBUG Engine               - devBBoxColorProperty: ObjectProperty [value: 0xff0000ff]
17:15:58.716 [FXGL Background Thread 3 ] DEBUG Engine               - devEnableDebugCameraProperty: BooleanProperty [value: false]
17:15:58.716 [FXGL Background Thread 3 ] DEBUG Engine               - devSensorColorProperty: ObjectProperty [value: 0xffff00ff]
17:15:58.716 [FXGL Background Thread 3 ] DEBUG Engine               - devShowBBoxProperty: BooleanProperty [value: false]
17:15:58.716 [FXGL Background Thread 3 ] DEBUG Engine               - devShowPositionProperty: BooleanProperty [value: false]
17:15:58.717 [FXGL Background Thread 3 ] DEBUG Engine               - enabledMenuItems: []
17:15:58.717 [FXGL Background Thread 3 ] DEBUG Engine               - engineServices: [class com.almasb.fxgl.app.services.FXGLAssetLoaderService, class com.almasb.fxgl.app.FXGLApplication$GameApplicationService, class com.almasb.fxgl.app.services.FXGLDialogService, class com.almasb.fxgl.app.services.IOTaskExecutorService, class com.almasb.fxgl.event.EventBusService, class com.almasb.fxgl.io.FileSystemService, class com.almasb.fxgl.localization.LocalizationService, class com.almasb.fxgl.app.services.SystemBundleService, class com.almasb.fxgl.profile.SaveLoadService, class com.almasb.fxgl.ui.FXGLUIFactoryServiceProvider, class com.almasb.fxgl.ui.FXGLDialogFactoryServiceProvider, class com.almasb.fxgl.audio.AudioPlayer, class com.almasb.fxgl.notification.impl.NotificationServiceProvider, class com.almasb.fxgl.achievement.AchievementService, class com.almasb.fxgl.cutscene.CutsceneService, class com.almasb.fxgl.minigames.MiniGameService, class com.almasb.fxgl.net.NetService, class com.almasb.fxgl.app.services.UpdaterService, class com.almasb.fxgl.dev.DevService]
17:15:58.717 [FXGL Background Thread 3 ] DEBUG Engine               - fontGame: Abel-Regular.ttf
17:15:58.717 [FXGL Background Thread 3 ] DEBUG Engine               - fontMono: lucida_console.ttf
17:15:58.717 [FXGL Background Thread 3 ] DEBUG Engine               - fontText: Courier-Prime.ttf
17:15:58.717 [FXGL Background Thread 3 ] DEBUG Engine               - fontUI: VarelaRound-Regular.ttf
17:15:58.717 [FXGL Background Thread 3 ] DEBUG Engine               - fullScreen: BooleanProperty [value: false]
17:15:58.718 [FXGL Background Thread 3 ] DEBUG Engine               - gameDifficulty: MEDIUM
17:15:58.718 [FXGL Background Thread 3 ] DEBUG Engine               - gameDifficultyProperty: ObjectProperty [value: MEDIUM]
17:15:58.718 [FXGL Background Thread 3 ] DEBUG Engine               - globalMusicVolume: 0.5
17:15:58.718 [FXGL Background Thread 3 ] DEBUG Engine               - globalMusicVolumeProperty: DoubleProperty [value: 0.08]
17:15:58.719 [FXGL Background Thread 3 ] DEBUG Engine               - globalSoundVolume: 0.5
17:15:58.719 [FXGL Background Thread 3 ] DEBUG Engine               - globalSoundVolumeProperty: DoubleProperty [value: 0.08]
17:15:58.719 [FXGL Background Thread 3 ] DEBUG Engine               - height: 720
17:15:58.719 [FXGL Background Thread 3 ] DEBUG Engine               - isAndroid: false
17:15:58.720 [FXGL Background Thread 3 ] DEBUG Engine               - isBrowser: false
17:15:58.720 [FXGL Background Thread 3 ] DEBUG Engine               - isClickFeedbackEnabled: false
17:15:58.720 [FXGL Background Thread 3 ] DEBUG Engine               - isCloseConfirmation: false
17:15:58.720 [FXGL Background Thread 3 ] DEBUG Engine               - isDesktop: true
17:15:58.720 [FXGL Background Thread 3 ] DEBUG Engine               - isDeveloperMenuEnabled: false
17:15:58.720 [FXGL Background Thread 3 ] DEBUG Engine               - isEntityPreloadEnabled: true
17:15:58.720 [FXGL Background Thread 3 ] DEBUG Engine               - isExperimental3D: false
17:15:58.721 [FXGL Background Thread 3 ] DEBUG Engine               - isExperimentalNative: false
17:15:58.721 [FXGL Background Thread 3 ] DEBUG Engine               - isExperimentalTiledLargeMap: false
17:15:58.721 [FXGL Background Thread 3 ] DEBUG Engine               - isFileSystemWriteAllowed: true
17:15:58.721 [FXGL Background Thread 3 ] DEBUG Engine               - isFullScreenAllowed: false
17:15:58.721 [FXGL Background Thread 3 ] DEBUG Engine               - isFullScreenFromStart: false
17:15:58.722 [FXGL Background Thread 3 ] DEBUG Engine               - isGameMenuEnabled: true
17:15:58.722 [FXGL Background Thread 3 ] DEBUG Engine               - isIOS: false
17:15:58.722 [FXGL Background Thread 3 ] DEBUG Engine               - isIntroEnabled: false
17:15:58.722 [FXGL Background Thread 3 ] DEBUG Engine               - isLinux: false
17:15:58.722 [FXGL Background Thread 3 ] DEBUG Engine               - isMac: false
17:15:58.723 [FXGL Background Thread 3 ] DEBUG Engine               - isMainMenuEnabled: false
17:15:58.723 [FXGL Background Thread 3 ] DEBUG Engine               - isManualResizeEnabled: false
17:15:58.723 [FXGL Background Thread 3 ] DEBUG Engine               - isMobile: false
17:15:58.723 [FXGL Background Thread 3 ] DEBUG Engine               - isPreserveResizeRatio: false
17:15:58.724 [FXGL Background Thread 3 ] DEBUG Engine               - isProfilingEnabled: false
17:15:58.724 [FXGL Background Thread 3 ] DEBUG Engine               - isScaleAffectedOnResize: true
17:15:58.724 [FXGL Background Thread 3 ] DEBUG Engine               - isSingleStep: false
17:15:58.724 [FXGL Background Thread 3 ] DEBUG Engine               - isUserProfileEnabled: false
17:15:58.725 [FXGL Background Thread 3 ] DEBUG Engine               - isWindows: true
17:15:58.725 [FXGL Background Thread 3 ] DEBUG Engine               - language: ObjectProperty [value: ENGLISH]
17:15:58.725 [FXGL Background Thread 3 ] DEBUG Engine               - menuKey: ESCAPE
17:15:58.725 [FXGL Background Thread 3 ] DEBUG Engine               - notificationViewClass: class com.almasb.fxgl.notification.view.XboxNotificationView
17:15:58.725 [FXGL Background Thread 3 ] DEBUG Engine               - pixelsPerMeter: 50.0
17:15:58.726 [FXGL Background Thread 3 ] DEBUG Engine               - platform: WINDOWS
17:15:58.726 [FXGL Background Thread 3 ] DEBUG Engine               - prefHeightProperty: ReadOnlyDoubleProperty [value: 720.0]
17:15:58.726 [FXGL Background Thread 3 ] DEBUG Engine               - prefWidthProperty: ReadOnlyDoubleProperty [value: 1280.0]
17:15:58.726 [FXGL Background Thread 3 ] DEBUG Engine               - profileDir: profiles/
17:15:58.726 [FXGL Background Thread 3 ] DEBUG Engine               - profileName: StringProperty [value: DEFAULT]
17:15:58.727 [FXGL Background Thread 3 ] DEBUG Engine               - randomSeed: -1
17:15:58.727 [FXGL Background Thread 3 ] DEBUG Engine               - runtimeInfo: RuntimeInfo(platform=WINDOWS, version=11.14, build=01.03.2021 16.59)
17:15:58.727 [FXGL Background Thread 3 ] DEBUG Engine               - saveFileExt: sav
17:15:58.727 [FXGL Background Thread 3 ] DEBUG Engine               - scaledHeightProp$fxgl: DoubleProperty [bound, value: 679.0]
17:15:58.727 [FXGL Background Thread 3 ] DEBUG Engine               - scaledWidthProp$fxgl: DoubleProperty [bound, value: 1183.0]
17:15:58.728 [FXGL Background Thread 3 ] DEBUG Engine               - sceneFactory: Main.App$1@1d711494
17:15:58.728 [FXGL Background Thread 3 ] DEBUG Engine               - secondsIn24h: 60
17:15:58.728 [FXGL Background Thread 3 ] DEBUG Engine               - soundMenuBack: menu/back.wav
17:15:58.728 [FXGL Background Thread 3 ] DEBUG Engine               - soundMenuPress: menu/press.wav
17:15:58.729 [FXGL Background Thread 3 ] DEBUG Engine               - soundMenuSelect: menu/select.wav
17:15:58.729 [FXGL Background Thread 3 ] DEBUG Engine               - soundNotification: core/notification.wav
17:15:58.729 [FXGL Background Thread 3 ] DEBUG Engine               - stageStyle: DECORATED
17:15:58.729 [FXGL Background Thread 3 ] DEBUG Engine               - supportedLanguages: [ENGLISH, FRENCH, GERMAN, HUNGARIAN, RUSSIAN]
17:15:58.729 [FXGL Background Thread 3 ] DEBUG Engine               - ticksPerSecond: -1
17:15:58.730 [FXGL Background Thread 3 ] DEBUG Engine               - title: Game 1 Let's go
17:15:58.730 [FXGL Background Thread 3 ] DEBUG Engine               - urlGithub: https://github.com/AlmasB/FXGL
17:15:58.730 [FXGL Background Thread 3 ] DEBUG Engine               - urlLeaderboard: http://fxgl-top.herokuapp.com/
17:15:58.730 [FXGL Background Thread 3 ] DEBUG Engine               - urlPOM: https://raw.githubusercontent.com/AlmasB/FXGL/release/README.md
17:15:58.730 [FXGL Background Thread 3 ] DEBUG Engine               - userAppClass: class Main.App
17:15:58.731 [FXGL Background Thread 3 ] DEBUG Engine               - version: 1.0
17:15:58.731 [FXGL Background Thread 3 ] DEBUG Engine               - versionCheckDays: 7
17:15:58.731 [FXGL Background Thread 3 ] DEBUG Engine               - width: 1280
17:15:58.731 [FXGL Background Thread 3 ] DEBUG Engine               - Logging services
17:15:58.731 [FXGL Background Thread 3 ] DEBUG Engine               - class com.almasb.fxgl.app.services.FXGLAssetLoaderService
17:15:58.732 [FXGL Background Thread 3 ] DEBUG Engine               - class com.almasb.fxgl.app.FXGLApplication$GameApplicationService
17:15:58.732 [FXGL Background Thread 3 ] DEBUG Engine               - class com.almasb.fxgl.app.services.FXGLDialogService
17:15:58.732 [FXGL Background Thread 3 ] DEBUG Engine               - class com.almasb.fxgl.app.services.IOTaskExecutorService
17:15:58.732 [FXGL Background Thread 3 ] DEBUG Engine               - class com.almasb.fxgl.event.EventBusService
17:15:58.732 [FXGL Background Thread 3 ] DEBUG Engine               - class com.almasb.fxgl.io.FileSystemService
17:15:58.732 [FXGL Background Thread 3 ] DEBUG Engine               - class com.almasb.fxgl.localization.LocalizationService
17:15:58.733 [FXGL Background Thread 3 ] DEBUG Engine               - class com.almasb.fxgl.app.services.SystemBundleService
17:15:58.733 [FXGL Background Thread 3 ] DEBUG Engine               - class com.almasb.fxgl.profile.SaveLoadService
17:15:58.733 [FXGL Background Thread 3 ] DEBUG Engine               - class com.almasb.fxgl.ui.FXGLUIFactoryServiceProvider
17:15:58.733 [FXGL Background Thread 3 ] DEBUG Engine               - class com.almasb.fxgl.ui.FXGLDialogFactoryServiceProvider
17:15:58.733 [FXGL Background Thread 3 ] DEBUG Engine               - class com.almasb.fxgl.audio.AudioPlayer
17:15:58.734 [FXGL Background Thread 3 ] DEBUG Engine               - class com.almasb.fxgl.notification.impl.NotificationServiceProvider
17:15:58.734 [FXGL Background Thread 3 ] DEBUG Engine               - class com.almasb.fxgl.achievement.AchievementService
17:15:58.734 [FXGL Background Thread 3 ] DEBUG Engine               - class com.almasb.fxgl.cutscene.CutsceneService
17:15:58.734 [FXGL Background Thread 3 ] DEBUG Engine               - class com.almasb.fxgl.minigames.MiniGameService
17:15:58.734 [FXGL Background Thread 3 ] DEBUG Engine               - class com.almasb.fxgl.net.NetService
17:15:58.734 [FXGL Background Thread 3 ] DEBUG Engine               - class com.almasb.fxgl.app.services.UpdaterService
17:15:58.735 [FXGL Background Thread 3 ] DEBUG Engine               - class com.almasb.fxgl.dev.DevService
17:16:00.174 [JavaFX Application Thread] DEBUG PrimaryStageWindow   - Pop state: DialogSubScene
17:16:00.174 [JavaFX Application Thread] DEBUG Input                - Clearing active input actions
17:16:00.175 [JavaFX Application Thread] DEBUG GameApplicationServi - Removing overlay from DialogSubScene and adding to GameScene
17:16:00.176 [JavaFX Application Thread] DEBUG PrimaryStageWindow   - GameScene <- DialogSubScene
17:16:01.148 [JavaFX Application Thread] DEBUG FXGLApplication      - Exiting FXGL
17:16:01.149 [JavaFX Application Thread] DEBUG LoopRunner           - Stopping loop
17:16:01.149 [JavaFX Application Thread] DEBUG SystemBundleService  - Saving FXGL system data
17:16:01.153 [JavaFX Application Thread] DEBUG FileSystemAccess     - Writing to: C:\Users\isyoh\Documents\école\Object oriented program\Cours\MusicAdventure\out\artifacts\MusicAdventure_jar\system\fxgl.bundle
17:16:01.156 [JavaFX Application Thread] DEBUG Async                - Shutting down background threads
17:16:01.156 [JavaFX Application Thread] DEBUG PrimaryStageWindow   - Closing main window
17:16:01.181 [JavaFX Application Thread] DEBUG Logger               - Closing Logger
