16:09:46.868 [main                     ] DEBUG Logger               - Configured Logger
16:09:46.897 [main                     ] DEBUG GameApplication      - Logging settings
Title: Game 1 Let's go
Version: 1.0
Width: 1280
Height: 720
Fullscreen: false
Intro: false
Profiling: false
Single step:false
App Mode: DEVELOPER
Menu Key: ESCAPE
Stage Style: DECORATED
Scene Factory: class Main.App$1

16:09:47.674 [JavaFX Application Thread] DEBUG FXGLApplication      - Initializing FXGL
16:09:47.678 [JavaFX Application Thread] INFO  Engine               - FXGL-11.14 (01.03.2021 16.59) on WINDOWS (J:15.0.2 FX:15)
16:09:47.680 [JavaFX Application Thread] DEBUG Engine               - JRE Vendor Name: Oracle Corporation
16:09:47.680 [JavaFX Application Thread] DEBUG Engine               - Running on OS: Windows 10 version 10.0
16:09:47.681 [JavaFX Application Thread] DEBUG Engine               - Architecture: amd64
16:09:47.681 [JavaFX Application Thread] INFO  Engine               - Source code and latest versions at: https://github.com/AlmasB/FXGL
16:09:47.682 [JavaFX Application Thread] INFO  Engine               -              Join the FXGL chat at: https://gitter.im/AlmasB/FXGL
16:09:47.832 [JavaFX Application Thread] DEBUG PrimaryStageWindow   - Creating a JavaFX scene
16:09:47.832 [JavaFX Application Thread] DEBUG PrimaryStageWindow   - Target size > screen size
16:09:47.933 [JavaFX Application Thread] DEBUG PrimaryStageWindow   - Target settings size: 1280.0 x 720.0
16:09:47.933 [JavaFX Application Thread] DEBUG PrimaryStageWindow   - Scaled scene size:    1183.0 x 679.0
16:09:47.933 [JavaFX Application Thread] DEBUG PrimaryStageWindow   - Scaled ratio: (0.92421875, 0.9430555555555555)
16:09:47.934 [JavaFX Application Thread] DEBUG PrimaryStageWindow   - Set initial scene to FXGLStartupScene
16:09:47.944 [JavaFX Application Thread] DEBUG PrimaryStageWindow   - Opening main window
16:09:48.090 [JavaFX Application Thread] DEBUG PrimaryStageWindow   - Window border size: (15.0, 37.66668701171875)
16:09:48.090 [JavaFX Application Thread] DEBUG PrimaryStageWindow   - Scaled size: 1183.0 x 679.0
16:09:48.091 [JavaFX Application Thread] DEBUG PrimaryStageWindow   - Scaled ratio: (0.92421875, 0.9430555555555555)
16:09:48.091 [JavaFX Application Thread] DEBUG PrimaryStageWindow   - Scene size: 1183.0 x 679.0
16:09:48.091 [JavaFX Application Thread] DEBUG PrimaryStageWindow   - Stage size: 1198.0 x 716.6666870117188
16:09:48.113 [FXGL Background Thread 1 ] DEBUG Engine               - Initializing environment variables
16:09:48.209 [FXGL Background Thread 1 ] DEBUG FXGLAssetLoaderServi - User app class for loading assets: class Main.App
16:09:48.210 [FXGL Background Thread 1 ] DEBUG GameApplicationServi - Applying CSS: fxgl_dark.css
16:09:48.214 [FXGL Background Thread 1 ] DEBUG FXGLAssetLoaderServi - Loading from file system: jar:file:/C:/Users/isyoh/Documents/%c3%a9cole/Object%20oriented%20program/Cours/MusicAdventure/out/artifacts/MusicAdventure_jar/MusicAdventure.jar!/fxglassets/ui/css/fxgl_dark.css
16:09:48.349 [FXGL Background Thread 1 ] DEBUG GameApplicationServi - Initializing application scenes
16:09:48.444 [FXGL Background Thread 1 ] DEBUG FXGLAssetLoaderServi - Loading from file system: jar:file:/C:/Users/isyoh/Documents/%c3%a9cole/Object%20oriented%20program/Cours/MusicAdventure/out/artifacts/MusicAdventure_jar/MusicAdventure.jar!/assets/textures/player.png
16:09:48.482 [FXGL Background Thread 1 ] DEBUG GameWorld            - Game world initialized
16:09:48.560 [FXGL Background Thread 1 ] DEBUG PhysicsWorld         - Physics world initialized: appHeight=720, physics.ppm=50,0
16:09:48.561 [FXGL Background Thread 1 ] DEBUG PhysicsWorld         - Using strategy: BRUTE_FORCE
16:09:48.565 [FXGL Background Thread 1 ] DEBUG GameScene            - Game scene initialized: 1280x720
16:09:48.584 [FXGL Background Thread 1 ] DEBUG FXGLAssetLoaderServi - Loading from file system: jar:file:/C:/Users/isyoh/Documents/%c3%a9cole/Object%20oriented%20program/Cours/MusicAdventure/out/artifacts/MusicAdventure_jar/MusicAdventure.jar!/fxglassets/textures/particles/trace_horizontal.png
16:09:48.641 [FXGL Background Thread 1 ] DEBUG FXGL.DefaultMenu     - createMenuBodyGameMenu()
16:09:48.686 [FXGL Background Thread 1 ] DEBUG FXGL.DefaultMenu     - createOptionsMenu()
16:09:48.716 [FXGL Background Thread 1 ] DEBUG FXGLAssetLoaderServi - Loading from file system: jar:file:/C:/Users/isyoh/Documents/%c3%a9cole/Object%20oriented%20program/Cours/MusicAdventure/out/artifacts/MusicAdventure_jar/MusicAdventure.jar!/fxglassets/textures/particles/smoke.png
16:09:48.829 [FXGL Background Thread 1 ] DEBUG GameApplicationServi - Application scenes initialized
16:09:48.856 [FXGL Background Thread 1 ] DEBUG SystemBundleService  - Loading default FXGL system data
16:09:48.857 [FXGL Background Thread 1 ] DEBUG UpdaterService       - Checking for updates
16:09:48.864 [FXGL Background Thread 1 ] DEBUG FXGLApplication      - Loading default localization
16:09:48.865 [FXGL Background Thread 1 ] DEBUG FXGLAssetLoaderServi - Loading from file system: jar:file:/C:/Users/isyoh/Documents/%c3%a9cole/Object%20oriented%20program/Cours/MusicAdventure/out/artifacts/MusicAdventure_jar/MusicAdventure.jar!/fxglassets/languages/english.lang
16:09:48.890 [FXGL Background Thread 1 ] INFO  FXGLApplication      - FXGL initialization took: 0,777 sec
16:09:48.898 [FXGL Background Thread 4 ] DEBUG FXGLApplication      - Loading fonts
16:09:48.906 [JavaFX Application Thread] DEBUG Input                - Registered new binding: Left - Left
16:09:48.907 [JavaFX Application Thread] DEBUG Input                - Registered new binding: Right - Right
16:09:48.907 [JavaFX Application Thread] DEBUG Input                - Registered new binding: Jump - Up
16:09:48.908 [JavaFX Application Thread] DEBUG Input                - Registered new binding: WhistleA - 1
16:09:48.908 [JavaFX Application Thread] DEBUG Input                - Registered new binding: WhistleB - 2
16:09:48.908 [JavaFX Application Thread] DEBUG Input                - Registered new binding: WhistleC - 3
16:09:48.909 [JavaFX Application Thread] DEBUG Input                - Registered new binding: WhistleD - 4
16:09:48.909 [JavaFX Application Thread] DEBUG Input                - Registered new binding: WhistleE - 5
16:09:48.910 [JavaFX Application Thread] DEBUG Input                - Registered new binding: WhistleF - 6
16:09:48.910 [JavaFX Application Thread] DEBUG Input                - Registered new binding: WhistleG - 7
16:09:48.911 [JavaFX Application Thread] DEBUG Input                - Registered new binding: Use - E
16:09:48.911 [JavaFX Application Thread] DEBUG FXGLAssetLoaderServi - Loading from file system: jar:file:/C:/Users/isyoh/Documents/%c3%a9cole/Object%20oriented%20program/Cours/MusicAdventure/out/artifacts/MusicAdventure_jar/MusicAdventure.jar!/assets/music/BGM_dash_runner.wav
16:09:48.913 [FXGL Background Thread 4 ] DEBUG FXGLAssetLoaderServi - Loading from file system: jar:file:/C:/Users/isyoh/Documents/%c3%a9cole/Object%20oriented%20program/Cours/MusicAdventure/out/artifacts/MusicAdventure_jar/MusicAdventure.jar!/fxglassets/ui/fonts/VarelaRound-Regular.ttf
16:09:49.301 [JavaFX Application Thread] DEBUG AudioPlayer          - Playing music com.almasb.fxgl.audio.Music@7a9e7c12
16:09:49.307 [JavaFX Application Thread] DEBUG FXGLAssetLoaderServi - Loading from file system: jar:file:/C:/Users/isyoh/Documents/%c3%a9cole/Object%20oriented%20program/Cours/MusicAdventure/out/artifacts/MusicAdventure_jar/MusicAdventure.jar!/fxglassets/textures/fxgl_icon.png
16:09:49.339 [JavaFX Application Thread] DEBUG FXGLAssetLoaderServi - Loading from file system: jar:file:/C:/Users/isyoh/Documents/%c3%a9cole/Object%20oriented%20program/Cours/MusicAdventure/out/artifacts/MusicAdventure_jar/MusicAdventure.jar!/fxglassets/ui/cursors/fxgl_default.png
16:09:49.346 [JavaFX Application Thread] DEBUG Input                - Registered new binding: Screenshot - P
16:09:49.347 [JavaFX Application Thread] DEBUG Input                - Registered new binding: System info dump - CTRL+9
16:09:49.348 [JavaFX Application Thread] DEBUG Input                - Registered new binding: Restart - CTRL+R
16:09:49.349 [JavaFX Application Thread] DEBUG Input                - Registered new binding: Toggle Debug Camera - CTRL+C
16:09:49.352 [JavaFX Application Thread] DEBUG LoopRunner           - Starting loop
16:09:49.356 [JavaFX Application Thread] DEBUG LoopRunner           - Initializing JavaFX AnimationTimerLoop
16:09:49.371 [JavaFX Application Thread] DEBUG GameApplicationServi - Starting new game
16:09:49.372 [JavaFX Application Thread] DEBUG Input                - Clearing active input actions
16:09:49.415 [JavaFX Application Thread] DEBUG GameApplicationServi - Removing overlay from FXGLStartupScene and adding to BetterLoadingScene
16:09:49.416 [JavaFX Application Thread] DEBUG PrimaryStageWindow   - FXGLStartupScene -> BetterLoadingScene
16:09:49.416 [JavaFX Application Thread] DEBUG GameApplicationServi - Clearing previous game
16:09:49.416 [JavaFX Application Thread] DEBUG GameScene            - Clearing game scene
16:09:49.417 [JavaFX Application Thread] DEBUG GameWorld            - Clearing game world
16:09:49.417 [JavaFX Application Thread] DEBUG PhysicsWorld         - Clearing physics world
16:09:49.422 [FXGL Background Thread 1 ] DEBUG FXGLApplication      - Initializing game
16:09:49.539 [FXGL Background Thread 1 ] DEBUG TMXLevelLoader       - Parsed raw map: TiledMap(width=15, height=10, tilewidth=70, tileheight=70, orientation=orthogonal, layers=[Layer(width=15, height=10, name=Tile Layer 1, type=tilelayer, visible=false, x=0, y=0, data=[0, 0, 0, 0, 0, 0, 0, 0, 0, 0, 0, 0, 0, 0, 0, 0, 0, 0, 0, 0, 0, 0, 0, 0, 0, 0, 0, 0, 0, 0, 0, 0, 0, 0, 0, 0, 0, 0, 0, 0, 0, 0, 0, 0, 0, 0, 0, 0, 0, 0, 0, 0, 0, 0, 0, 0, 0, 0, 0, 0, 0, 0, 0, 0, 0, 0, 0, 0, 0, 0, 0, 0, 0, 0, 0, 0, 0, 0, 0, 0, 0, 0, 0, 0, 0, 0, 0, 0, 0, 0, 0, 0, 0, 0, 0, 0, 0, 0, 0, 0, 0, 0, 0, 0, 0, 0, 0, 0, 0, 0, 0, 0, 0, 0, 0, 0, 0, 0, 0, 0, 0, 0, 0, 0, 0, 0, 69, 57, 45, 0, 0, 0, 0, 0, 0, 116, 104, 104, 104, 104, 104, 104, 104, 104, 104, 104, 104, 104, 104, 92], objects=[], opacity=0.0, draworder=), Layer(width=0, height=0, name=Object Layer 1, type=objectgroup, visible=false, x=0, y=0, data=[], objects=[com.almasb.fxgl.entity.level.tiled.TiledObject@5e7b13cd, com.almasb.fxgl.entity.level.tiled.TiledObject@3ec3fba9, com.almasb.fxgl.entity.level.tiled.TiledObject@3b3809fe, com.almasb.fxgl.entity.level.tiled.TiledObject@73c74d9e, com.almasb.fxgl.entity.level.tiled.TiledObject@75a4dd50, com.almasb.fxgl.entity.level.tiled.TiledObject@549b6efe, com.almasb.fxgl.entity.level.tiled.TiledObject@2f97fa6a, com.almasb.fxgl.entity.level.tiled.TiledObject@6675f9bb, com.almasb.fxgl.entity.level.tiled.TiledObject@35e8f678, com.almasb.fxgl.entity.level.tiled.TiledObject@3a0b82a5, com.almasb.fxgl.entity.level.tiled.TiledObject@2a5f6b24, com.almasb.fxgl.entity.level.tiled.TiledObject@63aef7f5, com.almasb.fxgl.entity.level.tiled.TiledObject@118796ce, com.almasb.fxgl.entity.level.tiled.TiledObject@77ff20f1, com.almasb.fxgl.entity.level.tiled.TiledObject@26286361, com.almasb.fxgl.entity.level.tiled.TiledObject@322d390e, com.almasb.fxgl.entity.level.tiled.TiledObject@1f31f863, com.almasb.fxgl.entity.level.tiled.TiledObject@1147bbdc, com.almasb.fxgl.entity.level.tiled.TiledObject@7491e1fe, com.almasb.fxgl.entity.level.tiled.TiledObject@2faf532b, com.almasb.fxgl.entity.level.tiled.TiledObject@3f4d445d], opacity=0.0, draworder=)], tilesets=[Tileset(firstgid=1, image=tiles_spritesheet.png, name=tiles_spritesheet, tilewidth=70, tileheight=70, imagewidth=914, imageheight=936, margin=0, spacing=2, columns=12, tilecount=156, transparentcolor=, tiles=[])], backgroundcolor=, renderorder=right-down, nextobjectid=22, version=1, tiledversion=1.2.3, type=map, infinite=false, hexsidelength=0, staggeraxis=, staggerindex=, properties={star1time=7.0}, propertytypes={star1time=float})
16:09:49.541 [FXGL Background Thread 1 ] DEBUG TMXLevelLoader       - Creating tile layer entities
16:09:49.546 [FXGL Background Thread 1 ] DEBUG TilesetLoader        - Loading view for layer Tile Layer 1
16:09:49.548 [FXGL Background Thread 1 ] DEBUG TilesetLoader        - Created buffer with size 1050.0x700.0
16:09:49.626 [FXGL Background Thread 1 ] DEBUG TilesetLoader        - Writing to buffer: dst=420,560, w=70,h=70, src=576,360
16:09:49.627 [FXGL Background Thread 1 ] DEBUG TilesetLoader        - Writing to buffer: dst=490,560, w=70,h=70, src=576,288
16:09:49.627 [FXGL Background Thread 1 ] DEBUG TilesetLoader        - Writing to buffer: dst=560,560, w=70,h=70, src=576,216
16:09:49.628 [FXGL Background Thread 1 ] DEBUG TilesetLoader        - Writing to buffer: dst=0,630, w=70,h=70, src=504,648
16:09:49.628 [FXGL Background Thread 1 ] DEBUG TilesetLoader        - Writing to buffer: dst=70,630, w=70,h=70, src=504,576
16:09:49.628 [FXGL Background Thread 1 ] DEBUG TilesetLoader        - Writing to buffer: dst=140,630, w=70,h=70, src=504,576
16:09:49.629 [FXGL Background Thread 1 ] DEBUG TilesetLoader        - Writing to buffer: dst=210,630, w=70,h=70, src=504,576
16:09:49.629 [FXGL Background Thread 1 ] DEBUG TilesetLoader        - Writing to buffer: dst=280,630, w=70,h=70, src=504,576
16:09:49.629 [FXGL Background Thread 1 ] DEBUG TilesetLoader        - Writing to buffer: dst=350,630, w=70,h=70, src=504,576
16:09:49.629 [FXGL Background Thread 1 ] DEBUG TilesetLoader        - Writing to buffer: dst=420,630, w=70,h=70, src=504,576
16:09:49.630 [FXGL Background Thread 1 ] DEBUG TilesetLoader        - Writing to buffer: dst=490,630, w=70,h=70, src=504,576
16:09:49.630 [FXGL Background Thread 1 ] DEBUG TilesetLoader        - Writing to buffer: dst=560,630, w=70,h=70, src=504,576
16:09:49.630 [FXGL Background Thread 1 ] DEBUG TilesetLoader        - Writing to buffer: dst=630,630, w=70,h=70, src=504,576
16:09:49.634 [FXGL Background Thread 1 ] DEBUG TilesetLoader        - Writing to buffer: dst=700,630, w=70,h=70, src=504,576
16:09:49.634 [FXGL Background Thread 1 ] DEBUG TilesetLoader        - Writing to buffer: dst=770,630, w=70,h=70, src=504,576
16:09:49.634 [FXGL Background Thread 1 ] DEBUG TilesetLoader        - Writing to buffer: dst=840,630, w=70,h=70, src=504,576
16:09:49.635 [FXGL Background Thread 1 ] DEBUG TilesetLoader        - Writing to buffer: dst=910,630, w=70,h=70, src=504,576
16:09:49.635 [FXGL Background Thread 1 ] DEBUG TilesetLoader        - Writing to buffer: dst=980,630, w=70,h=70, src=504,504
16:09:49.636 [FXGL Background Thread 1 ] DEBUG TMXLevelLoader       - Creating object layer entities
16:09:49.715 [FXGL Background Thread 1 ] DEBUG FXGLAssetLoaderServi - Loading from file system: jar:file:/C:/Users/isyoh/Documents/%c3%a9cole/Object%20oriented%20program/Cours/MusicAdventure/out/artifacts/MusicAdventure_jar/MusicAdventure.jar!/assets/textures/dirt_32x32.png
16:09:49.749 [FXGL Background Thread 1 ] DEBUG FXGLAssetLoaderServi - Loading from file system: jar:file:/C:/Users/isyoh/Documents/%c3%a9cole/Object%20oriented%20program/Cours/MusicAdventure/out/artifacts/MusicAdventure_jar/MusicAdventure.jar!/assets/textures/A(La).png
16:09:49.761 [FXGL Background Thread 1 ] DEBUG FXGLAssetLoaderServi - Loading from file system: jar:file:/C:/Users/isyoh/Documents/%c3%a9cole/Object%20oriented%20program/Cours/MusicAdventure/out/artifacts/MusicAdventure_jar/MusicAdventure.jar!/assets/textures/B(Si).png
16:09:49.765 [FXGL Background Thread 1 ] DEBUG FXGLAssetLoaderServi - Loading from file system: jar:file:/C:/Users/isyoh/Documents/%c3%a9cole/Object%20oriented%20program/Cours/MusicAdventure/out/artifacts/MusicAdventure_jar/MusicAdventure.jar!/assets/textures/C(Do).png
16:09:49.780 [FXGL Background Thread 1 ] DEBUG FXGLAssetLoaderServi - Loading from file system: jar:file:/C:/Users/isyoh/Documents/%c3%a9cole/Object%20oriented%20program/Cours/MusicAdventure/out/artifacts/MusicAdventure_jar/MusicAdventure.jar!/assets/textures/D(R%c3%a9).png
16:09:49.784 [FXGL Background Thread 1 ] DEBUG FXGLAssetLoaderServi - Loading from file system: jar:file:/C:/Users/isyoh/Documents/%c3%a9cole/Object%20oriented%20program/Cours/MusicAdventure/out/artifacts/MusicAdventure_jar/MusicAdventure.jar!/assets/textures/E(Mi).png
16:09:49.793 [FXGL Background Thread 1 ] DEBUG FXGLAssetLoaderServi - Loading from file system: jar:file:/C:/Users/isyoh/Documents/%c3%a9cole/Object%20oriented%20program/Cours/MusicAdventure/out/artifacts/MusicAdventure_jar/MusicAdventure.jar!/assets/textures/F(Fa).png
16:09:49.848 [FXGL Background Thread 1 ] DEBUG FXGLAssetLoaderServi - Loading from file system: jar:file:/C:/Users/isyoh/Documents/%c3%a9cole/Object%20oriented%20program/Cours/MusicAdventure/out/artifacts/MusicAdventure_jar/MusicAdventure.jar!/assets/textures/G(Sol).png
16:09:49.864 [FXGL Background Thread 1 ] DEBUG GameWorld            - Clearing removable entities
16:09:49.865 [FXGL Background Thread 1 ] DEBUG GameWorld            - Setting level: com.almasb.fxgl.entity.level.Level@4801c59b
16:09:49.997 [FXGL Background Thread 1 ] DEBUG FXGLAssetLoaderServi - Loading from file system: jar:file:/C:/Users/isyoh/Documents/%c3%a9cole/Object%20oriented%20program/Cours/MusicAdventure/out/artifacts/MusicAdventure_jar/MusicAdventure.jar!/assets/textures/background/proj.png
16:09:50.061 [FXGL Background Thread 2 ] INFO  UpdaterService       - Your current version:  11.14
16:09:50.066 [FXGL Background Thread 2 ] INFO  UpdaterService       - Latest stable version: 11.15
16:09:50.122 [FXGL Background Thread 4 ] DEBUG FXGLAssetLoaderServi - Loading from file system: jar:file:/C:/Users/isyoh/Documents/%c3%a9cole/Object%20oriented%20program/Cours/MusicAdventure/out/artifacts/MusicAdventure_jar/MusicAdventure.jar!/fxglassets/ui/fonts/Abel-Regular.ttf
16:09:50.146 [FXGL Background Thread 1 ] INFO  FXGLApplication      - Game initialization took: 0,723 sec
16:09:50.147 [JavaFX Application Thread] DEBUG Input                - Clearing active input actions
16:09:50.179 [FXGL Background Thread 4 ] DEBUG FXGLAssetLoaderServi - Loading from file system: jar:file:/C:/Users/isyoh/Documents/%c3%a9cole/Object%20oriented%20program/Cours/MusicAdventure/out/artifacts/MusicAdventure_jar/MusicAdventure.jar!/fxglassets/ui/fonts/lucida_console.ttf
16:09:50.188 [JavaFX Application Thread] DEBUG GameApplicationServi - Removing overlay from BetterLoadingScene and adding to GameScene
16:09:50.189 [JavaFX Application Thread] DEBUG PrimaryStageWindow   - BetterLoadingScene -> GameScene
16:09:50.225 [FXGL Background Thread 4 ] DEBUG FXGLAssetLoaderServi - Loading from file system: jar:file:/C:/Users/isyoh/Documents/%c3%a9cole/Object%20oriented%20program/Cours/MusicAdventure/out/artifacts/MusicAdventure_jar/MusicAdventure.jar!/fxglassets/ui/fonts/Courier-Prime.ttf
16:09:50.303 [JavaFX Application Thread] DEBUG FXGLApplication      - Registering font factories with UI factory
16:09:50.696 [JavaFX Application Thread] DEBUG FXGLAssetLoaderServi - Loading from file system: jar:file:/C:/Users/isyoh/Documents/%c3%a9cole/Object%20oriented%20program/Cours/MusicAdventure/out/artifacts/MusicAdventure_jar/MusicAdventure.jar!/assets/sounds/land.wav
16:09:51.861 [FXGL Background Thread 3 ] DEBUG Engine               - Logging environment variables
16:09:51.862 [FXGL Background Thread 3 ] DEBUG Engine               - achievements: []
16:09:51.863 [FXGL Background Thread 3 ] DEBUG Engine               - actualHeight: 679.0
16:09:51.865 [FXGL Background Thread 3 ] DEBUG Engine               - actualHeightProperty: ReadOnlyDoubleProperty [value: 679.0]
16:09:51.867 [FXGL Background Thread 3 ] DEBUG Engine               - actualWidth: 1183.0
16:09:51.867 [FXGL Background Thread 3 ] DEBUG Engine               - actualWidthProperty: ReadOnlyDoubleProperty [value: 1183.0]
16:09:51.867 [FXGL Background Thread 3 ] DEBUG Engine               - appIcon: fxgl_icon.png
16:09:51.868 [FXGL Background Thread 3 ] DEBUG Engine               - applicationMode: DEVELOPER
16:09:51.868 [FXGL Background Thread 3 ] DEBUG Engine               - cSSList: [fxgl_dark.css]
16:09:51.868 [FXGL Background Thread 3 ] DEBUG Engine               - collisionDetectionStrategy: BRUTE_FORCE
16:09:51.868 [FXGL Background Thread 3 ] DEBUG Engine               - configClass: Optional.empty
16:09:51.868 [FXGL Background Thread 3 ] DEBUG Engine               - credits: []
16:09:51.869 [FXGL Background Thread 3 ] DEBUG Engine               - devBBoxColorProperty: ObjectProperty [value: 0xff0000ff]
16:09:51.869 [FXGL Background Thread 3 ] DEBUG Engine               - devEnableDebugCameraProperty: BooleanProperty [value: false]
16:09:51.870 [FXGL Background Thread 3 ] DEBUG Engine               - devSensorColorProperty: ObjectProperty [value: 0xffff00ff]
16:09:51.870 [FXGL Background Thread 3 ] DEBUG Engine               - devShowBBoxProperty: BooleanProperty [value: false]
16:09:51.871 [FXGL Background Thread 3 ] DEBUG Engine               - devShowPositionProperty: BooleanProperty [value: false]
16:09:51.871 [FXGL Background Thread 3 ] DEBUG Engine               - enabledMenuItems: []
16:09:51.872 [FXGL Background Thread 3 ] DEBUG Engine               - engineServices: [class com.almasb.fxgl.app.services.FXGLAssetLoaderService, class com.almasb.fxgl.app.FXGLApplication$GameApplicationService, class com.almasb.fxgl.app.services.FXGLDialogService, class com.almasb.fxgl.app.services.IOTaskExecutorService, class com.almasb.fxgl.event.EventBusService, class com.almasb.fxgl.io.FileSystemService, class com.almasb.fxgl.localization.LocalizationService, class com.almasb.fxgl.app.services.SystemBundleService, class com.almasb.fxgl.profile.SaveLoadService, class com.almasb.fxgl.ui.FXGLUIFactoryServiceProvider, class com.almasb.fxgl.ui.FXGLDialogFactoryServiceProvider, class com.almasb.fxgl.audio.AudioPlayer, class com.almasb.fxgl.notification.impl.NotificationServiceProvider, class com.almasb.fxgl.achievement.AchievementService, class com.almasb.fxgl.cutscene.CutsceneService, class com.almasb.fxgl.minigames.MiniGameService, class com.almasb.fxgl.net.NetService, class com.almasb.fxgl.app.services.UpdaterService, class com.almasb.fxgl.dev.DevService]
16:09:51.872 [FXGL Background Thread 3 ] DEBUG Engine               - fontGame: Abel-Regular.ttf
16:09:51.872 [FXGL Background Thread 3 ] DEBUG Engine               - fontMono: lucida_console.ttf
16:09:51.873 [FXGL Background Thread 3 ] DEBUG Engine               - fontText: Courier-Prime.ttf
16:09:51.873 [FXGL Background Thread 3 ] DEBUG Engine               - fontUI: VarelaRound-Regular.ttf
16:09:51.873 [FXGL Background Thread 3 ] DEBUG Engine               - fullScreen: BooleanProperty [value: false]
16:09:51.874 [FXGL Background Thread 3 ] DEBUG Engine               - gameDifficulty: MEDIUM
16:09:51.874 [FXGL Background Thread 3 ] DEBUG Engine               - gameDifficultyProperty: ObjectProperty [value: MEDIUM]
16:09:51.874 [FXGL Background Thread 3 ] DEBUG Engine               - globalMusicVolume: 0.5
16:09:51.875 [FXGL Background Thread 3 ] DEBUG Engine               - globalMusicVolumeProperty: DoubleProperty [value: 0.08]
16:09:51.875 [FXGL Background Thread 3 ] DEBUG Engine               - globalSoundVolume: 0.5
16:09:51.875 [FXGL Background Thread 3 ] DEBUG Engine               - globalSoundVolumeProperty: DoubleProperty [value: 0.08]
16:09:51.876 [FXGL Background Thread 3 ] DEBUG Engine               - height: 720
16:09:51.876 [FXGL Background Thread 3 ] DEBUG Engine               - isAndroid: false
16:09:51.876 [FXGL Background Thread 3 ] DEBUG Engine               - isBrowser: false
16:09:51.876 [FXGL Background Thread 3 ] DEBUG Engine               - isClickFeedbackEnabled: false
16:09:51.876 [FXGL Background Thread 3 ] DEBUG Engine               - isCloseConfirmation: false
16:09:51.877 [FXGL Background Thread 3 ] DEBUG Engine               - isDesktop: true
16:09:51.877 [FXGL Background Thread 3 ] DEBUG Engine               - isDeveloperMenuEnabled: false
16:09:51.877 [FXGL Background Thread 3 ] DEBUG Engine               - isEntityPreloadEnabled: true
16:09:51.877 [FXGL Background Thread 3 ] DEBUG Engine               - isExperimental3D: false
16:09:51.877 [FXGL Background Thread 3 ] DEBUG Engine               - isExperimentalNative: false
16:09:51.877 [FXGL Background Thread 3 ] DEBUG Engine               - isExperimentalTiledLargeMap: false
16:09:51.878 [FXGL Background Thread 3 ] DEBUG Engine               - isFileSystemWriteAllowed: true
16:09:51.878 [FXGL Background Thread 3 ] DEBUG Engine               - isFullScreenAllowed: false
16:09:51.878 [FXGL Background Thread 3 ] DEBUG Engine               - isFullScreenFromStart: false
16:09:51.878 [FXGL Background Thread 3 ] DEBUG Engine               - isGameMenuEnabled: true
16:09:51.880 [FXGL Background Thread 3 ] DEBUG Engine               - isIOS: false
16:09:51.888 [FXGL Background Thread 3 ] DEBUG Engine               - isIntroEnabled: false
16:09:51.889 [FXGL Background Thread 3 ] DEBUG Engine               - isLinux: false
16:09:51.889 [FXGL Background Thread 3 ] DEBUG Engine               - isMac: false
16:09:51.889 [FXGL Background Thread 3 ] DEBUG Engine               - isMainMenuEnabled: false
16:09:51.890 [FXGL Background Thread 3 ] DEBUG Engine               - isManualResizeEnabled: false
16:09:51.890 [FXGL Background Thread 3 ] DEBUG Engine               - isMobile: false
16:09:51.890 [FXGL Background Thread 3 ] DEBUG Engine               - isPreserveResizeRatio: false
16:09:51.890 [FXGL Background Thread 3 ] DEBUG Engine               - isProfilingEnabled: false
16:09:51.891 [FXGL Background Thread 3 ] DEBUG Engine               - isScaleAffectedOnResize: true
16:09:51.891 [FXGL Background Thread 3 ] DEBUG Engine               - isSingleStep: false
16:09:51.891 [FXGL Background Thread 3 ] DEBUG Engine               - isUserProfileEnabled: false
16:09:51.891 [FXGL Background Thread 3 ] DEBUG Engine               - isWindows: true
16:09:51.891 [FXGL Background Thread 3 ] DEBUG Engine               - language: ObjectProperty [value: ENGLISH]
16:09:51.892 [FXGL Background Thread 3 ] DEBUG Engine               - menuKey: ESCAPE
16:09:51.892 [FXGL Background Thread 3 ] DEBUG Engine               - notificationViewClass: class com.almasb.fxgl.notification.view.XboxNotificationView
16:09:51.892 [FXGL Background Thread 3 ] DEBUG Engine               - pixelsPerMeter: 50.0
16:09:51.892 [FXGL Background Thread 3 ] DEBUG Engine               - platform: WINDOWS
16:09:51.893 [FXGL Background Thread 3 ] DEBUG Engine               - prefHeightProperty: ReadOnlyDoubleProperty [value: 720.0]
16:09:51.893 [FXGL Background Thread 3 ] DEBUG Engine               - prefWidthProperty: ReadOnlyDoubleProperty [value: 1280.0]
16:09:51.893 [FXGL Background Thread 3 ] DEBUG Engine               - profileDir: profiles/
16:09:51.894 [FXGL Background Thread 3 ] DEBUG Engine               - profileName: StringProperty [value: DEFAULT]
16:09:51.894 [FXGL Background Thread 3 ] DEBUG Engine               - randomSeed: -1
16:09:51.894 [FXGL Background Thread 3 ] DEBUG Engine               - runtimeInfo: RuntimeInfo(platform=WINDOWS, version=11.14, build=01.03.2021 16.59)
16:09:51.894 [FXGL Background Thread 3 ] DEBUG Engine               - saveFileExt: sav
16:09:51.894 [FXGL Background Thread 3 ] DEBUG Engine               - scaledHeightProp$fxgl: DoubleProperty [bound, value: 679.0]
16:09:51.895 [FXGL Background Thread 3 ] DEBUG Engine               - scaledWidthProp$fxgl: DoubleProperty [bound, value: 1183.0]
16:09:51.896 [FXGL Background Thread 3 ] DEBUG Engine               - sceneFactory: Main.App$1@1db8750e
16:09:51.897 [FXGL Background Thread 3 ] DEBUG Engine               - secondsIn24h: 60
16:09:51.898 [FXGL Background Thread 3 ] DEBUG Engine               - soundMenuBack: menu/back.wav
16:09:51.899 [FXGL Background Thread 3 ] DEBUG Engine               - soundMenuPress: menu/press.wav
16:09:51.899 [FXGL Background Thread 3 ] DEBUG Engine               - soundMenuSelect: menu/select.wav
16:09:51.900 [FXGL Background Thread 3 ] DEBUG Engine               - soundNotification: core/notification.wav
16:09:51.905 [FXGL Background Thread 3 ] DEBUG Engine               - stageStyle: DECORATED
16:09:51.907 [FXGL Background Thread 3 ] DEBUG Engine               - supportedLanguages: [ENGLISH, FRENCH, GERMAN, HUNGARIAN, RUSSIAN]
16:09:51.907 [FXGL Background Thread 3 ] DEBUG Engine               - ticksPerSecond: -1
16:09:51.912 [FXGL Background Thread 3 ] DEBUG Engine               - title: Game 1 Let's go
16:09:51.912 [FXGL Background Thread 3 ] DEBUG Engine               - urlGithub: https://github.com/AlmasB/FXGL
16:09:51.913 [FXGL Background Thread 3 ] DEBUG Engine               - urlLeaderboard: http://fxgl-top.herokuapp.com/
16:09:51.913 [FXGL Background Thread 3 ] DEBUG Engine               - urlPOM: https://raw.githubusercontent.com/AlmasB/FXGL/release/README.md
16:09:51.913 [FXGL Background Thread 3 ] DEBUG Engine               - userAppClass: class Main.App
16:09:51.913 [FXGL Background Thread 3 ] DEBUG Engine               - version: 1.0
16:09:51.913 [FXGL Background Thread 3 ] DEBUG Engine               - versionCheckDays: 7
16:09:51.914 [FXGL Background Thread 3 ] DEBUG Engine               - width: 1280
16:09:51.914 [FXGL Background Thread 3 ] DEBUG Engine               - Logging services
16:09:51.914 [FXGL Background Thread 3 ] DEBUG Engine               - class com.almasb.fxgl.app.services.FXGLAssetLoaderService
16:09:51.914 [FXGL Background Thread 3 ] DEBUG Engine               - class com.almasb.fxgl.app.FXGLApplication$GameApplicationService
16:09:51.915 [FXGL Background Thread 3 ] DEBUG Engine               - class com.almasb.fxgl.app.services.FXGLDialogService
16:09:51.916 [FXGL Background Thread 3 ] DEBUG Engine               - class com.almasb.fxgl.app.services.IOTaskExecutorService
16:09:51.916 [FXGL Background Thread 3 ] DEBUG Engine               - class com.almasb.fxgl.event.EventBusService
16:09:51.916 [FXGL Background Thread 3 ] DEBUG Engine               - class com.almasb.fxgl.io.FileSystemService
16:09:51.916 [FXGL Background Thread 3 ] DEBUG Engine               - class com.almasb.fxgl.localization.LocalizationService
16:09:51.917 [FXGL Background Thread 3 ] DEBUG Engine               - class com.almasb.fxgl.app.services.SystemBundleService
16:09:51.917 [FXGL Background Thread 3 ] DEBUG Engine               - class com.almasb.fxgl.profile.SaveLoadService
16:09:51.917 [FXGL Background Thread 3 ] DEBUG Engine               - class com.almasb.fxgl.ui.FXGLUIFactoryServiceProvider
16:09:51.917 [FXGL Background Thread 3 ] DEBUG Engine               - class com.almasb.fxgl.ui.FXGLDialogFactoryServiceProvider
16:09:51.917 [FXGL Background Thread 3 ] DEBUG Engine               - class com.almasb.fxgl.audio.AudioPlayer
16:09:51.918 [FXGL Background Thread 3 ] DEBUG Engine               - class com.almasb.fxgl.notification.impl.NotificationServiceProvider
16:09:51.918 [FXGL Background Thread 3 ] DEBUG Engine               - class com.almasb.fxgl.achievement.AchievementService
16:09:51.918 [FXGL Background Thread 3 ] DEBUG Engine               - class com.almasb.fxgl.cutscene.CutsceneService
16:09:51.918 [FXGL Background Thread 3 ] DEBUG Engine               - class com.almasb.fxgl.minigames.MiniGameService
16:09:51.918 [FXGL Background Thread 3 ] DEBUG Engine               - class com.almasb.fxgl.net.NetService
16:09:51.919 [FXGL Background Thread 3 ] DEBUG Engine               - class com.almasb.fxgl.app.services.UpdaterService
16:09:51.919 [FXGL Background Thread 3 ] DEBUG Engine               - class com.almasb.fxgl.dev.DevService
16:09:52.439 [JavaFX Application Thread] DEBUG FXGLApplication      - Exiting FXGL
16:09:52.440 [JavaFX Application Thread] DEBUG LoopRunner           - Stopping loop
16:09:52.440 [JavaFX Application Thread] DEBUG SystemBundleService  - Saving FXGL system data
16:09:52.445 [JavaFX Application Thread] DEBUG FileSystemAccess     - Writing to: C:\Users\isyoh\Documents\école\Object oriented program\Cours\MusicAdventure\out\artifacts\MusicAdventure_jar\system\fxgl.bundle
16:09:52.457 [JavaFX Application Thread] DEBUG Async                - Shutting down background threads
16:09:52.457 [JavaFX Application Thread] DEBUG PrimaryStageWindow   - Closing main window
16:09:52.476 [JavaFX Application Thread] DEBUG Logger               - Closing Logger
