16:27:13.620 [main                     ] DEBUG Logger               - Configured Logger
16:27:13.640 [main                     ] DEBUG GameApplication      - Logging settings
Title: Game 1 Let's go
Version: 1.0
Width: 1280
Height: 720
Fullscreen: false
Intro: false
Profiling: false
Single step:false
App Mode: DEVELOPER
Menu Key: ESCAPE
Stage Style: DECORATED
Scene Factory: class Main.App$1

16:27:14.332 [JavaFX Application Thread] DEBUG FXGLApplication      - Initializing FXGL
16:27:14.336 [JavaFX Application Thread] INFO  Engine               - FXGL-11.14 (01.03.2021 16.59) on WINDOWS (J:15.0.2 FX:15)
16:27:14.338 [JavaFX Application Thread] DEBUG Engine               - JRE Vendor Name: Oracle Corporation
16:27:14.338 [JavaFX Application Thread] DEBUG Engine               - Running on OS: Windows 10 version 10.0
16:27:14.338 [JavaFX Application Thread] DEBUG Engine               - Architecture: amd64
16:27:14.338 [JavaFX Application Thread] INFO  Engine               - Source code and latest versions at: https://github.com/AlmasB/FXGL
16:27:14.339 [JavaFX Application Thread] INFO  Engine               -              Join the FXGL chat at: https://gitter.im/AlmasB/FXGL
16:27:14.460 [JavaFX Application Thread] DEBUG PrimaryStageWindow   - Creating a JavaFX scene
16:27:14.460 [JavaFX Application Thread] DEBUG PrimaryStageWindow   - Target size > screen size
16:27:14.530 [JavaFX Application Thread] DEBUG PrimaryStageWindow   - Target settings size: 1280.0 x 720.0
16:27:14.530 [JavaFX Application Thread] DEBUG PrimaryStageWindow   - Scaled scene size:    1183.0 x 679.0
16:27:14.530 [JavaFX Application Thread] DEBUG PrimaryStageWindow   - Scaled ratio: (0.92421875, 0.9430555555555555)
16:27:14.531 [JavaFX Application Thread] DEBUG PrimaryStageWindow   - Set initial scene to FXGLStartupScene
16:27:14.540 [JavaFX Application Thread] DEBUG PrimaryStageWindow   - Opening main window
16:27:14.683 [JavaFX Application Thread] DEBUG PrimaryStageWindow   - Window border size: (15.0, 37.66668701171875)
16:27:14.684 [JavaFX Application Thread] DEBUG PrimaryStageWindow   - Scaled size: 1183.0 x 679.0
16:27:14.684 [JavaFX Application Thread] DEBUG PrimaryStageWindow   - Scaled ratio: (0.92421875, 0.9430555555555555)
16:27:14.684 [JavaFX Application Thread] DEBUG PrimaryStageWindow   - Scene size: 1183.0 x 679.0
16:27:14.685 [JavaFX Application Thread] DEBUG PrimaryStageWindow   - Stage size: 1198.0 x 716.6666870117188
16:27:14.707 [FXGL Background Thread 1 ] DEBUG Engine               - Initializing environment variables
16:27:14.785 [FXGL Background Thread 1 ] DEBUG FXGLAssetLoaderServi - User app class for loading assets: class Main.App
16:27:14.785 [FXGL Background Thread 1 ] DEBUG GameApplicationServi - Applying CSS: fxgl_dark.css
16:27:14.789 [FXGL Background Thread 1 ] DEBUG FXGLAssetLoaderServi - Loading from file system: jar:file:/C:/Users/isyoh/Documents/%c3%a9cole/Object%20oriented%20program/Cours/MusicAdventure/out/artifacts/MusicAdventure_jar/MusicAdventure.jar!/fxglassets/ui/css/fxgl_dark.css
16:27:14.929 [FXGL Background Thread 1 ] DEBUG GameApplicationServi - Initializing application scenes
16:27:15.017 [FXGL Background Thread 1 ] DEBUG FXGLAssetLoaderServi - Loading from file system: jar:file:/C:/Users/isyoh/Documents/%c3%a9cole/Object%20oriented%20program/Cours/MusicAdventure/out/artifacts/MusicAdventure_jar/MusicAdventure.jar!/assets/textures/player.png
16:27:15.049 [FXGL Background Thread 1 ] DEBUG GameWorld            - Game world initialized
16:27:15.128 [FXGL Background Thread 1 ] DEBUG PhysicsWorld         - Physics world initialized: appHeight=720, physics.ppm=50,0
16:27:15.129 [FXGL Background Thread 1 ] DEBUG PhysicsWorld         - Using strategy: BRUTE_FORCE
16:27:15.133 [FXGL Background Thread 1 ] DEBUG GameScene            - Game scene initialized: 1280x720
16:27:15.153 [FXGL Background Thread 1 ] DEBUG FXGLAssetLoaderServi - Loading from file system: jar:file:/C:/Users/isyoh/Documents/%c3%a9cole/Object%20oriented%20program/Cours/MusicAdventure/out/artifacts/MusicAdventure_jar/MusicAdventure.jar!/fxglassets/textures/particles/trace_horizontal.png
16:27:15.208 [FXGL Background Thread 1 ] DEBUG FXGL.DefaultMenu     - createMenuBodyGameMenu()
16:27:15.273 [FXGL Background Thread 1 ] DEBUG FXGL.DefaultMenu     - createOptionsMenu()
16:27:15.286 [FXGL Background Thread 1 ] DEBUG FXGLAssetLoaderServi - Loading from file system: jar:file:/C:/Users/isyoh/Documents/%c3%a9cole/Object%20oriented%20program/Cours/MusicAdventure/out/artifacts/MusicAdventure_jar/MusicAdventure.jar!/fxglassets/textures/particles/smoke.png
16:27:15.381 [FXGL Background Thread 1 ] DEBUG GameApplicationServi - Application scenes initialized
16:27:15.397 [FXGL Background Thread 1 ] DEBUG SystemBundleService  - Loading FXGL system data
16:27:15.404 [FXGL Background Thread 1 ] DEBUG FileSystemAccess     - Reading from: C:\Users\isyoh\Documents\école\Object oriented program\Cours\MusicAdventure\out\artifacts\MusicAdventure_jar\system\fxgl.bundle
16:27:15.413 [FXGL Background Thread 1 ] DEBUG SystemBundleService  - Bundle FXGL: {}
16:27:15.413 [FXGL Background Thread 1 ] DEBUG UpdaterService       - Checking for updates
16:27:15.419 [FXGL Background Thread 4 ] DEBUG FXGLApplication      - Loading fonts
16:27:15.421 [FXGL Background Thread 4 ] DEBUG FXGLAssetLoaderServi - Loading from file system: jar:file:/C:/Users/isyoh/Documents/%c3%a9cole/Object%20oriented%20program/Cours/MusicAdventure/out/artifacts/MusicAdventure_jar/MusicAdventure.jar!/fxglassets/ui/fonts/VarelaRound-Regular.ttf
16:27:15.420 [FXGL Background Thread 1 ] DEBUG FXGLApplication      - Loading default localization
16:27:15.429 [FXGL Background Thread 1 ] DEBUG FXGLAssetLoaderServi - Loading from file system: jar:file:/C:/Users/isyoh/Documents/%c3%a9cole/Object%20oriented%20program/Cours/MusicAdventure/out/artifacts/MusicAdventure_jar/MusicAdventure.jar!/fxglassets/languages/english.lang
16:27:15.458 [FXGL Background Thread 1 ] INFO  FXGLApplication      - FXGL initialization took: 0,750 sec
16:27:15.474 [JavaFX Application Thread] DEBUG Input                - Registered new binding: Left - Left
16:27:15.475 [JavaFX Application Thread] DEBUG Input                - Registered new binding: Right - Right
16:27:15.475 [JavaFX Application Thread] DEBUG Input                - Registered new binding: Jump - Up
16:27:15.476 [JavaFX Application Thread] DEBUG Input                - Registered new binding: WhistleA - 1
16:27:15.476 [JavaFX Application Thread] DEBUG Input                - Registered new binding: WhistleB - 2
16:27:15.477 [JavaFX Application Thread] DEBUG Input                - Registered new binding: WhistleC - 3
16:27:15.477 [JavaFX Application Thread] DEBUG Input                - Registered new binding: WhistleD - 4
16:27:15.478 [JavaFX Application Thread] DEBUG Input                - Registered new binding: WhistleE - 5
16:27:15.479 [JavaFX Application Thread] DEBUG Input                - Registered new binding: WhistleF - 6
16:27:15.479 [JavaFX Application Thread] DEBUG Input                - Registered new binding: WhistleG - 7
16:27:15.480 [JavaFX Application Thread] DEBUG Input                - Registered new binding: Use - E
16:27:15.481 [JavaFX Application Thread] DEBUG FXGLAssetLoaderServi - Loading from file system: jar:file:/C:/Users/isyoh/Documents/%c3%a9cole/Object%20oriented%20program/Cours/MusicAdventure/out/artifacts/MusicAdventure_jar/MusicAdventure.jar!/assets/music/BGM_dash_runner.wav
16:27:15.853 [JavaFX Application Thread] DEBUG AudioPlayer          - Playing music com.almasb.fxgl.audio.Music@486251a5
16:27:15.854 [JavaFX Application Thread] DEBUG FXGLAssetLoaderServi - Loading from file system: jar:file:/C:/Users/isyoh/Documents/%c3%a9cole/Object%20oriented%20program/Cours/MusicAdventure/out/artifacts/MusicAdventure_jar/MusicAdventure.jar!/fxglassets/textures/fxgl_icon.png
16:27:15.862 [FXGL Background Thread 4 ] DEBUG FXGLAssetLoaderServi - Loading from file system: jar:file:/C:/Users/isyoh/Documents/%c3%a9cole/Object%20oriented%20program/Cours/MusicAdventure/out/artifacts/MusicAdventure_jar/MusicAdventure.jar!/fxglassets/ui/fonts/Abel-Regular.ttf
16:27:15.895 [JavaFX Application Thread] DEBUG FXGLAssetLoaderServi - Loading from file system: jar:file:/C:/Users/isyoh/Documents/%c3%a9cole/Object%20oriented%20program/Cours/MusicAdventure/out/artifacts/MusicAdventure_jar/MusicAdventure.jar!/fxglassets/ui/cursors/fxgl_default.png
16:27:15.899 [JavaFX Application Thread] DEBUG Input                - Registered new binding: Screenshot - P
16:27:15.901 [JavaFX Application Thread] DEBUG Input                - Registered new binding: System info dump - CTRL+9
16:27:15.903 [JavaFX Application Thread] DEBUG Input                - Registered new binding: Restart - CTRL+R
16:27:15.904 [JavaFX Application Thread] DEBUG Input                - Registered new binding: Toggle Debug Camera - CTRL+C
16:27:15.907 [JavaFX Application Thread] DEBUG LoopRunner           - Starting loop
16:27:15.907 [JavaFX Application Thread] DEBUG LoopRunner           - Initializing JavaFX AnimationTimerLoop
16:27:15.909 [JavaFX Application Thread] DEBUG GameApplicationServi - Starting new game
16:27:15.910 [JavaFX Application Thread] DEBUG Input                - Clearing active input actions
16:27:15.955 [JavaFX Application Thread] DEBUG GameApplicationServi - Removing overlay from FXGLStartupScene and adding to BetterLoadingScene
16:27:15.956 [JavaFX Application Thread] DEBUG PrimaryStageWindow   - FXGLStartupScene -> BetterLoadingScene
16:27:15.957 [JavaFX Application Thread] DEBUG GameApplicationServi - Clearing previous game
16:27:15.957 [JavaFX Application Thread] DEBUG GameScene            - Clearing game scene
16:27:15.957 [JavaFX Application Thread] DEBUG GameWorld            - Clearing game world
16:27:15.958 [JavaFX Application Thread] DEBUG PhysicsWorld         - Clearing physics world
16:27:15.959 [FXGL Background Thread 1 ] DEBUG FXGLApplication      - Initializing game
16:27:15.970 [FXGL Background Thread 4 ] DEBUG FXGLAssetLoaderServi - Loading from file system: jar:file:/C:/Users/isyoh/Documents/%c3%a9cole/Object%20oriented%20program/Cours/MusicAdventure/out/artifacts/MusicAdventure_jar/MusicAdventure.jar!/fxglassets/ui/fonts/lucida_console.ttf
16:27:16.047 [FXGL Background Thread 4 ] DEBUG FXGLAssetLoaderServi - Loading from file system: jar:file:/C:/Users/isyoh/Documents/%c3%a9cole/Object%20oriented%20program/Cours/MusicAdventure/out/artifacts/MusicAdventure_jar/MusicAdventure.jar!/fxglassets/ui/fonts/Courier-Prime.ttf
16:27:16.055 [FXGL Background Thread 1 ] DEBUG TMXLevelLoader       - Parsed raw map: TiledMap(width=15, height=10, tilewidth=70, tileheight=70, orientation=orthogonal, layers=[Layer(width=15, height=10, name=Tile Layer 1, type=tilelayer, visible=false, x=0, y=0, data=[0, 0, 0, 0, 0, 0, 0, 0, 0, 0, 0, 0, 0, 0, 0, 0, 0, 0, 0, 0, 0, 0, 0, 0, 0, 0, 0, 0, 0, 0, 0, 0, 0, 0, 0, 0, 0, 0, 0, 0, 0, 0, 0, 0, 0, 0, 0, 0, 0, 0, 0, 0, 0, 0, 0, 0, 0, 0, 0, 0, 0, 0, 0, 0, 0, 0, 0, 0, 0, 0, 0, 0, 0, 0, 0, 0, 0, 0, 0, 0, 0, 0, 0, 0, 0, 0, 0, 0, 0, 0, 0, 0, 0, 0, 0, 0, 0, 0, 0, 0, 0, 0, 0, 0, 0, 0, 0, 0, 0, 0, 0, 0, 0, 0, 0, 0, 0, 0, 0, 0, 0, 0, 0, 0, 0, 0, 69, 57, 45, 0, 0, 0, 0, 0, 0, 116, 104, 104, 104, 104, 104, 104, 104, 104, 104, 104, 104, 104, 104, 92], objects=[], opacity=0.0, draworder=), Layer(width=0, height=0, name=Object Layer 1, type=objectgroup, visible=false, x=0, y=0, data=[], objects=[com.almasb.fxgl.entity.level.tiled.TiledObject@4ca4b68, com.almasb.fxgl.entity.level.tiled.TiledObject@4190df10, com.almasb.fxgl.entity.level.tiled.TiledObject@377e0a93, com.almasb.fxgl.entity.level.tiled.TiledObject@7bb0404f, com.almasb.fxgl.entity.level.tiled.TiledObject@2df7c55a, com.almasb.fxgl.entity.level.tiled.TiledObject@6a58f7ab, com.almasb.fxgl.entity.level.tiled.TiledObject@2d3552e1, com.almasb.fxgl.entity.level.tiled.TiledObject@54fecd30, com.almasb.fxgl.entity.level.tiled.TiledObject@47b01fe0, com.almasb.fxgl.entity.level.tiled.TiledObject@6a785d12, com.almasb.fxgl.entity.level.tiled.TiledObject@6ddda8e6, com.almasb.fxgl.entity.level.tiled.TiledObject@4f687f20, com.almasb.fxgl.entity.level.tiled.TiledObject@8e02632, com.almasb.fxgl.entity.level.tiled.TiledObject@20d86af1, com.almasb.fxgl.entity.level.tiled.TiledObject@20c26c94, com.almasb.fxgl.entity.level.tiled.TiledObject@2c5f96d3, com.almasb.fxgl.entity.level.tiled.TiledObject@2507e4dc, com.almasb.fxgl.entity.level.tiled.TiledObject@466b8d6f, com.almasb.fxgl.entity.level.tiled.TiledObject@757efffa, com.almasb.fxgl.entity.level.tiled.TiledObject@25c71688, com.almasb.fxgl.entity.level.tiled.TiledObject@3ffc37e8], opacity=0.0, draworder=)], tilesets=[Tileset(firstgid=1, image=tiles_spritesheet.png, name=tiles_spritesheet, tilewidth=70, tileheight=70, imagewidth=914, imageheight=936, margin=0, spacing=2, columns=12, tilecount=156, transparentcolor=, tiles=[])], backgroundcolor=, renderorder=right-down, nextobjectid=22, version=1, tiledversion=1.2.3, type=map, infinite=false, hexsidelength=0, staggeraxis=, staggerindex=, properties={star1time=7.0}, propertytypes={star1time=float})
16:27:16.059 [FXGL Background Thread 1 ] DEBUG TMXLevelLoader       - Creating tile layer entities
16:27:16.070 [FXGL Background Thread 1 ] DEBUG TilesetLoader        - Loading view for layer Tile Layer 1
16:27:16.075 [FXGL Background Thread 1 ] DEBUG TilesetLoader        - Created buffer with size 1050.0x700.0
16:27:16.255 [FXGL Background Thread 1 ] DEBUG TilesetLoader        - Writing to buffer: dst=420,560, w=70,h=70, src=576,360
16:27:16.265 [FXGL Background Thread 1 ] DEBUG TilesetLoader        - Writing to buffer: dst=490,560, w=70,h=70, src=576,288
16:27:16.266 [FXGL Background Thread 1 ] DEBUG TilesetLoader        - Writing to buffer: dst=560,560, w=70,h=70, src=576,216
16:27:16.267 [FXGL Background Thread 1 ] DEBUG TilesetLoader        - Writing to buffer: dst=0,630, w=70,h=70, src=504,648
16:27:16.271 [FXGL Background Thread 1 ] DEBUG TilesetLoader        - Writing to buffer: dst=70,630, w=70,h=70, src=504,576
16:27:16.271 [FXGL Background Thread 1 ] DEBUG TilesetLoader        - Writing to buffer: dst=140,630, w=70,h=70, src=504,576
16:27:16.271 [FXGL Background Thread 1 ] DEBUG TilesetLoader        - Writing to buffer: dst=210,630, w=70,h=70, src=504,576
16:27:16.271 [FXGL Background Thread 1 ] DEBUG TilesetLoader        - Writing to buffer: dst=280,630, w=70,h=70, src=504,576
16:27:16.273 [FXGL Background Thread 1 ] DEBUG TilesetLoader        - Writing to buffer: dst=350,630, w=70,h=70, src=504,576
16:27:16.274 [FXGL Background Thread 1 ] DEBUG TilesetLoader        - Writing to buffer: dst=420,630, w=70,h=70, src=504,576
16:27:16.275 [FXGL Background Thread 1 ] DEBUG TilesetLoader        - Writing to buffer: dst=490,630, w=70,h=70, src=504,576
16:27:16.275 [FXGL Background Thread 1 ] DEBUG TilesetLoader        - Writing to buffer: dst=560,630, w=70,h=70, src=504,576
16:27:16.276 [FXGL Background Thread 1 ] DEBUG TilesetLoader        - Writing to buffer: dst=630,630, w=70,h=70, src=504,576
16:27:16.276 [FXGL Background Thread 1 ] DEBUG TilesetLoader        - Writing to buffer: dst=700,630, w=70,h=70, src=504,576
16:27:16.276 [FXGL Background Thread 1 ] DEBUG TilesetLoader        - Writing to buffer: dst=770,630, w=70,h=70, src=504,576
16:27:16.277 [FXGL Background Thread 1 ] DEBUG TilesetLoader        - Writing to buffer: dst=840,630, w=70,h=70, src=504,576
16:27:16.277 [FXGL Background Thread 1 ] DEBUG TilesetLoader        - Writing to buffer: dst=910,630, w=70,h=70, src=504,576
16:27:16.278 [FXGL Background Thread 1 ] DEBUG TilesetLoader        - Writing to buffer: dst=980,630, w=70,h=70, src=504,504
16:27:16.278 [FXGL Background Thread 1 ] DEBUG TMXLevelLoader       - Creating object layer entities
16:27:16.317 [FXGL Background Thread 1 ] DEBUG FXGLAssetLoaderServi - Loading from file system: jar:file:/C:/Users/isyoh/Documents/%c3%a9cole/Object%20oriented%20program/Cours/MusicAdventure/out/artifacts/MusicAdventure_jar/MusicAdventure.jar!/assets/textures/dirt_32x32.png
16:27:16.326 [FXGL Background Thread 1 ] DEBUG FXGLAssetLoaderServi - Loading from file system: jar:file:/C:/Users/isyoh/Documents/%c3%a9cole/Object%20oriented%20program/Cours/MusicAdventure/out/artifacts/MusicAdventure_jar/MusicAdventure.jar!/assets/textures/A(La).png
16:27:16.330 [FXGL Background Thread 1 ] DEBUG FXGLAssetLoaderServi - Loading from file system: jar:file:/C:/Users/isyoh/Documents/%c3%a9cole/Object%20oriented%20program/Cours/MusicAdventure/out/artifacts/MusicAdventure_jar/MusicAdventure.jar!/assets/textures/B(Si).png
16:27:16.333 [FXGL Background Thread 1 ] DEBUG FXGLAssetLoaderServi - Loading from file system: jar:file:/C:/Users/isyoh/Documents/%c3%a9cole/Object%20oriented%20program/Cours/MusicAdventure/out/artifacts/MusicAdventure_jar/MusicAdventure.jar!/assets/textures/C(Do).png
16:27:16.338 [FXGL Background Thread 1 ] DEBUG FXGLAssetLoaderServi - Loading from file system: jar:file:/C:/Users/isyoh/Documents/%c3%a9cole/Object%20oriented%20program/Cours/MusicAdventure/out/artifacts/MusicAdventure_jar/MusicAdventure.jar!/assets/textures/D(R%c3%a9).png
16:27:16.341 [FXGL Background Thread 1 ] DEBUG FXGLAssetLoaderServi - Loading from file system: jar:file:/C:/Users/isyoh/Documents/%c3%a9cole/Object%20oriented%20program/Cours/MusicAdventure/out/artifacts/MusicAdventure_jar/MusicAdventure.jar!/assets/textures/E(Mi).png
16:27:16.344 [FXGL Background Thread 1 ] DEBUG FXGLAssetLoaderServi - Loading from file system: jar:file:/C:/Users/isyoh/Documents/%c3%a9cole/Object%20oriented%20program/Cours/MusicAdventure/out/artifacts/MusicAdventure_jar/MusicAdventure.jar!/assets/textures/F(Fa).png
16:27:16.349 [FXGL Background Thread 1 ] DEBUG FXGLAssetLoaderServi - Loading from file system: jar:file:/C:/Users/isyoh/Documents/%c3%a9cole/Object%20oriented%20program/Cours/MusicAdventure/out/artifacts/MusicAdventure_jar/MusicAdventure.jar!/assets/textures/G(Sol).png
16:27:16.367 [FXGL Background Thread 1 ] DEBUG GameWorld            - Clearing removable entities
16:27:16.368 [FXGL Background Thread 1 ] DEBUG GameWorld            - Setting level: com.almasb.fxgl.entity.level.Level@7f46080b
16:27:16.392 [FXGL Background Thread 1 ] DEBUG FXGLAssetLoaderServi - Loading from file system: jar:file:/C:/Users/isyoh/Documents/%c3%a9cole/Object%20oriented%20program/Cours/MusicAdventure/out/artifacts/MusicAdventure_jar/MusicAdventure.jar!/assets/textures/background/proj.png
16:27:16.454 [FXGL Background Thread 2 ] INFO  UpdaterService       - Your current version:  11.14
16:27:16.455 [FXGL Background Thread 2 ] INFO  UpdaterService       - Latest stable version: 11.15
16:27:16.473 [JavaFX Application Thread] DEBUG FXGLApplication      - Registering font factories with UI factory
16:27:16.511 [FXGL Background Thread 1 ] INFO  FXGLApplication      - Game initialization took: 0,552 sec
16:27:16.517 [JavaFX Application Thread] DEBUG Input                - Clearing active input actions
16:27:16.545 [JavaFX Application Thread] DEBUG GameApplicationServi - Removing overlay from BetterLoadingScene and adding to GameScene
16:27:16.548 [JavaFX Application Thread] DEBUG PrimaryStageWindow   - BetterLoadingScene -> GameScene
16:27:16.909 [JavaFX Application Thread] DEBUG FXGLAssetLoaderServi - Loading from file system: jar:file:/C:/Users/isyoh/Documents/%c3%a9cole/Object%20oriented%20program/Cours/MusicAdventure/out/artifacts/MusicAdventure_jar/MusicAdventure.jar!/assets/sounds/land.wav
16:27:18.418 [FXGL Background Thread 3 ] DEBUG Engine               - Logging environment variables
16:27:18.419 [FXGL Background Thread 3 ] DEBUG Engine               - achievements: []
16:27:18.425 [FXGL Background Thread 3 ] DEBUG Engine               - actualHeight: 679.0
16:27:18.428 [FXGL Background Thread 3 ] DEBUG Engine               - actualHeightProperty: ReadOnlyDoubleProperty [value: 679.0]
16:27:18.429 [FXGL Background Thread 3 ] DEBUG Engine               - actualWidth: 1183.0
16:27:18.431 [FXGL Background Thread 3 ] DEBUG Engine               - actualWidthProperty: ReadOnlyDoubleProperty [value: 1183.0]
16:27:18.432 [FXGL Background Thread 3 ] DEBUG Engine               - appIcon: fxgl_icon.png
16:27:18.432 [FXGL Background Thread 3 ] DEBUG Engine               - applicationMode: DEVELOPER
16:27:18.437 [FXGL Background Thread 3 ] DEBUG Engine               - cSSList: [fxgl_dark.css]
16:27:18.438 [FXGL Background Thread 3 ] DEBUG Engine               - collisionDetectionStrategy: BRUTE_FORCE
16:27:18.438 [FXGL Background Thread 3 ] DEBUG Engine               - configClass: Optional.empty
16:27:18.439 [FXGL Background Thread 3 ] DEBUG Engine               - credits: []
16:27:18.439 [FXGL Background Thread 3 ] DEBUG Engine               - devBBoxColorProperty: ObjectProperty [value: 0xff0000ff]
16:27:18.439 [FXGL Background Thread 3 ] DEBUG Engine               - devEnableDebugCameraProperty: BooleanProperty [value: false]
16:27:18.440 [FXGL Background Thread 3 ] DEBUG Engine               - devSensorColorProperty: ObjectProperty [value: 0xffff00ff]
16:27:18.440 [FXGL Background Thread 3 ] DEBUG Engine               - devShowBBoxProperty: BooleanProperty [value: false]
16:27:18.443 [FXGL Background Thread 3 ] DEBUG Engine               - devShowPositionProperty: BooleanProperty [value: false]
16:27:18.443 [FXGL Background Thread 3 ] DEBUG Engine               - enabledMenuItems: []
16:27:18.445 [FXGL Background Thread 3 ] DEBUG Engine               - engineServices: [class com.almasb.fxgl.app.services.FXGLAssetLoaderService, class com.almasb.fxgl.app.FXGLApplication$GameApplicationService, class com.almasb.fxgl.app.services.FXGLDialogService, class com.almasb.fxgl.app.services.IOTaskExecutorService, class com.almasb.fxgl.event.EventBusService, class com.almasb.fxgl.io.FileSystemService, class com.almasb.fxgl.localization.LocalizationService, class com.almasb.fxgl.app.services.SystemBundleService, class com.almasb.fxgl.profile.SaveLoadService, class com.almasb.fxgl.ui.FXGLUIFactoryServiceProvider, class com.almasb.fxgl.ui.FXGLDialogFactoryServiceProvider, class com.almasb.fxgl.audio.AudioPlayer, class com.almasb.fxgl.notification.impl.NotificationServiceProvider, class com.almasb.fxgl.achievement.AchievementService, class com.almasb.fxgl.cutscene.CutsceneService, class com.almasb.fxgl.minigames.MiniGameService, class com.almasb.fxgl.net.NetService, class com.almasb.fxgl.app.services.UpdaterService, class com.almasb.fxgl.dev.DevService]
16:27:18.451 [FXGL Background Thread 3 ] DEBUG Engine               - fontGame: Abel-Regular.ttf
16:27:18.452 [FXGL Background Thread 3 ] DEBUG Engine               - fontMono: lucida_console.ttf
16:27:18.453 [FXGL Background Thread 3 ] DEBUG Engine               - fontText: Courier-Prime.ttf
16:27:18.454 [FXGL Background Thread 3 ] DEBUG Engine               - fontUI: VarelaRound-Regular.ttf
16:27:18.454 [FXGL Background Thread 3 ] DEBUG Engine               - fullScreen: BooleanProperty [value: false]
16:27:18.455 [FXGL Background Thread 3 ] DEBUG Engine               - gameDifficulty: MEDIUM
16:27:18.455 [FXGL Background Thread 3 ] DEBUG Engine               - gameDifficultyProperty: ObjectProperty [value: MEDIUM]
16:27:18.455 [FXGL Background Thread 3 ] DEBUG Engine               - globalMusicVolume: 0.5
16:27:18.455 [FXGL Background Thread 3 ] DEBUG Engine               - globalMusicVolumeProperty: DoubleProperty [value: 0.08]
16:27:18.456 [FXGL Background Thread 3 ] DEBUG Engine               - globalSoundVolume: 0.5
16:27:18.457 [FXGL Background Thread 3 ] DEBUG Engine               - globalSoundVolumeProperty: DoubleProperty [value: 0.08]
16:27:18.457 [FXGL Background Thread 3 ] DEBUG Engine               - height: 720
16:27:18.458 [FXGL Background Thread 3 ] DEBUG Engine               - isAndroid: false
16:27:18.467 [FXGL Background Thread 3 ] DEBUG Engine               - isBrowser: false
16:27:18.469 [FXGL Background Thread 3 ] DEBUG Engine               - isClickFeedbackEnabled: false
16:27:18.470 [FXGL Background Thread 3 ] DEBUG Engine               - isCloseConfirmation: false
16:27:18.471 [FXGL Background Thread 3 ] DEBUG Engine               - isDesktop: true
16:27:18.471 [FXGL Background Thread 3 ] DEBUG Engine               - isDeveloperMenuEnabled: false
16:27:18.471 [FXGL Background Thread 3 ] DEBUG Engine               - isEntityPreloadEnabled: true
16:27:18.471 [FXGL Background Thread 3 ] DEBUG Engine               - isExperimental3D: false
16:27:18.472 [FXGL Background Thread 3 ] DEBUG Engine               - isExperimentalNative: false
16:27:18.473 [FXGL Background Thread 3 ] DEBUG Engine               - isExperimentalTiledLargeMap: false
16:27:18.475 [FXGL Background Thread 3 ] DEBUG Engine               - isFileSystemWriteAllowed: true
16:27:18.476 [FXGL Background Thread 3 ] DEBUG Engine               - isFullScreenAllowed: false
16:27:18.488 [FXGL Background Thread 3 ] DEBUG Engine               - isFullScreenFromStart: false
16:27:18.488 [FXGL Background Thread 3 ] DEBUG Engine               - isGameMenuEnabled: true
16:27:18.488 [FXGL Background Thread 3 ] DEBUG Engine               - isIOS: false
16:27:18.488 [FXGL Background Thread 3 ] DEBUG Engine               - isIntroEnabled: false
16:27:18.489 [FXGL Background Thread 3 ] DEBUG Engine               - isLinux: false
16:27:18.489 [FXGL Background Thread 3 ] DEBUG Engine               - isMac: false
16:27:18.489 [FXGL Background Thread 3 ] DEBUG Engine               - isMainMenuEnabled: false
16:27:18.489 [FXGL Background Thread 3 ] DEBUG Engine               - isManualResizeEnabled: false
16:27:18.491 [FXGL Background Thread 3 ] DEBUG Engine               - isMobile: false
16:27:18.492 [FXGL Background Thread 3 ] DEBUG Engine               - isPreserveResizeRatio: false
16:27:18.493 [FXGL Background Thread 3 ] DEBUG Engine               - isProfilingEnabled: false
16:27:18.493 [FXGL Background Thread 3 ] DEBUG Engine               - isScaleAffectedOnResize: true
16:27:18.493 [FXGL Background Thread 3 ] DEBUG Engine               - isSingleStep: false
16:27:18.496 [FXGL Background Thread 3 ] DEBUG Engine               - isUserProfileEnabled: false
16:27:18.499 [FXGL Background Thread 3 ] DEBUG Engine               - isWindows: true
16:27:18.500 [FXGL Background Thread 3 ] DEBUG Engine               - language: ObjectProperty [value: ENGLISH]
16:27:18.505 [FXGL Background Thread 3 ] DEBUG Engine               - menuKey: ESCAPE
16:27:18.505 [FXGL Background Thread 3 ] DEBUG Engine               - notificationViewClass: class com.almasb.fxgl.notification.view.XboxNotificationView
16:27:18.506 [FXGL Background Thread 3 ] DEBUG Engine               - pixelsPerMeter: 50.0
16:27:18.507 [FXGL Background Thread 3 ] DEBUG Engine               - platform: WINDOWS
16:27:18.508 [FXGL Background Thread 3 ] DEBUG Engine               - prefHeightProperty: ReadOnlyDoubleProperty [value: 720.0]
16:27:18.509 [FXGL Background Thread 3 ] DEBUG Engine               - prefWidthProperty: ReadOnlyDoubleProperty [value: 1280.0]
16:27:18.510 [FXGL Background Thread 3 ] DEBUG Engine               - profileDir: profiles/
16:27:18.510 [FXGL Background Thread 3 ] DEBUG Engine               - profileName: StringProperty [value: DEFAULT]
16:27:18.510 [FXGL Background Thread 3 ] DEBUG Engine               - randomSeed: -1
16:27:18.511 [FXGL Background Thread 3 ] DEBUG Engine               - runtimeInfo: RuntimeInfo(platform=WINDOWS, version=11.14, build=01.03.2021 16.59)
16:27:18.511 [FXGL Background Thread 3 ] DEBUG Engine               - saveFileExt: sav
16:27:18.511 [FXGL Background Thread 3 ] DEBUG Engine               - scaledHeightProp$fxgl: DoubleProperty [bound, value: 679.0]
16:27:18.512 [FXGL Background Thread 3 ] DEBUG Engine               - scaledWidthProp$fxgl: DoubleProperty [bound, value: 1183.0]
16:27:18.513 [FXGL Background Thread 3 ] DEBUG Engine               - sceneFactory: Main.App$1@68cbf4fb
16:27:18.515 [FXGL Background Thread 3 ] DEBUG Engine               - secondsIn24h: 60
16:27:18.516 [FXGL Background Thread 3 ] DEBUG Engine               - soundMenuBack: menu/back.wav
16:27:18.522 [FXGL Background Thread 3 ] DEBUG Engine               - soundMenuPress: menu/press.wav
16:27:18.522 [FXGL Background Thread 3 ] DEBUG Engine               - soundMenuSelect: menu/select.wav
16:27:18.522 [FXGL Background Thread 3 ] DEBUG Engine               - soundNotification: core/notification.wav
16:27:18.523 [FXGL Background Thread 3 ] DEBUG Engine               - stageStyle: DECORATED
16:27:18.523 [FXGL Background Thread 3 ] DEBUG Engine               - supportedLanguages: [ENGLISH, FRENCH, GERMAN, HUNGARIAN, RUSSIAN]
16:27:18.523 [FXGL Background Thread 3 ] DEBUG Engine               - ticksPerSecond: -1
16:27:18.523 [FXGL Background Thread 3 ] DEBUG Engine               - title: Game 1 Let's go
16:27:18.523 [FXGL Background Thread 3 ] DEBUG Engine               - urlGithub: https://github.com/AlmasB/FXGL
16:27:18.524 [FXGL Background Thread 3 ] DEBUG Engine               - urlLeaderboard: http://fxgl-top.herokuapp.com/
16:27:18.526 [FXGL Background Thread 3 ] DEBUG Engine               - urlPOM: https://raw.githubusercontent.com/AlmasB/FXGL/release/README.md
16:27:18.527 [FXGL Background Thread 3 ] DEBUG Engine               - userAppClass: class Main.App
16:27:18.527 [FXGL Background Thread 3 ] DEBUG Engine               - version: 1.0
16:27:18.527 [FXGL Background Thread 3 ] DEBUG Engine               - versionCheckDays: 7
16:27:18.528 [FXGL Background Thread 3 ] DEBUG Engine               - width: 1280
16:27:18.528 [FXGL Background Thread 3 ] DEBUG Engine               - Logging services
16:27:18.528 [FXGL Background Thread 3 ] DEBUG Engine               - class com.almasb.fxgl.app.services.FXGLAssetLoaderService
16:27:18.529 [FXGL Background Thread 3 ] DEBUG Engine               - class com.almasb.fxgl.app.FXGLApplication$GameApplicationService
16:27:18.529 [FXGL Background Thread 3 ] DEBUG Engine               - class com.almasb.fxgl.app.services.FXGLDialogService
16:27:18.530 [FXGL Background Thread 3 ] DEBUG Engine               - class com.almasb.fxgl.app.services.IOTaskExecutorService
16:27:18.531 [FXGL Background Thread 3 ] DEBUG Engine               - class com.almasb.fxgl.event.EventBusService
16:27:18.531 [FXGL Background Thread 3 ] DEBUG Engine               - class com.almasb.fxgl.io.FileSystemService
16:27:18.531 [FXGL Background Thread 3 ] DEBUG Engine               - class com.almasb.fxgl.localization.LocalizationService
16:27:18.531 [FXGL Background Thread 3 ] DEBUG Engine               - class com.almasb.fxgl.app.services.SystemBundleService
16:27:18.532 [FXGL Background Thread 3 ] DEBUG Engine               - class com.almasb.fxgl.profile.SaveLoadService
16:27:18.533 [FXGL Background Thread 3 ] DEBUG Engine               - class com.almasb.fxgl.ui.FXGLUIFactoryServiceProvider
16:27:18.535 [FXGL Background Thread 3 ] DEBUG Engine               - class com.almasb.fxgl.ui.FXGLDialogFactoryServiceProvider
16:27:18.536 [FXGL Background Thread 3 ] DEBUG Engine               - class com.almasb.fxgl.audio.AudioPlayer
16:27:18.537 [FXGL Background Thread 3 ] DEBUG Engine               - class com.almasb.fxgl.notification.impl.NotificationServiceProvider
16:27:18.538 [FXGL Background Thread 3 ] DEBUG Engine               - class com.almasb.fxgl.achievement.AchievementService
16:27:18.539 [FXGL Background Thread 3 ] DEBUG Engine               - class com.almasb.fxgl.cutscene.CutsceneService
16:27:18.540 [FXGL Background Thread 3 ] DEBUG Engine               - class com.almasb.fxgl.minigames.MiniGameService
16:27:18.541 [FXGL Background Thread 3 ] DEBUG Engine               - class com.almasb.fxgl.net.NetService
16:27:18.543 [FXGL Background Thread 3 ] DEBUG Engine               - class com.almasb.fxgl.app.services.UpdaterService
16:27:18.548 [FXGL Background Thread 3 ] DEBUG Engine               - class com.almasb.fxgl.dev.DevService
16:27:20.104 [JavaFX Application Thread] DEBUG FXGLApplication      - Exiting FXGL
16:27:20.104 [JavaFX Application Thread] DEBUG LoopRunner           - Stopping loop
16:27:20.104 [JavaFX Application Thread] DEBUG SystemBundleService  - Saving FXGL system data
16:27:20.108 [JavaFX Application Thread] DEBUG FileSystemAccess     - Writing to: C:\Users\isyoh\Documents\école\Object oriented program\Cours\MusicAdventure\out\artifacts\MusicAdventure_jar\system\fxgl.bundle
16:27:20.112 [JavaFX Application Thread] DEBUG Async                - Shutting down background threads
16:27:20.112 [JavaFX Application Thread] DEBUG PrimaryStageWindow   - Closing main window
16:27:20.142 [JavaFX Application Thread] DEBUG Logger               - Closing Logger
