19:35:43.459 [main                     ] DEBUG Logger               - Configured Logger
19:35:43.485 [main                     ] DEBUG GameApplication      - Logging settings
Title: Game 1 Let's go
Version: 1.0
Width: 1280
Height: 720
Fullscreen: false
Intro: false
Profiling: false
Single step:false
App Mode: DEVELOPER
Menu Key: ESCAPE
Stage Style: DECORATED
Scene Factory: class Main.App$1

19:35:44.430 [JavaFX Application Thread] DEBUG FXGLApplication      - Initializing FXGL
19:35:44.433 [JavaFX Application Thread] INFO  Engine               - FXGL-11.14 (01.03.2021 16.59) on WINDOWS (J:15.0.2 FX:15)
19:35:44.435 [JavaFX Application Thread] DEBUG Engine               - JRE Vendor Name: Oracle Corporation
19:35:44.436 [JavaFX Application Thread] DEBUG Engine               - Running on OS: Windows 10 version 10.0
19:35:44.437 [JavaFX Application Thread] DEBUG Engine               - Architecture: amd64
19:35:44.437 [JavaFX Application Thread] INFO  Engine               - Source code and latest versions at: https://github.com/AlmasB/FXGL
19:35:44.438 [JavaFX Application Thread] INFO  Engine               -              Join the FXGL chat at: https://gitter.im/AlmasB/FXGL
19:35:44.571 [JavaFX Application Thread] DEBUG PrimaryStageWindow   - Creating a JavaFX scene
19:35:44.571 [JavaFX Application Thread] DEBUG PrimaryStageWindow   - Target size > screen size
19:35:44.642 [JavaFX Application Thread] DEBUG PrimaryStageWindow   - Target settings size: 1280.0 x 720.0
19:35:44.643 [JavaFX Application Thread] DEBUG PrimaryStageWindow   - Scaled scene size:    1183.0 x 679.0
19:35:44.643 [JavaFX Application Thread] DEBUG PrimaryStageWindow   - Scaled ratio: (0.92421875, 0.9430555555555555)
19:35:44.645 [JavaFX Application Thread] DEBUG PrimaryStageWindow   - Set initial scene to FXGLStartupScene
19:35:44.656 [JavaFX Application Thread] DEBUG PrimaryStageWindow   - Opening main window
19:35:44.850 [JavaFX Application Thread] DEBUG PrimaryStageWindow   - Window border size: (15.0, 37.66668701171875)
19:35:44.851 [JavaFX Application Thread] DEBUG PrimaryStageWindow   - Scaled size: 1183.0 x 679.0
19:35:44.851 [JavaFX Application Thread] DEBUG PrimaryStageWindow   - Scaled ratio: (0.92421875, 0.9430555555555555)
19:35:44.852 [JavaFX Application Thread] DEBUG PrimaryStageWindow   - Scene size: 1183.0 x 679.0
19:35:44.853 [JavaFX Application Thread] DEBUG PrimaryStageWindow   - Stage size: 1198.0 x 716.6666870117188
19:35:44.876 [FXGL Background Thread 1 ] DEBUG Engine               - Initializing environment variables
19:35:44.984 [FXGL Background Thread 1 ] DEBUG FXGLAssetLoaderServi - User app class for loading assets: class Main.App
19:35:44.985 [FXGL Background Thread 1 ] DEBUG GameApplicationServi - Applying CSS: fxgl_dark.css
19:35:44.988 [FXGL Background Thread 1 ] DEBUG FXGLAssetLoaderServi - Loading from file system: jar:file:/C:/Users/isyoh/Documents/%c3%a9cole/Object%20oriented%20program/Cours/MusicAdventure/out/artifacts/MusicAdventure_jar/MusicAdventure.jar!/fxglassets/ui/css/fxgl_dark.css
19:35:45.174 [FXGL Background Thread 1 ] DEBUG GameApplicationServi - Initializing application scenes
19:35:45.265 [FXGL Background Thread 1 ] DEBUG FXGLAssetLoaderServi - Loading from file system: jar:file:/C:/Users/isyoh/Documents/%c3%a9cole/Object%20oriented%20program/Cours/MusicAdventure/out/artifacts/MusicAdventure_jar/MusicAdventure.jar!/assets/textures/player.png
19:35:45.306 [FXGL Background Thread 1 ] DEBUG GameWorld            - Game world initialized
19:35:45.382 [FXGL Background Thread 1 ] DEBUG PhysicsWorld         - Physics world initialized: appHeight=720, physics.ppm=50,0
19:35:45.383 [FXGL Background Thread 1 ] DEBUG PhysicsWorld         - Using strategy: BRUTE_FORCE
19:35:45.387 [FXGL Background Thread 1 ] DEBUG GameScene            - Game scene initialized: 1280x720
19:35:45.411 [FXGL Background Thread 1 ] DEBUG FXGLAssetLoaderServi - Loading from file system: jar:file:/C:/Users/isyoh/Documents/%c3%a9cole/Object%20oriented%20program/Cours/MusicAdventure/out/artifacts/MusicAdventure_jar/MusicAdventure.jar!/fxglassets/textures/particles/trace_horizontal.png
19:35:45.503 [FXGL Background Thread 1 ] DEBUG FXGL.DefaultMenu     - createMenuBodyGameMenu()
19:35:45.531 [FXGL Background Thread 1 ] DEBUG FXGL.DefaultMenu     - createOptionsMenu()
19:35:45.541 [FXGL Background Thread 1 ] DEBUG FXGLAssetLoaderServi - Loading from file system: jar:file:/C:/Users/isyoh/Documents/%c3%a9cole/Object%20oriented%20program/Cours/MusicAdventure/out/artifacts/MusicAdventure_jar/MusicAdventure.jar!/fxglassets/textures/particles/smoke.png
19:35:45.682 [FXGL Background Thread 1 ] DEBUG GameApplicationServi - Application scenes initialized
19:35:45.701 [FXGL Background Thread 1 ] DEBUG SystemBundleService  - Loading FXGL system data
19:35:45.718 [FXGL Background Thread 1 ] DEBUG FileSystemAccess     - Reading from: C:\Users\isyoh\Documents\école\Object oriented program\Cours\MusicAdventure\out\artifacts\MusicAdventure_jar\system\fxgl.bundle
19:35:45.729 [FXGL Background Thread 1 ] DEBUG SystemBundleService  - Bundle FXGL: {}
19:35:45.729 [FXGL Background Thread 1 ] DEBUG UpdaterService       - Checking for updates
19:35:45.742 [FXGL Background Thread 1 ] DEBUG FXGLApplication      - Loading default localization
19:35:45.745 [FXGL Background Thread 4 ] DEBUG FXGLApplication      - Loading fonts
19:35:45.746 [FXGL Background Thread 4 ] DEBUG FXGLAssetLoaderServi - Loading from file system: jar:file:/C:/Users/isyoh/Documents/%c3%a9cole/Object%20oriented%20program/Cours/MusicAdventure/out/artifacts/MusicAdventure_jar/MusicAdventure.jar!/fxglassets/ui/fonts/VarelaRound-Regular.ttf
19:35:45.744 [FXGL Background Thread 1 ] DEBUG FXGLAssetLoaderServi - Loading from file system: jar:file:/C:/Users/isyoh/Documents/%c3%a9cole/Object%20oriented%20program/Cours/MusicAdventure/out/artifacts/MusicAdventure_jar/MusicAdventure.jar!/fxglassets/languages/english.lang
19:35:45.786 [FXGL Background Thread 1 ] INFO  FXGLApplication      - FXGL initialization took: 0,909 sec
19:35:45.809 [JavaFX Application Thread] DEBUG Input                - Registered new binding: Left - Left
19:35:45.810 [JavaFX Application Thread] DEBUG Input                - Registered new binding: Right - Right
19:35:45.810 [JavaFX Application Thread] DEBUG Input                - Registered new binding: Jump - Up
19:35:45.811 [JavaFX Application Thread] DEBUG Input                - Registered new binding: WhistleA - 1
19:35:45.812 [JavaFX Application Thread] DEBUG Input                - Registered new binding: WhistleB - 2
19:35:45.812 [JavaFX Application Thread] DEBUG Input                - Registered new binding: WhistleC - 3
19:35:45.813 [JavaFX Application Thread] DEBUG Input                - Registered new binding: WhistleD - 4
19:35:45.813 [JavaFX Application Thread] DEBUG Input                - Registered new binding: WhistleE - 5
19:35:45.814 [JavaFX Application Thread] DEBUG Input                - Registered new binding: WhistleF - 6
19:35:45.814 [JavaFX Application Thread] DEBUG Input                - Registered new binding: WhistleG - 7
19:35:45.815 [JavaFX Application Thread] DEBUG Input                - Registered new binding: Use - E
19:35:45.816 [JavaFX Application Thread] DEBUG FXGLAssetLoaderServi - Loading from file system: jar:file:/C:/Users/isyoh/Documents/%c3%a9cole/Object%20oriented%20program/Cours/MusicAdventure/out/artifacts/MusicAdventure_jar/MusicAdventure.jar!/assets/music/BGM_dash_runner.wav
19:35:46.275 [JavaFX Application Thread] DEBUG AudioPlayer          - Playing music com.almasb.fxgl.audio.Music@201e1b6f
19:35:46.276 [JavaFX Application Thread] DEBUG FXGLAssetLoaderServi - Loading from file system: jar:file:/C:/Users/isyoh/Documents/%c3%a9cole/Object%20oriented%20program/Cours/MusicAdventure/out/artifacts/MusicAdventure_jar/MusicAdventure.jar!/fxglassets/textures/fxgl_icon.png
19:35:46.315 [JavaFX Application Thread] DEBUG FXGLAssetLoaderServi - Loading from file system: jar:file:/C:/Users/isyoh/Documents/%c3%a9cole/Object%20oriented%20program/Cours/MusicAdventure/out/artifacts/MusicAdventure_jar/MusicAdventure.jar!/fxglassets/ui/cursors/fxgl_default.png
19:35:46.321 [JavaFX Application Thread] DEBUG Input                - Registered new binding: Screenshot - P
19:35:46.323 [JavaFX Application Thread] DEBUG Input                - Registered new binding: System info dump - CTRL+9
19:35:46.324 [JavaFX Application Thread] DEBUG Input                - Registered new binding: Restart - CTRL+R
19:35:46.329 [JavaFX Application Thread] DEBUG Input                - Registered new binding: Toggle Debug Camera - CTRL+C
19:35:46.335 [JavaFX Application Thread] DEBUG LoopRunner           - Starting loop
19:35:46.336 [JavaFX Application Thread] DEBUG LoopRunner           - Initializing JavaFX AnimationTimerLoop
19:35:46.340 [JavaFX Application Thread] DEBUG GameApplicationServi - Starting new game
19:35:46.341 [JavaFX Application Thread] DEBUG Input                - Clearing active input actions
19:35:46.389 [JavaFX Application Thread] DEBUG GameApplicationServi - Removing overlay from FXGLStartupScene and adding to BetterLoadingScene
19:35:46.390 [JavaFX Application Thread] DEBUG PrimaryStageWindow   - FXGLStartupScene -> BetterLoadingScene
19:35:46.390 [JavaFX Application Thread] DEBUG GameApplicationServi - Clearing previous game
19:35:46.391 [JavaFX Application Thread] DEBUG GameScene            - Clearing game scene
19:35:46.391 [JavaFX Application Thread] DEBUG GameWorld            - Clearing game world
19:35:46.393 [JavaFX Application Thread] DEBUG PhysicsWorld         - Clearing physics world
19:35:46.395 [FXGL Background Thread 1 ] DEBUG FXGLApplication      - Initializing game
19:35:46.416 [FXGL Background Thread 4 ] DEBUG FXGLAssetLoaderServi - Loading from file system: jar:file:/C:/Users/isyoh/Documents/%c3%a9cole/Object%20oriented%20program/Cours/MusicAdventure/out/artifacts/MusicAdventure_jar/MusicAdventure.jar!/fxglassets/ui/fonts/Abel-Regular.ttf
19:35:46.479 [FXGL Background Thread 4 ] DEBUG FXGLAssetLoaderServi - Loading from file system: jar:file:/C:/Users/isyoh/Documents/%c3%a9cole/Object%20oriented%20program/Cours/MusicAdventure/out/artifacts/MusicAdventure_jar/MusicAdventure.jar!/fxglassets/ui/fonts/lucida_console.ttf
19:35:46.528 [FXGL Background Thread 1 ] DEBUG TMXLevelLoader       - Parsed raw map: TiledMap(width=15, height=10, tilewidth=70, tileheight=70, orientation=orthogonal, layers=[Layer(width=15, height=10, name=Tile Layer 1, type=tilelayer, visible=false, x=0, y=0, data=[0, 0, 0, 0, 0, 0, 0, 0, 0, 0, 0, 0, 0, 0, 0, 0, 0, 0, 0, 0, 0, 0, 0, 0, 0, 0, 0, 0, 0, 0, 0, 0, 0, 0, 0, 0, 0, 0, 0, 0, 0, 0, 0, 0, 0, 0, 0, 0, 0, 0, 0, 0, 0, 0, 0, 0, 0, 0, 0, 0, 0, 0, 0, 0, 0, 0, 0, 0, 0, 0, 0, 0, 0, 0, 0, 0, 0, 0, 0, 0, 0, 0, 0, 0, 0, 0, 0, 0, 0, 0, 0, 0, 0, 0, 0, 0, 0, 0, 0, 0, 0, 0, 0, 0, 0, 0, 0, 0, 0, 0, 0, 0, 0, 0, 0, 0, 0, 0, 0, 0, 0, 0, 0, 0, 0, 104, 0, 104, 0, 104, 0, 0, 0, 0, 0, 116, 104, 104, 104, 104, 153, 104, 153, 104, 153, 104, 104, 104, 104, 92], objects=[], opacity=0.0, draworder=), Layer(width=0, height=0, name=Object Layer 1, type=objectgroup, visible=false, x=0, y=0, data=[], objects=[com.almasb.fxgl.entity.level.tiled.TiledObject@4be3360, com.almasb.fxgl.entity.level.tiled.TiledObject@3738b856, com.almasb.fxgl.entity.level.tiled.TiledObject@367ddd31, com.almasb.fxgl.entity.level.tiled.TiledObject@1b2fbfd9, com.almasb.fxgl.entity.level.tiled.TiledObject@6effbaef, com.almasb.fxgl.entity.level.tiled.TiledObject@1c77456e, com.almasb.fxgl.entity.level.tiled.TiledObject@443b8784, com.almasb.fxgl.entity.level.tiled.TiledObject@220c39ad, com.almasb.fxgl.entity.level.tiled.TiledObject@31b7d7c1, com.almasb.fxgl.entity.level.tiled.TiledObject@174da8ac, com.almasb.fxgl.entity.level.tiled.TiledObject@f520a66], opacity=0.0, draworder=)], tilesets=[Tileset(firstgid=1, image=tiles_spritesheet.png, name=tiles_spritesheet, tilewidth=70, tileheight=70, imagewidth=914, imageheight=936, margin=0, spacing=2, columns=12, tilecount=156, transparentcolor=, tiles=[])], backgroundcolor=, renderorder=right-down, nextobjectid=22, version=1, tiledversion=1.2.3, type=map, infinite=false, hexsidelength=0, staggeraxis=, staggerindex=, properties={star1time=7.0}, propertytypes={star1time=float})
19:35:46.530 [FXGL Background Thread 1 ] DEBUG TMXLevelLoader       - Creating tile layer entities
19:35:46.531 [FXGL Background Thread 1 ] DEBUG TilesetLoader        - Loading view for layer Tile Layer 1
19:35:46.534 [FXGL Background Thread 1 ] DEBUG TilesetLoader        - Created buffer with size 1050.0x700.0
19:35:46.698 [FXGL Background Thread 1 ] DEBUG TilesetLoader        - Writing to buffer: dst=350,560, w=70,h=70, src=504,576
19:35:46.704 [FXGL Background Thread 1 ] DEBUG TilesetLoader        - Writing to buffer: dst=490,560, w=70,h=70, src=504,576
19:35:46.705 [FXGL Background Thread 1 ] DEBUG TilesetLoader        - Writing to buffer: dst=630,560, w=70,h=70, src=504,576
19:35:46.705 [FXGL Background Thread 1 ] DEBUG TilesetLoader        - Writing to buffer: dst=0,630, w=70,h=70, src=504,648
19:35:46.706 [FXGL Background Thread 1 ] DEBUG TilesetLoader        - Writing to buffer: dst=70,630, w=70,h=70, src=504,576
19:35:46.709 [FXGL Background Thread 1 ] DEBUG TilesetLoader        - Writing to buffer: dst=140,630, w=70,h=70, src=504,576
19:35:46.710 [FXGL Background Thread 1 ] DEBUG TilesetLoader        - Writing to buffer: dst=210,630, w=70,h=70, src=504,576
19:35:46.710 [FXGL Background Thread 1 ] DEBUG TilesetLoader        - Writing to buffer: dst=280,630, w=70,h=70, src=504,576
19:35:46.711 [FXGL Background Thread 1 ] DEBUG TilesetLoader        - Writing to buffer: dst=350,630, w=70,h=70, src=576,864
19:35:46.711 [FXGL Background Thread 1 ] DEBUG TilesetLoader        - Writing to buffer: dst=420,630, w=70,h=70, src=504,576
19:35:46.712 [FXGL Background Thread 1 ] DEBUG TilesetLoader        - Writing to buffer: dst=490,630, w=70,h=70, src=576,864
19:35:46.713 [FXGL Background Thread 1 ] DEBUG TilesetLoader        - Writing to buffer: dst=560,630, w=70,h=70, src=504,576
19:35:46.715 [FXGL Background Thread 1 ] DEBUG TilesetLoader        - Writing to buffer: dst=630,630, w=70,h=70, src=576,864
19:35:46.716 [FXGL Background Thread 1 ] DEBUG TilesetLoader        - Writing to buffer: dst=700,630, w=70,h=70, src=504,576
19:35:46.717 [FXGL Background Thread 1 ] DEBUG TilesetLoader        - Writing to buffer: dst=770,630, w=70,h=70, src=504,576
19:35:46.717 [FXGL Background Thread 1 ] DEBUG TilesetLoader        - Writing to buffer: dst=840,630, w=70,h=70, src=504,576
19:35:46.718 [FXGL Background Thread 1 ] DEBUG TilesetLoader        - Writing to buffer: dst=910,630, w=70,h=70, src=504,576
19:35:46.718 [FXGL Background Thread 1 ] DEBUG TilesetLoader        - Writing to buffer: dst=980,630, w=70,h=70, src=504,504
19:35:46.719 [FXGL Background Thread 1 ] DEBUG TMXLevelLoader       - Creating object layer entities
19:35:46.855 [FXGL Background Thread 1 ] DEBUG FXGLAssetLoaderServi - Loading from file system: jar:file:/C:/Users/isyoh/Documents/%c3%a9cole/Object%20oriented%20program/Cours/MusicAdventure/out/artifacts/MusicAdventure_jar/MusicAdventure.jar!/assets/textures/C(Do).png
19:35:46.874 [FXGL Background Thread 1 ] DEBUG FXGLAssetLoaderServi - Loading from file system: jar:file:/C:/Users/isyoh/Documents/%c3%a9cole/Object%20oriented%20program/Cours/MusicAdventure/out/artifacts/MusicAdventure_jar/MusicAdventure.jar!/assets/textures/E(Mi).png
19:35:46.886 [FXGL Background Thread 1 ] DEBUG FXGLAssetLoaderServi - Loading from file system: jar:file:/C:/Users/isyoh/Documents/%c3%a9cole/Object%20oriented%20program/Cours/MusicAdventure/out/artifacts/MusicAdventure_jar/MusicAdventure.jar!/assets/textures/G(Sol).png
19:35:46.891 [FXGL Background Thread 1 ] DEBUG GameWorld            - Clearing removable entities
19:35:46.893 [FXGL Background Thread 1 ] DEBUG GameWorld            - Setting level: com.almasb.fxgl.entity.level.Level@5edb4967
19:35:46.972 [FXGL Background Thread 1 ] DEBUG FXGLAssetLoaderServi - Loading from file system: jar:file:/C:/Users/isyoh/Documents/%c3%a9cole/Object%20oriented%20program/Cours/MusicAdventure/out/artifacts/MusicAdventure_jar/MusicAdventure.jar!/assets/textures/background/proj.png
19:35:47.023 [FXGL Background Thread 4 ] DEBUG FXGLAssetLoaderServi - Loading from file system: jar:file:/C:/Users/isyoh/Documents/%c3%a9cole/Object%20oriented%20program/Cours/MusicAdventure/out/artifacts/MusicAdventure_jar/MusicAdventure.jar!/fxglassets/ui/fonts/Courier-Prime.ttf
19:35:47.085 [FXGL Background Thread 2 ] INFO  UpdaterService       - Your current version:  11.14
19:35:47.086 [FXGL Background Thread 2 ] INFO  UpdaterService       - Latest stable version: 11.15
19:35:47.163 [FXGL Background Thread 1 ] INFO  FXGLApplication      - Game initialization took: 0,767 sec
19:35:47.169 [JavaFX Application Thread] DEBUG Input                - Clearing active input actions
19:35:47.197 [JavaFX Application Thread] DEBUG GameApplicationServi - Removing overlay from BetterLoadingScene and adding to GameScene
19:35:47.199 [JavaFX Application Thread] DEBUG PrimaryStageWindow   - BetterLoadingScene -> GameScene
19:35:47.259 [JavaFX Application Thread] DEBUG FXGLApplication      - Registering font factories with UI factory
19:35:48.666 [JavaFX Application Thread] DEBUG FXGLAssetLoaderServi - Loading from file system: jar:file:/C:/Users/isyoh/Documents/%c3%a9cole/Object%20oriented%20program/Cours/MusicAdventure/out/artifacts/MusicAdventure_jar/MusicAdventure.jar!/assets/sounds/jump.wav
19:35:48.740 [FXGL Background Thread 3 ] DEBUG Engine               - Logging environment variables
19:35:48.741 [JavaFX Application Thread] DEBUG PrimaryStageWindow   - Push state: DialogSubScene
19:35:48.742 [JavaFX Application Thread] DEBUG Input                - Clearing active input actions
19:35:48.743 [FXGL Background Thread 3 ] DEBUG Engine               - achievements: []
19:35:48.743 [FXGL Background Thread 3 ] DEBUG Engine               - actualHeight: 679.0
19:35:48.744 [FXGL Background Thread 3 ] DEBUG Engine               - actualHeightProperty: ReadOnlyDoubleProperty [value: 679.0]
19:35:48.745 [FXGL Background Thread 3 ] DEBUG Engine               - actualWidth: 1183.0
19:35:48.746 [FXGL Background Thread 3 ] DEBUG Engine               - actualWidthProperty: ReadOnlyDoubleProperty [value: 1183.0]
19:35:48.746 [FXGL Background Thread 3 ] DEBUG Engine               - appIcon: fxgl_icon.png
19:35:48.747 [FXGL Background Thread 3 ] DEBUG Engine               - applicationMode: DEVELOPER
19:35:48.748 [FXGL Background Thread 3 ] DEBUG Engine               - cSSList: [fxgl_dark.css]
19:35:48.748 [FXGL Background Thread 3 ] DEBUG Engine               - collisionDetectionStrategy: BRUTE_FORCE
19:35:48.749 [FXGL Background Thread 3 ] DEBUG Engine               - configClass: Optional.empty
19:35:48.750 [FXGL Background Thread 3 ] DEBUG Engine               - credits: []
19:35:48.764 [JavaFX Application Thread] DEBUG GameApplicationServi - Removing overlay from GameScene and adding to DialogSubScene
19:35:48.765 [FXGL Background Thread 3 ] DEBUG Engine               - devBBoxColorProperty: ObjectProperty [value: 0xff0000ff]
19:35:48.765 [JavaFX Application Thread] DEBUG PrimaryStageWindow   - GameScene -> DialogSubScene
19:35:48.765 [FXGL Background Thread 3 ] DEBUG Engine               - devEnableDebugCameraProperty: BooleanProperty [value: false]
19:35:48.767 [FXGL Background Thread 3 ] DEBUG Engine               - devSensorColorProperty: ObjectProperty [value: 0xffff00ff]
19:35:48.767 [FXGL Background Thread 3 ] DEBUG Engine               - devShowBBoxProperty: BooleanProperty [value: false]
19:35:48.768 [FXGL Background Thread 3 ] DEBUG Engine               - devShowPositionProperty: BooleanProperty [value: false]
19:35:48.769 [FXGL Background Thread 3 ] DEBUG Engine               - enabledMenuItems: []
19:35:48.769 [FXGL Background Thread 3 ] DEBUG Engine               - engineServices: [class com.almasb.fxgl.app.services.FXGLAssetLoaderService, class com.almasb.fxgl.app.FXGLApplication$GameApplicationService, class com.almasb.fxgl.app.services.FXGLDialogService, class com.almasb.fxgl.app.services.IOTaskExecutorService, class com.almasb.fxgl.event.EventBusService, class com.almasb.fxgl.io.FileSystemService, class com.almasb.fxgl.localization.LocalizationService, class com.almasb.fxgl.app.services.SystemBundleService, class com.almasb.fxgl.profile.SaveLoadService, class com.almasb.fxgl.ui.FXGLUIFactoryServiceProvider, class com.almasb.fxgl.ui.FXGLDialogFactoryServiceProvider, class com.almasb.fxgl.audio.AudioPlayer, class com.almasb.fxgl.notification.impl.NotificationServiceProvider, class com.almasb.fxgl.achievement.AchievementService, class com.almasb.fxgl.cutscene.CutsceneService, class com.almasb.fxgl.minigames.MiniGameService, class com.almasb.fxgl.net.NetService, class com.almasb.fxgl.app.services.UpdaterService, class com.almasb.fxgl.dev.DevService]
19:35:48.770 [FXGL Background Thread 3 ] DEBUG Engine               - fontGame: Abel-Regular.ttf
19:35:48.771 [FXGL Background Thread 3 ] DEBUG Engine               - fontMono: lucida_console.ttf
19:35:48.772 [FXGL Background Thread 3 ] DEBUG Engine               - fontText: Courier-Prime.ttf
19:35:48.772 [FXGL Background Thread 3 ] DEBUG Engine               - fontUI: VarelaRound-Regular.ttf
19:35:48.773 [FXGL Background Thread 3 ] DEBUG Engine               - fullScreen: BooleanProperty [value: false]
19:35:48.774 [FXGL Background Thread 3 ] DEBUG Engine               - gameDifficulty: MEDIUM
19:35:48.781 [FXGL Background Thread 3 ] DEBUG Engine               - gameDifficultyProperty: ObjectProperty [value: MEDIUM]
19:35:48.783 [FXGL Background Thread 3 ] DEBUG Engine               - globalMusicVolume: 0.5
19:35:48.784 [FXGL Background Thread 3 ] DEBUG Engine               - globalMusicVolumeProperty: DoubleProperty [value: 0.08]
19:35:48.784 [FXGL Background Thread 3 ] DEBUG Engine               - globalSoundVolume: 0.5
19:35:48.785 [FXGL Background Thread 3 ] DEBUG Engine               - globalSoundVolumeProperty: DoubleProperty [value: 1.0]
19:35:48.786 [FXGL Background Thread 3 ] DEBUG Engine               - height: 720
19:35:48.786 [FXGL Background Thread 3 ] DEBUG Engine               - isAndroid: false
19:35:48.787 [FXGL Background Thread 3 ] DEBUG Engine               - isBrowser: false
19:35:48.787 [FXGL Background Thread 3 ] DEBUG Engine               - isClickFeedbackEnabled: false
19:35:48.788 [FXGL Background Thread 3 ] DEBUG Engine               - isCloseConfirmation: false
19:35:48.788 [FXGL Background Thread 3 ] DEBUG Engine               - isDesktop: true
19:35:48.789 [FXGL Background Thread 3 ] DEBUG Engine               - isDeveloperMenuEnabled: false
19:35:48.789 [FXGL Background Thread 3 ] DEBUG Engine               - isEntityPreloadEnabled: true
19:35:48.790 [FXGL Background Thread 3 ] DEBUG Engine               - isExperimental3D: false
19:35:48.790 [FXGL Background Thread 3 ] DEBUG Engine               - isExperimentalNative: false
19:35:48.794 [FXGL Background Thread 3 ] DEBUG Engine               - isExperimentalTiledLargeMap: false
19:35:48.795 [FXGL Background Thread 3 ] DEBUG Engine               - isFileSystemWriteAllowed: true
19:35:48.795 [FXGL Background Thread 3 ] DEBUG Engine               - isFullScreenAllowed: false
19:35:48.796 [FXGL Background Thread 3 ] DEBUG Engine               - isFullScreenFromStart: false
19:35:48.796 [FXGL Background Thread 3 ] DEBUG Engine               - isGameMenuEnabled: true
19:35:48.797 [FXGL Background Thread 3 ] DEBUG Engine               - isIOS: false
19:35:48.797 [FXGL Background Thread 3 ] DEBUG Engine               - isIntroEnabled: false
19:35:48.797 [FXGL Background Thread 3 ] DEBUG Engine               - isLinux: false
19:35:48.798 [FXGL Background Thread 3 ] DEBUG Engine               - isMac: false
19:35:48.798 [FXGL Background Thread 3 ] DEBUG Engine               - isMainMenuEnabled: false
19:35:48.798 [FXGL Background Thread 3 ] DEBUG Engine               - isManualResizeEnabled: false
19:35:48.799 [FXGL Background Thread 3 ] DEBUG Engine               - isMobile: false
19:35:48.799 [FXGL Background Thread 3 ] DEBUG Engine               - isPreserveResizeRatio: false
19:35:48.799 [FXGL Background Thread 3 ] DEBUG Engine               - isProfilingEnabled: false
19:35:48.800 [FXGL Background Thread 3 ] DEBUG Engine               - isScaleAffectedOnResize: true
19:35:48.802 [FXGL Background Thread 3 ] DEBUG Engine               - isSingleStep: false
19:35:48.803 [FXGL Background Thread 3 ] DEBUG Engine               - isUserProfileEnabled: false
19:35:48.803 [FXGL Background Thread 3 ] DEBUG Engine               - isWindows: true
19:35:48.803 [FXGL Background Thread 3 ] DEBUG Engine               - language: ObjectProperty [value: ENGLISH]
19:35:48.803 [FXGL Background Thread 3 ] DEBUG Engine               - menuKey: ESCAPE
19:35:48.804 [FXGL Background Thread 3 ] DEBUG Engine               - notificationViewClass: class com.almasb.fxgl.notification.view.XboxNotificationView
19:35:48.804 [FXGL Background Thread 3 ] DEBUG Engine               - pixelsPerMeter: 50.0
19:35:48.804 [FXGL Background Thread 3 ] DEBUG Engine               - platform: WINDOWS
19:35:48.805 [FXGL Background Thread 3 ] DEBUG Engine               - prefHeightProperty: ReadOnlyDoubleProperty [value: 720.0]
19:35:48.805 [FXGL Background Thread 3 ] DEBUG Engine               - prefWidthProperty: ReadOnlyDoubleProperty [value: 1280.0]
19:35:48.805 [FXGL Background Thread 3 ] DEBUG Engine               - profileDir: profiles/
19:35:48.806 [FXGL Background Thread 3 ] DEBUG Engine               - profileName: StringProperty [value: DEFAULT]
19:35:48.806 [FXGL Background Thread 3 ] DEBUG Engine               - randomSeed: -1
19:35:48.806 [FXGL Background Thread 3 ] DEBUG Engine               - runtimeInfo: RuntimeInfo(platform=WINDOWS, version=11.14, build=01.03.2021 16.59)
19:35:48.806 [FXGL Background Thread 3 ] DEBUG Engine               - saveFileExt: sav
19:35:48.807 [FXGL Background Thread 3 ] DEBUG Engine               - scaledHeightProp$fxgl: DoubleProperty [bound, value: 679.0]
19:35:48.808 [FXGL Background Thread 3 ] DEBUG Engine               - scaledWidthProp$fxgl: DoubleProperty [bound, value: 1183.0]
19:35:48.808 [FXGL Background Thread 3 ] DEBUG Engine               - sceneFactory: Main.App$1@7f1f7d62
19:35:48.809 [FXGL Background Thread 3 ] DEBUG Engine               - secondsIn24h: 60
19:35:48.809 [FXGL Background Thread 3 ] DEBUG Engine               - soundMenuBack: menu/back.wav
19:35:48.809 [FXGL Background Thread 3 ] DEBUG Engine               - soundMenuPress: menu/press.wav
19:35:48.809 [FXGL Background Thread 3 ] DEBUG Engine               - soundMenuSelect: menu/select.wav
19:35:48.810 [FXGL Background Thread 3 ] DEBUG Engine               - soundNotification: core/notification.wav
19:35:48.810 [FXGL Background Thread 3 ] DEBUG Engine               - stageStyle: DECORATED
19:35:48.810 [FXGL Background Thread 3 ] DEBUG Engine               - supportedLanguages: [ENGLISH, FRENCH, GERMAN, HUNGARIAN, RUSSIAN]
19:35:48.810 [FXGL Background Thread 3 ] DEBUG Engine               - ticksPerSecond: -1
19:35:48.811 [FXGL Background Thread 3 ] DEBUG Engine               - title: Game 1 Let's go
19:35:48.811 [FXGL Background Thread 3 ] DEBUG Engine               - urlGithub: https://github.com/AlmasB/FXGL
19:35:48.811 [FXGL Background Thread 3 ] DEBUG Engine               - urlLeaderboard: http://fxgl-top.herokuapp.com/
19:35:48.812 [FXGL Background Thread 3 ] DEBUG Engine               - urlPOM: https://raw.githubusercontent.com/AlmasB/FXGL/release/README.md
19:35:48.812 [FXGL Background Thread 3 ] DEBUG Engine               - userAppClass: class Main.App
19:35:48.812 [FXGL Background Thread 3 ] DEBUG Engine               - version: 1.0
19:35:48.818 [FXGL Background Thread 3 ] DEBUG Engine               - versionCheckDays: 7
19:35:48.819 [FXGL Background Thread 3 ] DEBUG Engine               - width: 1280
19:35:48.819 [FXGL Background Thread 3 ] DEBUG Engine               - Logging services
19:35:48.819 [FXGL Background Thread 3 ] DEBUG Engine               - class com.almasb.fxgl.app.services.FXGLAssetLoaderService
19:35:48.820 [FXGL Background Thread 3 ] DEBUG Engine               - class com.almasb.fxgl.app.FXGLApplication$GameApplicationService
19:35:48.820 [FXGL Background Thread 3 ] DEBUG Engine               - class com.almasb.fxgl.app.services.FXGLDialogService
19:35:48.821 [FXGL Background Thread 3 ] DEBUG Engine               - class com.almasb.fxgl.app.services.IOTaskExecutorService
19:35:48.821 [FXGL Background Thread 3 ] DEBUG Engine               - class com.almasb.fxgl.event.EventBusService
19:35:48.821 [FXGL Background Thread 3 ] DEBUG Engine               - class com.almasb.fxgl.io.FileSystemService
19:35:48.822 [FXGL Background Thread 3 ] DEBUG Engine               - class com.almasb.fxgl.localization.LocalizationService
19:35:48.822 [FXGL Background Thread 3 ] DEBUG Engine               - class com.almasb.fxgl.app.services.SystemBundleService
19:35:48.822 [FXGL Background Thread 3 ] DEBUG Engine               - class com.almasb.fxgl.profile.SaveLoadService
19:35:48.823 [FXGL Background Thread 3 ] DEBUG Engine               - class com.almasb.fxgl.ui.FXGLUIFactoryServiceProvider
19:35:48.823 [FXGL Background Thread 3 ] DEBUG Engine               - class com.almasb.fxgl.ui.FXGLDialogFactoryServiceProvider
19:35:48.823 [FXGL Background Thread 3 ] DEBUG Engine               - class com.almasb.fxgl.audio.AudioPlayer
19:35:48.826 [FXGL Background Thread 3 ] DEBUG Engine               - class com.almasb.fxgl.notification.impl.NotificationServiceProvider
19:35:48.826 [FXGL Background Thread 3 ] DEBUG Engine               - class com.almasb.fxgl.achievement.AchievementService
19:35:48.826 [FXGL Background Thread 3 ] DEBUG Engine               - class com.almasb.fxgl.cutscene.CutsceneService
19:35:48.827 [FXGL Background Thread 3 ] DEBUG Engine               - class com.almasb.fxgl.minigames.MiniGameService
19:35:48.827 [FXGL Background Thread 3 ] DEBUG Engine               - class com.almasb.fxgl.net.NetService
19:35:48.832 [FXGL Background Thread 3 ] DEBUG Engine               - class com.almasb.fxgl.app.services.UpdaterService
19:35:48.832 [FXGL Background Thread 3 ] DEBUG Engine               - class com.almasb.fxgl.dev.DevService
19:35:50.022 [JavaFX Application Thread] DEBUG PrimaryStageWindow   - Pop state: DialogSubScene
19:35:50.022 [JavaFX Application Thread] DEBUG Input                - Clearing active input actions
19:35:50.023 [JavaFX Application Thread] DEBUG GameApplicationServi - Removing overlay from DialogSubScene and adding to GameScene
19:35:50.023 [JavaFX Application Thread] DEBUG PrimaryStageWindow   - GameScene <- DialogSubScene
19:35:51.675 [JavaFX Application Thread] DEBUG FXGLApplication      - Exiting FXGL
19:35:51.676 [JavaFX Application Thread] DEBUG LoopRunner           - Stopping loop
19:35:51.676 [JavaFX Application Thread] DEBUG SystemBundleService  - Saving FXGL system data
19:35:51.680 [JavaFX Application Thread] DEBUG FileSystemAccess     - Writing to: C:\Users\isyoh\Documents\école\Object oriented program\Cours\MusicAdventure\out\artifacts\MusicAdventure_jar\system\fxgl.bundle
19:35:51.683 [JavaFX Application Thread] DEBUG Async                - Shutting down background threads
19:35:51.683 [JavaFX Application Thread] DEBUG PrimaryStageWindow   - Closing main window
19:35:51.705 [JavaFX Application Thread] DEBUG Logger               - Closing Logger
