20:31:52.732 [main                     ] DEBUG Logger               - Configured Logger
20:31:52.751 [main                     ] DEBUG GameApplication      - Logging settings
Title: Game 1 Let's go
Version: 1.0
Width: 1280
Height: 720
Fullscreen: false
Intro: false
Profiling: false
Single step:false
App Mode: DEVELOPER
Menu Key: ESCAPE
Stage Style: DECORATED
Scene Factory: class Main.App$1

20:31:53.625 [JavaFX Application Thread] DEBUG FXGLApplication      - Initializing FXGL
20:31:53.628 [JavaFX Application Thread] INFO  Engine               - FXGL-11.14 (01.03.2021 16.59) on WINDOWS (J:15.0.2 FX:15)
20:31:53.628 [JavaFX Application Thread] DEBUG Engine               - JRE Vendor Name: Oracle Corporation
20:31:53.629 [JavaFX Application Thread] DEBUG Engine               - Running on OS: Windows 10 version 10.0
20:31:53.629 [JavaFX Application Thread] DEBUG Engine               - Architecture: amd64
20:31:53.630 [JavaFX Application Thread] INFO  Engine               - Source code and latest versions at: https://github.com/AlmasB/FXGL
20:31:53.630 [JavaFX Application Thread] INFO  Engine               -              Join the FXGL chat at: https://gitter.im/AlmasB/FXGL
20:31:53.803 [JavaFX Application Thread] DEBUG PrimaryStageWindow   - Creating a JavaFX scene
20:31:53.803 [JavaFX Application Thread] DEBUG PrimaryStageWindow   - Target size > screen size
20:31:53.898 [JavaFX Application Thread] DEBUG PrimaryStageWindow   - Target settings size: 1280.0 x 720.0
20:31:53.899 [JavaFX Application Thread] DEBUG PrimaryStageWindow   - Scaled scene size:    1183.0 x 679.0
20:31:53.900 [JavaFX Application Thread] DEBUG PrimaryStageWindow   - Scaled ratio: (0.92421875, 0.9430555555555555)
20:31:53.903 [JavaFX Application Thread] DEBUG PrimaryStageWindow   - Set initial scene to FXGLStartupScene
20:31:53.912 [JavaFX Application Thread] DEBUG PrimaryStageWindow   - Opening main window
20:31:54.151 [JavaFX Application Thread] DEBUG PrimaryStageWindow   - Window border size: (15.0, 37.66668701171875)
20:31:54.151 [JavaFX Application Thread] DEBUG PrimaryStageWindow   - Scaled size: 1183.0 x 679.0
20:31:54.152 [JavaFX Application Thread] DEBUG PrimaryStageWindow   - Scaled ratio: (0.92421875, 0.9430555555555555)
20:31:54.152 [JavaFX Application Thread] DEBUG PrimaryStageWindow   - Scene size: 1183.0 x 679.0
20:31:54.152 [JavaFX Application Thread] DEBUG PrimaryStageWindow   - Stage size: 1198.0 x 716.6666870117188
20:31:54.222 [FXGL Background Thread 1 ] DEBUG Engine               - Initializing environment variables
20:31:54.296 [FXGL Background Thread 1 ] DEBUG FXGLAssetLoaderServi - User app class for loading assets: class Main.App
20:31:54.297 [FXGL Background Thread 1 ] DEBUG GameApplicationServi - Applying CSS: fxgl_dark.css
20:31:54.298 [FXGL Background Thread 1 ] DEBUG FXGLAssetLoaderServi - Loading from file system: jar:file:///C:/Users/isyoh/.m2/repository/com/github/almasb/fxgl/11.14/fxgl-11.14.jar!/fxglassets/ui/css/fxgl_dark.css
20:31:54.401 [FXGL Background Thread 1 ] DEBUG GameApplicationServi - Initializing application scenes
20:31:54.579 [FXGL Background Thread 1 ] DEBUG FXGLAssetLoaderServi - Loading from file system: file:/C:/Users/isyoh/Documents/école/Object%20oriented%20program/Cours/MusicAdventure/target/classes/assets/textures/player.png
20:31:54.630 [FXGL Background Thread 1 ] DEBUG GameWorld            - Game world initialized
20:31:54.706 [FXGL Background Thread 1 ] DEBUG PhysicsWorld         - Physics world initialized: appHeight=720, physics.ppm=50,0
20:31:54.707 [FXGL Background Thread 1 ] DEBUG PhysicsWorld         - Using strategy: BRUTE_FORCE
20:31:54.711 [FXGL Background Thread 1 ] DEBUG GameScene            - Game scene initialized: 1280x720
20:31:54.737 [FXGL Background Thread 1 ] DEBUG FXGLAssetLoaderServi - Loading from file system: jar:file:///C:/Users/isyoh/.m2/repository/com/github/almasb/fxgl/11.14/fxgl-11.14.jar!/fxglassets/textures/particles/trace_horizontal.png
20:31:54.813 [FXGL Background Thread 1 ] DEBUG FXGL.DefaultMenu     - createMenuBodyGameMenu()
20:31:54.844 [FXGL Background Thread 1 ] DEBUG FXGL.DefaultMenu     - createOptionsMenu()
20:31:54.854 [FXGL Background Thread 1 ] DEBUG FXGLAssetLoaderServi - Loading from file system: jar:file:///C:/Users/isyoh/.m2/repository/com/github/almasb/fxgl/11.14/fxgl-11.14.jar!/fxglassets/textures/particles/smoke.png
20:31:54.984 [FXGL Background Thread 1 ] DEBUG GameApplicationServi - Application scenes initialized
20:31:54.999 [FXGL Background Thread 1 ] DEBUG SystemBundleService  - Loading FXGL system data
20:31:55.007 [FXGL Background Thread 1 ] DEBUG FileSystemAccess     - Reading from: C:\Users\isyoh\Documents\école\Object oriented program\Cours\MusicAdventure\system\fxgl.bundle
20:31:55.017 [FXGL Background Thread 1 ] DEBUG SystemBundleService  - Bundle FXGL: {}
20:31:55.017 [FXGL Background Thread 1 ] DEBUG UpdaterService       - Checking for updates
20:31:55.023 [FXGL Background Thread 1 ] DEBUG FXGLApplication      - Loading default localization
20:31:55.023 [FXGL Background Thread 4 ] DEBUG FXGLApplication      - Loading fonts
20:31:55.024 [FXGL Background Thread 4 ] DEBUG FXGLAssetLoaderServi - Loading from file system: jar:file:///C:/Users/isyoh/.m2/repository/com/github/almasb/fxgl/11.14/fxgl-11.14.jar!/fxglassets/ui/fonts/VarelaRound-Regular.ttf
20:31:55.025 [FXGL Background Thread 1 ] DEBUG FXGLAssetLoaderServi - Loading from file system: jar:file:///C:/Users/isyoh/.m2/repository/com/github/almasb/fxgl/11.14/fxgl-11.14.jar!/fxglassets/languages/english.lang
20:31:55.049 [FXGL Background Thread 1 ] INFO  FXGLApplication      - FXGL initialization took: 0,827 sec
20:31:55.066 [JavaFX Application Thread] DEBUG Input                - Registered new binding: Left - Left
20:31:55.066 [JavaFX Application Thread] DEBUG Input                - Registered new binding: Right - Right
20:31:55.067 [JavaFX Application Thread] DEBUG Input                - Registered new binding: Jump - Up
20:31:55.067 [JavaFX Application Thread] DEBUG Input                - Registered new binding: WhistleA - 1
20:31:55.068 [JavaFX Application Thread] DEBUG Input                - Registered new binding: WhistleB - 2
20:31:55.068 [JavaFX Application Thread] DEBUG Input                - Registered new binding: WhistleC - 3
20:31:55.069 [JavaFX Application Thread] DEBUG Input                - Registered new binding: WhistleD - 4
20:31:55.069 [JavaFX Application Thread] DEBUG Input                - Registered new binding: WhistleE - 5
20:31:55.070 [JavaFX Application Thread] DEBUG Input                - Registered new binding: WhistleF - 6
20:31:55.070 [JavaFX Application Thread] DEBUG Input                - Registered new binding: WhistleG - 7
20:31:55.071 [JavaFX Application Thread] DEBUG Input                - Registered new binding: Use - E
20:31:55.072 [JavaFX Application Thread] DEBUG FXGLAssetLoaderServi - Loading from file system: file:/C:/Users/isyoh/Documents/école/Object%20oriented%20program/Cours/MusicAdventure/target/classes/assets/music/BGM_dash_runner.wav
20:31:55.569 [FXGL Background Thread 4 ] DEBUG FXGLAssetLoaderServi - Loading from file system: jar:file:///C:/Users/isyoh/.m2/repository/com/github/almasb/fxgl/11.14/fxgl-11.14.jar!/fxglassets/ui/fonts/Abel-Regular.ttf
20:31:55.600 [JavaFX Application Thread] DEBUG AudioPlayer          - Playing music com.almasb.fxgl.audio.Music@433f42a8
20:31:55.603 [JavaFX Application Thread] DEBUG FXGLAssetLoaderServi - Loading from file system: jar:file:///C:/Users/isyoh/.m2/repository/com/github/almasb/fxgl/11.14/fxgl-11.14.jar!/fxglassets/textures/fxgl_icon.png
20:31:55.636 [FXGL Background Thread 4 ] DEBUG FXGLAssetLoaderServi - Loading from file system: jar:file:///C:/Users/isyoh/.m2/repository/com/github/almasb/fxgl/11.14/fxgl-11.14.jar!/fxglassets/ui/fonts/lucida_console.ttf
20:31:55.664 [JavaFX Application Thread] DEBUG FXGLAssetLoaderServi - Loading from file system: jar:file:///C:/Users/isyoh/.m2/repository/com/github/almasb/fxgl/11.14/fxgl-11.14.jar!/fxglassets/ui/cursors/fxgl_default.png
20:31:55.678 [JavaFX Application Thread] DEBUG Input                - Registered new binding: Screenshot - P
20:31:55.681 [JavaFX Application Thread] DEBUG Input                - Registered new binding: System info dump - CTRL+9
20:31:55.686 [JavaFX Application Thread] DEBUG Input                - Registered new binding: Restart - CTRL+R
20:31:55.687 [JavaFX Application Thread] DEBUG Input                - Registered new binding: Toggle Debug Camera - CTRL+C
20:31:55.692 [JavaFX Application Thread] DEBUG LoopRunner           - Starting loop
20:31:55.692 [JavaFX Application Thread] DEBUG LoopRunner           - Initializing JavaFX AnimationTimerLoop
20:31:55.695 [JavaFX Application Thread] DEBUG GameApplicationServi - Starting new game
20:31:55.698 [JavaFX Application Thread] DEBUG Input                - Clearing active input actions
20:31:55.721 [JavaFX Application Thread] DEBUG GameApplicationServi - Removing overlay from FXGLStartupScene and adding to BetterLoadingScene
20:31:55.722 [JavaFX Application Thread] DEBUG PrimaryStageWindow   - FXGLStartupScene -> BetterLoadingScene
20:31:55.722 [JavaFX Application Thread] DEBUG GameApplicationServi - Clearing previous game
20:31:55.722 [JavaFX Application Thread] DEBUG GameScene            - Clearing game scene
20:31:55.723 [JavaFX Application Thread] DEBUG GameWorld            - Clearing game world
20:31:55.723 [JavaFX Application Thread] DEBUG PhysicsWorld         - Clearing physics world
20:31:55.724 [FXGL Background Thread 1 ] DEBUG FXGLApplication      - Initializing game
20:31:55.826 [FXGL Background Thread 4 ] DEBUG FXGLAssetLoaderServi - Loading from file system: jar:file:///C:/Users/isyoh/.m2/repository/com/github/almasb/fxgl/11.14/fxgl-11.14.jar!/fxglassets/ui/fonts/Courier-Prime.ttf
20:31:55.882 [FXGL Background Thread 1 ] DEBUG TMXLevelLoader       - Parsed raw map: TiledMap(width=15, height=10, tilewidth=70, tileheight=70, orientation=orthogonal, layers=[Layer(width=15, height=10, name=Tile Layer 1, type=tilelayer, visible=false, x=0, y=0, data=[0, 0, 0, 0, 0, 0, 0, 0, 0, 0, 0, 0, 0, 0, 0, 0, 0, 0, 0, 0, 0, 0, 0, 0, 0, 0, 0, 0, 0, 0, 0, 0, 0, 0, 0, 0, 0, 0, 0, 0, 0, 0, 0, 0, 0, 0, 0, 0, 0, 0, 0, 0, 0, 0, 0, 0, 0, 0, 0, 0, 0, 0, 0, 0, 0, 0, 0, 0, 0, 0, 0, 0, 0, 0, 0, 0, 0, 0, 0, 0, 0, 0, 0, 0, 0, 0, 0, 0, 0, 0, 0, 0, 0, 0, 0, 0, 0, 0, 0, 0, 0, 0, 0, 0, 0, 0, 0, 0, 0, 0, 0, 0, 0, 0, 0, 0, 0, 0, 0, 0, 0, 0, 0, 0, 0, 0, 69, 57, 45, 0, 0, 0, 0, 0, 0, 116, 104, 104, 104, 104, 104, 104, 104, 104, 104, 104, 104, 104, 104, 92], objects=[], opacity=0.0, draworder=), Layer(width=0, height=0, name=Object Layer 1, type=objectgroup, visible=false, x=0, y=0, data=[], objects=[com.almasb.fxgl.entity.level.tiled.TiledObject@70e5194f, com.almasb.fxgl.entity.level.tiled.TiledObject@1f28779c, com.almasb.fxgl.entity.level.tiled.TiledObject@517de3e2, com.almasb.fxgl.entity.level.tiled.TiledObject@db7a375, com.almasb.fxgl.entity.level.tiled.TiledObject@55c0fced, com.almasb.fxgl.entity.level.tiled.TiledObject@908e55e], opacity=0.0, draworder=)], tilesets=[Tileset(firstgid=1, image=tiles_spritesheet.png, name=tiles_spritesheet, tilewidth=70, tileheight=70, imagewidth=914, imageheight=936, margin=0, spacing=2, columns=12, tilecount=156, transparentcolor=, tiles=[])], backgroundcolor=, renderorder=right-down, nextobjectid=22, version=1, tiledversion=1.2.3, type=map, infinite=false, hexsidelength=0, staggeraxis=, staggerindex=, properties={star1time=7.0}, propertytypes={star1time=float})
20:31:55.886 [FXGL Background Thread 1 ] DEBUG TMXLevelLoader       - Creating tile layer entities
20:31:55.887 [FXGL Background Thread 1 ] DEBUG TilesetLoader        - Loading view for layer Tile Layer 1
20:31:55.910 [FXGL Background Thread 1 ] DEBUG TilesetLoader        - Created buffer with size 1050.0x700.0
20:31:56.016 [FXGL Background Thread 1 ] DEBUG TilesetLoader        - Writing to buffer: dst=420,560, w=70,h=70, src=576,360
20:31:56.016 [FXGL Background Thread 1 ] DEBUG TilesetLoader        - Writing to buffer: dst=490,560, w=70,h=70, src=576,288
20:31:56.026 [FXGL Background Thread 1 ] DEBUG TilesetLoader        - Writing to buffer: dst=560,560, w=70,h=70, src=576,216
20:31:56.028 [FXGL Background Thread 2 ] INFO  UpdaterService       - Your current version:  11.14
20:31:56.028 [FXGL Background Thread 2 ] INFO  UpdaterService       - Latest stable version: 11.15
20:31:56.028 [FXGL Background Thread 1 ] DEBUG TilesetLoader        - Writing to buffer: dst=0,630, w=70,h=70, src=504,648
20:31:56.029 [FXGL Background Thread 1 ] DEBUG TilesetLoader        - Writing to buffer: dst=70,630, w=70,h=70, src=504,576
20:31:56.030 [FXGL Background Thread 1 ] DEBUG TilesetLoader        - Writing to buffer: dst=140,630, w=70,h=70, src=504,576
20:31:56.030 [FXGL Background Thread 1 ] DEBUG TilesetLoader        - Writing to buffer: dst=210,630, w=70,h=70, src=504,576
20:31:56.030 [FXGL Background Thread 1 ] DEBUG TilesetLoader        - Writing to buffer: dst=280,630, w=70,h=70, src=504,576
20:31:56.030 [FXGL Background Thread 1 ] DEBUG TilesetLoader        - Writing to buffer: dst=350,630, w=70,h=70, src=504,576
20:31:56.031 [FXGL Background Thread 1 ] DEBUG TilesetLoader        - Writing to buffer: dst=420,630, w=70,h=70, src=504,576
20:31:56.033 [FXGL Background Thread 1 ] DEBUG TilesetLoader        - Writing to buffer: dst=490,630, w=70,h=70, src=504,576
20:31:56.040 [FXGL Background Thread 1 ] DEBUG TilesetLoader        - Writing to buffer: dst=560,630, w=70,h=70, src=504,576
20:31:56.040 [FXGL Background Thread 1 ] DEBUG TilesetLoader        - Writing to buffer: dst=630,630, w=70,h=70, src=504,576
20:31:56.040 [FXGL Background Thread 1 ] DEBUG TilesetLoader        - Writing to buffer: dst=700,630, w=70,h=70, src=504,576
20:31:56.041 [FXGL Background Thread 1 ] DEBUG TilesetLoader        - Writing to buffer: dst=770,630, w=70,h=70, src=504,576
20:31:56.041 [FXGL Background Thread 1 ] DEBUG TilesetLoader        - Writing to buffer: dst=840,630, w=70,h=70, src=504,576
20:31:56.041 [FXGL Background Thread 1 ] DEBUG TilesetLoader        - Writing to buffer: dst=910,630, w=70,h=70, src=504,576
20:31:56.042 [FXGL Background Thread 1 ] DEBUG TilesetLoader        - Writing to buffer: dst=980,630, w=70,h=70, src=504,504
20:31:56.043 [FXGL Background Thread 1 ] DEBUG TMXLevelLoader       - Creating object layer entities
20:31:56.083 [FXGL Background Thread 1 ] DEBUG GameWorld            - Clearing removable entities
20:31:56.083 [FXGL Background Thread 1 ] DEBUG GameWorld            - Setting level: com.almasb.fxgl.entity.level.Level@6e24368f
20:31:56.109 [JavaFX Application Thread] DEBUG FXGLApplication      - Registering font factories with UI factory
20:31:56.142 [FXGL Background Thread 1 ] DEBUG FXGLAssetLoaderServi - Loading from file system: file:/C:/Users/isyoh/Documents/école/Object%20oriented%20program/Cours/MusicAdventure/target/classes/assets/textures/background/proj.png
20:31:56.235 [FXGL Background Thread 1 ] INFO  FXGLApplication      - Game initialization took: 0,510 sec
20:31:56.237 [JavaFX Application Thread] DEBUG Input                - Clearing active input actions
20:31:56.257 [JavaFX Application Thread] DEBUG GameApplicationServi - Removing overlay from BetterLoadingScene and adding to GameScene
20:31:56.258 [JavaFX Application Thread] DEBUG PrimaryStageWindow   - BetterLoadingScene -> GameScene
20:31:57.344 [JavaFX Application Thread] DEBUG PrimaryStageWindow   - Push state: DialogSubScene
20:31:57.345 [JavaFX Application Thread] DEBUG Input                - Clearing active input actions
20:31:57.356 [JavaFX Application Thread] DEBUG GameApplicationServi - Removing overlay from GameScene and adding to DialogSubScene
20:31:57.359 [JavaFX Application Thread] DEBUG PrimaryStageWindow   - GameScene -> DialogSubScene
20:31:58.022 [FXGL Background Thread 3 ] DEBUG Engine               - Logging environment variables
20:31:58.022 [FXGL Background Thread 3 ] DEBUG Engine               - achievements: []
20:31:58.023 [FXGL Background Thread 3 ] DEBUG Engine               - actualHeight: 679.0
20:31:58.023 [FXGL Background Thread 3 ] DEBUG Engine               - actualHeightProperty: ReadOnlyDoubleProperty [value: 679.0]
20:31:58.023 [FXGL Background Thread 3 ] DEBUG Engine               - actualWidth: 1183.0
20:31:58.023 [FXGL Background Thread 3 ] DEBUG Engine               - actualWidthProperty: ReadOnlyDoubleProperty [value: 1183.0]
20:31:58.024 [FXGL Background Thread 3 ] DEBUG Engine               - appIcon: fxgl_icon.png
20:31:58.024 [FXGL Background Thread 3 ] DEBUG Engine               - applicationMode: DEVELOPER
20:31:58.024 [FXGL Background Thread 3 ] DEBUG Engine               - cSSList: [fxgl_dark.css]
20:31:58.024 [FXGL Background Thread 3 ] DEBUG Engine               - collisionDetectionStrategy: BRUTE_FORCE
20:31:58.025 [FXGL Background Thread 3 ] DEBUG Engine               - configClass: Optional.empty
20:31:58.025 [FXGL Background Thread 3 ] DEBUG Engine               - credits: []
20:31:58.026 [FXGL Background Thread 3 ] DEBUG Engine               - devBBoxColorProperty: ObjectProperty [value: 0xff0000ff]
20:31:58.026 [FXGL Background Thread 3 ] DEBUG Engine               - devEnableDebugCameraProperty: BooleanProperty [value: false]
20:31:58.026 [FXGL Background Thread 3 ] DEBUG Engine               - devSensorColorProperty: ObjectProperty [value: 0xffff00ff]
20:31:58.027 [FXGL Background Thread 3 ] DEBUG Engine               - devShowBBoxProperty: BooleanProperty [value: false]
20:31:58.027 [FXGL Background Thread 3 ] DEBUG Engine               - devShowPositionProperty: BooleanProperty [value: false]
20:31:58.027 [FXGL Background Thread 3 ] DEBUG Engine               - enabledMenuItems: []
20:31:58.028 [FXGL Background Thread 3 ] DEBUG Engine               - engineServices: [class com.almasb.fxgl.app.services.FXGLAssetLoaderService, class com.almasb.fxgl.app.FXGLApplication$GameApplicationService, class com.almasb.fxgl.app.services.FXGLDialogService, class com.almasb.fxgl.app.services.IOTaskExecutorService, class com.almasb.fxgl.event.EventBusService, class com.almasb.fxgl.io.FileSystemService, class com.almasb.fxgl.localization.LocalizationService, class com.almasb.fxgl.app.services.SystemBundleService, class com.almasb.fxgl.profile.SaveLoadService, class com.almasb.fxgl.ui.FXGLUIFactoryServiceProvider, class com.almasb.fxgl.ui.FXGLDialogFactoryServiceProvider, class com.almasb.fxgl.audio.AudioPlayer, class com.almasb.fxgl.notification.impl.NotificationServiceProvider, class com.almasb.fxgl.achievement.AchievementService, class com.almasb.fxgl.cutscene.CutsceneService, class com.almasb.fxgl.minigames.MiniGameService, class com.almasb.fxgl.net.NetService, class com.almasb.fxgl.app.services.UpdaterService, class com.almasb.fxgl.dev.DevService]
20:31:58.028 [FXGL Background Thread 3 ] DEBUG Engine               - fontGame: Abel-Regular.ttf
20:31:58.028 [FXGL Background Thread 3 ] DEBUG Engine               - fontMono: lucida_console.ttf
20:31:58.028 [FXGL Background Thread 3 ] DEBUG Engine               - fontText: Courier-Prime.ttf
20:31:58.029 [FXGL Background Thread 3 ] DEBUG Engine               - fontUI: VarelaRound-Regular.ttf
20:31:58.029 [FXGL Background Thread 3 ] DEBUG Engine               - fullScreen: BooleanProperty [value: false]
20:31:58.029 [FXGL Background Thread 3 ] DEBUG Engine               - gameDifficulty: MEDIUM
20:31:58.029 [FXGL Background Thread 3 ] DEBUG Engine               - gameDifficultyProperty: ObjectProperty [value: MEDIUM]
20:31:58.029 [FXGL Background Thread 3 ] DEBUG Engine               - globalMusicVolume: 0.5
20:31:58.030 [FXGL Background Thread 3 ] DEBUG Engine               - globalMusicVolumeProperty: DoubleProperty [value: 0.08]
20:31:58.030 [FXGL Background Thread 3 ] DEBUG Engine               - globalSoundVolume: 0.5
20:31:58.030 [FXGL Background Thread 3 ] DEBUG Engine               - globalSoundVolumeProperty: DoubleProperty [value: 0.08]
20:31:58.031 [FXGL Background Thread 3 ] DEBUG Engine               - height: 720
20:31:58.031 [FXGL Background Thread 3 ] DEBUG Engine               - isAndroid: false
20:31:58.031 [FXGL Background Thread 3 ] DEBUG Engine               - isBrowser: false
20:31:58.031 [FXGL Background Thread 3 ] DEBUG Engine               - isClickFeedbackEnabled: false
20:31:58.032 [FXGL Background Thread 3 ] DEBUG Engine               - isCloseConfirmation: false
20:31:58.032 [FXGL Background Thread 3 ] DEBUG Engine               - isDesktop: true
20:31:58.032 [FXGL Background Thread 3 ] DEBUG Engine               - isDeveloperMenuEnabled: false
20:31:58.032 [FXGL Background Thread 3 ] DEBUG Engine               - isEntityPreloadEnabled: true
20:31:58.032 [FXGL Background Thread 3 ] DEBUG Engine               - isExperimental3D: false
20:31:58.033 [FXGL Background Thread 3 ] DEBUG Engine               - isExperimentalNative: false
20:31:58.033 [FXGL Background Thread 3 ] DEBUG Engine               - isExperimentalTiledLargeMap: false
20:31:58.033 [FXGL Background Thread 3 ] DEBUG Engine               - isFileSystemWriteAllowed: true
20:31:58.033 [FXGL Background Thread 3 ] DEBUG Engine               - isFullScreenAllowed: false
20:31:58.034 [FXGL Background Thread 3 ] DEBUG Engine               - isFullScreenFromStart: false
20:31:58.034 [FXGL Background Thread 3 ] DEBUG Engine               - isGameMenuEnabled: true
20:31:58.034 [FXGL Background Thread 3 ] DEBUG Engine               - isIOS: false
20:31:58.034 [FXGL Background Thread 3 ] DEBUG Engine               - isIntroEnabled: false
20:31:58.035 [FXGL Background Thread 3 ] DEBUG Engine               - isLinux: false
20:31:58.035 [FXGL Background Thread 3 ] DEBUG Engine               - isMac: false
20:31:58.035 [FXGL Background Thread 3 ] DEBUG Engine               - isMainMenuEnabled: false
20:31:58.035 [FXGL Background Thread 3 ] DEBUG Engine               - isManualResizeEnabled: false
20:31:58.035 [FXGL Background Thread 3 ] DEBUG Engine               - isMobile: false
20:31:58.036 [FXGL Background Thread 3 ] DEBUG Engine               - isPreserveResizeRatio: false
20:31:58.036 [FXGL Background Thread 3 ] DEBUG Engine               - isProfilingEnabled: false
20:31:58.036 [FXGL Background Thread 3 ] DEBUG Engine               - isScaleAffectedOnResize: true
20:31:58.036 [FXGL Background Thread 3 ] DEBUG Engine               - isSingleStep: false
20:31:58.037 [FXGL Background Thread 3 ] DEBUG Engine               - isUserProfileEnabled: false
20:31:58.037 [FXGL Background Thread 3 ] DEBUG Engine               - isWindows: true
20:31:58.037 [FXGL Background Thread 3 ] DEBUG Engine               - language: ObjectProperty [value: ENGLISH]
20:31:58.037 [FXGL Background Thread 3 ] DEBUG Engine               - menuKey: ESCAPE
20:31:58.038 [FXGL Background Thread 3 ] DEBUG Engine               - notificationViewClass: class com.almasb.fxgl.notification.view.XboxNotificationView
20:31:58.038 [FXGL Background Thread 3 ] DEBUG Engine               - pixelsPerMeter: 50.0
20:31:58.038 [FXGL Background Thread 3 ] DEBUG Engine               - platform: WINDOWS
20:31:58.038 [FXGL Background Thread 3 ] DEBUG Engine               - prefHeightProperty: ReadOnlyDoubleProperty [value: 720.0]
20:31:58.039 [FXGL Background Thread 3 ] DEBUG Engine               - prefWidthProperty: ReadOnlyDoubleProperty [value: 1280.0]
20:31:58.039 [FXGL Background Thread 3 ] DEBUG Engine               - profileDir: profiles/
20:31:58.039 [FXGL Background Thread 3 ] DEBUG Engine               - profileName: StringProperty [value: DEFAULT]
20:31:58.040 [FXGL Background Thread 3 ] DEBUG Engine               - randomSeed: -1
20:31:58.040 [FXGL Background Thread 3 ] DEBUG Engine               - runtimeInfo: RuntimeInfo(platform=WINDOWS, version=11.14, build=01.03.2021 16.59)
20:31:58.040 [FXGL Background Thread 3 ] DEBUG Engine               - saveFileExt: sav
20:31:58.040 [FXGL Background Thread 3 ] DEBUG Engine               - scaledHeightProp$fxgl: DoubleProperty [bound, value: 679.0]
20:31:58.040 [FXGL Background Thread 3 ] DEBUG Engine               - scaledWidthProp$fxgl: DoubleProperty [bound, value: 1183.0]
20:31:58.040 [FXGL Background Thread 3 ] DEBUG Engine               - sceneFactory: Main.App$1@3599816
20:31:58.041 [FXGL Background Thread 3 ] DEBUG Engine               - secondsIn24h: 60
20:31:58.041 [FXGL Background Thread 3 ] DEBUG Engine               - soundMenuBack: menu/back.wav
20:31:58.041 [FXGL Background Thread 3 ] DEBUG Engine               - soundMenuPress: menu/press.wav
20:31:58.041 [FXGL Background Thread 3 ] DEBUG Engine               - soundMenuSelect: menu/select.wav
20:31:58.041 [FXGL Background Thread 3 ] DEBUG Engine               - soundNotification: core/notification.wav
20:31:58.042 [FXGL Background Thread 3 ] DEBUG Engine               - stageStyle: DECORATED
20:31:58.042 [FXGL Background Thread 3 ] DEBUG Engine               - supportedLanguages: [ENGLISH, FRENCH, GERMAN, HUNGARIAN, RUSSIAN]
20:31:58.042 [FXGL Background Thread 3 ] DEBUG Engine               - ticksPerSecond: -1
20:31:58.042 [FXGL Background Thread 3 ] DEBUG Engine               - title: Game 1 Let's go
20:31:58.042 [FXGL Background Thread 3 ] DEBUG Engine               - urlGithub: https://github.com/AlmasB/FXGL
20:31:58.042 [FXGL Background Thread 3 ] DEBUG Engine               - urlLeaderboard: http://fxgl-top.herokuapp.com/
20:31:58.042 [FXGL Background Thread 3 ] DEBUG Engine               - urlPOM: https://raw.githubusercontent.com/AlmasB/FXGL/release/README.md
20:31:58.043 [FXGL Background Thread 3 ] DEBUG Engine               - userAppClass: class Main.App
20:31:58.043 [FXGL Background Thread 3 ] DEBUG Engine               - version: 1.0
20:31:58.043 [FXGL Background Thread 3 ] DEBUG Engine               - versionCheckDays: 7
20:31:58.043 [FXGL Background Thread 3 ] DEBUG Engine               - width: 1280
20:31:58.044 [FXGL Background Thread 3 ] DEBUG Engine               - Logging services
20:31:58.044 [FXGL Background Thread 3 ] DEBUG Engine               - class com.almasb.fxgl.app.services.FXGLAssetLoaderService
20:31:58.044 [FXGL Background Thread 3 ] DEBUG Engine               - class com.almasb.fxgl.app.FXGLApplication$GameApplicationService
20:31:58.045 [FXGL Background Thread 3 ] DEBUG Engine               - class com.almasb.fxgl.app.services.FXGLDialogService
20:31:58.045 [FXGL Background Thread 3 ] DEBUG Engine               - class com.almasb.fxgl.app.services.IOTaskExecutorService
20:31:58.045 [FXGL Background Thread 3 ] DEBUG Engine               - class com.almasb.fxgl.event.EventBusService
20:31:58.045 [FXGL Background Thread 3 ] DEBUG Engine               - class com.almasb.fxgl.io.FileSystemService
20:31:58.045 [FXGL Background Thread 3 ] DEBUG Engine               - class com.almasb.fxgl.localization.LocalizationService
20:31:58.046 [FXGL Background Thread 3 ] DEBUG Engine               - class com.almasb.fxgl.app.services.SystemBundleService
20:31:58.046 [FXGL Background Thread 3 ] DEBUG Engine               - class com.almasb.fxgl.profile.SaveLoadService
20:31:58.046 [FXGL Background Thread 3 ] DEBUG Engine               - class com.almasb.fxgl.ui.FXGLUIFactoryServiceProvider
20:31:58.046 [FXGL Background Thread 3 ] DEBUG Engine               - class com.almasb.fxgl.ui.FXGLDialogFactoryServiceProvider
20:31:58.046 [FXGL Background Thread 3 ] DEBUG Engine               - class com.almasb.fxgl.audio.AudioPlayer
20:31:58.046 [FXGL Background Thread 3 ] DEBUG Engine               - class com.almasb.fxgl.notification.impl.NotificationServiceProvider
20:31:58.047 [FXGL Background Thread 3 ] DEBUG Engine               - class com.almasb.fxgl.achievement.AchievementService
20:31:58.047 [FXGL Background Thread 3 ] DEBUG Engine               - class com.almasb.fxgl.cutscene.CutsceneService
20:31:58.047 [FXGL Background Thread 3 ] DEBUG Engine               - class com.almasb.fxgl.minigames.MiniGameService
20:31:58.047 [FXGL Background Thread 3 ] DEBUG Engine               - class com.almasb.fxgl.net.NetService
20:31:58.048 [FXGL Background Thread 3 ] DEBUG Engine               - class com.almasb.fxgl.app.services.UpdaterService
20:31:58.048 [FXGL Background Thread 3 ] DEBUG Engine               - class com.almasb.fxgl.dev.DevService
20:31:58.901 [JavaFX Application Thread] DEBUG PrimaryStageWindow   - Pop state: DialogSubScene
20:31:58.901 [JavaFX Application Thread] DEBUG Input                - Clearing active input actions
20:31:58.902 [JavaFX Application Thread] DEBUG GameApplicationServi - Removing overlay from DialogSubScene and adding to GameScene
20:31:58.902 [JavaFX Application Thread] DEBUG PrimaryStageWindow   - GameScene <- DialogSubScene
20:31:59.899 [JavaFX Application Thread] DEBUG FXGLAssetLoaderServi - Loading from file system: file:/C:/Users/isyoh/Documents/école/Object%20oriented%20program/Cours/MusicAdventure/target/classes/assets/sounds/notes/A(La).wav
20:32:00.143 [JavaFX Application Thread] DEBUG FXGLAssetLoaderServi - Loading from file system: file:/C:/Users/isyoh/Documents/école/Object%20oriented%20program/Cours/MusicAdventure/target/classes/assets/sounds/notes/B(Si).wav
20:32:00.305 [JavaFX Application Thread] DEBUG FXGLAssetLoaderServi - Loading from file system: file:/C:/Users/isyoh/Documents/école/Object%20oriented%20program/Cours/MusicAdventure/target/classes/assets/sounds/notes/C(Do).wav
20:32:01.439 [JavaFX Application Thread] DEBUG FXGLAssetLoaderServi - Loading from file system: file:/C:/Users/isyoh/Documents/école/Object%20oriented%20program/Cours/MusicAdventure/target/classes/assets/sounds/Kick.wav
20:32:04.364 [JavaFX Application Thread] DEBUG FXGLAssetLoaderServi - Loading from file system: file:/C:/Users/isyoh/Documents/école/Object%20oriented%20program/Cours/MusicAdventure/target/classes/assets/textures/exit_sign.png
20:32:04.795 [JavaFX Application Thread] DEBUG FXGLAssetLoaderServi - Loading from file system: file:/C:/Users/isyoh/Documents/école/Object%20oriented%20program/Cours/MusicAdventure/target/classes/assets/ui/fonts/level_font.ttf
20:32:04.823 [JavaFX Application Thread] DEBUG Input                - Registered new binding: Close Level End Screen - LMB
20:32:04.828 [JavaFX Application Thread] DEBUG FXGLAssetLoaderServi - Loading from file system: file:/C:/Users/isyoh/Documents/école/Object%20oriented%20program/Cours/MusicAdventure/target/classes/assets/textures/star_empty.png
20:32:04.838 [JavaFX Application Thread] DEBUG FXGLAssetLoaderServi - Loading from file system: file:/C:/Users/isyoh/Documents/école/Object%20oriented%20program/Cours/MusicAdventure/target/classes/assets/textures/star_full.png
20:32:04.848 [JavaFX Application Thread] DEBUG PrimaryStageWindow   - Push state: LevelEndScene
20:32:04.848 [JavaFX Application Thread] DEBUG Input                - Clearing active input actions
20:32:04.849 [JavaFX Application Thread] DEBUG GameApplicationServi - Removing overlay from GameScene and adding to LevelEndScene
20:32:04.850 [JavaFX Application Thread] DEBUG PrimaryStageWindow   - GameScene -> LevelEndScene
20:32:07.414 [JavaFX Application Thread] DEBUG PrimaryStageWindow   - Pop state: LevelEndScene
20:32:07.416 [JavaFX Application Thread] DEBUG Input                - Clearing active input actions
20:32:07.418 [JavaFX Application Thread] DEBUG GameApplicationServi - Removing overlay from LevelEndScene and adding to GameScene
20:32:07.419 [JavaFX Application Thread] DEBUG PrimaryStageWindow   - GameScene <- LevelEndScene
20:32:08.375 [JavaFX Application Thread] DEBUG AudioPlayer          - Stopping music com.almasb.fxgl.audio.Music@433f42a8
20:32:08.383 [JavaFX Application Thread] DEBUG FXGLAssetLoaderServi - Loading from file system: file:/C:/Users/isyoh/Documents/école/Object%20oriented%20program/Cours/MusicAdventure/target/classes/assets/music/USA_Anthem.mp3
20:32:08.399 [JavaFX Application Thread] DEBUG AudioPlayer          - Playing music com.almasb.fxgl.audio.Music@4963254b
20:32:08.406 [JavaFX Application Thread] DEBUG TMXLevelLoader       - Parsed raw map: TiledMap(width=15, height=10, tilewidth=70, tileheight=70, orientation=orthogonal, layers=[Layer(width=15, height=10, name=Tile Layer 1, type=tilelayer, visible=false, x=0, y=0, data=[0, 0, 0, 0, 0, 0, 0, 0, 0, 0, 0, 0, 0, 0, 0, 0, 0, 0, 0, 0, 0, 0, 0, 0, 0, 0, 0, 0, 0, 0, 0, 0, 0, 0, 0, 0, 0, 0, 0, 0, 0, 0, 0, 0, 0, 0, 0, 0, 0, 0, 0, 0, 0, 0, 0, 0, 0, 0, 0, 0, 0, 0, 0, 0, 0, 0, 0, 0, 0, 0, 0, 0, 0, 0, 0, 0, 0, 0, 0, 0, 0, 0, 0, 0, 0, 0, 0, 0, 0, 0, 0, 0, 0, 0, 0, 0, 0, 0, 0, 0, 0, 0, 0, 0, 0, 0, 0, 0, 0, 0, 0, 0, 0, 0, 0, 0, 0, 0, 0, 0, 0, 0, 0, 69, 57, 45, 0, 0, 0, 69, 57, 45, 0, 0, 0, 116, 104, 104, 104, 104, 104, 104, 104, 104, 104, 104, 104, 104, 104, 92], objects=[], opacity=0.0, draworder=), Layer(width=0, height=0, name=Object Layer 1, type=objectgroup, visible=false, x=0, y=0, data=[], objects=[com.almasb.fxgl.entity.level.tiled.TiledObject@5df74cc9, com.almasb.fxgl.entity.level.tiled.TiledObject@6e95f41b, com.almasb.fxgl.entity.level.tiled.TiledObject@3bbe3434, com.almasb.fxgl.entity.level.tiled.TiledObject@6b270775, com.almasb.fxgl.entity.level.tiled.TiledObject@cd18fdc, com.almasb.fxgl.entity.level.tiled.TiledObject@4da58771, com.almasb.fxgl.entity.level.tiled.TiledObject@7701565, com.almasb.fxgl.entity.level.tiled.TiledObject@54bfa651, com.almasb.fxgl.entity.level.tiled.TiledObject@54107c75], opacity=0.0, draworder=)], tilesets=[Tileset(firstgid=1, image=tiles_spritesheet.png, name=tiles_spritesheet, tilewidth=70, tileheight=70, imagewidth=914, imageheight=936, margin=0, spacing=2, columns=12, tilecount=156, transparentcolor=, tiles=[])], backgroundcolor=, renderorder=right-down, nextobjectid=21, version=1, tiledversion=1.2.3, type=map, infinite=false, hexsidelength=0, staggeraxis=, staggerindex=, properties={star1time=7.0}, propertytypes={star1time=float})
20:32:08.407 [JavaFX Application Thread] DEBUG TMXLevelLoader       - Creating tile layer entities
20:32:08.407 [JavaFX Application Thread] DEBUG TilesetLoader        - Loading view for layer Tile Layer 1
20:32:08.412 [JavaFX Application Thread] DEBUG TilesetLoader        - Created buffer with size 1050.0x700.0
20:32:08.432 [JavaFX Application Thread] DEBUG TilesetLoader        - Writing to buffer: dst=210,560, w=70,h=70, src=576,360
20:32:08.433 [JavaFX Application Thread] DEBUG TilesetLoader        - Writing to buffer: dst=280,560, w=70,h=70, src=576,288
20:32:08.433 [JavaFX Application Thread] DEBUG TilesetLoader        - Writing to buffer: dst=350,560, w=70,h=70, src=576,216
20:32:08.433 [JavaFX Application Thread] DEBUG TilesetLoader        - Writing to buffer: dst=630,560, w=70,h=70, src=576,360
20:32:08.433 [JavaFX Application Thread] DEBUG TilesetLoader        - Writing to buffer: dst=700,560, w=70,h=70, src=576,288
20:32:08.433 [JavaFX Application Thread] DEBUG TilesetLoader        - Writing to buffer: dst=770,560, w=70,h=70, src=576,216
20:32:08.434 [JavaFX Application Thread] DEBUG TilesetLoader        - Writing to buffer: dst=0,630, w=70,h=70, src=504,648
20:32:08.434 [JavaFX Application Thread] DEBUG TilesetLoader        - Writing to buffer: dst=70,630, w=70,h=70, src=504,576
20:32:08.434 [JavaFX Application Thread] DEBUG TilesetLoader        - Writing to buffer: dst=140,630, w=70,h=70, src=504,576
20:32:08.434 [JavaFX Application Thread] DEBUG TilesetLoader        - Writing to buffer: dst=210,630, w=70,h=70, src=504,576
20:32:08.434 [JavaFX Application Thread] DEBUG TilesetLoader        - Writing to buffer: dst=280,630, w=70,h=70, src=504,576
20:32:08.435 [JavaFX Application Thread] DEBUG TilesetLoader        - Writing to buffer: dst=350,630, w=70,h=70, src=504,576
20:32:08.435 [JavaFX Application Thread] DEBUG TilesetLoader        - Writing to buffer: dst=420,630, w=70,h=70, src=504,576
20:32:08.435 [JavaFX Application Thread] DEBUG TilesetLoader        - Writing to buffer: dst=490,630, w=70,h=70, src=504,576
20:32:08.435 [JavaFX Application Thread] DEBUG TilesetLoader        - Writing to buffer: dst=560,630, w=70,h=70, src=504,576
20:32:08.435 [JavaFX Application Thread] DEBUG TilesetLoader        - Writing to buffer: dst=630,630, w=70,h=70, src=504,576
20:32:08.436 [JavaFX Application Thread] DEBUG TilesetLoader        - Writing to buffer: dst=700,630, w=70,h=70, src=504,576
20:32:08.436 [JavaFX Application Thread] DEBUG TilesetLoader        - Writing to buffer: dst=770,630, w=70,h=70, src=504,576
20:32:08.436 [JavaFX Application Thread] DEBUG TilesetLoader        - Writing to buffer: dst=840,630, w=70,h=70, src=504,576
20:32:08.436 [JavaFX Application Thread] DEBUG TilesetLoader        - Writing to buffer: dst=910,630, w=70,h=70, src=504,576
20:32:08.436 [JavaFX Application Thread] DEBUG TilesetLoader        - Writing to buffer: dst=980,630, w=70,h=70, src=504,504
20:32:08.437 [JavaFX Application Thread] DEBUG TMXLevelLoader       - Creating object layer entities
20:32:08.445 [JavaFX Application Thread] DEBUG GameWorld            - Clearing removable entities
20:32:08.451 [JavaFX Application Thread] DEBUG GameWorld            - Setting level: com.almasb.fxgl.entity.level.Level@74c1c832
20:32:08.458 [JavaFX Application Thread] DEBUG FXGLAssetLoaderServi - Loading from file system: file:/C:/Users/isyoh/Documents/école/Object%20oriented%20program/Cours/MusicAdventure/target/classes/assets/textures/background/proj2.png
20:32:25.405 [JavaFX Application Thread] DEBUG FXGLApplication      - Exiting FXGL
20:32:25.405 [JavaFX Application Thread] DEBUG LoopRunner           - Stopping loop
20:32:25.405 [JavaFX Application Thread] DEBUG SystemBundleService  - Saving FXGL system data
20:32:25.408 [JavaFX Application Thread] DEBUG FileSystemAccess     - Writing to: C:\Users\isyoh\Documents\école\Object oriented program\Cours\MusicAdventure\system\fxgl.bundle
20:32:25.412 [JavaFX Application Thread] DEBUG Async                - Shutting down background threads
20:32:25.413 [JavaFX Application Thread] DEBUG PrimaryStageWindow   - Closing main window
20:32:25.428 [JavaFX Application Thread] DEBUG Logger               - Closing Logger
