20:40:03.842 [main                     ] DEBUG Logger               - Configured Logger
20:40:03.885 [main                     ] DEBUG GameApplication      - Logging settings
Title: Game 1 Let's go
Version: 1.0
Width: 1280
Height: 720
Fullscreen: false
Intro: false
Profiling: false
Single step:false
App Mode: DEVELOPER
Menu Key: ESCAPE
Stage Style: DECORATED
Scene Factory: class Main.App$1

20:40:04.707 [JavaFX Application Thread] DEBUG FXGLApplication      - Initializing FXGL
20:40:04.710 [JavaFX Application Thread] INFO  Engine               - FXGL-11.14 (01.03.2021 16.59) on WINDOWS (J:15.0.2 FX:15)
20:40:04.710 [JavaFX Application Thread] DEBUG Engine               - JRE Vendor Name: Oracle Corporation
20:40:04.711 [JavaFX Application Thread] DEBUG Engine               - Running on OS: Windows 10 version 10.0
20:40:04.711 [JavaFX Application Thread] DEBUG Engine               - Architecture: amd64
20:40:04.712 [JavaFX Application Thread] INFO  Engine               - Source code and latest versions at: https://github.com/AlmasB/FXGL
20:40:04.712 [JavaFX Application Thread] INFO  Engine               -              Join the FXGL chat at: https://gitter.im/AlmasB/FXGL
20:40:04.864 [JavaFX Application Thread] DEBUG PrimaryStageWindow   - Creating a JavaFX scene
20:40:04.865 [JavaFX Application Thread] DEBUG PrimaryStageWindow   - Target size > screen size
20:40:04.964 [JavaFX Application Thread] DEBUG PrimaryStageWindow   - Target settings size: 1280.0 x 720.0
20:40:04.964 [JavaFX Application Thread] DEBUG PrimaryStageWindow   - Scaled scene size:    1183.0 x 679.0
20:40:04.965 [JavaFX Application Thread] DEBUG PrimaryStageWindow   - Scaled ratio: (0.92421875, 0.9430555555555555)
20:40:04.966 [JavaFX Application Thread] DEBUG PrimaryStageWindow   - Set initial scene to FXGLStartupScene
20:40:04.977 [JavaFX Application Thread] DEBUG PrimaryStageWindow   - Opening main window
20:40:05.186 [JavaFX Application Thread] DEBUG PrimaryStageWindow   - Window border size: (15.0, 37.66668701171875)
20:40:05.186 [JavaFX Application Thread] DEBUG PrimaryStageWindow   - Scaled size: 1183.0 x 679.0
20:40:05.187 [JavaFX Application Thread] DEBUG PrimaryStageWindow   - Scaled ratio: (0.92421875, 0.9430555555555555)
20:40:05.187 [JavaFX Application Thread] DEBUG PrimaryStageWindow   - Scene size: 1183.0 x 679.0
20:40:05.187 [JavaFX Application Thread] DEBUG PrimaryStageWindow   - Stage size: 1198.0 x 716.6666870117188
20:40:05.250 [FXGL Background Thread 1 ] DEBUG Engine               - Initializing environment variables
20:40:05.330 [FXGL Background Thread 1 ] DEBUG FXGLAssetLoaderServi - User app class for loading assets: class Main.App
20:40:05.330 [FXGL Background Thread 1 ] DEBUG GameApplicationServi - Applying CSS: fxgl_dark.css
20:40:05.332 [FXGL Background Thread 1 ] DEBUG FXGLAssetLoaderServi - Loading from file system: jar:file:///C:/Users/isyoh/.m2/repository/com/github/almasb/fxgl/11.14/fxgl-11.14.jar!/fxglassets/ui/css/fxgl_dark.css
20:40:05.470 [FXGL Background Thread 1 ] DEBUG GameApplicationServi - Initializing application scenes
20:40:05.602 [FXGL Background Thread 1 ] DEBUG FXGLAssetLoaderServi - Loading from file system: file:/C:/Users/isyoh/Documents/école/Object%20oriented%20program/Cours/MusicAdventure/target/classes/assets/textures/player.png
20:40:05.645 [FXGL Background Thread 1 ] DEBUG GameWorld            - Game world initialized
20:40:05.749 [FXGL Background Thread 1 ] DEBUG PhysicsWorld         - Physics world initialized: appHeight=720, physics.ppm=50,0
20:40:05.750 [FXGL Background Thread 1 ] DEBUG PhysicsWorld         - Using strategy: BRUTE_FORCE
20:40:05.754 [FXGL Background Thread 1 ] DEBUG GameScene            - Game scene initialized: 1280x720
20:40:05.778 [FXGL Background Thread 1 ] DEBUG FXGLAssetLoaderServi - Loading from file system: jar:file:///C:/Users/isyoh/.m2/repository/com/github/almasb/fxgl/11.14/fxgl-11.14.jar!/fxglassets/textures/particles/trace_horizontal.png
20:40:05.865 [FXGL Background Thread 1 ] DEBUG FXGL.DefaultMenu     - createMenuBodyGameMenu()
20:40:05.897 [FXGL Background Thread 1 ] DEBUG FXGL.DefaultMenu     - createOptionsMenu()
20:40:05.906 [FXGL Background Thread 1 ] DEBUG FXGLAssetLoaderServi - Loading from file system: jar:file:///C:/Users/isyoh/.m2/repository/com/github/almasb/fxgl/11.14/fxgl-11.14.jar!/fxglassets/textures/particles/smoke.png
20:40:06.034 [FXGL Background Thread 1 ] DEBUG GameApplicationServi - Application scenes initialized
20:40:06.069 [FXGL Background Thread 1 ] DEBUG SystemBundleService  - Loading FXGL system data
20:40:06.077 [FXGL Background Thread 1 ] DEBUG FileSystemAccess     - Reading from: C:\Users\isyoh\Documents\école\Object oriented program\Cours\MusicAdventure\system\fxgl.bundle
20:40:06.088 [FXGL Background Thread 1 ] DEBUG SystemBundleService  - Bundle FXGL: {}
20:40:06.089 [FXGL Background Thread 1 ] DEBUG UpdaterService       - Checking for updates
20:40:06.096 [FXGL Background Thread 1 ] DEBUG FXGLApplication      - Loading default localization
20:40:06.097 [FXGL Background Thread 1 ] DEBUG FXGLAssetLoaderServi - Loading from file system: jar:file:///C:/Users/isyoh/.m2/repository/com/github/almasb/fxgl/11.14/fxgl-11.14.jar!/fxglassets/languages/english.lang
20:40:06.107 [FXGL Background Thread 4 ] DEBUG FXGLApplication      - Loading fonts
20:40:06.109 [FXGL Background Thread 4 ] DEBUG FXGLAssetLoaderServi - Loading from file system: jar:file:///C:/Users/isyoh/.m2/repository/com/github/almasb/fxgl/11.14/fxgl-11.14.jar!/fxglassets/ui/fonts/VarelaRound-Regular.ttf
20:40:06.120 [FXGL Background Thread 1 ] INFO  FXGLApplication      - FXGL initialization took: 0,870 sec
20:40:06.136 [JavaFX Application Thread] DEBUG Input                - Registered new binding: Left - Left
20:40:06.136 [JavaFX Application Thread] DEBUG Input                - Registered new binding: Right - Right
20:40:06.137 [JavaFX Application Thread] DEBUG Input                - Registered new binding: Jump - Up
20:40:06.137 [JavaFX Application Thread] DEBUG Input                - Registered new binding: WhistleA - 1
20:40:06.138 [JavaFX Application Thread] DEBUG Input                - Registered new binding: WhistleB - 2
20:40:06.138 [JavaFX Application Thread] DEBUG Input                - Registered new binding: WhistleC - 3
20:40:06.139 [JavaFX Application Thread] DEBUG Input                - Registered new binding: WhistleD - 4
20:40:06.139 [JavaFX Application Thread] DEBUG Input                - Registered new binding: WhistleE - 5
20:40:06.140 [JavaFX Application Thread] DEBUG Input                - Registered new binding: WhistleF - 6
20:40:06.140 [JavaFX Application Thread] DEBUG Input                - Registered new binding: WhistleG - 7
20:40:06.141 [JavaFX Application Thread] DEBUG Input                - Registered new binding: Use - E
20:40:06.142 [JavaFX Application Thread] DEBUG FXGLAssetLoaderServi - Loading from file system: file:/C:/Users/isyoh/Documents/école/Object%20oriented%20program/Cours/MusicAdventure/target/classes/assets/music/BGM_dash_runner.wav
20:40:06.629 [FXGL Background Thread 4 ] DEBUG FXGLAssetLoaderServi - Loading from file system: jar:file:///C:/Users/isyoh/.m2/repository/com/github/almasb/fxgl/11.14/fxgl-11.14.jar!/fxglassets/ui/fonts/Abel-Regular.ttf
20:40:06.666 [FXGL Background Thread 4 ] DEBUG FXGLAssetLoaderServi - Loading from file system: jar:file:///C:/Users/isyoh/.m2/repository/com/github/almasb/fxgl/11.14/fxgl-11.14.jar!/fxglassets/ui/fonts/lucida_console.ttf
20:40:06.713 [JavaFX Application Thread] DEBUG AudioPlayer          - Playing music com.almasb.fxgl.audio.Music@f8e794a
20:40:06.716 [JavaFX Application Thread] DEBUG FXGLAssetLoaderServi - Loading from file system: jar:file:///C:/Users/isyoh/.m2/repository/com/github/almasb/fxgl/11.14/fxgl-11.14.jar!/fxglassets/textures/fxgl_icon.png
20:40:06.752 [JavaFX Application Thread] DEBUG FXGLAssetLoaderServi - Loading from file system: jar:file:///C:/Users/isyoh/.m2/repository/com/github/almasb/fxgl/11.14/fxgl-11.14.jar!/fxglassets/ui/cursors/fxgl_default.png
20:40:06.755 [JavaFX Application Thread] DEBUG Input                - Registered new binding: Screenshot - P
20:40:06.757 [JavaFX Application Thread] DEBUG Input                - Registered new binding: System info dump - CTRL+9
20:40:06.758 [JavaFX Application Thread] DEBUG Input                - Registered new binding: Restart - CTRL+R
20:40:06.759 [JavaFX Application Thread] DEBUG Input                - Registered new binding: Toggle Debug Camera - CTRL+C
20:40:06.762 [JavaFX Application Thread] DEBUG LoopRunner           - Starting loop
20:40:06.762 [JavaFX Application Thread] DEBUG LoopRunner           - Initializing JavaFX AnimationTimerLoop
20:40:06.764 [JavaFX Application Thread] DEBUG GameApplicationServi - Starting new game
20:40:06.767 [JavaFX Application Thread] DEBUG Input                - Clearing active input actions
20:40:06.805 [JavaFX Application Thread] DEBUG GameApplicationServi - Removing overlay from FXGLStartupScene and adding to BetterLoadingScene
20:40:06.806 [JavaFX Application Thread] DEBUG PrimaryStageWindow   - FXGLStartupScene -> BetterLoadingScene
20:40:06.806 [JavaFX Application Thread] DEBUG GameApplicationServi - Clearing previous game
20:40:06.806 [JavaFX Application Thread] DEBUG GameScene            - Clearing game scene
20:40:06.807 [JavaFX Application Thread] DEBUG GameWorld            - Clearing game world
20:40:06.807 [JavaFX Application Thread] DEBUG PhysicsWorld         - Clearing physics world
20:40:06.808 [FXGL Background Thread 1 ] DEBUG FXGLApplication      - Initializing game
20:40:06.844 [FXGL Background Thread 4 ] DEBUG FXGLAssetLoaderServi - Loading from file system: jar:file:///C:/Users/isyoh/.m2/repository/com/github/almasb/fxgl/11.14/fxgl-11.14.jar!/fxglassets/ui/fonts/Courier-Prime.ttf
20:40:06.949 [FXGL Background Thread 1 ] DEBUG TMXLevelLoader       - Parsed raw map: TiledMap(width=15, height=10, tilewidth=70, tileheight=70, orientation=orthogonal, layers=[Layer(width=15, height=10, name=Tile Layer 1, type=tilelayer, visible=false, x=0, y=0, data=[0, 0, 0, 0, 0, 0, 0, 0, 0, 0, 0, 0, 0, 0, 0, 0, 0, 0, 0, 0, 0, 0, 0, 0, 0, 0, 0, 0, 0, 0, 0, 0, 0, 0, 0, 0, 0, 0, 0, 0, 0, 0, 0, 0, 0, 0, 0, 0, 0, 0, 0, 0, 0, 0, 0, 0, 0, 0, 0, 0, 0, 0, 0, 0, 0, 0, 0, 0, 0, 0, 0, 0, 0, 0, 0, 0, 0, 0, 0, 0, 0, 0, 0, 0, 0, 0, 0, 0, 0, 0, 0, 0, 0, 0, 0, 0, 0, 0, 0, 0, 0, 0, 0, 0, 0, 0, 0, 0, 0, 0, 0, 0, 0, 0, 0, 0, 0, 0, 0, 0, 0, 0, 0, 0, 0, 0, 69, 57, 45, 0, 0, 0, 0, 0, 0, 116, 104, 104, 104, 104, 104, 104, 104, 104, 104, 104, 104, 104, 104, 92], objects=[], opacity=0.0, draworder=), Layer(width=0, height=0, name=Object Layer 1, type=objectgroup, visible=false, x=0, y=0, data=[], objects=[com.almasb.fxgl.entity.level.tiled.TiledObject@77f56c74, com.almasb.fxgl.entity.level.tiled.TiledObject@70e5194f, com.almasb.fxgl.entity.level.tiled.TiledObject@1f28779c, com.almasb.fxgl.entity.level.tiled.TiledObject@517de3e2, com.almasb.fxgl.entity.level.tiled.TiledObject@db7a375, com.almasb.fxgl.entity.level.tiled.TiledObject@55c0fced], opacity=0.0, draworder=)], tilesets=[Tileset(firstgid=1, image=tiles_spritesheet.png, name=tiles_spritesheet, tilewidth=70, tileheight=70, imagewidth=914, imageheight=936, margin=0, spacing=2, columns=12, tilecount=156, transparentcolor=, tiles=[])], backgroundcolor=, renderorder=right-down, nextobjectid=22, version=1, tiledversion=1.2.3, type=map, infinite=false, hexsidelength=0, staggeraxis=, staggerindex=, properties={star1time=9.0}, propertytypes={star1time=float})
20:40:06.951 [FXGL Background Thread 1 ] DEBUG TMXLevelLoader       - Creating tile layer entities
20:40:06.952 [FXGL Background Thread 1 ] DEBUG TilesetLoader        - Loading view for layer Tile Layer 1
20:40:06.955 [FXGL Background Thread 1 ] DEBUG TilesetLoader        - Created buffer with size 1050.0x700.0
20:40:07.039 [FXGL Background Thread 2 ] INFO  UpdaterService       - Your current version:  11.14
20:40:07.040 [FXGL Background Thread 2 ] INFO  UpdaterService       - Latest stable version: 11.15
20:40:07.061 [JavaFX Application Thread] DEBUG FXGLApplication      - Registering font factories with UI factory
20:40:07.085 [FXGL Background Thread 1 ] DEBUG TilesetLoader        - Writing to buffer: dst=420,560, w=70,h=70, src=576,360
20:40:07.086 [FXGL Background Thread 1 ] DEBUG TilesetLoader        - Writing to buffer: dst=490,560, w=70,h=70, src=576,288
20:40:07.086 [FXGL Background Thread 1 ] DEBUG TilesetLoader        - Writing to buffer: dst=560,560, w=70,h=70, src=576,216
20:40:07.086 [FXGL Background Thread 1 ] DEBUG TilesetLoader        - Writing to buffer: dst=0,630, w=70,h=70, src=504,648
20:40:07.089 [FXGL Background Thread 1 ] DEBUG TilesetLoader        - Writing to buffer: dst=70,630, w=70,h=70, src=504,576
20:40:07.090 [FXGL Background Thread 1 ] DEBUG TilesetLoader        - Writing to buffer: dst=140,630, w=70,h=70, src=504,576
20:40:07.091 [FXGL Background Thread 1 ] DEBUG TilesetLoader        - Writing to buffer: dst=210,630, w=70,h=70, src=504,576
20:40:07.093 [FXGL Background Thread 1 ] DEBUG TilesetLoader        - Writing to buffer: dst=280,630, w=70,h=70, src=504,576
20:40:07.095 [FXGL Background Thread 1 ] DEBUG TilesetLoader        - Writing to buffer: dst=350,630, w=70,h=70, src=504,576
20:40:07.095 [FXGL Background Thread 1 ] DEBUG TilesetLoader        - Writing to buffer: dst=420,630, w=70,h=70, src=504,576
20:40:07.096 [FXGL Background Thread 1 ] DEBUG TilesetLoader        - Writing to buffer: dst=490,630, w=70,h=70, src=504,576
20:40:07.096 [FXGL Background Thread 1 ] DEBUG TilesetLoader        - Writing to buffer: dst=560,630, w=70,h=70, src=504,576
20:40:07.096 [FXGL Background Thread 1 ] DEBUG TilesetLoader        - Writing to buffer: dst=630,630, w=70,h=70, src=504,576
20:40:07.099 [FXGL Background Thread 1 ] DEBUG TilesetLoader        - Writing to buffer: dst=700,630, w=70,h=70, src=504,576
20:40:07.100 [FXGL Background Thread 1 ] DEBUG TilesetLoader        - Writing to buffer: dst=770,630, w=70,h=70, src=504,576
20:40:07.100 [FXGL Background Thread 1 ] DEBUG TilesetLoader        - Writing to buffer: dst=840,630, w=70,h=70, src=504,576
20:40:07.101 [FXGL Background Thread 1 ] DEBUG TilesetLoader        - Writing to buffer: dst=910,630, w=70,h=70, src=504,576
20:40:07.105 [FXGL Background Thread 1 ] DEBUG TilesetLoader        - Writing to buffer: dst=980,630, w=70,h=70, src=504,504
20:40:07.106 [FXGL Background Thread 1 ] DEBUG TMXLevelLoader       - Creating object layer entities
20:40:07.141 [FXGL Background Thread 1 ] DEBUG GameWorld            - Clearing removable entities
20:40:07.141 [FXGL Background Thread 1 ] DEBUG GameWorld            - Setting level: com.almasb.fxgl.entity.level.Level@5015391d
20:40:07.168 [FXGL Background Thread 1 ] DEBUG FXGLAssetLoaderServi - Loading from file system: file:/C:/Users/isyoh/Documents/école/Object%20oriented%20program/Cours/MusicAdventure/target/classes/assets/textures/background/proj.png
20:40:07.228 [FXGL Background Thread 1 ] INFO  FXGLApplication      - Game initialization took: 0,419 sec
20:40:07.362 [JavaFX Application Thread] DEBUG Input                - Clearing active input actions
20:40:07.399 [JavaFX Application Thread] DEBUG GameApplicationServi - Removing overlay from BetterLoadingScene and adding to GameScene
20:40:07.403 [JavaFX Application Thread] DEBUG PrimaryStageWindow   - BetterLoadingScene -> GameScene
20:40:08.508 [JavaFX Application Thread] DEBUG PrimaryStageWindow   - Push state: DialogSubScene
20:40:08.508 [JavaFX Application Thread] DEBUG Input                - Clearing active input actions
20:40:08.519 [JavaFX Application Thread] DEBUG GameApplicationServi - Removing overlay from GameScene and adding to DialogSubScene
20:40:08.522 [JavaFX Application Thread] DEBUG PrimaryStageWindow   - GameScene -> DialogSubScene
20:40:09.093 [FXGL Background Thread 3 ] DEBUG Engine               - Logging environment variables
20:40:09.093 [FXGL Background Thread 3 ] DEBUG Engine               - achievements: []
20:40:09.094 [FXGL Background Thread 3 ] DEBUG Engine               - actualHeight: 679.0
20:40:09.094 [FXGL Background Thread 3 ] DEBUG Engine               - actualHeightProperty: ReadOnlyDoubleProperty [value: 679.0]
20:40:09.094 [FXGL Background Thread 3 ] DEBUG Engine               - actualWidth: 1183.0
20:40:09.094 [FXGL Background Thread 3 ] DEBUG Engine               - actualWidthProperty: ReadOnlyDoubleProperty [value: 1183.0]
20:40:09.095 [FXGL Background Thread 3 ] DEBUG Engine               - appIcon: fxgl_icon.png
20:40:09.095 [FXGL Background Thread 3 ] DEBUG Engine               - applicationMode: DEVELOPER
20:40:09.095 [FXGL Background Thread 3 ] DEBUG Engine               - cSSList: [fxgl_dark.css]
20:40:09.095 [FXGL Background Thread 3 ] DEBUG Engine               - collisionDetectionStrategy: BRUTE_FORCE
20:40:09.095 [FXGL Background Thread 3 ] DEBUG Engine               - configClass: Optional.empty
20:40:09.095 [FXGL Background Thread 3 ] DEBUG Engine               - credits: []
20:40:09.096 [FXGL Background Thread 3 ] DEBUG Engine               - devBBoxColorProperty: ObjectProperty [value: 0xff0000ff]
20:40:09.096 [FXGL Background Thread 3 ] DEBUG Engine               - devEnableDebugCameraProperty: BooleanProperty [value: false]
20:40:09.096 [FXGL Background Thread 3 ] DEBUG Engine               - devSensorColorProperty: ObjectProperty [value: 0xffff00ff]
20:40:09.096 [FXGL Background Thread 3 ] DEBUG Engine               - devShowBBoxProperty: BooleanProperty [value: false]
20:40:09.097 [FXGL Background Thread 3 ] DEBUG Engine               - devShowPositionProperty: BooleanProperty [value: false]
20:40:09.097 [FXGL Background Thread 3 ] DEBUG Engine               - enabledMenuItems: []
20:40:09.097 [FXGL Background Thread 3 ] DEBUG Engine               - engineServices: [class com.almasb.fxgl.app.services.FXGLAssetLoaderService, class com.almasb.fxgl.app.FXGLApplication$GameApplicationService, class com.almasb.fxgl.app.services.FXGLDialogService, class com.almasb.fxgl.app.services.IOTaskExecutorService, class com.almasb.fxgl.event.EventBusService, class com.almasb.fxgl.io.FileSystemService, class com.almasb.fxgl.localization.LocalizationService, class com.almasb.fxgl.app.services.SystemBundleService, class com.almasb.fxgl.profile.SaveLoadService, class com.almasb.fxgl.ui.FXGLUIFactoryServiceProvider, class com.almasb.fxgl.ui.FXGLDialogFactoryServiceProvider, class com.almasb.fxgl.audio.AudioPlayer, class com.almasb.fxgl.notification.impl.NotificationServiceProvider, class com.almasb.fxgl.achievement.AchievementService, class com.almasb.fxgl.cutscene.CutsceneService, class com.almasb.fxgl.minigames.MiniGameService, class com.almasb.fxgl.net.NetService, class com.almasb.fxgl.app.services.UpdaterService, class com.almasb.fxgl.dev.DevService]
20:40:09.097 [FXGL Background Thread 3 ] DEBUG Engine               - fontGame: Abel-Regular.ttf
20:40:09.097 [FXGL Background Thread 3 ] DEBUG Engine               - fontMono: lucida_console.ttf
20:40:09.098 [FXGL Background Thread 3 ] DEBUG Engine               - fontText: Courier-Prime.ttf
20:40:09.098 [FXGL Background Thread 3 ] DEBUG Engine               - fontUI: VarelaRound-Regular.ttf
20:40:09.098 [FXGL Background Thread 3 ] DEBUG Engine               - fullScreen: BooleanProperty [value: false]
20:40:09.098 [FXGL Background Thread 3 ] DEBUG Engine               - gameDifficulty: MEDIUM
20:40:09.098 [FXGL Background Thread 3 ] DEBUG Engine               - gameDifficultyProperty: ObjectProperty [value: MEDIUM]
20:40:09.099 [FXGL Background Thread 3 ] DEBUG Engine               - globalMusicVolume: 0.5
20:40:09.099 [FXGL Background Thread 3 ] DEBUG Engine               - globalMusicVolumeProperty: DoubleProperty [value: 0.08]
20:40:09.099 [FXGL Background Thread 3 ] DEBUG Engine               - globalSoundVolume: 0.5
20:40:09.100 [FXGL Background Thread 3 ] DEBUG Engine               - globalSoundVolumeProperty: DoubleProperty [value: 0.08]
20:40:09.100 [FXGL Background Thread 3 ] DEBUG Engine               - height: 720
20:40:09.100 [FXGL Background Thread 3 ] DEBUG Engine               - isAndroid: false
20:40:09.100 [FXGL Background Thread 3 ] DEBUG Engine               - isBrowser: false
20:40:09.100 [FXGL Background Thread 3 ] DEBUG Engine               - isClickFeedbackEnabled: false
20:40:09.101 [FXGL Background Thread 3 ] DEBUG Engine               - isCloseConfirmation: false
20:40:09.101 [FXGL Background Thread 3 ] DEBUG Engine               - isDesktop: true
20:40:09.101 [FXGL Background Thread 3 ] DEBUG Engine               - isDeveloperMenuEnabled: false
20:40:09.101 [FXGL Background Thread 3 ] DEBUG Engine               - isEntityPreloadEnabled: true
20:40:09.102 [FXGL Background Thread 3 ] DEBUG Engine               - isExperimental3D: false
20:40:09.102 [FXGL Background Thread 3 ] DEBUG Engine               - isExperimentalNative: false
20:40:09.102 [FXGL Background Thread 3 ] DEBUG Engine               - isExperimentalTiledLargeMap: false
20:40:09.102 [FXGL Background Thread 3 ] DEBUG Engine               - isFileSystemWriteAllowed: true
20:40:09.103 [FXGL Background Thread 3 ] DEBUG Engine               - isFullScreenAllowed: false
20:40:09.103 [FXGL Background Thread 3 ] DEBUG Engine               - isFullScreenFromStart: false
20:40:09.103 [FXGL Background Thread 3 ] DEBUG Engine               - isGameMenuEnabled: true
20:40:09.103 [FXGL Background Thread 3 ] DEBUG Engine               - isIOS: false
20:40:09.103 [FXGL Background Thread 3 ] DEBUG Engine               - isIntroEnabled: false
20:40:09.104 [FXGL Background Thread 3 ] DEBUG Engine               - isLinux: false
20:40:09.104 [FXGL Background Thread 3 ] DEBUG Engine               - isMac: false
20:40:09.104 [FXGL Background Thread 3 ] DEBUG Engine               - isMainMenuEnabled: false
20:40:09.104 [FXGL Background Thread 3 ] DEBUG Engine               - isManualResizeEnabled: false
20:40:09.105 [FXGL Background Thread 3 ] DEBUG Engine               - isMobile: false
20:40:09.105 [FXGL Background Thread 3 ] DEBUG Engine               - isPreserveResizeRatio: false
20:40:09.105 [FXGL Background Thread 3 ] DEBUG Engine               - isProfilingEnabled: false
20:40:09.105 [FXGL Background Thread 3 ] DEBUG Engine               - isScaleAffectedOnResize: true
20:40:09.106 [FXGL Background Thread 3 ] DEBUG Engine               - isSingleStep: false
20:40:09.106 [FXGL Background Thread 3 ] DEBUG Engine               - isUserProfileEnabled: false
20:40:09.106 [FXGL Background Thread 3 ] DEBUG Engine               - isWindows: true
20:40:09.106 [FXGL Background Thread 3 ] DEBUG Engine               - language: ObjectProperty [value: ENGLISH]
20:40:09.106 [FXGL Background Thread 3 ] DEBUG Engine               - menuKey: ESCAPE
20:40:09.107 [FXGL Background Thread 3 ] DEBUG Engine               - notificationViewClass: class com.almasb.fxgl.notification.view.XboxNotificationView
20:40:09.107 [FXGL Background Thread 3 ] DEBUG Engine               - pixelsPerMeter: 50.0
20:40:09.107 [FXGL Background Thread 3 ] DEBUG Engine               - platform: WINDOWS
20:40:09.107 [FXGL Background Thread 3 ] DEBUG Engine               - prefHeightProperty: ReadOnlyDoubleProperty [value: 720.0]
20:40:09.108 [FXGL Background Thread 3 ] DEBUG Engine               - prefWidthProperty: ReadOnlyDoubleProperty [value: 1280.0]
20:40:09.108 [FXGL Background Thread 3 ] DEBUG Engine               - profileDir: profiles/
20:40:09.108 [FXGL Background Thread 3 ] DEBUG Engine               - profileName: StringProperty [value: DEFAULT]
20:40:09.108 [FXGL Background Thread 3 ] DEBUG Engine               - randomSeed: -1
20:40:09.109 [FXGL Background Thread 3 ] DEBUG Engine               - runtimeInfo: RuntimeInfo(platform=WINDOWS, version=11.14, build=01.03.2021 16.59)
20:40:09.109 [FXGL Background Thread 3 ] DEBUG Engine               - saveFileExt: sav
20:40:09.109 [FXGL Background Thread 3 ] DEBUG Engine               - scaledHeightProp$fxgl: DoubleProperty [bound, value: 679.0]
20:40:09.110 [FXGL Background Thread 3 ] DEBUG Engine               - scaledWidthProp$fxgl: DoubleProperty [bound, value: 1183.0]
20:40:09.110 [FXGL Background Thread 3 ] DEBUG Engine               - sceneFactory: Main.App$1@53217ac0
20:40:09.110 [FXGL Background Thread 3 ] DEBUG Engine               - secondsIn24h: 60
20:40:09.110 [FXGL Background Thread 3 ] DEBUG Engine               - soundMenuBack: menu/back.wav
20:40:09.110 [FXGL Background Thread 3 ] DEBUG Engine               - soundMenuPress: menu/press.wav
20:40:09.111 [FXGL Background Thread 3 ] DEBUG Engine               - soundMenuSelect: menu/select.wav
20:40:09.111 [FXGL Background Thread 3 ] DEBUG Engine               - soundNotification: core/notification.wav
20:40:09.111 [FXGL Background Thread 3 ] DEBUG Engine               - stageStyle: DECORATED
20:40:09.111 [FXGL Background Thread 3 ] DEBUG Engine               - supportedLanguages: [ENGLISH, FRENCH, GERMAN, HUNGARIAN, RUSSIAN]
20:40:09.111 [FXGL Background Thread 3 ] DEBUG Engine               - ticksPerSecond: -1
20:40:09.111 [FXGL Background Thread 3 ] DEBUG Engine               - title: Game 1 Let's go
20:40:09.111 [FXGL Background Thread 3 ] DEBUG Engine               - urlGithub: https://github.com/AlmasB/FXGL
20:40:09.111 [FXGL Background Thread 3 ] DEBUG Engine               - urlLeaderboard: http://fxgl-top.herokuapp.com/
20:40:09.111 [FXGL Background Thread 3 ] DEBUG Engine               - urlPOM: https://raw.githubusercontent.com/AlmasB/FXGL/release/README.md
20:40:09.113 [FXGL Background Thread 3 ] DEBUG Engine               - userAppClass: class Main.App
20:40:09.113 [FXGL Background Thread 3 ] DEBUG Engine               - version: 1.0
20:40:09.113 [FXGL Background Thread 3 ] DEBUG Engine               - versionCheckDays: 7
20:40:09.113 [FXGL Background Thread 3 ] DEBUG Engine               - width: 1280
20:40:09.114 [FXGL Background Thread 3 ] DEBUG Engine               - Logging services
20:40:09.114 [FXGL Background Thread 3 ] DEBUG Engine               - class com.almasb.fxgl.app.services.FXGLAssetLoaderService
20:40:09.114 [FXGL Background Thread 3 ] DEBUG Engine               - class com.almasb.fxgl.app.FXGLApplication$GameApplicationService
20:40:09.114 [FXGL Background Thread 3 ] DEBUG Engine               - class com.almasb.fxgl.app.services.FXGLDialogService
20:40:09.114 [FXGL Background Thread 3 ] DEBUG Engine               - class com.almasb.fxgl.app.services.IOTaskExecutorService
20:40:09.115 [FXGL Background Thread 3 ] DEBUG Engine               - class com.almasb.fxgl.event.EventBusService
20:40:09.115 [FXGL Background Thread 3 ] DEBUG Engine               - class com.almasb.fxgl.io.FileSystemService
20:40:09.115 [FXGL Background Thread 3 ] DEBUG Engine               - class com.almasb.fxgl.localization.LocalizationService
20:40:09.115 [FXGL Background Thread 3 ] DEBUG Engine               - class com.almasb.fxgl.app.services.SystemBundleService
20:40:09.115 [FXGL Background Thread 3 ] DEBUG Engine               - class com.almasb.fxgl.profile.SaveLoadService
20:40:09.116 [FXGL Background Thread 3 ] DEBUG Engine               - class com.almasb.fxgl.ui.FXGLUIFactoryServiceProvider
20:40:09.116 [FXGL Background Thread 3 ] DEBUG Engine               - class com.almasb.fxgl.ui.FXGLDialogFactoryServiceProvider
20:40:09.116 [FXGL Background Thread 3 ] DEBUG Engine               - class com.almasb.fxgl.audio.AudioPlayer
20:40:09.116 [FXGL Background Thread 3 ] DEBUG Engine               - class com.almasb.fxgl.notification.impl.NotificationServiceProvider
20:40:09.116 [FXGL Background Thread 3 ] DEBUG Engine               - class com.almasb.fxgl.achievement.AchievementService
20:40:09.116 [FXGL Background Thread 3 ] DEBUG Engine               - class com.almasb.fxgl.cutscene.CutsceneService
20:40:09.117 [FXGL Background Thread 3 ] DEBUG Engine               - class com.almasb.fxgl.minigames.MiniGameService
20:40:09.117 [FXGL Background Thread 3 ] DEBUG Engine               - class com.almasb.fxgl.net.NetService
20:40:09.117 [FXGL Background Thread 3 ] DEBUG Engine               - class com.almasb.fxgl.app.services.UpdaterService
20:40:09.117 [FXGL Background Thread 3 ] DEBUG Engine               - class com.almasb.fxgl.dev.DevService
20:40:30.144 [JavaFX Application Thread] DEBUG PrimaryStageWindow   - Pop state: DialogSubScene
20:40:30.144 [JavaFX Application Thread] DEBUG Input                - Clearing active input actions
20:40:30.145 [JavaFX Application Thread] DEBUG GameApplicationServi - Removing overlay from DialogSubScene and adding to GameScene
20:40:30.146 [JavaFX Application Thread] DEBUG PrimaryStageWindow   - GameScene <- DialogSubScene
20:40:55.709 [JavaFX Application Thread] DEBUG FXGLApplication      - Exiting FXGL
20:40:55.709 [JavaFX Application Thread] DEBUG LoopRunner           - Stopping loop
20:40:55.709 [JavaFX Application Thread] DEBUG SystemBundleService  - Saving FXGL system data
20:40:55.713 [JavaFX Application Thread] DEBUG FileSystemAccess     - Writing to: C:\Users\isyoh\Documents\école\Object oriented program\Cours\MusicAdventure\system\fxgl.bundle
20:40:55.717 [JavaFX Application Thread] DEBUG Async                - Shutting down background threads
20:40:55.718 [JavaFX Application Thread] DEBUG PrimaryStageWindow   - Closing main window
20:40:55.754 [JavaFX Application Thread] DEBUG Logger               - Closing Logger
