21:07:36.255 [main                     ] DEBUG Logger               - Configured Logger
21:07:36.276 [main                     ] DEBUG GameApplication      - Logging settings
Title: Game 1 Let's go
Version: 1.0
Width: 1280
Height: 720
Fullscreen: false
Intro: false
Profiling: false
Single step:false
App Mode: DEVELOPER
Menu Key: ESCAPE
Stage Style: DECORATED
Scene Factory: class Main.App$1

21:07:37.128 [JavaFX Application Thread] DEBUG FXGLApplication      - Initializing FXGL
21:07:37.131 [JavaFX Application Thread] INFO  Engine               - FXGL-11.14 (01.03.2021 16.59) on WINDOWS (J:15.0.2 FX:15)
21:07:37.131 [JavaFX Application Thread] DEBUG Engine               - JRE Vendor Name: Oracle Corporation
21:07:37.132 [JavaFX Application Thread] DEBUG Engine               - Running on OS: Windows 10 version 10.0
21:07:37.132 [JavaFX Application Thread] DEBUG Engine               - Architecture: amd64
21:07:37.133 [JavaFX Application Thread] INFO  Engine               - Source code and latest versions at: https://github.com/AlmasB/FXGL
21:07:37.133 [JavaFX Application Thread] INFO  Engine               -              Join the FXGL chat at: https://gitter.im/AlmasB/FXGL
21:07:37.320 [JavaFX Application Thread] DEBUG PrimaryStageWindow   - Creating a JavaFX scene
21:07:37.321 [JavaFX Application Thread] DEBUG PrimaryStageWindow   - Target size > screen size
21:07:37.429 [JavaFX Application Thread] DEBUG PrimaryStageWindow   - Target settings size: 1280.0 x 720.0
21:07:37.430 [JavaFX Application Thread] DEBUG PrimaryStageWindow   - Scaled scene size:    1183.0 x 679.0
21:07:37.430 [JavaFX Application Thread] DEBUG PrimaryStageWindow   - Scaled ratio: (0.92421875, 0.9430555555555555)
21:07:37.431 [JavaFX Application Thread] DEBUG PrimaryStageWindow   - Set initial scene to FXGLStartupScene
21:07:37.446 [JavaFX Application Thread] DEBUG PrimaryStageWindow   - Opening main window
21:07:37.644 [JavaFX Application Thread] DEBUG PrimaryStageWindow   - Window border size: (15.0, 37.66668701171875)
21:07:37.644 [JavaFX Application Thread] DEBUG PrimaryStageWindow   - Scaled size: 1183.0 x 679.0
21:07:37.645 [JavaFX Application Thread] DEBUG PrimaryStageWindow   - Scaled ratio: (0.92421875, 0.9430555555555555)
21:07:37.645 [JavaFX Application Thread] DEBUG PrimaryStageWindow   - Scene size: 1183.0 x 679.0
21:07:37.646 [JavaFX Application Thread] DEBUG PrimaryStageWindow   - Stage size: 1198.0 x 716.6666870117188
21:07:37.689 [FXGL Background Thread 1 ] DEBUG Engine               - Initializing environment variables
21:07:37.762 [FXGL Background Thread 1 ] DEBUG FXGLAssetLoaderServi - User app class for loading assets: class Main.App
21:07:37.763 [FXGL Background Thread 1 ] DEBUG GameApplicationServi - Applying CSS: fxgl_dark.css
21:07:37.764 [FXGL Background Thread 1 ] DEBUG FXGLAssetLoaderServi - Loading from file system: jar:file:///C:/Users/isyoh/.m2/repository/com/github/almasb/fxgl/11.14/fxgl-11.14.jar!/fxglassets/ui/css/fxgl_dark.css
21:07:37.872 [FXGL Background Thread 1 ] DEBUG GameApplicationServi - Initializing application scenes
21:07:38.061 [FXGL Background Thread 1 ] DEBUG FXGLAssetLoaderServi - Loading from file system: file:/C:/Users/isyoh/Documents/école/Object%20oriented%20program/Cours/MusicAdventure/target/classes/assets/textures/player.png
21:07:38.105 [FXGL Background Thread 1 ] DEBUG GameWorld            - Game world initialized
21:07:38.188 [FXGL Background Thread 1 ] DEBUG PhysicsWorld         - Physics world initialized: appHeight=720, physics.ppm=50,0
21:07:38.188 [FXGL Background Thread 1 ] DEBUG PhysicsWorld         - Using strategy: BRUTE_FORCE
21:07:38.192 [FXGL Background Thread 1 ] DEBUG GameScene            - Game scene initialized: 1280x720
21:07:38.213 [FXGL Background Thread 1 ] DEBUG FXGLAssetLoaderServi - Loading from file system: jar:file:///C:/Users/isyoh/.m2/repository/com/github/almasb/fxgl/11.14/fxgl-11.14.jar!/fxglassets/textures/particles/trace_horizontal.png
21:07:38.281 [FXGL Background Thread 1 ] DEBUG FXGL.DefaultMenu     - createMenuBodyGameMenu()
21:07:38.308 [FXGL Background Thread 1 ] DEBUG FXGL.DefaultMenu     - createOptionsMenu()
21:07:38.317 [FXGL Background Thread 1 ] DEBUG FXGLAssetLoaderServi - Loading from file system: jar:file:///C:/Users/isyoh/.m2/repository/com/github/almasb/fxgl/11.14/fxgl-11.14.jar!/fxglassets/textures/particles/smoke.png
21:07:38.422 [FXGL Background Thread 1 ] DEBUG GameApplicationServi - Application scenes initialized
21:07:38.438 [FXGL Background Thread 1 ] DEBUG SystemBundleService  - Loading FXGL system data
21:07:38.462 [FXGL Background Thread 1 ] DEBUG FileSystemAccess     - Reading from: C:\Users\isyoh\Documents\école\Object oriented program\Cours\MusicAdventure\system\fxgl.bundle
21:07:38.472 [FXGL Background Thread 1 ] DEBUG SystemBundleService  - Bundle FXGL: {}
21:07:38.472 [FXGL Background Thread 1 ] DEBUG UpdaterService       - Checking for updates
21:07:38.479 [FXGL Background Thread 1 ] DEBUG FXGLApplication      - Loading default localization
21:07:38.480 [FXGL Background Thread 1 ] DEBUG FXGLAssetLoaderServi - Loading from file system: jar:file:///C:/Users/isyoh/.m2/repository/com/github/almasb/fxgl/11.14/fxgl-11.14.jar!/fxglassets/languages/english.lang
21:07:38.495 [FXGL Background Thread 4 ] DEBUG FXGLApplication      - Loading fonts
21:07:38.496 [FXGL Background Thread 4 ] DEBUG FXGLAssetLoaderServi - Loading from file system: jar:file:///C:/Users/isyoh/.m2/repository/com/github/almasb/fxgl/11.14/fxgl-11.14.jar!/fxglassets/ui/fonts/VarelaRound-Regular.ttf
21:07:38.507 [FXGL Background Thread 1 ] INFO  FXGLApplication      - FXGL initialization took: 0,818 sec
21:07:38.524 [JavaFX Application Thread] DEBUG Input                - Registered new binding: Left - Left
21:07:38.524 [JavaFX Application Thread] DEBUG Input                - Registered new binding: Right - Right
21:07:38.525 [JavaFX Application Thread] DEBUG Input                - Registered new binding: Jump - Up
21:07:38.525 [JavaFX Application Thread] DEBUG Input                - Registered new binding: WhistleA - 1
21:07:38.525 [JavaFX Application Thread] DEBUG Input                - Registered new binding: WhistleB - 2
21:07:38.526 [JavaFX Application Thread] DEBUG Input                - Registered new binding: WhistleC - 3
21:07:38.526 [JavaFX Application Thread] DEBUG Input                - Registered new binding: WhistleD - 4
21:07:38.527 [JavaFX Application Thread] DEBUG Input                - Registered new binding: WhistleE - 5
21:07:38.527 [JavaFX Application Thread] DEBUG Input                - Registered new binding: WhistleF - 6
21:07:38.528 [JavaFX Application Thread] DEBUG Input                - Registered new binding: WhistleG - 7
21:07:38.528 [JavaFX Application Thread] DEBUG Input                - Registered new binding: Use - E
21:07:38.529 [JavaFX Application Thread] DEBUG FXGLAssetLoaderServi - Loading from file system: file:/C:/Users/isyoh/Documents/école/Object%20oriented%20program/Cours/MusicAdventure/target/classes/assets/music/BGM_dash_runner.wav
21:07:38.950 [FXGL Background Thread 4 ] DEBUG FXGLAssetLoaderServi - Loading from file system: jar:file:///C:/Users/isyoh/.m2/repository/com/github/almasb/fxgl/11.14/fxgl-11.14.jar!/fxglassets/ui/fonts/Abel-Regular.ttf
21:07:38.978 [FXGL Background Thread 4 ] DEBUG FXGLAssetLoaderServi - Loading from file system: jar:file:///C:/Users/isyoh/.m2/repository/com/github/almasb/fxgl/11.14/fxgl-11.14.jar!/fxglassets/ui/fonts/lucida_console.ttf
21:07:39.000 [FXGL Background Thread 4 ] DEBUG FXGLAssetLoaderServi - Loading from file system: jar:file:///C:/Users/isyoh/.m2/repository/com/github/almasb/fxgl/11.14/fxgl-11.14.jar!/fxglassets/ui/fonts/Courier-Prime.ttf
21:07:39.021 [JavaFX Application Thread] DEBUG AudioPlayer          - Playing music com.almasb.fxgl.audio.Music@30a00701
21:07:39.033 [JavaFX Application Thread] DEBUG FXGLAssetLoaderServi - Loading from file system: jar:file:///C:/Users/isyoh/.m2/repository/com/github/almasb/fxgl/11.14/fxgl-11.14.jar!/fxglassets/textures/fxgl_icon.png
21:07:39.062 [JavaFX Application Thread] DEBUG FXGLAssetLoaderServi - Loading from file system: jar:file:///C:/Users/isyoh/.m2/repository/com/github/almasb/fxgl/11.14/fxgl-11.14.jar!/fxglassets/ui/cursors/fxgl_default.png
21:07:39.066 [JavaFX Application Thread] DEBUG Input                - Registered new binding: Screenshot - P
21:07:39.067 [JavaFX Application Thread] DEBUG Input                - Registered new binding: System info dump - CTRL+9
21:07:39.068 [JavaFX Application Thread] DEBUG Input                - Registered new binding: Restart - CTRL+R
21:07:39.069 [JavaFX Application Thread] DEBUG Input                - Registered new binding: Toggle Debug Camera - CTRL+C
21:07:39.072 [JavaFX Application Thread] DEBUG LoopRunner           - Starting loop
21:07:39.072 [JavaFX Application Thread] DEBUG LoopRunner           - Initializing JavaFX AnimationTimerLoop
21:07:39.074 [JavaFX Application Thread] DEBUG GameApplicationServi - Starting new game
21:07:39.081 [JavaFX Application Thread] DEBUG Input                - Clearing active input actions
21:07:39.103 [JavaFX Application Thread] DEBUG GameApplicationServi - Removing overlay from FXGLStartupScene and adding to BetterLoadingScene
21:07:39.104 [JavaFX Application Thread] DEBUG PrimaryStageWindow   - FXGLStartupScene -> BetterLoadingScene
21:07:39.104 [JavaFX Application Thread] DEBUG GameApplicationServi - Clearing previous game
21:07:39.104 [JavaFX Application Thread] DEBUG GameScene            - Clearing game scene
21:07:39.105 [JavaFX Application Thread] DEBUG GameWorld            - Clearing game world
21:07:39.105 [JavaFX Application Thread] DEBUG PhysicsWorld         - Clearing physics world
21:07:39.107 [FXGL Background Thread 1 ] DEBUG FXGLApplication      - Initializing game
21:07:39.196 [JavaFX Application Thread] DEBUG FXGLApplication      - Registering font factories with UI factory
21:07:39.255 [FXGL Background Thread 1 ] DEBUG TMXLevelLoader       - Parsed raw map: TiledMap(width=15, height=10, tilewidth=70, tileheight=70, orientation=orthogonal, layers=[Layer(width=15, height=10, name=Tile Layer 1, type=tilelayer, visible=false, x=0, y=0, data=[0, 0, 0, 0, 0, 0, 0, 0, 0, 0, 0, 0, 0, 0, 0, 0, 0, 0, 0, 0, 0, 0, 0, 0, 0, 0, 0, 0, 0, 0, 0, 0, 0, 0, 0, 0, 0, 0, 0, 0, 0, 0, 0, 0, 0, 0, 0, 0, 0, 0, 0, 0, 0, 0, 0, 0, 0, 0, 0, 0, 0, 0, 0, 0, 0, 0, 0, 0, 0, 0, 0, 0, 0, 0, 0, 0, 0, 0, 0, 0, 0, 0, 0, 0, 0, 0, 0, 0, 0, 0, 0, 0, 0, 0, 0, 0, 0, 0, 0, 0, 0, 0, 0, 0, 0, 0, 0, 0, 0, 0, 0, 0, 0, 0, 0, 0, 0, 0, 0, 0, 0, 0, 0, 0, 0, 0, 69, 57, 45, 0, 0, 0, 0, 0, 0, 116, 104, 104, 104, 104, 104, 104, 104, 104, 104, 104, 104, 104, 104, 92], objects=[], opacity=0.0, draworder=), Layer(width=0, height=0, name=Object Layer 1, type=objectgroup, visible=false, x=0, y=0, data=[], objects=[com.almasb.fxgl.entity.level.tiled.TiledObject@5bd4ff78, com.almasb.fxgl.entity.level.tiled.TiledObject@4f9a006, com.almasb.fxgl.entity.level.tiled.TiledObject@db694e, com.almasb.fxgl.entity.level.tiled.TiledObject@402681fb, com.almasb.fxgl.entity.level.tiled.TiledObject@3c7589b8, com.almasb.fxgl.entity.level.tiled.TiledObject@75c5f7a0], opacity=0.0, draworder=)], tilesets=[Tileset(firstgid=1, image=tiles_spritesheet.png, name=tiles_spritesheet, tilewidth=70, tileheight=70, imagewidth=914, imageheight=936, margin=0, spacing=2, columns=12, tilecount=156, transparentcolor=, tiles=[])], backgroundcolor=, renderorder=right-down, nextobjectid=22, version=1, tiledversion=1.2.3, type=map, infinite=false, hexsidelength=0, staggeraxis=, staggerindex=, properties={star1time=9.0}, propertytypes={star1time=float})
21:07:39.256 [FXGL Background Thread 1 ] DEBUG TMXLevelLoader       - Creating tile layer entities
21:07:39.258 [FXGL Background Thread 1 ] DEBUG TilesetLoader        - Loading view for layer Tile Layer 1
21:07:39.260 [FXGL Background Thread 1 ] DEBUG TilesetLoader        - Created buffer with size 1050.0x700.0
21:07:39.367 [FXGL Background Thread 1 ] DEBUG TilesetLoader        - Writing to buffer: dst=420,560, w=70,h=70, src=576,360
21:07:39.368 [FXGL Background Thread 1 ] DEBUG TilesetLoader        - Writing to buffer: dst=490,560, w=70,h=70, src=576,288
21:07:39.368 [FXGL Background Thread 1 ] DEBUG TilesetLoader        - Writing to buffer: dst=560,560, w=70,h=70, src=576,216
21:07:39.368 [FXGL Background Thread 1 ] DEBUG TilesetLoader        - Writing to buffer: dst=0,630, w=70,h=70, src=504,648
21:07:39.369 [FXGL Background Thread 1 ] DEBUG TilesetLoader        - Writing to buffer: dst=70,630, w=70,h=70, src=504,576
21:07:39.369 [FXGL Background Thread 1 ] DEBUG TilesetLoader        - Writing to buffer: dst=140,630, w=70,h=70, src=504,576
21:07:39.369 [FXGL Background Thread 1 ] DEBUG TilesetLoader        - Writing to buffer: dst=210,630, w=70,h=70, src=504,576
21:07:39.370 [FXGL Background Thread 1 ] DEBUG TilesetLoader        - Writing to buffer: dst=280,630, w=70,h=70, src=504,576
21:07:39.370 [FXGL Background Thread 1 ] DEBUG TilesetLoader        - Writing to buffer: dst=350,630, w=70,h=70, src=504,576
21:07:39.370 [FXGL Background Thread 1 ] DEBUG TilesetLoader        - Writing to buffer: dst=420,630, w=70,h=70, src=504,576
21:07:39.370 [FXGL Background Thread 1 ] DEBUG TilesetLoader        - Writing to buffer: dst=490,630, w=70,h=70, src=504,576
21:07:39.371 [FXGL Background Thread 1 ] DEBUG TilesetLoader        - Writing to buffer: dst=560,630, w=70,h=70, src=504,576
21:07:39.371 [FXGL Background Thread 1 ] DEBUG TilesetLoader        - Writing to buffer: dst=630,630, w=70,h=70, src=504,576
21:07:39.371 [FXGL Background Thread 1 ] DEBUG TilesetLoader        - Writing to buffer: dst=700,630, w=70,h=70, src=504,576
21:07:39.372 [FXGL Background Thread 1 ] DEBUG TilesetLoader        - Writing to buffer: dst=770,630, w=70,h=70, src=504,576
21:07:39.372 [FXGL Background Thread 1 ] DEBUG TilesetLoader        - Writing to buffer: dst=840,630, w=70,h=70, src=504,576
21:07:39.375 [FXGL Background Thread 1 ] DEBUG TilesetLoader        - Writing to buffer: dst=910,630, w=70,h=70, src=504,576
21:07:39.375 [FXGL Background Thread 1 ] DEBUG TilesetLoader        - Writing to buffer: dst=980,630, w=70,h=70, src=504,504
21:07:39.376 [FXGL Background Thread 1 ] DEBUG TMXLevelLoader       - Creating object layer entities
21:07:39.378 [FXGL Background Thread 2 ] INFO  UpdaterService       - Your current version:  11.14
21:07:39.379 [FXGL Background Thread 2 ] INFO  UpdaterService       - Latest stable version: 11.15
21:07:39.444 [FXGL Background Thread 1 ] DEBUG GameWorld            - Clearing removable entities
21:07:39.446 [FXGL Background Thread 1 ] DEBUG GameWorld            - Setting level: com.almasb.fxgl.entity.level.Level@195b3c0a
21:07:39.482 [FXGL Background Thread 1 ] DEBUG FXGLAssetLoaderServi - Loading from file system: file:/C:/Users/isyoh/Documents/école/Object%20oriented%20program/Cours/MusicAdventure/target/classes/assets/textures/background/proj.png
21:07:39.540 [FXGL Background Thread 1 ] INFO  FXGLApplication      - Game initialization took: 0,433 sec
21:07:39.874 [JavaFX Application Thread] DEBUG Input                - Clearing active input actions
21:07:39.888 [JavaFX Application Thread] DEBUG GameApplicationServi - Removing overlay from BetterLoadingScene and adding to GameScene
21:07:39.889 [JavaFX Application Thread] DEBUG PrimaryStageWindow   - BetterLoadingScene -> GameScene
21:07:40.993 [JavaFX Application Thread] DEBUG PrimaryStageWindow   - Push state: DialogSubScene
21:07:40.993 [JavaFX Application Thread] DEBUG Input                - Clearing active input actions
21:07:41.005 [JavaFX Application Thread] DEBUG GameApplicationServi - Removing overlay from GameScene and adding to DialogSubScene
21:07:41.006 [JavaFX Application Thread] DEBUG PrimaryStageWindow   - GameScene -> DialogSubScene
21:07:41.479 [FXGL Background Thread 3 ] DEBUG Engine               - Logging environment variables
21:07:41.479 [FXGL Background Thread 3 ] DEBUG Engine               - achievements: []
21:07:41.480 [FXGL Background Thread 3 ] DEBUG Engine               - actualHeight: 679.0
21:07:41.480 [FXGL Background Thread 3 ] DEBUG Engine               - actualHeightProperty: ReadOnlyDoubleProperty [value: 679.0]
21:07:41.480 [FXGL Background Thread 3 ] DEBUG Engine               - actualWidth: 1183.0
21:07:41.480 [FXGL Background Thread 3 ] DEBUG Engine               - actualWidthProperty: ReadOnlyDoubleProperty [value: 1183.0]
21:07:41.480 [FXGL Background Thread 3 ] DEBUG Engine               - appIcon: fxgl_icon.png
21:07:41.481 [FXGL Background Thread 3 ] DEBUG Engine               - applicationMode: DEVELOPER
21:07:41.481 [FXGL Background Thread 3 ] DEBUG Engine               - cSSList: [fxgl_dark.css]
21:07:41.481 [FXGL Background Thread 3 ] DEBUG Engine               - collisionDetectionStrategy: BRUTE_FORCE
21:07:41.481 [FXGL Background Thread 3 ] DEBUG Engine               - configClass: Optional.empty
21:07:41.481 [FXGL Background Thread 3 ] DEBUG Engine               - credits: []
21:07:41.482 [FXGL Background Thread 3 ] DEBUG Engine               - devBBoxColorProperty: ObjectProperty [value: 0xff0000ff]
21:07:41.482 [FXGL Background Thread 3 ] DEBUG Engine               - devEnableDebugCameraProperty: BooleanProperty [value: false]
21:07:41.483 [FXGL Background Thread 3 ] DEBUG Engine               - devSensorColorProperty: ObjectProperty [value: 0xffff00ff]
21:07:41.483 [FXGL Background Thread 3 ] DEBUG Engine               - devShowBBoxProperty: BooleanProperty [value: false]
21:07:41.483 [FXGL Background Thread 3 ] DEBUG Engine               - devShowPositionProperty: BooleanProperty [value: false]
21:07:41.483 [FXGL Background Thread 3 ] DEBUG Engine               - enabledMenuItems: []
21:07:41.484 [FXGL Background Thread 3 ] DEBUG Engine               - engineServices: [class com.almasb.fxgl.app.services.FXGLAssetLoaderService, class com.almasb.fxgl.app.FXGLApplication$GameApplicationService, class com.almasb.fxgl.app.services.FXGLDialogService, class com.almasb.fxgl.app.services.IOTaskExecutorService, class com.almasb.fxgl.event.EventBusService, class com.almasb.fxgl.io.FileSystemService, class com.almasb.fxgl.localization.LocalizationService, class com.almasb.fxgl.app.services.SystemBundleService, class com.almasb.fxgl.profile.SaveLoadService, class com.almasb.fxgl.ui.FXGLUIFactoryServiceProvider, class com.almasb.fxgl.ui.FXGLDialogFactoryServiceProvider, class com.almasb.fxgl.audio.AudioPlayer, class com.almasb.fxgl.notification.impl.NotificationServiceProvider, class com.almasb.fxgl.achievement.AchievementService, class com.almasb.fxgl.cutscene.CutsceneService, class com.almasb.fxgl.minigames.MiniGameService, class com.almasb.fxgl.net.NetService, class com.almasb.fxgl.app.services.UpdaterService, class com.almasb.fxgl.dev.DevService]
21:07:41.484 [FXGL Background Thread 3 ] DEBUG Engine               - fontGame: Abel-Regular.ttf
21:07:41.484 [FXGL Background Thread 3 ] DEBUG Engine               - fontMono: lucida_console.ttf
21:07:41.484 [FXGL Background Thread 3 ] DEBUG Engine               - fontText: Courier-Prime.ttf
21:07:41.485 [FXGL Background Thread 3 ] DEBUG Engine               - fontUI: VarelaRound-Regular.ttf
21:07:41.485 [FXGL Background Thread 3 ] DEBUG Engine               - fullScreen: BooleanProperty [value: false]
21:07:41.485 [FXGL Background Thread 3 ] DEBUG Engine               - gameDifficulty: MEDIUM
21:07:41.485 [FXGL Background Thread 3 ] DEBUG Engine               - gameDifficultyProperty: ObjectProperty [value: MEDIUM]
21:07:41.485 [FXGL Background Thread 3 ] DEBUG Engine               - globalMusicVolume: 0.5
21:07:41.486 [FXGL Background Thread 3 ] DEBUG Engine               - globalMusicVolumeProperty: DoubleProperty [value: 0.08]
21:07:41.486 [FXGL Background Thread 3 ] DEBUG Engine               - globalSoundVolume: 0.5
21:07:41.486 [FXGL Background Thread 3 ] DEBUG Engine               - globalSoundVolumeProperty: DoubleProperty [value: 0.08]
21:07:41.487 [FXGL Background Thread 3 ] DEBUG Engine               - height: 720
21:07:41.487 [FXGL Background Thread 3 ] DEBUG Engine               - isAndroid: false
21:07:41.487 [FXGL Background Thread 3 ] DEBUG Engine               - isBrowser: false
21:07:41.487 [FXGL Background Thread 3 ] DEBUG Engine               - isClickFeedbackEnabled: false
21:07:41.488 [FXGL Background Thread 3 ] DEBUG Engine               - isCloseConfirmation: false
21:07:41.488 [FXGL Background Thread 3 ] DEBUG Engine               - isDesktop: true
21:07:41.488 [FXGL Background Thread 3 ] DEBUG Engine               - isDeveloperMenuEnabled: false
21:07:41.488 [FXGL Background Thread 3 ] DEBUG Engine               - isEntityPreloadEnabled: true
21:07:41.488 [FXGL Background Thread 3 ] DEBUG Engine               - isExperimental3D: false
21:07:41.488 [FXGL Background Thread 3 ] DEBUG Engine               - isExperimentalNative: false
21:07:41.489 [FXGL Background Thread 3 ] DEBUG Engine               - isExperimentalTiledLargeMap: false
21:07:41.489 [FXGL Background Thread 3 ] DEBUG Engine               - isFileSystemWriteAllowed: true
21:07:41.489 [FXGL Background Thread 3 ] DEBUG Engine               - isFullScreenAllowed: false
21:07:41.489 [FXGL Background Thread 3 ] DEBUG Engine               - isFullScreenFromStart: false
21:07:41.489 [FXGL Background Thread 3 ] DEBUG Engine               - isGameMenuEnabled: true
21:07:41.489 [FXGL Background Thread 3 ] DEBUG Engine               - isIOS: false
21:07:41.490 [FXGL Background Thread 3 ] DEBUG Engine               - isIntroEnabled: false
21:07:41.490 [FXGL Background Thread 3 ] DEBUG Engine               - isLinux: false
21:07:41.490 [FXGL Background Thread 3 ] DEBUG Engine               - isMac: false
21:07:41.490 [FXGL Background Thread 3 ] DEBUG Engine               - isMainMenuEnabled: false
21:07:41.490 [FXGL Background Thread 3 ] DEBUG Engine               - isManualResizeEnabled: false
21:07:41.490 [FXGL Background Thread 3 ] DEBUG Engine               - isMobile: false
21:07:41.490 [FXGL Background Thread 3 ] DEBUG Engine               - isPreserveResizeRatio: false
21:07:41.491 [FXGL Background Thread 3 ] DEBUG Engine               - isProfilingEnabled: false
21:07:41.491 [FXGL Background Thread 3 ] DEBUG Engine               - isScaleAffectedOnResize: true
21:07:41.491 [FXGL Background Thread 3 ] DEBUG Engine               - isSingleStep: false
21:07:41.491 [FXGL Background Thread 3 ] DEBUG Engine               - isUserProfileEnabled: false
21:07:41.492 [FXGL Background Thread 3 ] DEBUG Engine               - isWindows: true
21:07:41.492 [FXGL Background Thread 3 ] DEBUG Engine               - language: ObjectProperty [value: ENGLISH]
21:07:41.492 [FXGL Background Thread 3 ] DEBUG Engine               - menuKey: ESCAPE
21:07:41.492 [FXGL Background Thread 3 ] DEBUG Engine               - notificationViewClass: class com.almasb.fxgl.notification.view.XboxNotificationView
21:07:41.493 [FXGL Background Thread 3 ] DEBUG Engine               - pixelsPerMeter: 50.0
21:07:41.493 [FXGL Background Thread 3 ] DEBUG Engine               - platform: WINDOWS
21:07:41.493 [FXGL Background Thread 3 ] DEBUG Engine               - prefHeightProperty: ReadOnlyDoubleProperty [value: 720.0]
21:07:41.493 [FXGL Background Thread 3 ] DEBUG Engine               - prefWidthProperty: ReadOnlyDoubleProperty [value: 1280.0]
21:07:41.494 [FXGL Background Thread 3 ] DEBUG Engine               - profileDir: profiles/
21:07:41.494 [FXGL Background Thread 3 ] DEBUG Engine               - profileName: StringProperty [value: DEFAULT]
21:07:41.495 [FXGL Background Thread 3 ] DEBUG Engine               - randomSeed: -1
21:07:41.495 [FXGL Background Thread 3 ] DEBUG Engine               - runtimeInfo: RuntimeInfo(platform=WINDOWS, version=11.14, build=01.03.2021 16.59)
21:07:41.495 [FXGL Background Thread 3 ] DEBUG Engine               - saveFileExt: sav
21:07:41.495 [FXGL Background Thread 3 ] DEBUG Engine               - scaledHeightProp$fxgl: DoubleProperty [bound, value: 679.0]
21:07:41.495 [FXGL Background Thread 3 ] DEBUG Engine               - scaledWidthProp$fxgl: DoubleProperty [bound, value: 1183.0]
21:07:41.495 [FXGL Background Thread 3 ] DEBUG Engine               - sceneFactory: Main.App$1@200e9730
21:07:41.496 [FXGL Background Thread 3 ] DEBUG Engine               - secondsIn24h: 60
21:07:41.496 [FXGL Background Thread 3 ] DEBUG Engine               - soundMenuBack: menu/back.wav
21:07:41.496 [FXGL Background Thread 3 ] DEBUG Engine               - soundMenuPress: menu/press.wav
21:07:41.496 [FXGL Background Thread 3 ] DEBUG Engine               - soundMenuSelect: menu/select.wav
21:07:41.496 [FXGL Background Thread 3 ] DEBUG Engine               - soundNotification: core/notification.wav
21:07:41.496 [FXGL Background Thread 3 ] DEBUG Engine               - stageStyle: DECORATED
21:07:41.496 [FXGL Background Thread 3 ] DEBUG Engine               - supportedLanguages: [ENGLISH, FRENCH, GERMAN, HUNGARIAN, RUSSIAN]
21:07:41.497 [FXGL Background Thread 3 ] DEBUG Engine               - ticksPerSecond: -1
21:07:41.497 [FXGL Background Thread 3 ] DEBUG Engine               - title: Game 1 Let's go
21:07:41.497 [FXGL Background Thread 3 ] DEBUG Engine               - urlGithub: https://github.com/AlmasB/FXGL
21:07:41.497 [FXGL Background Thread 3 ] DEBUG Engine               - urlLeaderboard: http://fxgl-top.herokuapp.com/
21:07:41.497 [FXGL Background Thread 3 ] DEBUG Engine               - urlPOM: https://raw.githubusercontent.com/AlmasB/FXGL/release/README.md
21:07:41.497 [FXGL Background Thread 3 ] DEBUG Engine               - userAppClass: class Main.App
21:07:41.497 [FXGL Background Thread 3 ] DEBUG Engine               - version: 1.0
21:07:41.497 [FXGL Background Thread 3 ] DEBUG Engine               - versionCheckDays: 7
21:07:41.497 [FXGL Background Thread 3 ] DEBUG Engine               - width: 1280
21:07:41.498 [FXGL Background Thread 3 ] DEBUG Engine               - Logging services
21:07:41.498 [FXGL Background Thread 3 ] DEBUG Engine               - class com.almasb.fxgl.app.services.FXGLAssetLoaderService
21:07:41.498 [FXGL Background Thread 3 ] DEBUG Engine               - class com.almasb.fxgl.app.FXGLApplication$GameApplicationService
21:07:41.498 [FXGL Background Thread 3 ] DEBUG Engine               - class com.almasb.fxgl.app.services.FXGLDialogService
21:07:41.499 [FXGL Background Thread 3 ] DEBUG Engine               - class com.almasb.fxgl.app.services.IOTaskExecutorService
21:07:41.499 [FXGL Background Thread 3 ] DEBUG Engine               - class com.almasb.fxgl.event.EventBusService
21:07:41.499 [FXGL Background Thread 3 ] DEBUG Engine               - class com.almasb.fxgl.io.FileSystemService
21:07:41.499 [FXGL Background Thread 3 ] DEBUG Engine               - class com.almasb.fxgl.localization.LocalizationService
21:07:41.499 [FXGL Background Thread 3 ] DEBUG Engine               - class com.almasb.fxgl.app.services.SystemBundleService
21:07:41.499 [FXGL Background Thread 3 ] DEBUG Engine               - class com.almasb.fxgl.profile.SaveLoadService
21:07:41.499 [FXGL Background Thread 3 ] DEBUG Engine               - class com.almasb.fxgl.ui.FXGLUIFactoryServiceProvider
21:07:41.499 [FXGL Background Thread 3 ] DEBUG Engine               - class com.almasb.fxgl.ui.FXGLDialogFactoryServiceProvider
21:07:41.500 [FXGL Background Thread 3 ] DEBUG Engine               - class com.almasb.fxgl.audio.AudioPlayer
21:07:41.500 [FXGL Background Thread 3 ] DEBUG Engine               - class com.almasb.fxgl.notification.impl.NotificationServiceProvider
21:07:41.500 [FXGL Background Thread 3 ] DEBUG Engine               - class com.almasb.fxgl.achievement.AchievementService
21:07:41.500 [FXGL Background Thread 3 ] DEBUG Engine               - class com.almasb.fxgl.cutscene.CutsceneService
21:07:41.501 [FXGL Background Thread 3 ] DEBUG Engine               - class com.almasb.fxgl.minigames.MiniGameService
21:07:41.501 [FXGL Background Thread 3 ] DEBUG Engine               - class com.almasb.fxgl.net.NetService
21:07:41.501 [FXGL Background Thread 3 ] DEBUG Engine               - class com.almasb.fxgl.app.services.UpdaterService
21:07:41.501 [FXGL Background Thread 3 ] DEBUG Engine               - class com.almasb.fxgl.dev.DevService
21:07:42.339 [JavaFX Application Thread] DEBUG PrimaryStageWindow   - Pop state: DialogSubScene
21:07:42.339 [JavaFX Application Thread] DEBUG Input                - Clearing active input actions
21:07:42.340 [JavaFX Application Thread] DEBUG GameApplicationServi - Removing overlay from DialogSubScene and adding to GameScene
21:07:42.340 [JavaFX Application Thread] DEBUG PrimaryStageWindow   - GameScene <- DialogSubScene
21:07:43.982 [JavaFX Application Thread] DEBUG FXGLAssetLoaderServi - Loading from file system: file:/C:/Users/isyoh/Documents/école/Object%20oriented%20program/Cours/MusicAdventure/target/classes/assets/sounds/Kick.wav
21:07:45.675 [JavaFX Application Thread] DEBUG FXGLAssetLoaderServi - Loading from file system: file:/C:/Users/isyoh/Documents/école/Object%20oriented%20program/Cours/MusicAdventure/target/classes/assets/sounds/notes/A(La).wav
21:07:46.092 [JavaFX Application Thread] DEBUG FXGLAssetLoaderServi - Loading from file system: file:/C:/Users/isyoh/Documents/école/Object%20oriented%20program/Cours/MusicAdventure/target/classes/assets/sounds/notes/B(Si).wav
21:07:46.571 [JavaFX Application Thread] DEBUG FXGLAssetLoaderServi - Loading from file system: file:/C:/Users/isyoh/Documents/école/Object%20oriented%20program/Cours/MusicAdventure/target/classes/assets/sounds/notes/C(Do).wav
21:07:46.988 [JavaFX Application Thread] DEBUG FXGLAssetLoaderServi - Loading from file system: file:/C:/Users/isyoh/Documents/école/Object%20oriented%20program/Cours/MusicAdventure/target/classes/assets/sounds/notes/D(Ré).wav
21:07:47.419 [JavaFX Application Thread] DEBUG FXGLAssetLoaderServi - Loading from file system: file:/C:/Users/isyoh/Documents/école/Object%20oriented%20program/Cours/MusicAdventure/target/classes/assets/sounds/notes/E(Mi).wav
21:07:47.855 [JavaFX Application Thread] DEBUG FXGLAssetLoaderServi - Loading from file system: file:/C:/Users/isyoh/Documents/école/Object%20oriented%20program/Cours/MusicAdventure/target/classes/assets/textures/exit_sign.png
21:07:47.918 [JavaFX Application Thread] DEBUG FXGLAssetLoaderServi - Loading from file system: file:/C:/Users/isyoh/Documents/école/Object%20oriented%20program/Cours/MusicAdventure/target/classes/assets/sounds/notes/F(Fa).wav
21:07:48.356 [JavaFX Application Thread] DEBUG FXGLAssetLoaderServi - Loading from file system: file:/C:/Users/isyoh/Documents/école/Object%20oriented%20program/Cours/MusicAdventure/target/classes/assets/ui/fonts/level_font.ttf
21:07:48.407 [JavaFX Application Thread] DEBUG Input                - Registered new binding: Close Level End Screen - LMB
21:07:48.409 [JavaFX Application Thread] DEBUG FXGLAssetLoaderServi - Loading from file system: file:/C:/Users/isyoh/Documents/école/Object%20oriented%20program/Cours/MusicAdventure/target/classes/assets/textures/star_empty.png
21:07:48.426 [JavaFX Application Thread] DEBUG FXGLAssetLoaderServi - Loading from file system: file:/C:/Users/isyoh/Documents/école/Object%20oriented%20program/Cours/MusicAdventure/target/classes/assets/textures/star_full.png
21:07:48.438 [JavaFX Application Thread] DEBUG PrimaryStageWindow   - Push state: LevelEndScene
21:07:48.438 [JavaFX Application Thread] DEBUG Input                - Clearing active input actions
21:07:48.439 [JavaFX Application Thread] DEBUG GameApplicationServi - Removing overlay from GameScene and adding to LevelEndScene
21:07:48.439 [JavaFX Application Thread] DEBUG PrimaryStageWindow   - GameScene -> LevelEndScene
21:07:50.408 [JavaFX Application Thread] DEBUG PrimaryStageWindow   - Pop state: LevelEndScene
21:07:50.409 [JavaFX Application Thread] DEBUG Input                - Clearing active input actions
21:07:50.413 [JavaFX Application Thread] DEBUG GameApplicationServi - Removing overlay from LevelEndScene and adding to GameScene
21:07:50.414 [JavaFX Application Thread] DEBUG PrimaryStageWindow   - GameScene <- LevelEndScene
21:07:51.395 [JavaFX Application Thread] DEBUG TMXLevelLoader       - Parsed raw map: TiledMap(width=15, height=10, tilewidth=70, tileheight=70, orientation=orthogonal, layers=[Layer(width=15, height=10, name=Tile Layer 1, type=tilelayer, visible=false, x=0, y=0, data=[0, 0, 0, 0, 0, 0, 0, 0, 0, 0, 0, 0, 0, 0, 0, 0, 0, 0, 0, 0, 0, 0, 0, 0, 0, 0, 0, 0, 0, 0, 0, 0, 0, 0, 0, 0, 0, 0, 0, 0, 0, 0, 0, 0, 0, 0, 0, 0, 0, 0, 0, 0, 0, 0, 0, 0, 0, 0, 0, 0, 0, 0, 0, 0, 0, 0, 0, 0, 0, 0, 0, 0, 0, 0, 0, 0, 0, 0, 0, 0, 0, 0, 0, 0, 0, 0, 0, 0, 0, 0, 0, 0, 0, 0, 0, 0, 0, 0, 0, 0, 0, 0, 0, 0, 0, 0, 0, 0, 0, 0, 0, 0, 0, 0, 0, 0, 0, 0, 0, 0, 0, 0, 0, 69, 57, 45, 0, 0, 0, 69, 57, 45, 0, 0, 0, 116, 104, 104, 104, 104, 104, 104, 104, 104, 104, 104, 104, 104, 104, 92], objects=[], opacity=0.0, draworder=), Layer(width=0, height=0, name=Object Layer 1, type=objectgroup, visible=false, x=0, y=0, data=[], objects=[com.almasb.fxgl.entity.level.tiled.TiledObject@46fde0e8, com.almasb.fxgl.entity.level.tiled.TiledObject@b91a83e, com.almasb.fxgl.entity.level.tiled.TiledObject@60c0b540, com.almasb.fxgl.entity.level.tiled.TiledObject@636ce3f5, com.almasb.fxgl.entity.level.tiled.TiledObject@4abfb5d0, com.almasb.fxgl.entity.level.tiled.TiledObject@4ce934e1, com.almasb.fxgl.entity.level.tiled.TiledObject@2966f289], opacity=0.0, draworder=)], tilesets=[Tileset(firstgid=1, image=tiles_spritesheet.png, name=tiles_spritesheet, tilewidth=70, tileheight=70, imagewidth=914, imageheight=936, margin=0, spacing=2, columns=12, tilecount=156, transparentcolor=, tiles=[])], backgroundcolor=, renderorder=right-down, nextobjectid=21, version=1, tiledversion=1.2.3, type=map, infinite=false, hexsidelength=0, staggeraxis=, staggerindex=, properties={star1time=7.0}, propertytypes={star1time=float})
21:07:51.396 [JavaFX Application Thread] DEBUG TMXLevelLoader       - Creating tile layer entities
21:07:51.399 [JavaFX Application Thread] DEBUG TilesetLoader        - Loading view for layer Tile Layer 1
21:07:51.407 [JavaFX Application Thread] DEBUG TilesetLoader        - Created buffer with size 1050.0x700.0
21:07:51.426 [JavaFX Application Thread] DEBUG TilesetLoader        - Writing to buffer: dst=210,560, w=70,h=70, src=576,360
21:07:51.426 [JavaFX Application Thread] DEBUG TilesetLoader        - Writing to buffer: dst=280,560, w=70,h=70, src=576,288
21:07:51.427 [JavaFX Application Thread] DEBUG TilesetLoader        - Writing to buffer: dst=350,560, w=70,h=70, src=576,216
21:07:51.427 [JavaFX Application Thread] DEBUG TilesetLoader        - Writing to buffer: dst=630,560, w=70,h=70, src=576,360
21:07:51.428 [JavaFX Application Thread] DEBUG TilesetLoader        - Writing to buffer: dst=700,560, w=70,h=70, src=576,288
21:07:51.428 [JavaFX Application Thread] DEBUG TilesetLoader        - Writing to buffer: dst=770,560, w=70,h=70, src=576,216
21:07:51.428 [JavaFX Application Thread] DEBUG TilesetLoader        - Writing to buffer: dst=0,630, w=70,h=70, src=504,648
21:07:51.429 [JavaFX Application Thread] DEBUG TilesetLoader        - Writing to buffer: dst=70,630, w=70,h=70, src=504,576
21:07:51.429 [JavaFX Application Thread] DEBUG TilesetLoader        - Writing to buffer: dst=140,630, w=70,h=70, src=504,576
21:07:51.429 [JavaFX Application Thread] DEBUG TilesetLoader        - Writing to buffer: dst=210,630, w=70,h=70, src=504,576
21:07:51.429 [JavaFX Application Thread] DEBUG TilesetLoader        - Writing to buffer: dst=280,630, w=70,h=70, src=504,576
21:07:51.430 [JavaFX Application Thread] DEBUG TilesetLoader        - Writing to buffer: dst=350,630, w=70,h=70, src=504,576
21:07:51.430 [JavaFX Application Thread] DEBUG TilesetLoader        - Writing to buffer: dst=420,630, w=70,h=70, src=504,576
21:07:51.430 [JavaFX Application Thread] DEBUG TilesetLoader        - Writing to buffer: dst=490,630, w=70,h=70, src=504,576
21:07:51.430 [JavaFX Application Thread] DEBUG TilesetLoader        - Writing to buffer: dst=560,630, w=70,h=70, src=504,576
21:07:51.431 [JavaFX Application Thread] DEBUG TilesetLoader        - Writing to buffer: dst=630,630, w=70,h=70, src=504,576
21:07:51.431 [JavaFX Application Thread] DEBUG TilesetLoader        - Writing to buffer: dst=700,630, w=70,h=70, src=504,576
21:07:51.431 [JavaFX Application Thread] DEBUG TilesetLoader        - Writing to buffer: dst=770,630, w=70,h=70, src=504,576
21:07:51.431 [JavaFX Application Thread] DEBUG TilesetLoader        - Writing to buffer: dst=840,630, w=70,h=70, src=504,576
21:07:51.432 [JavaFX Application Thread] DEBUG TilesetLoader        - Writing to buffer: dst=910,630, w=70,h=70, src=504,576
21:07:51.432 [JavaFX Application Thread] DEBUG TilesetLoader        - Writing to buffer: dst=980,630, w=70,h=70, src=504,504
21:07:51.432 [JavaFX Application Thread] DEBUG TMXLevelLoader       - Creating object layer entities
21:07:51.437 [JavaFX Application Thread] DEBUG GameWorld            - Clearing removable entities
21:07:51.440 [JavaFX Application Thread] DEBUG GameWorld            - Setting level: com.almasb.fxgl.entity.level.Level@2988b4ea
21:07:58.258 [JavaFX Application Thread] DEBUG PrimaryStageWindow   - Push state: LevelEndScene
21:07:58.258 [JavaFX Application Thread] DEBUG Input                - Clearing active input actions
21:07:58.259 [JavaFX Application Thread] DEBUG GameApplicationServi - Removing overlay from GameScene and adding to LevelEndScene
21:07:58.259 [JavaFX Application Thread] DEBUG PrimaryStageWindow   - GameScene -> LevelEndScene
21:08:00.589 [JavaFX Application Thread] DEBUG PrimaryStageWindow   - Pop state: LevelEndScene
21:08:00.589 [JavaFX Application Thread] DEBUG Input                - Clearing active input actions
21:08:00.590 [JavaFX Application Thread] DEBUG GameApplicationServi - Removing overlay from LevelEndScene and adding to GameScene
21:08:00.590 [JavaFX Application Thread] DEBUG PrimaryStageWindow   - GameScene <- LevelEndScene
21:08:01.580 [JavaFX Application Thread] DEBUG TMXLevelLoader       - Parsed raw map: TiledMap(width=15, height=10, tilewidth=70, tileheight=70, orientation=orthogonal, layers=[Layer(width=15, height=10, name=Tile Layer 1, type=tilelayer, visible=false, x=0, y=0, data=[0, 0, 0, 0, 0, 0, 0, 0, 0, 0, 0, 0, 0, 0, 0, 0, 0, 0, 0, 0, 0, 0, 0, 0, 0, 0, 0, 0, 0, 0, 0, 0, 0, 0, 0, 0, 0, 0, 0, 0, 0, 0, 0, 0, 0, 0, 0, 0, 0, 0, 0, 0, 0, 0, 0, 0, 0, 0, 0, 0, 0, 0, 0, 0, 0, 0, 0, 0, 0, 0, 0, 0, 0, 0, 0, 0, 0, 0, 0, 0, 0, 0, 0, 0, 0, 0, 0, 0, 0, 0, 0, 0, 0, 0, 0, 0, 0, 0, 0, 0, 0, 0, 0, 0, 0, 0, 0, 0, 0, 0, 0, 0, 0, 0, 0, 0, 0, 0, 0, 0, 0, 0, 0, 0, 0, 0, 0, 0, 0, 0, 0, 0, 0, 0, 0, 116, 104, 104, 104, 104, 104, 104, 104, 104, 104, 104, 104, 104, 104, 92], objects=[], opacity=0.0, draworder=), Layer(width=0, height=0, name=Object Layer 1, type=objectgroup, visible=false, x=0, y=0, data=[], objects=[com.almasb.fxgl.entity.level.tiled.TiledObject@2cbc9f3f, com.almasb.fxgl.entity.level.tiled.TiledObject@26b1ec2, com.almasb.fxgl.entity.level.tiled.TiledObject@4ebebc81, com.almasb.fxgl.entity.level.tiled.TiledObject@5f5f8130, com.almasb.fxgl.entity.level.tiled.TiledObject@17d2a883, com.almasb.fxgl.entity.level.tiled.TiledObject@4d1529b5, com.almasb.fxgl.entity.level.tiled.TiledObject@76f4de22, com.almasb.fxgl.entity.level.tiled.TiledObject@550187cd, com.almasb.fxgl.entity.level.tiled.TiledObject@5795bb5e, com.almasb.fxgl.entity.level.tiled.TiledObject@33a97898, com.almasb.fxgl.entity.level.tiled.TiledObject@637ca501, com.almasb.fxgl.entity.level.tiled.TiledObject@3a9a794c], opacity=0.0, draworder=)], tilesets=[Tileset(firstgid=1, image=tiles_spritesheet.png, name=tiles_spritesheet, tilewidth=70, tileheight=70, imagewidth=914, imageheight=936, margin=0, spacing=2, columns=12, tilecount=156, transparentcolor=, tiles=[])], backgroundcolor=, renderorder=right-down, nextobjectid=22, version=1, tiledversion=1.2.3, type=map, infinite=false, hexsidelength=0, staggeraxis=, staggerindex=, properties={star1time=7.0}, propertytypes={star1time=float})
21:08:01.580 [JavaFX Application Thread] DEBUG TMXLevelLoader       - Creating tile layer entities
21:08:01.586 [JavaFX Application Thread] DEBUG TilesetLoader        - Loading view for layer Tile Layer 1
21:08:01.587 [JavaFX Application Thread] DEBUG TilesetLoader        - Created buffer with size 1050.0x700.0
21:08:01.603 [JavaFX Application Thread] DEBUG TilesetLoader        - Writing to buffer: dst=0,630, w=70,h=70, src=504,648
21:08:01.605 [JavaFX Application Thread] DEBUG TilesetLoader        - Writing to buffer: dst=70,630, w=70,h=70, src=504,576
21:08:01.605 [JavaFX Application Thread] DEBUG TilesetLoader        - Writing to buffer: dst=140,630, w=70,h=70, src=504,576
21:08:01.605 [JavaFX Application Thread] DEBUG TilesetLoader        - Writing to buffer: dst=210,630, w=70,h=70, src=504,576
21:08:01.605 [JavaFX Application Thread] DEBUG TilesetLoader        - Writing to buffer: dst=280,630, w=70,h=70, src=504,576
21:08:01.605 [JavaFX Application Thread] DEBUG TilesetLoader        - Writing to buffer: dst=350,630, w=70,h=70, src=504,576
21:08:01.606 [JavaFX Application Thread] DEBUG TilesetLoader        - Writing to buffer: dst=420,630, w=70,h=70, src=504,576
21:08:01.606 [JavaFX Application Thread] DEBUG TilesetLoader        - Writing to buffer: dst=490,630, w=70,h=70, src=504,576
21:08:01.606 [JavaFX Application Thread] DEBUG TilesetLoader        - Writing to buffer: dst=560,630, w=70,h=70, src=504,576
21:08:01.606 [JavaFX Application Thread] DEBUG TilesetLoader        - Writing to buffer: dst=630,630, w=70,h=70, src=504,576
21:08:01.606 [JavaFX Application Thread] DEBUG TilesetLoader        - Writing to buffer: dst=700,630, w=70,h=70, src=504,576
21:08:01.606 [JavaFX Application Thread] DEBUG TilesetLoader        - Writing to buffer: dst=770,630, w=70,h=70, src=504,576
21:08:01.606 [JavaFX Application Thread] DEBUG TilesetLoader        - Writing to buffer: dst=840,630, w=70,h=70, src=504,576
21:08:01.607 [JavaFX Application Thread] DEBUG TilesetLoader        - Writing to buffer: dst=910,630, w=70,h=70, src=504,576
21:08:01.607 [JavaFX Application Thread] DEBUG TilesetLoader        - Writing to buffer: dst=980,630, w=70,h=70, src=504,504
21:08:01.607 [JavaFX Application Thread] DEBUG TMXLevelLoader       - Creating object layer entities
21:08:01.615 [JavaFX Application Thread] DEBUG FXGLAssetLoaderServi - Loading from file system: file:/C:/Users/isyoh/Documents/école/Object%20oriented%20program/Cours/MusicAdventure/target/classes/assets/textures/C(Do).png
21:08:01.621 [JavaFX Application Thread] DEBUG FXGLAssetLoaderServi - Loading from file system: file:/C:/Users/isyoh/Documents/école/Object%20oriented%20program/Cours/MusicAdventure/target/classes/assets/textures/D(Ré).png
21:08:01.625 [JavaFX Application Thread] DEBUG FXGLAssetLoaderServi - Loading from file system: file:/C:/Users/isyoh/Documents/école/Object%20oriented%20program/Cours/MusicAdventure/target/classes/assets/textures/E(Mi).png
21:08:01.630 [JavaFX Application Thread] DEBUG FXGLAssetLoaderServi - Loading from file system: file:/C:/Users/isyoh/Documents/école/Object%20oriented%20program/Cours/MusicAdventure/target/classes/assets/textures/F(Fa).png
21:08:01.636 [JavaFX Application Thread] DEBUG FXGLAssetLoaderServi - Loading from file system: file:/C:/Users/isyoh/Documents/école/Object%20oriented%20program/Cours/MusicAdventure/target/classes/assets/textures/G(Sol).png
21:08:01.640 [JavaFX Application Thread] DEBUG FXGLAssetLoaderServi - Loading from file system: file:/C:/Users/isyoh/Documents/école/Object%20oriented%20program/Cours/MusicAdventure/target/classes/assets/textures/A(La).png
21:08:01.644 [JavaFX Application Thread] DEBUG FXGLAssetLoaderServi - Loading from file system: file:/C:/Users/isyoh/Documents/école/Object%20oriented%20program/Cours/MusicAdventure/target/classes/assets/textures/B(Si).png
21:08:01.646 [JavaFX Application Thread] DEBUG GameWorld            - Clearing removable entities
21:08:01.647 [JavaFX Application Thread] DEBUG GameWorld            - Setting level: com.almasb.fxgl.entity.level.Level@42a81af7
21:08:02.637 [JavaFX Application Thread] DEBUG FXGLAssetLoaderServi - Loading from file system: file:/C:/Users/isyoh/Documents/école/Object%20oriented%20program/Cours/MusicAdventure/target/classes/assets/sounds/jump.wav
21:08:05.674 [JavaFX Application Thread] DEBUG FXGLAssetLoaderServi - Loading from file system: file:/C:/Users/isyoh/Documents/école/Object%20oriented%20program/Cours/MusicAdventure/target/classes/assets/sounds/notes/G(Sol).wav
21:08:08.453 [JavaFX Application Thread] DEBUG PrimaryStageWindow   - Push state: LevelEndScene
21:08:08.453 [JavaFX Application Thread] DEBUG Input                - Clearing active input actions
21:08:08.454 [JavaFX Application Thread] DEBUG GameApplicationServi - Removing overlay from GameScene and adding to LevelEndScene
21:08:08.454 [JavaFX Application Thread] DEBUG PrimaryStageWindow   - GameScene -> LevelEndScene
21:08:10.715 [JavaFX Application Thread] DEBUG PrimaryStageWindow   - Pop state: LevelEndScene
21:08:10.715 [JavaFX Application Thread] DEBUG Input                - Clearing active input actions
21:08:10.717 [JavaFX Application Thread] DEBUG GameApplicationServi - Removing overlay from LevelEndScene and adding to GameScene
21:08:10.717 [JavaFX Application Thread] DEBUG PrimaryStageWindow   - GameScene <- LevelEndScene
21:08:11.699 [JavaFX Application Thread] DEBUG TMXLevelLoader       - Parsed raw map: TiledMap(width=15, height=10, tilewidth=70, tileheight=70, orientation=orthogonal, layers=[Layer(width=15, height=10, name=Tile Layer 1, type=tilelayer, visible=false, x=0, y=0, data=[0, 0, 0, 0, 0, 0, 0, 0, 0, 0, 0, 0, 0, 0, 0, 0, 0, 0, 0, 0, 0, 0, 0, 0, 0, 0, 0, 0, 0, 0, 0, 0, 0, 0, 0, 0, 0, 0, 0, 0, 0, 0, 0, 0, 0, 0, 0, 0, 0, 0, 0, 0, 0, 0, 0, 0, 0, 0, 0, 0, 0, 0, 0, 0, 0, 0, 0, 0, 0, 0, 0, 0, 0, 0, 0, 0, 0, 0, 0, 0, 0, 0, 0, 0, 0, 0, 0, 0, 0, 0, 0, 0, 0, 0, 0, 0, 0, 0, 0, 0, 0, 0, 0, 0, 0, 0, 0, 0, 0, 0, 0, 0, 0, 0, 0, 0, 0, 0, 0, 0, 0, 0, 0, 0, 0, 0, 0, 0, 0, 0, 0, 0, 0, 0, 0, 116, 104, 92, 0, 0, 0, 0, 0, 0, 0, 0, 0, 116, 104, 92], objects=[], opacity=0.0, draworder=), Layer(width=0, height=0, name=Object Layer 1, type=objectgroup, visible=false, x=0, y=0, data=[], objects=[com.almasb.fxgl.entity.level.tiled.TiledObject@2455c96a, com.almasb.fxgl.entity.level.tiled.TiledObject@7f132074, com.almasb.fxgl.entity.level.tiled.TiledObject@6527e965, com.almasb.fxgl.entity.level.tiled.TiledObject@24764341, com.almasb.fxgl.entity.level.tiled.TiledObject@2e62c03c, com.almasb.fxgl.entity.level.tiled.TiledObject@48945504, com.almasb.fxgl.entity.level.tiled.TiledObject@1222e1b2, com.almasb.fxgl.entity.level.tiled.TiledObject@4d8c4fc], opacity=0.0, draworder=)], tilesets=[Tileset(firstgid=1, image=tiles_spritesheet2.png, name=tiles_spritesheet, tilewidth=70, tileheight=70, imagewidth=914, imageheight=936, margin=0, spacing=2, columns=12, tilecount=156, transparentcolor=, tiles=[])], backgroundcolor=, renderorder=right-down, nextobjectid=22, version=1, tiledversion=1.2.3, type=map, infinite=false, hexsidelength=0, staggeraxis=, staggerindex=, properties={star1time=7.0}, propertytypes={star1time=float})
21:08:11.700 [JavaFX Application Thread] DEBUG TMXLevelLoader       - Creating tile layer entities
21:08:11.700 [JavaFX Application Thread] DEBUG TilesetLoader        - Loading view for layer Tile Layer 1
21:08:11.704 [JavaFX Application Thread] DEBUG TilesetLoader        - Created buffer with size 1050.0x700.0
21:08:11.739 [JavaFX Application Thread] DEBUG TilesetLoader        - Writing to buffer: dst=0,630, w=70,h=70, src=504,648
21:08:11.740 [JavaFX Application Thread] DEBUG TilesetLoader        - Writing to buffer: dst=70,630, w=70,h=70, src=504,576
21:08:11.740 [JavaFX Application Thread] DEBUG TilesetLoader        - Writing to buffer: dst=140,630, w=70,h=70, src=504,504
21:08:11.740 [JavaFX Application Thread] DEBUG TilesetLoader        - Writing to buffer: dst=840,630, w=70,h=70, src=504,648
21:08:11.740 [JavaFX Application Thread] DEBUG TilesetLoader        - Writing to buffer: dst=910,630, w=70,h=70, src=504,576
21:08:11.740 [JavaFX Application Thread] DEBUG TilesetLoader        - Writing to buffer: dst=980,630, w=70,h=70, src=504,504
21:08:11.741 [JavaFX Application Thread] DEBUG TMXLevelLoader       - Creating object layer entities
21:08:11.752 [JavaFX Application Thread] DEBUG FXGLAssetLoaderServi - Loading from file system: file:/C:/Users/isyoh/Documents/école/Object%20oriented%20program/Cours/MusicAdventure/target/classes/assets/textures/dirt_32x32.png
21:08:11.755 [JavaFX Application Thread] DEBUG GameWorld            - Clearing removable entities
21:08:11.756 [JavaFX Application Thread] DEBUG GameWorld            - Setting level: com.almasb.fxgl.entity.level.Level@4ee88523
21:08:11.758 [JavaFX Application Thread] DEBUG PrimaryStageWindow   - Push state: DialogSubScene
21:08:11.759 [JavaFX Application Thread] DEBUG Input                - Clearing active input actions
21:08:11.760 [JavaFX Application Thread] DEBUG GameApplicationServi - Removing overlay from GameScene and adding to DialogSubScene
21:08:11.760 [JavaFX Application Thread] DEBUG PrimaryStageWindow   - GameScene -> DialogSubScene
21:08:14.075 [JavaFX Application Thread] DEBUG PrimaryStageWindow   - Pop state: DialogSubScene
21:08:14.075 [JavaFX Application Thread] DEBUG Input                - Clearing active input actions
21:08:14.076 [JavaFX Application Thread] DEBUG GameApplicationServi - Removing overlay from DialogSubScene and adding to GameScene
21:08:14.076 [JavaFX Application Thread] DEBUG PrimaryStageWindow   - GameScene <- DialogSubScene
21:08:22.069 [JavaFX Application Thread] DEBUG PrimaryStageWindow   - Push state: LevelEndScene
21:08:22.070 [JavaFX Application Thread] DEBUG Input                - Clearing active input actions
21:08:22.071 [JavaFX Application Thread] DEBUG GameApplicationServi - Removing overlay from GameScene and adding to LevelEndScene
21:08:22.071 [JavaFX Application Thread] DEBUG PrimaryStageWindow   - GameScene -> LevelEndScene
21:08:24.421 [JavaFX Application Thread] DEBUG PrimaryStageWindow   - Pop state: LevelEndScene
21:08:24.423 [JavaFX Application Thread] DEBUG Input                - Clearing active input actions
21:08:24.425 [JavaFX Application Thread] DEBUG GameApplicationServi - Removing overlay from LevelEndScene and adding to GameScene
21:08:24.426 [JavaFX Application Thread] DEBUG PrimaryStageWindow   - GameScene <- LevelEndScene
21:08:25.423 [JavaFX Application Thread] DEBUG TMXLevelLoader       - Parsed raw map: TiledMap(width=15, height=10, tilewidth=70, tileheight=70, orientation=orthogonal, layers=[Layer(width=55, height=11, name=Tile Layer 1, type=tilelayer, visible=false, x=0, y=0, data=[0, 0, 0, 0, 0, 0, 104, 104, 104, 0, 0, 0, 0, 0, 0, 0, 0, 0, 0, 0, 0, 0, 0, 0, 0, 0, 0, 0, 0, 0, 0, 0, 0, 0, 0, 0, 0, 0, 0, 0, 0, 0, 0, 0, 0, 0, 0, 0, 0, 0, 0, 0, 0, 0, 0, 0, 69, 57, 57, 45, 0, 153, 153, 153, 0, 0, 0, 0, 0, 0, 0, 0, 0, 0, 0, 0, 0, 0, 0, 0, 0, 0, 0, 0, 0, 0, 0, 0, 0, 0, 0, 0, 0, 81, 0, 0, 0, 81, 0, 0, 0, 0, 0, 0, 0, 0, 0, 0, 0, 0, 0, 0, 0, 0, 0, 0, 153, 153, 153, 0, 0, 0, 0, 0, 0, 0, 0, 0, 0, 0, 0, 0, 0, 0, 0, 0, 0, 0, 0, 0, 0, 0, 0, 0, 81, 0, 0, 0, 0, 0, 0, 0, 0, 0, 0, 0, 0, 0, 0, 0, 0, 0, 0, 0, 0, 0, 0, 69, 57, 57, 57, 153, 153, 153, 0, 0, 0, 0, 0, 0, 0, 0, 0, 0, 0, 0, 0, 0, 0, 0, 0, 0, 0, 66, 101, 101, 0, 0, 0, 0, 0, 0, 0, 0, 0, 0, 0, 0, 0, 0, 0, 0, 0, 0, 69, 57, 57, 57, 57, 45, 0, 0, 0, 0, 0, 0, 153, 153, 153, 0, 0, 0, 0, 0, 0, 0, 0, 0, 0, 0, 0, 0, 0, 0, 69, 45, 0, 0, 0, 153, 153, 0, 0, 0, 0, 0, 0, 0, 0, 0, 0, 0, 0, 0, 0, 0, 0, 0, 0, 0, 0, 0, 0, 0, 0, 0, 69, 57, 57, 45, 0, 153, 153, 153, 0, 0, 0, 0, 0, 0, 0, 0, 0, 0, 0, 0, 0, 81, 0, 0, 0, 0, 0, 0, 153, 153, 0, 78, 0, 0, 0, 0, 0, 0, 78, 0, 0, 0, 0, 0, 0, 0, 0, 0, 78, 0, 0, 0, 0, 0, 0, 0, 0, 0, 0, 0, 153, 153, 153, 57, 57, 57, 57, 0, 0, 0, 0, 0, 0, 0, 0, 0, 0, 0, 0, 0, 69, 57, 57, 153, 153, 0, 0, 0, 0, 81, 0, 0, 0, 0, 0, 0, 0, 0, 0, 81, 0, 0, 0, 0, 0, 0, 0, 0, 0, 0, 0, 69, 57, 57, 57, 153, 153, 153, 153, 153, 153, 153, 0, 66, 54, 54, 42, 0, 0, 0, 0, 0, 0, 0, 0, 0, 0, 0, 153, 153, 0, 0, 0, 0, 0, 0, 0, 0, 78, 0, 0, 0, 0, 0, 0, 0, 0, 0, 0, 0, 0, 0, 0, 0, 0, 0, 0, 0, 0, 0, 59, 0, 0, 0, 0, 59, 59, 0, 0, 69, 45, 0, 0, 0, 0, 0, 0, 0, 0, 0, 0, 66, 54, 153, 153, 0, 81, 0, 0, 78, 0, 0, 0, 0, 0, 0, 0, 0, 81, 0, 0, 0, 0, 0, 0, 0, 0, 0, 0, 0, 57, 57, 57, 57, 57, 57, 0, 0, 0, 0, 57, 0, 0, 0, 0, 0, 0, 0, 0, 0, 0, 0, 57, 0, 0, 0, 0, 0, 153, 153, 0, 0, 0, 0, 81, 0, 0, 0, 0, 0, 0, 0, 0, 0, 0, 0, 0, 69, 57, 57, 57, 45, 0, 0, 0, 153, 153, 153, 153, 153, 153, 0, 0, 0, 0, 153, 0, 0, 0, 0, 0, 0, 0, 0, 0, 0, 0, 153, 0, 0, 0, 0, 116, 153, 153, 0, 0, 0, 0, 0, 0, 0, 0, 10, 0, 0, 0, 0, 0, 0, 0, 0, 153, 153, 153, 153, 153, 0, 0], objects=[], opacity=0.0, draworder=), Layer(width=0, height=0, name=Object Layer 1, type=objectgroup, visible=false, x=0, y=0, data=[], objects=[com.almasb.fxgl.entity.level.tiled.TiledObject@585bd665, com.almasb.fxgl.entity.level.tiled.TiledObject@75d7c171, com.almasb.fxgl.entity.level.tiled.TiledObject@36fd72c8, com.almasb.fxgl.entity.level.tiled.TiledObject@63975eba, com.almasb.fxgl.entity.level.tiled.TiledObject@65794453, com.almasb.fxgl.entity.level.tiled.TiledObject@2e6eddc4, com.almasb.fxgl.entity.level.tiled.TiledObject@735891f3, com.almasb.fxgl.entity.level.tiled.TiledObject@2ae363ac, com.almasb.fxgl.entity.level.tiled.TiledObject@517e17f, com.almasb.fxgl.entity.level.tiled.TiledObject@5d4f8ce4, com.almasb.fxgl.entity.level.tiled.TiledObject@6aaf59b7, com.almasb.fxgl.entity.level.tiled.TiledObject@5b60a94d, com.almasb.fxgl.entity.level.tiled.TiledObject@6146a747, com.almasb.fxgl.entity.level.tiled.TiledObject@404f2f27, com.almasb.fxgl.entity.level.tiled.TiledObject@503da478, com.almasb.fxgl.entity.level.tiled.TiledObject@e4945f3, com.almasb.fxgl.entity.level.tiled.TiledObject@5a61a7e2, com.almasb.fxgl.entity.level.tiled.TiledObject@636e8d9e, com.almasb.fxgl.entity.level.tiled.TiledObject@5ecdfbef, com.almasb.fxgl.entity.level.tiled.TiledObject@1aef5b18, com.almasb.fxgl.entity.level.tiled.TiledObject@4de6a110, com.almasb.fxgl.entity.level.tiled.TiledObject@5af3c74f, com.almasb.fxgl.entity.level.tiled.TiledObject@6b504d7d, com.almasb.fxgl.entity.level.tiled.TiledObject@b87ec94, com.almasb.fxgl.entity.level.tiled.TiledObject@739132d5, com.almasb.fxgl.entity.level.tiled.TiledObject@371c4a57, com.almasb.fxgl.entity.level.tiled.TiledObject@5eced26c, com.almasb.fxgl.entity.level.tiled.TiledObject@6a99666d, com.almasb.fxgl.entity.level.tiled.TiledObject@1064f671, com.almasb.fxgl.entity.level.tiled.TiledObject@45ff58d8, com.almasb.fxgl.entity.level.tiled.TiledObject@6d0abfb9, com.almasb.fxgl.entity.level.tiled.TiledObject@4c01067b, com.almasb.fxgl.entity.level.tiled.TiledObject@7b61a6f4, com.almasb.fxgl.entity.level.tiled.TiledObject@44e718d8, com.almasb.fxgl.entity.level.tiled.TiledObject@7ca8908a, com.almasb.fxgl.entity.level.tiled.TiledObject@38de63ba, com.almasb.fxgl.entity.level.tiled.TiledObject@4e7e2453, com.almasb.fxgl.entity.level.tiled.TiledObject@3223d49c, com.almasb.fxgl.entity.level.tiled.TiledObject@ab73e92, com.almasb.fxgl.entity.level.tiled.TiledObject@413f5fcd, com.almasb.fxgl.entity.level.tiled.TiledObject@7edca705, com.almasb.fxgl.entity.level.tiled.TiledObject@52771b76, com.almasb.fxgl.entity.level.tiled.TiledObject@6107fc04, com.almasb.fxgl.entity.level.tiled.TiledObject@5afd06de, com.almasb.fxgl.entity.level.tiled.TiledObject@4182660b, com.almasb.fxgl.entity.level.tiled.TiledObject@2bc479e6, com.almasb.fxgl.entity.level.tiled.TiledObject@757d4746, com.almasb.fxgl.entity.level.tiled.TiledObject@470474c1, com.almasb.fxgl.entity.level.tiled.TiledObject@1564e014, com.almasb.fxgl.entity.level.tiled.TiledObject@1d67a017, com.almasb.fxgl.entity.level.tiled.TiledObject@2bf938a, com.almasb.fxgl.entity.level.tiled.TiledObject@66f95d60, com.almasb.fxgl.entity.level.tiled.TiledObject@54af75eb, com.almasb.fxgl.entity.level.tiled.TiledObject@74e80071, com.almasb.fxgl.entity.level.tiled.TiledObject@ab5eea5, com.almasb.fxgl.entity.level.tiled.TiledObject@260ba0ce, com.almasb.fxgl.entity.level.tiled.TiledObject@92499c9, com.almasb.fxgl.entity.level.tiled.TiledObject@3dfbeb14, com.almasb.fxgl.entity.level.tiled.TiledObject@189efac8, com.almasb.fxgl.entity.level.tiled.TiledObject@636824c5], opacity=0.0, draworder=)], tilesets=[Tileset(firstgid=1, image=tiles_spritesheet.png, name=tiles_spritesheet, tilewidth=70, tileheight=70, imagewidth=914, imageheight=936, margin=0, spacing=2, columns=12, tilecount=156, transparentcolor=, tiles=[])], backgroundcolor=, renderorder=right-down, nextobjectid=22, version=1, tiledversion=1.2.3, type=map, infinite=false, hexsidelength=0, staggeraxis=, staggerindex=, properties={star1time=7.0}, propertytypes={star1time=float})
21:08:25.423 [JavaFX Application Thread] DEBUG TMXLevelLoader       - Creating tile layer entities
21:08:25.424 [JavaFX Application Thread] DEBUG TilesetLoader        - Loading view for layer Tile Layer 1
21:08:25.430 [JavaFX Application Thread] DEBUG TilesetLoader        - Created buffer with size 3850.0x770.0
21:08:25.450 [JavaFX Application Thread] DEBUG TilesetLoader        - Writing to buffer: dst=420,0, w=70,h=70, src=504,576
21:08:25.450 [JavaFX Application Thread] DEBUG TilesetLoader        - Writing to buffer: dst=490,0, w=70,h=70, src=504,576
21:08:25.451 [JavaFX Application Thread] DEBUG TilesetLoader        - Writing to buffer: dst=560,0, w=70,h=70, src=504,576
21:08:25.451 [JavaFX Application Thread] DEBUG TilesetLoader        - Writing to buffer: dst=70,70, w=70,h=70, src=576,360
21:08:25.451 [JavaFX Application Thread] DEBUG TilesetLoader        - Writing to buffer: dst=140,70, w=70,h=70, src=576,288
21:08:25.451 [JavaFX Application Thread] DEBUG TilesetLoader        - Writing to buffer: dst=210,70, w=70,h=70, src=576,288
21:08:25.451 [JavaFX Application Thread] DEBUG TilesetLoader        - Writing to buffer: dst=280,70, w=70,h=70, src=576,216
21:08:25.451 [JavaFX Application Thread] DEBUG TilesetLoader        - Writing to buffer: dst=420,70, w=70,h=70, src=576,864
21:08:25.451 [JavaFX Application Thread] DEBUG TilesetLoader        - Writing to buffer: dst=490,70, w=70,h=70, src=576,864
21:08:25.452 [JavaFX Application Thread] DEBUG TilesetLoader        - Writing to buffer: dst=560,70, w=70,h=70, src=576,864
21:08:25.452 [JavaFX Application Thread] DEBUG TilesetLoader        - Writing to buffer: dst=2660,70, w=70,h=70, src=576,432
21:08:25.452 [JavaFX Application Thread] DEBUG TilesetLoader        - Writing to buffer: dst=2940,70, w=70,h=70, src=576,432
21:08:25.452 [JavaFX Application Thread] DEBUG TilesetLoader        - Writing to buffer: dst=420,140, w=70,h=70, src=576,864
21:08:25.452 [JavaFX Application Thread] DEBUG TilesetLoader        - Writing to buffer: dst=490,140, w=70,h=70, src=576,864
21:08:25.452 [JavaFX Application Thread] DEBUG TilesetLoader        - Writing to buffer: dst=560,140, w=70,h=70, src=576,864
21:08:25.453 [JavaFX Application Thread] DEBUG TilesetLoader        - Writing to buffer: dst=2380,140, w=70,h=70, src=576,432
21:08:25.453 [JavaFX Application Thread] DEBUG TilesetLoader        - Writing to buffer: dst=140,210, w=70,h=70, src=576,360
21:08:25.453 [JavaFX Application Thread] DEBUG TilesetLoader        - Writing to buffer: dst=210,210, w=70,h=70, src=576,288
21:08:25.453 [JavaFX Application Thread] DEBUG TilesetLoader        - Writing to buffer: dst=280,210, w=70,h=70, src=576,288
21:08:25.453 [JavaFX Application Thread] DEBUG TilesetLoader        - Writing to buffer: dst=350,210, w=70,h=70, src=576,288
21:08:25.453 [JavaFX Application Thread] DEBUG TilesetLoader        - Writing to buffer: dst=420,210, w=70,h=70, src=576,864
21:08:25.453 [JavaFX Application Thread] DEBUG TilesetLoader        - Writing to buffer: dst=490,210, w=70,h=70, src=576,864
21:08:25.454 [JavaFX Application Thread] DEBUG TilesetLoader        - Writing to buffer: dst=560,210, w=70,h=70, src=576,864
21:08:25.454 [JavaFX Application Thread] DEBUG TilesetLoader        - Writing to buffer: dst=1960,210, w=70,h=70, src=360,360
21:08:25.454 [JavaFX Application Thread] DEBUG TilesetLoader        - Writing to buffer: dst=2030,210, w=70,h=70, src=288,576
21:08:25.454 [JavaFX Application Thread] DEBUG TilesetLoader        - Writing to buffer: dst=2100,210, w=70,h=70, src=288,576
21:08:25.454 [JavaFX Application Thread] DEBUG TilesetLoader        - Writing to buffer: dst=3430,210, w=70,h=70, src=576,360
21:08:25.455 [JavaFX Application Thread] DEBUG TilesetLoader        - Writing to buffer: dst=3500,210, w=70,h=70, src=576,288
21:08:25.455 [JavaFX Application Thread] DEBUG TilesetLoader        - Writing to buffer: dst=3570,210, w=70,h=70, src=576,288
21:08:25.455 [JavaFX Application Thread] DEBUG TilesetLoader        - Writing to buffer: dst=3640,210, w=70,h=70, src=576,288
21:08:25.455 [JavaFX Application Thread] DEBUG TilesetLoader        - Writing to buffer: dst=3710,210, w=70,h=70, src=576,288
21:08:25.456 [JavaFX Application Thread] DEBUG TilesetLoader        - Writing to buffer: dst=3780,210, w=70,h=70, src=576,216
21:08:25.456 [JavaFX Application Thread] DEBUG TilesetLoader        - Writing to buffer: dst=420,280, w=70,h=70, src=576,864
21:08:25.456 [JavaFX Application Thread] DEBUG TilesetLoader        - Writing to buffer: dst=490,280, w=70,h=70, src=576,864
21:08:25.456 [JavaFX Application Thread] DEBUG TilesetLoader        - Writing to buffer: dst=560,280, w=70,h=70, src=576,864
21:08:25.456 [JavaFX Application Thread] DEBUG TilesetLoader        - Writing to buffer: dst=1680,280, w=70,h=70, src=576,360
21:08:25.456 [JavaFX Application Thread] DEBUG TilesetLoader        - Writing to buffer: dst=1750,280, w=70,h=70, src=576,216
21:08:25.457 [JavaFX Application Thread] DEBUG TilesetLoader        - Writing to buffer: dst=2030,280, w=70,h=70, src=576,864
21:08:25.457 [JavaFX Application Thread] DEBUG TilesetLoader        - Writing to buffer: dst=2100,280, w=70,h=70, src=576,864
21:08:25.457 [JavaFX Application Thread] DEBUG TilesetLoader        - Writing to buffer: dst=70,350, w=70,h=70, src=576,360
21:08:25.457 [JavaFX Application Thread] DEBUG TilesetLoader        - Writing to buffer: dst=140,350, w=70,h=70, src=576,288
21:08:25.457 [JavaFX Application Thread] DEBUG TilesetLoader        - Writing to buffer: dst=210,350, w=70,h=70, src=576,288
21:08:25.457 [JavaFX Application Thread] DEBUG TilesetLoader        - Writing to buffer: dst=280,350, w=70,h=70, src=576,216
21:08:25.458 [JavaFX Application Thread] DEBUG TilesetLoader        - Writing to buffer: dst=420,350, w=70,h=70, src=576,864
21:08:25.458 [JavaFX Application Thread] DEBUG TilesetLoader        - Writing to buffer: dst=490,350, w=70,h=70, src=576,864
21:08:25.458 [JavaFX Application Thread] DEBUG TilesetLoader        - Writing to buffer: dst=560,350, w=70,h=70, src=576,864
21:08:25.458 [JavaFX Application Thread] DEBUG TilesetLoader        - Writing to buffer: dst=1540,350, w=70,h=70, src=576,432
21:08:25.459 [JavaFX Application Thread] DEBUG TilesetLoader        - Writing to buffer: dst=2030,350, w=70,h=70, src=576,864
21:08:25.459 [JavaFX Application Thread] DEBUG TilesetLoader        - Writing to buffer: dst=2100,350, w=70,h=70, src=576,864
21:08:25.459 [JavaFX Application Thread] DEBUG TilesetLoader        - Writing to buffer: dst=2240,350, w=70,h=70, src=360,432
21:08:25.459 [JavaFX Application Thread] DEBUG TilesetLoader        - Writing to buffer: dst=2730,350, w=70,h=70, src=360,432
21:08:25.459 [JavaFX Application Thread] DEBUG TilesetLoader        - Writing to buffer: dst=3430,350, w=70,h=70, src=360,432
21:08:25.459 [JavaFX Application Thread] DEBUG TilesetLoader        - Writing to buffer: dst=420,420, w=70,h=70, src=576,864
21:08:25.459 [JavaFX Application Thread] DEBUG TilesetLoader        - Writing to buffer: dst=490,420, w=70,h=70, src=576,864
21:08:25.460 [JavaFX Application Thread] DEBUG TilesetLoader        - Writing to buffer: dst=560,420, w=70,h=70, src=576,864
21:08:25.460 [JavaFX Application Thread] DEBUG TilesetLoader        - Writing to buffer: dst=630,420, w=70,h=70, src=576,288
21:08:25.460 [JavaFX Application Thread] DEBUG TilesetLoader        - Writing to buffer: dst=700,420, w=70,h=70, src=576,288
21:08:25.460 [JavaFX Application Thread] DEBUG TilesetLoader        - Writing to buffer: dst=770,420, w=70,h=70, src=576,288
21:08:25.460 [JavaFX Application Thread] DEBUG TilesetLoader        - Writing to buffer: dst=840,420, w=70,h=70, src=576,288
21:08:25.460 [JavaFX Application Thread] DEBUG TilesetLoader        - Writing to buffer: dst=1820,420, w=70,h=70, src=576,360
21:08:25.461 [JavaFX Application Thread] DEBUG TilesetLoader        - Writing to buffer: dst=1890,420, w=70,h=70, src=576,288
21:08:25.461 [JavaFX Application Thread] DEBUG TilesetLoader        - Writing to buffer: dst=1960,420, w=70,h=70, src=576,288
21:08:25.461 [JavaFX Application Thread] DEBUG TilesetLoader        - Writing to buffer: dst=2030,420, w=70,h=70, src=576,864
21:08:25.462 [JavaFX Application Thread] DEBUG TilesetLoader        - Writing to buffer: dst=2100,420, w=70,h=70, src=576,864
21:08:25.462 [JavaFX Application Thread] DEBUG TilesetLoader        - Writing to buffer: dst=2450,420, w=70,h=70, src=576,432
21:08:25.462 [JavaFX Application Thread] DEBUG TilesetLoader        - Writing to buffer: dst=3150,420, w=70,h=70, src=576,432
21:08:25.462 [JavaFX Application Thread] DEBUG TilesetLoader        - Writing to buffer: dst=140,490, w=70,h=70, src=576,360
21:08:25.462 [JavaFX Application Thread] DEBUG TilesetLoader        - Writing to buffer: dst=210,490, w=70,h=70, src=576,288
21:08:25.462 [JavaFX Application Thread] DEBUG TilesetLoader        - Writing to buffer: dst=280,490, w=70,h=70, src=576,288
21:08:25.462 [JavaFX Application Thread] DEBUG TilesetLoader        - Writing to buffer: dst=350,490, w=70,h=70, src=576,288
21:08:25.463 [JavaFX Application Thread] DEBUG TilesetLoader        - Writing to buffer: dst=420,490, w=70,h=70, src=576,864
21:08:25.463 [JavaFX Application Thread] DEBUG TilesetLoader        - Writing to buffer: dst=490,490, w=70,h=70, src=576,864
21:08:25.463 [JavaFX Application Thread] DEBUG TilesetLoader        - Writing to buffer: dst=560,490, w=70,h=70, src=576,864
21:08:25.463 [JavaFX Application Thread] DEBUG TilesetLoader        - Writing to buffer: dst=630,490, w=70,h=70, src=576,864
21:08:25.463 [JavaFX Application Thread] DEBUG TilesetLoader        - Writing to buffer: dst=700,490, w=70,h=70, src=576,864
21:08:25.467 [JavaFX Application Thread] DEBUG TilesetLoader        - Writing to buffer: dst=770,490, w=70,h=70, src=576,864
21:08:25.467 [JavaFX Application Thread] DEBUG TilesetLoader        - Writing to buffer: dst=840,490, w=70,h=70, src=576,864
21:08:25.467 [JavaFX Application Thread] DEBUG TilesetLoader        - Writing to buffer: dst=980,490, w=70,h=70, src=360,360
21:08:25.467 [JavaFX Application Thread] DEBUG TilesetLoader        - Writing to buffer: dst=1050,490, w=70,h=70, src=360,288
21:08:25.468 [JavaFX Application Thread] DEBUG TilesetLoader        - Writing to buffer: dst=1120,490, w=70,h=70, src=360,288
21:08:25.468 [JavaFX Application Thread] DEBUG TilesetLoader        - Writing to buffer: dst=1190,490, w=70,h=70, src=360,216
21:08:25.468 [JavaFX Application Thread] DEBUG TilesetLoader        - Writing to buffer: dst=2030,490, w=70,h=70, src=576,864
21:08:25.468 [JavaFX Application Thread] DEBUG TilesetLoader        - Writing to buffer: dst=2100,490, w=70,h=70, src=576,864
21:08:25.468 [JavaFX Application Thread] DEBUG TilesetLoader        - Writing to buffer: dst=2730,490, w=70,h=70, src=360,432
21:08:25.468 [JavaFX Application Thread] DEBUG TilesetLoader        - Writing to buffer: dst=420,560, w=70,h=70, src=720,288
21:08:25.468 [JavaFX Application Thread] DEBUG TilesetLoader        - Writing to buffer: dst=770,560, w=70,h=70, src=720,288
21:08:25.468 [JavaFX Application Thread] DEBUG TilesetLoader        - Writing to buffer: dst=840,560, w=70,h=70, src=720,288
21:08:25.468 [JavaFX Application Thread] DEBUG TilesetLoader        - Writing to buffer: dst=1050,560, w=70,h=70, src=576,360
21:08:25.469 [JavaFX Application Thread] DEBUG TilesetLoader        - Writing to buffer: dst=1120,560, w=70,h=70, src=576,216
21:08:25.469 [JavaFX Application Thread] DEBUG TilesetLoader        - Writing to buffer: dst=1890,560, w=70,h=70, src=360,360
21:08:25.469 [JavaFX Application Thread] DEBUG TilesetLoader        - Writing to buffer: dst=1960,560, w=70,h=70, src=360,288
21:08:25.469 [JavaFX Application Thread] DEBUG TilesetLoader        - Writing to buffer: dst=2030,560, w=70,h=70, src=576,864
21:08:25.469 [JavaFX Application Thread] DEBUG TilesetLoader        - Writing to buffer: dst=2100,560, w=70,h=70, src=576,864
21:08:25.470 [JavaFX Application Thread] DEBUG TilesetLoader        - Writing to buffer: dst=2240,560, w=70,h=70, src=576,432
21:08:25.470 [JavaFX Application Thread] DEBUG TilesetLoader        - Writing to buffer: dst=2450,560, w=70,h=70, src=360,432
21:08:25.470 [JavaFX Application Thread] DEBUG TilesetLoader        - Writing to buffer: dst=3080,560, w=70,h=70, src=576,432
21:08:25.470 [JavaFX Application Thread] DEBUG TilesetLoader        - Writing to buffer: dst=70,630, w=70,h=70, src=576,288
21:08:25.470 [JavaFX Application Thread] DEBUG TilesetLoader        - Writing to buffer: dst=140,630, w=70,h=70, src=576,288
21:08:25.470 [JavaFX Application Thread] DEBUG TilesetLoader        - Writing to buffer: dst=210,630, w=70,h=70, src=576,288
21:08:25.470 [JavaFX Application Thread] DEBUG TilesetLoader        - Writing to buffer: dst=280,630, w=70,h=70, src=576,288
21:08:25.470 [JavaFX Application Thread] DEBUG TilesetLoader        - Writing to buffer: dst=350,630, w=70,h=70, src=576,288
21:08:25.470 [JavaFX Application Thread] DEBUG TilesetLoader        - Writing to buffer: dst=420,630, w=70,h=70, src=576,288
21:08:25.471 [JavaFX Application Thread] DEBUG TilesetLoader        - Writing to buffer: dst=770,630, w=70,h=70, src=576,288
21:08:25.471 [JavaFX Application Thread] DEBUG TilesetLoader        - Writing to buffer: dst=1610,630, w=70,h=70, src=576,288
21:08:25.471 [JavaFX Application Thread] DEBUG TilesetLoader        - Writing to buffer: dst=2030,630, w=70,h=70, src=576,864
21:08:25.471 [JavaFX Application Thread] DEBUG TilesetLoader        - Writing to buffer: dst=2100,630, w=70,h=70, src=576,864
21:08:25.471 [JavaFX Application Thread] DEBUG TilesetLoader        - Writing to buffer: dst=2450,630, w=70,h=70, src=576,432
21:08:25.472 [JavaFX Application Thread] DEBUG TilesetLoader        - Writing to buffer: dst=3360,630, w=70,h=70, src=576,360
21:08:25.472 [JavaFX Application Thread] DEBUG TilesetLoader        - Writing to buffer: dst=3430,630, w=70,h=70, src=576,288
21:08:25.472 [JavaFX Application Thread] DEBUG TilesetLoader        - Writing to buffer: dst=3500,630, w=70,h=70, src=576,288
21:08:25.472 [JavaFX Application Thread] DEBUG TilesetLoader        - Writing to buffer: dst=3570,630, w=70,h=70, src=576,288
21:08:25.472 [JavaFX Application Thread] DEBUG TilesetLoader        - Writing to buffer: dst=3640,630, w=70,h=70, src=576,216
21:08:25.473 [JavaFX Application Thread] DEBUG TilesetLoader        - Writing to buffer: dst=70,700, w=70,h=70, src=576,864
21:08:25.473 [JavaFX Application Thread] DEBUG TilesetLoader        - Writing to buffer: dst=140,700, w=70,h=70, src=576,864
21:08:25.473 [JavaFX Application Thread] DEBUG TilesetLoader        - Writing to buffer: dst=210,700, w=70,h=70, src=576,864
21:08:25.473 [JavaFX Application Thread] DEBUG TilesetLoader        - Writing to buffer: dst=280,700, w=70,h=70, src=576,864
21:08:25.473 [JavaFX Application Thread] DEBUG TilesetLoader        - Writing to buffer: dst=350,700, w=70,h=70, src=576,864
21:08:25.473 [JavaFX Application Thread] DEBUG TilesetLoader        - Writing to buffer: dst=420,700, w=70,h=70, src=576,864
21:08:25.473 [JavaFX Application Thread] DEBUG TilesetLoader        - Writing to buffer: dst=770,700, w=70,h=70, src=576,864
21:08:25.473 [JavaFX Application Thread] DEBUG TilesetLoader        - Writing to buffer: dst=1610,700, w=70,h=70, src=576,864
21:08:25.474 [JavaFX Application Thread] DEBUG TilesetLoader        - Writing to buffer: dst=1960,700, w=70,h=70, src=504,648
21:08:25.474 [JavaFX Application Thread] DEBUG TilesetLoader        - Writing to buffer: dst=2030,700, w=70,h=70, src=576,864
21:08:25.474 [JavaFX Application Thread] DEBUG TilesetLoader        - Writing to buffer: dst=2100,700, w=70,h=70, src=576,864
21:08:25.474 [JavaFX Application Thread] DEBUG TilesetLoader        - Writing to buffer: dst=2730,700, w=70,h=70, src=648,0
21:08:25.474 [JavaFX Application Thread] DEBUG TilesetLoader        - Writing to buffer: dst=3360,700, w=70,h=70, src=576,864
21:08:25.474 [JavaFX Application Thread] DEBUG TilesetLoader        - Writing to buffer: dst=3430,700, w=70,h=70, src=576,864
21:08:25.474 [JavaFX Application Thread] DEBUG TilesetLoader        - Writing to buffer: dst=3500,700, w=70,h=70, src=576,864
21:08:25.474 [JavaFX Application Thread] DEBUG TilesetLoader        - Writing to buffer: dst=3570,700, w=70,h=70, src=576,864
21:08:25.475 [JavaFX Application Thread] DEBUG TilesetLoader        - Writing to buffer: dst=3640,700, w=70,h=70, src=576,864
21:08:25.475 [JavaFX Application Thread] DEBUG TMXLevelLoader       - Creating object layer entities
21:08:25.491 [JavaFX Application Thread] DEBUG FXGLAssetLoaderServi - Loading from file system: file:/C:/Users/isyoh/Documents/école/Object%20oriented%20program/Cours/MusicAdventure/target/classes/assets/textures/button.png
21:08:25.528 [JavaFX Application Thread] DEBUG GameWorld            - Clearing removable entities
21:08:25.529 [JavaFX Application Thread] DEBUG GameWorld            - Setting level: com.almasb.fxgl.entity.level.Level@633ca596
21:08:25.549 [JavaFX Application Thread] DEBUG FXGLAssetLoaderServi - Loading from file system: file:/C:/Users/isyoh/Documents/école/Object%20oriented%20program/Cours/MusicAdventure/target/classes/assets/sounds/land.wav
21:08:41.475 [JavaFX Application Thread] DEBUG FXGLApplication      - Exiting FXGL
21:08:41.476 [JavaFX Application Thread] DEBUG LoopRunner           - Stopping loop
21:08:41.476 [JavaFX Application Thread] DEBUG SystemBundleService  - Saving FXGL system data
21:08:41.479 [JavaFX Application Thread] DEBUG FileSystemAccess     - Writing to: C:\Users\isyoh\Documents\école\Object oriented program\Cours\MusicAdventure\system\fxgl.bundle
21:08:41.482 [JavaFX Application Thread] DEBUG Async                - Shutting down background threads
21:08:41.482 [JavaFX Application Thread] DEBUG PrimaryStageWindow   - Closing main window
21:08:41.503 [JavaFX Application Thread] DEBUG Logger               - Closing Logger
