20:37:24.787 [main                     ] DEBUG Logger               - Configured Logger
20:37:24.844 [main                     ] DEBUG GameApplication      - Logging settings
Title: Game 1 Let's go
Version: 1.0
Width: 1280
Height: 720
Fullscreen: false
Intro: false
Profiling: false
Single step:false
App Mode: DEVELOPER
Menu Key: ESCAPE
Stage Style: DECORATED
Scene Factory: class Main.App$1

20:37:25.686 [JavaFX Application Thread] DEBUG FXGLApplication      - Initializing FXGL
20:37:25.688 [JavaFX Application Thread] INFO  Engine               - FXGL-11.14 (01.03.2021 16.59) on WINDOWS (J:15.0.2 FX:15)
20:37:25.689 [JavaFX Application Thread] DEBUG Engine               - JRE Vendor Name: Oracle Corporation
20:37:25.690 [JavaFX Application Thread] DEBUG Engine               - Running on OS: Windows 10 version 10.0
20:37:25.690 [JavaFX Application Thread] DEBUG Engine               - Architecture: amd64
20:37:25.690 [JavaFX Application Thread] INFO  Engine               - Source code and latest versions at: https://github.com/AlmasB/FXGL
20:37:25.690 [JavaFX Application Thread] INFO  Engine               -              Join the FXGL chat at: https://gitter.im/AlmasB/FXGL
20:37:25.845 [JavaFX Application Thread] DEBUG PrimaryStageWindow   - Creating a JavaFX scene
20:37:25.846 [JavaFX Application Thread] DEBUG PrimaryStageWindow   - Target size > screen size
20:37:25.931 [JavaFX Application Thread] DEBUG PrimaryStageWindow   - Target settings size: 1280.0 x 720.0
20:37:25.931 [JavaFX Application Thread] DEBUG PrimaryStageWindow   - Scaled scene size:    1183.0 x 679.0
20:37:25.932 [JavaFX Application Thread] DEBUG PrimaryStageWindow   - Scaled ratio: (0.92421875, 0.9430555555555555)
20:37:25.933 [JavaFX Application Thread] DEBUG PrimaryStageWindow   - Set initial scene to FXGLStartupScene
20:37:25.945 [JavaFX Application Thread] DEBUG PrimaryStageWindow   - Opening main window
20:37:26.152 [JavaFX Application Thread] DEBUG PrimaryStageWindow   - Window border size: (15.0, 37.66668701171875)
20:37:26.152 [JavaFX Application Thread] DEBUG PrimaryStageWindow   - Scaled size: 1183.0 x 679.0
20:37:26.153 [JavaFX Application Thread] DEBUG PrimaryStageWindow   - Scaled ratio: (0.92421875, 0.9430555555555555)
20:37:26.153 [JavaFX Application Thread] DEBUG PrimaryStageWindow   - Scene size: 1183.0 x 679.0
20:37:26.153 [JavaFX Application Thread] DEBUG PrimaryStageWindow   - Stage size: 1198.0 x 716.6666870117188
20:37:26.172 [FXGL Background Thread 1 ] DEBUG Engine               - Initializing environment variables
20:37:26.245 [FXGL Background Thread 1 ] DEBUG FXGLAssetLoaderServi - User app class for loading assets: class Main.App
20:37:26.246 [FXGL Background Thread 1 ] DEBUG GameApplicationServi - Applying CSS: fxgl_dark.css
20:37:26.247 [FXGL Background Thread 1 ] DEBUG FXGLAssetLoaderServi - Loading from file system: jar:file:///C:/Users/isyoh/.m2/repository/com/github/almasb/fxgl/11.14/fxgl-11.14.jar!/fxglassets/ui/css/fxgl_dark.css
20:37:26.367 [FXGL Background Thread 1 ] DEBUG GameApplicationServi - Initializing application scenes
20:37:26.543 [FXGL Background Thread 1 ] DEBUG FXGLAssetLoaderServi - Loading from file system: file:/C:/Users/isyoh/Documents/école/Object%20oriented%20program/Cours/MusicAdventure/target/classes/assets/textures/player.png
20:37:26.591 [FXGL Background Thread 1 ] DEBUG GameWorld            - Game world initialized
20:37:26.664 [FXGL Background Thread 1 ] DEBUG PhysicsWorld         - Physics world initialized: appHeight=720, physics.ppm=50,0
20:37:26.665 [FXGL Background Thread 1 ] DEBUG PhysicsWorld         - Using strategy: BRUTE_FORCE
20:37:26.669 [FXGL Background Thread 1 ] DEBUG GameScene            - Game scene initialized: 1280x720
20:37:26.691 [FXGL Background Thread 1 ] DEBUG FXGLAssetLoaderServi - Loading from file system: jar:file:///C:/Users/isyoh/.m2/repository/com/github/almasb/fxgl/11.14/fxgl-11.14.jar!/fxglassets/textures/particles/trace_horizontal.png
20:37:26.769 [FXGL Background Thread 1 ] DEBUG FXGL.DefaultMenu     - createMenuBodyGameMenu()
20:37:26.807 [FXGL Background Thread 1 ] DEBUG FXGL.DefaultMenu     - createOptionsMenu()
20:37:26.816 [FXGL Background Thread 1 ] DEBUG FXGLAssetLoaderServi - Loading from file system: jar:file:///C:/Users/isyoh/.m2/repository/com/github/almasb/fxgl/11.14/fxgl-11.14.jar!/fxglassets/textures/particles/smoke.png
20:37:26.926 [FXGL Background Thread 1 ] DEBUG GameApplicationServi - Application scenes initialized
20:37:26.941 [FXGL Background Thread 1 ] DEBUG SystemBundleService  - Loading FXGL system data
20:37:26.966 [FXGL Background Thread 1 ] DEBUG FileSystemAccess     - Reading from: C:\Users\isyoh\Documents\école\Object oriented program\Cours\MusicAdventure\system\fxgl.bundle
20:37:26.980 [FXGL Background Thread 1 ] DEBUG SystemBundleService  - Bundle FXGL: {}
20:37:26.980 [FXGL Background Thread 1 ] DEBUG UpdaterService       - Checking for updates
20:37:26.987 [FXGL Background Thread 1 ] DEBUG FXGLApplication      - Loading default localization
20:37:26.988 [FXGL Background Thread 1 ] DEBUG FXGLAssetLoaderServi - Loading from file system: jar:file:///C:/Users/isyoh/.m2/repository/com/github/almasb/fxgl/11.14/fxgl-11.14.jar!/fxglassets/languages/english.lang
20:37:26.995 [FXGL Background Thread 4 ] DEBUG FXGLApplication      - Loading fonts
20:37:26.997 [FXGL Background Thread 4 ] DEBUG FXGLAssetLoaderServi - Loading from file system: jar:file:///C:/Users/isyoh/.m2/repository/com/github/almasb/fxgl/11.14/fxgl-11.14.jar!/fxglassets/ui/fonts/VarelaRound-Regular.ttf
20:37:27.009 [FXGL Background Thread 1 ] INFO  FXGLApplication      - FXGL initialization took: 0,837 sec
20:37:27.027 [JavaFX Application Thread] DEBUG Input                - Registered new binding: Left - Left
20:37:27.028 [JavaFX Application Thread] DEBUG Input                - Registered new binding: Right - Right
20:37:27.028 [JavaFX Application Thread] DEBUG Input                - Registered new binding: Jump - Up
20:37:27.028 [JavaFX Application Thread] DEBUG Input                - Registered new binding: WhistleA - 1
20:37:27.029 [JavaFX Application Thread] DEBUG Input                - Registered new binding: WhistleB - 2
20:37:27.030 [JavaFX Application Thread] DEBUG Input                - Registered new binding: WhistleC - 3
20:37:27.030 [JavaFX Application Thread] DEBUG Input                - Registered new binding: WhistleD - 4
20:37:27.031 [JavaFX Application Thread] DEBUG Input                - Registered new binding: WhistleE - 5
20:37:27.031 [JavaFX Application Thread] DEBUG Input                - Registered new binding: WhistleF - 6
20:37:27.031 [JavaFX Application Thread] DEBUG Input                - Registered new binding: WhistleG - 7
20:37:27.032 [JavaFX Application Thread] DEBUG Input                - Registered new binding: Use - E
20:37:27.033 [JavaFX Application Thread] DEBUG FXGLAssetLoaderServi - Loading from file system: file:/C:/Users/isyoh/Documents/école/Object%20oriented%20program/Cours/MusicAdventure/target/classes/assets/music/BGM_dash_runner.wav
20:37:27.512 [JavaFX Application Thread] DEBUG AudioPlayer          - Playing music com.almasb.fxgl.audio.Music@6f142d5
20:37:27.513 [JavaFX Application Thread] DEBUG FXGLAssetLoaderServi - Loading from file system: jar:file:///C:/Users/isyoh/.m2/repository/com/github/almasb/fxgl/11.14/fxgl-11.14.jar!/fxglassets/textures/fxgl_icon.png
20:37:27.569 [JavaFX Application Thread] DEBUG FXGLAssetLoaderServi - Loading from file system: jar:file:///C:/Users/isyoh/.m2/repository/com/github/almasb/fxgl/11.14/fxgl-11.14.jar!/fxglassets/ui/cursors/fxgl_default.png
20:37:27.573 [JavaFX Application Thread] DEBUG Input                - Registered new binding: Screenshot - P
20:37:27.574 [JavaFX Application Thread] DEBUG Input                - Registered new binding: System info dump - CTRL+9
20:37:27.575 [JavaFX Application Thread] DEBUG Input                - Registered new binding: Restart - CTRL+R
20:37:27.576 [JavaFX Application Thread] DEBUG Input                - Registered new binding: Toggle Debug Camera - CTRL+C
20:37:27.579 [JavaFX Application Thread] DEBUG LoopRunner           - Starting loop
20:37:27.579 [JavaFX Application Thread] DEBUG LoopRunner           - Initializing JavaFX AnimationTimerLoop
20:37:27.581 [FXGL Background Thread 4 ] DEBUG FXGLAssetLoaderServi - Loading from file system: jar:file:///C:/Users/isyoh/.m2/repository/com/github/almasb/fxgl/11.14/fxgl-11.14.jar!/fxglassets/ui/fonts/Abel-Regular.ttf
20:37:27.582 [JavaFX Application Thread] DEBUG GameApplicationServi - Starting new game
20:37:27.583 [JavaFX Application Thread] DEBUG Input                - Clearing active input actions
20:37:27.602 [JavaFX Application Thread] DEBUG GameApplicationServi - Removing overlay from FXGLStartupScene and adding to BetterLoadingScene
20:37:27.603 [JavaFX Application Thread] DEBUG PrimaryStageWindow   - FXGLStartupScene -> BetterLoadingScene
20:37:27.603 [JavaFX Application Thread] DEBUG GameApplicationServi - Clearing previous game
20:37:27.603 [JavaFX Application Thread] DEBUG GameScene            - Clearing game scene
20:37:27.604 [JavaFX Application Thread] DEBUG GameWorld            - Clearing game world
20:37:27.604 [JavaFX Application Thread] DEBUG PhysicsWorld         - Clearing physics world
20:37:27.606 [FXGL Background Thread 1 ] DEBUG FXGLApplication      - Initializing game
20:37:27.689 [FXGL Background Thread 1 ] DEBUG TMXLevelLoader       - Parsed raw map: TiledMap(width=15, height=10, tilewidth=70, tileheight=70, orientation=orthogonal, layers=[Layer(width=15, height=10, name=Tile Layer 1, type=tilelayer, visible=false, x=0, y=0, data=[0, 0, 0, 0, 0, 0, 0, 0, 0, 0, 0, 0, 0, 0, 0, 0, 0, 0, 0, 0, 0, 0, 0, 0, 0, 0, 0, 0, 0, 0, 0, 0, 0, 0, 0, 0, 0, 0, 0, 0, 0, 0, 0, 0, 0, 0, 0, 0, 0, 0, 0, 0, 0, 0, 0, 0, 0, 0, 0, 0, 0, 0, 0, 0, 0, 0, 0, 0, 0, 0, 0, 0, 0, 0, 0, 0, 0, 0, 0, 0, 0, 0, 0, 0, 0, 0, 0, 0, 0, 0, 0, 0, 0, 0, 0, 0, 0, 0, 0, 0, 0, 0, 0, 0, 0, 0, 0, 0, 0, 0, 0, 0, 0, 0, 0, 0, 0, 0, 0, 0, 0, 0, 0, 0, 0, 0, 69, 57, 45, 0, 0, 0, 0, 0, 0, 116, 104, 104, 104, 104, 104, 104, 104, 104, 104, 104, 104, 104, 104, 92], objects=[], opacity=0.0, draworder=), Layer(width=0, height=0, name=Object Layer 1, type=objectgroup, visible=false, x=0, y=0, data=[], objects=[com.almasb.fxgl.entity.level.tiled.TiledObject@4c78b4c9, com.almasb.fxgl.entity.level.tiled.TiledObject@49eb5248, com.almasb.fxgl.entity.level.tiled.TiledObject@35867420, com.almasb.fxgl.entity.level.tiled.TiledObject@42341e97, com.almasb.fxgl.entity.level.tiled.TiledObject@4be334e4, com.almasb.fxgl.entity.level.tiled.TiledObject@580956c2], opacity=0.0, draworder=)], tilesets=[Tileset(firstgid=1, image=tiles_spritesheet.png, name=tiles_spritesheet, tilewidth=70, tileheight=70, imagewidth=914, imageheight=936, margin=0, spacing=2, columns=12, tilecount=156, transparentcolor=, tiles=[])], backgroundcolor=, renderorder=right-down, nextobjectid=22, version=1, tiledversion=1.2.3, type=map, infinite=false, hexsidelength=0, staggeraxis=, staggerindex=, properties={star1time=9.0}, propertytypes={star1time=float})
20:37:27.701 [FXGL Background Thread 1 ] DEBUG TMXLevelLoader       - Creating tile layer entities
20:37:27.702 [FXGL Background Thread 1 ] DEBUG TilesetLoader        - Loading view for layer Tile Layer 1
20:37:27.705 [FXGL Background Thread 1 ] DEBUG TilesetLoader        - Created buffer with size 1050.0x700.0
20:37:27.730 [FXGL Background Thread 4 ] DEBUG FXGLAssetLoaderServi - Loading from file system: jar:file:///C:/Users/isyoh/.m2/repository/com/github/almasb/fxgl/11.14/fxgl-11.14.jar!/fxglassets/ui/fonts/lucida_console.ttf
20:37:27.817 [FXGL Background Thread 1 ] DEBUG TilesetLoader        - Writing to buffer: dst=420,560, w=70,h=70, src=576,360
20:37:27.818 [FXGL Background Thread 1 ] DEBUG TilesetLoader        - Writing to buffer: dst=490,560, w=70,h=70, src=576,288
20:37:27.819 [FXGL Background Thread 1 ] DEBUG TilesetLoader        - Writing to buffer: dst=560,560, w=70,h=70, src=576,216
20:37:27.820 [FXGL Background Thread 1 ] DEBUG TilesetLoader        - Writing to buffer: dst=0,630, w=70,h=70, src=504,648
20:37:27.820 [FXGL Background Thread 1 ] DEBUG TilesetLoader        - Writing to buffer: dst=70,630, w=70,h=70, src=504,576
20:37:27.824 [FXGL Background Thread 1 ] DEBUG TilesetLoader        - Writing to buffer: dst=140,630, w=70,h=70, src=504,576
20:37:27.824 [FXGL Background Thread 1 ] DEBUG TilesetLoader        - Writing to buffer: dst=210,630, w=70,h=70, src=504,576
20:37:27.825 [FXGL Background Thread 1 ] DEBUG TilesetLoader        - Writing to buffer: dst=280,630, w=70,h=70, src=504,576
20:37:27.825 [FXGL Background Thread 1 ] DEBUG TilesetLoader        - Writing to buffer: dst=350,630, w=70,h=70, src=504,576
20:37:27.825 [FXGL Background Thread 1 ] DEBUG TilesetLoader        - Writing to buffer: dst=420,630, w=70,h=70, src=504,576
20:37:27.826 [FXGL Background Thread 1 ] DEBUG TilesetLoader        - Writing to buffer: dst=490,630, w=70,h=70, src=504,576
20:37:27.826 [FXGL Background Thread 1 ] DEBUG TilesetLoader        - Writing to buffer: dst=560,630, w=70,h=70, src=504,576
20:37:27.826 [FXGL Background Thread 1 ] DEBUG TilesetLoader        - Writing to buffer: dst=630,630, w=70,h=70, src=504,576
20:37:27.826 [FXGL Background Thread 1 ] DEBUG TilesetLoader        - Writing to buffer: dst=700,630, w=70,h=70, src=504,576
20:37:27.827 [FXGL Background Thread 1 ] DEBUG TilesetLoader        - Writing to buffer: dst=770,630, w=70,h=70, src=504,576
20:37:27.827 [FXGL Background Thread 1 ] DEBUG TilesetLoader        - Writing to buffer: dst=840,630, w=70,h=70, src=504,576
20:37:27.827 [FXGL Background Thread 1 ] DEBUG TilesetLoader        - Writing to buffer: dst=910,630, w=70,h=70, src=504,576
20:37:27.828 [FXGL Background Thread 1 ] DEBUG TilesetLoader        - Writing to buffer: dst=980,630, w=70,h=70, src=504,504
20:37:27.828 [FXGL Background Thread 1 ] DEBUG TMXLevelLoader       - Creating object layer entities
20:37:27.854 [FXGL Background Thread 1 ] DEBUG GameWorld            - Clearing removable entities
20:37:27.869 [FXGL Background Thread 4 ] DEBUG FXGLAssetLoaderServi - Loading from file system: jar:file:///C:/Users/isyoh/.m2/repository/com/github/almasb/fxgl/11.14/fxgl-11.14.jar!/fxglassets/ui/fonts/Courier-Prime.ttf
20:37:27.883 [FXGL Background Thread 1 ] DEBUG GameWorld            - Setting level: com.almasb.fxgl.entity.level.Level@685856ec
20:37:27.959 [FXGL Background Thread 1 ] DEBUG FXGLAssetLoaderServi - Loading from file system: file:/C:/Users/isyoh/Documents/école/Object%20oriented%20program/Cours/MusicAdventure/target/classes/assets/textures/background/proj.png
20:37:28.042 [FXGL Background Thread 1 ] INFO  FXGLApplication      - Game initialization took: 0,436 sec
20:37:28.143 [FXGL Background Thread 2 ] INFO  UpdaterService       - Your current version:  11.14
20:37:28.143 [FXGL Background Thread 2 ] INFO  UpdaterService       - Latest stable version: 11.15
20:37:28.861 [JavaFX Application Thread] DEBUG FXGLApplication      - Registering font factories with UI factory
20:37:28.867 [JavaFX Application Thread] DEBUG Input                - Clearing active input actions
20:37:28.879 [JavaFX Application Thread] DEBUG GameApplicationServi - Removing overlay from BetterLoadingScene and adding to GameScene
20:37:28.881 [JavaFX Application Thread] DEBUG PrimaryStageWindow   - BetterLoadingScene -> GameScene
20:37:29.791 [JavaFX Application Thread] DEBUG PrimaryStageWindow   - Push state: DialogSubScene
20:37:29.792 [JavaFX Application Thread] DEBUG Input                - Clearing active input actions
20:37:29.812 [JavaFX Application Thread] DEBUG GameApplicationServi - Removing overlay from GameScene and adding to DialogSubScene
20:37:29.813 [JavaFX Application Thread] DEBUG PrimaryStageWindow   - GameScene -> DialogSubScene
20:37:29.986 [FXGL Background Thread 3 ] DEBUG Engine               - Logging environment variables
20:37:29.986 [FXGL Background Thread 3 ] DEBUG Engine               - achievements: []
20:37:29.987 [FXGL Background Thread 3 ] DEBUG Engine               - actualHeight: 679.0
20:37:29.987 [FXGL Background Thread 3 ] DEBUG Engine               - actualHeightProperty: ReadOnlyDoubleProperty [value: 679.0]
20:37:29.987 [FXGL Background Thread 3 ] DEBUG Engine               - actualWidth: 1183.0
20:37:29.988 [FXGL Background Thread 3 ] DEBUG Engine               - actualWidthProperty: ReadOnlyDoubleProperty [value: 1183.0]
20:37:29.988 [FXGL Background Thread 3 ] DEBUG Engine               - appIcon: fxgl_icon.png
20:37:29.988 [FXGL Background Thread 3 ] DEBUG Engine               - applicationMode: DEVELOPER
20:37:29.989 [FXGL Background Thread 3 ] DEBUG Engine               - cSSList: [fxgl_dark.css]
20:37:29.989 [FXGL Background Thread 3 ] DEBUG Engine               - collisionDetectionStrategy: BRUTE_FORCE
20:37:29.989 [FXGL Background Thread 3 ] DEBUG Engine               - configClass: Optional.empty
20:37:29.989 [FXGL Background Thread 3 ] DEBUG Engine               - credits: []
20:37:29.990 [FXGL Background Thread 3 ] DEBUG Engine               - devBBoxColorProperty: ObjectProperty [value: 0xff0000ff]
20:37:29.990 [FXGL Background Thread 3 ] DEBUG Engine               - devEnableDebugCameraProperty: BooleanProperty [value: false]
20:37:29.991 [FXGL Background Thread 3 ] DEBUG Engine               - devSensorColorProperty: ObjectProperty [value: 0xffff00ff]
20:37:29.991 [FXGL Background Thread 3 ] DEBUG Engine               - devShowBBoxProperty: BooleanProperty [value: false]
20:37:29.991 [FXGL Background Thread 3 ] DEBUG Engine               - devShowPositionProperty: BooleanProperty [value: false]
20:37:29.991 [FXGL Background Thread 3 ] DEBUG Engine               - enabledMenuItems: []
20:37:29.992 [FXGL Background Thread 3 ] DEBUG Engine               - engineServices: [class com.almasb.fxgl.app.services.FXGLAssetLoaderService, class com.almasb.fxgl.app.FXGLApplication$GameApplicationService, class com.almasb.fxgl.app.services.FXGLDialogService, class com.almasb.fxgl.app.services.IOTaskExecutorService, class com.almasb.fxgl.event.EventBusService, class com.almasb.fxgl.io.FileSystemService, class com.almasb.fxgl.localization.LocalizationService, class com.almasb.fxgl.app.services.SystemBundleService, class com.almasb.fxgl.profile.SaveLoadService, class com.almasb.fxgl.ui.FXGLUIFactoryServiceProvider, class com.almasb.fxgl.ui.FXGLDialogFactoryServiceProvider, class com.almasb.fxgl.audio.AudioPlayer, class com.almasb.fxgl.notification.impl.NotificationServiceProvider, class com.almasb.fxgl.achievement.AchievementService, class com.almasb.fxgl.cutscene.CutsceneService, class com.almasb.fxgl.minigames.MiniGameService, class com.almasb.fxgl.net.NetService, class com.almasb.fxgl.app.services.UpdaterService, class com.almasb.fxgl.dev.DevService]
20:37:29.992 [FXGL Background Thread 3 ] DEBUG Engine               - fontGame: Abel-Regular.ttf
20:37:29.992 [FXGL Background Thread 3 ] DEBUG Engine               - fontMono: lucida_console.ttf
20:37:29.992 [FXGL Background Thread 3 ] DEBUG Engine               - fontText: Courier-Prime.ttf
20:37:29.993 [FXGL Background Thread 3 ] DEBUG Engine               - fontUI: VarelaRound-Regular.ttf
20:37:29.993 [FXGL Background Thread 3 ] DEBUG Engine               - fullScreen: BooleanProperty [value: false]
20:37:29.993 [FXGL Background Thread 3 ] DEBUG Engine               - gameDifficulty: MEDIUM
20:37:29.994 [FXGL Background Thread 3 ] DEBUG Engine               - gameDifficultyProperty: ObjectProperty [value: MEDIUM]
20:37:29.994 [FXGL Background Thread 3 ] DEBUG Engine               - globalMusicVolume: 0.5
20:37:29.994 [FXGL Background Thread 3 ] DEBUG Engine               - globalMusicVolumeProperty: DoubleProperty [value: 0.08]
20:37:29.994 [FXGL Background Thread 3 ] DEBUG Engine               - globalSoundVolume: 0.5
20:37:29.995 [FXGL Background Thread 3 ] DEBUG Engine               - globalSoundVolumeProperty: DoubleProperty [value: 0.08]
20:37:29.995 [FXGL Background Thread 3 ] DEBUG Engine               - height: 720
20:37:29.995 [FXGL Background Thread 3 ] DEBUG Engine               - isAndroid: false
20:37:29.995 [FXGL Background Thread 3 ] DEBUG Engine               - isBrowser: false
20:37:29.995 [FXGL Background Thread 3 ] DEBUG Engine               - isClickFeedbackEnabled: false
20:37:29.995 [FXGL Background Thread 3 ] DEBUG Engine               - isCloseConfirmation: false
20:37:29.996 [FXGL Background Thread 3 ] DEBUG Engine               - isDesktop: true
20:37:29.996 [FXGL Background Thread 3 ] DEBUG Engine               - isDeveloperMenuEnabled: false
20:37:29.996 [FXGL Background Thread 3 ] DEBUG Engine               - isEntityPreloadEnabled: true
20:37:29.996 [FXGL Background Thread 3 ] DEBUG Engine               - isExperimental3D: false
20:37:29.997 [FXGL Background Thread 3 ] DEBUG Engine               - isExperimentalNative: false
20:37:29.997 [FXGL Background Thread 3 ] DEBUG Engine               - isExperimentalTiledLargeMap: false
20:37:29.997 [FXGL Background Thread 3 ] DEBUG Engine               - isFileSystemWriteAllowed: true
20:37:29.997 [FXGL Background Thread 3 ] DEBUG Engine               - isFullScreenAllowed: false
20:37:29.997 [FXGL Background Thread 3 ] DEBUG Engine               - isFullScreenFromStart: false
20:37:29.998 [FXGL Background Thread 3 ] DEBUG Engine               - isGameMenuEnabled: true
20:37:29.998 [FXGL Background Thread 3 ] DEBUG Engine               - isIOS: false
20:37:29.998 [FXGL Background Thread 3 ] DEBUG Engine               - isIntroEnabled: false
20:37:29.998 [FXGL Background Thread 3 ] DEBUG Engine               - isLinux: false
20:37:29.999 [FXGL Background Thread 3 ] DEBUG Engine               - isMac: false
20:37:29.999 [FXGL Background Thread 3 ] DEBUG Engine               - isMainMenuEnabled: false
20:37:29.999 [FXGL Background Thread 3 ] DEBUG Engine               - isManualResizeEnabled: false
20:37:29.999 [FXGL Background Thread 3 ] DEBUG Engine               - isMobile: false
20:37:30.000 [FXGL Background Thread 3 ] DEBUG Engine               - isPreserveResizeRatio: false
20:37:30.000 [FXGL Background Thread 3 ] DEBUG Engine               - isProfilingEnabled: false
20:37:30.000 [FXGL Background Thread 3 ] DEBUG Engine               - isScaleAffectedOnResize: true
20:37:30.000 [FXGL Background Thread 3 ] DEBUG Engine               - isSingleStep: false
20:37:30.001 [FXGL Background Thread 3 ] DEBUG Engine               - isUserProfileEnabled: false
20:37:30.001 [FXGL Background Thread 3 ] DEBUG Engine               - isWindows: true
20:37:30.001 [FXGL Background Thread 3 ] DEBUG Engine               - language: ObjectProperty [value: ENGLISH]
20:37:30.001 [FXGL Background Thread 3 ] DEBUG Engine               - menuKey: ESCAPE
20:37:30.001 [FXGL Background Thread 3 ] DEBUG Engine               - notificationViewClass: class com.almasb.fxgl.notification.view.XboxNotificationView
20:37:30.002 [FXGL Background Thread 3 ] DEBUG Engine               - pixelsPerMeter: 50.0
20:37:30.002 [FXGL Background Thread 3 ] DEBUG Engine               - platform: WINDOWS
20:37:30.002 [FXGL Background Thread 3 ] DEBUG Engine               - prefHeightProperty: ReadOnlyDoubleProperty [value: 720.0]
20:37:30.002 [FXGL Background Thread 3 ] DEBUG Engine               - prefWidthProperty: ReadOnlyDoubleProperty [value: 1280.0]
20:37:30.002 [FXGL Background Thread 3 ] DEBUG Engine               - profileDir: profiles/
20:37:30.003 [FXGL Background Thread 3 ] DEBUG Engine               - profileName: StringProperty [value: DEFAULT]
20:37:30.004 [FXGL Background Thread 3 ] DEBUG Engine               - randomSeed: -1
20:37:30.004 [FXGL Background Thread 3 ] DEBUG Engine               - runtimeInfo: RuntimeInfo(platform=WINDOWS, version=11.14, build=01.03.2021 16.59)
20:37:30.004 [FXGL Background Thread 3 ] DEBUG Engine               - saveFileExt: sav
20:37:30.004 [FXGL Background Thread 3 ] DEBUG Engine               - scaledHeightProp$fxgl: DoubleProperty [bound, value: 679.0]
20:37:30.005 [FXGL Background Thread 3 ] DEBUG Engine               - scaledWidthProp$fxgl: DoubleProperty [bound, value: 1183.0]
20:37:30.005 [FXGL Background Thread 3 ] DEBUG Engine               - sceneFactory: Main.App$1@7b0bd939
20:37:30.005 [FXGL Background Thread 3 ] DEBUG Engine               - secondsIn24h: 60
20:37:30.005 [FXGL Background Thread 3 ] DEBUG Engine               - soundMenuBack: menu/back.wav
20:37:30.005 [FXGL Background Thread 3 ] DEBUG Engine               - soundMenuPress: menu/press.wav
20:37:30.005 [FXGL Background Thread 3 ] DEBUG Engine               - soundMenuSelect: menu/select.wav
20:37:30.006 [FXGL Background Thread 3 ] DEBUG Engine               - soundNotification: core/notification.wav
20:37:30.006 [FXGL Background Thread 3 ] DEBUG Engine               - stageStyle: DECORATED
20:37:30.006 [FXGL Background Thread 3 ] DEBUG Engine               - supportedLanguages: [ENGLISH, FRENCH, GERMAN, HUNGARIAN, RUSSIAN]
20:37:30.006 [FXGL Background Thread 3 ] DEBUG Engine               - ticksPerSecond: -1
20:37:30.006 [FXGL Background Thread 3 ] DEBUG Engine               - title: Game 1 Let's go
20:37:30.007 [FXGL Background Thread 3 ] DEBUG Engine               - urlGithub: https://github.com/AlmasB/FXGL
20:37:30.007 [FXGL Background Thread 3 ] DEBUG Engine               - urlLeaderboard: http://fxgl-top.herokuapp.com/
20:37:30.008 [FXGL Background Thread 3 ] DEBUG Engine               - urlPOM: https://raw.githubusercontent.com/AlmasB/FXGL/release/README.md
20:37:30.008 [FXGL Background Thread 3 ] DEBUG Engine               - userAppClass: class Main.App
20:37:30.008 [FXGL Background Thread 3 ] DEBUG Engine               - version: 1.0
20:37:30.008 [FXGL Background Thread 3 ] DEBUG Engine               - versionCheckDays: 7
20:37:30.009 [FXGL Background Thread 3 ] DEBUG Engine               - width: 1280
20:37:30.009 [FXGL Background Thread 3 ] DEBUG Engine               - Logging services
20:37:30.009 [FXGL Background Thread 3 ] DEBUG Engine               - class com.almasb.fxgl.app.services.FXGLAssetLoaderService
20:37:30.009 [FXGL Background Thread 3 ] DEBUG Engine               - class com.almasb.fxgl.app.FXGLApplication$GameApplicationService
20:37:30.009 [FXGL Background Thread 3 ] DEBUG Engine               - class com.almasb.fxgl.app.services.FXGLDialogService
20:37:30.009 [FXGL Background Thread 3 ] DEBUG Engine               - class com.almasb.fxgl.app.services.IOTaskExecutorService
20:37:30.010 [FXGL Background Thread 3 ] DEBUG Engine               - class com.almasb.fxgl.event.EventBusService
20:37:30.010 [FXGL Background Thread 3 ] DEBUG Engine               - class com.almasb.fxgl.io.FileSystemService
20:37:30.010 [FXGL Background Thread 3 ] DEBUG Engine               - class com.almasb.fxgl.localization.LocalizationService
20:37:30.010 [FXGL Background Thread 3 ] DEBUG Engine               - class com.almasb.fxgl.app.services.SystemBundleService
20:37:30.010 [FXGL Background Thread 3 ] DEBUG Engine               - class com.almasb.fxgl.profile.SaveLoadService
20:37:30.011 [FXGL Background Thread 3 ] DEBUG Engine               - class com.almasb.fxgl.ui.FXGLUIFactoryServiceProvider
20:37:30.011 [FXGL Background Thread 3 ] DEBUG Engine               - class com.almasb.fxgl.ui.FXGLDialogFactoryServiceProvider
20:37:30.011 [FXGL Background Thread 3 ] DEBUG Engine               - class com.almasb.fxgl.audio.AudioPlayer
20:37:30.011 [FXGL Background Thread 3 ] DEBUG Engine               - class com.almasb.fxgl.notification.impl.NotificationServiceProvider
20:37:30.011 [FXGL Background Thread 3 ] DEBUG Engine               - class com.almasb.fxgl.achievement.AchievementService
20:37:30.011 [FXGL Background Thread 3 ] DEBUG Engine               - class com.almasb.fxgl.cutscene.CutsceneService
20:37:30.012 [FXGL Background Thread 3 ] DEBUG Engine               - class com.almasb.fxgl.minigames.MiniGameService
20:37:30.012 [FXGL Background Thread 3 ] DEBUG Engine               - class com.almasb.fxgl.net.NetService
20:37:30.012 [FXGL Background Thread 3 ] DEBUG Engine               - class com.almasb.fxgl.app.services.UpdaterService
20:37:30.012 [FXGL Background Thread 3 ] DEBUG Engine               - class com.almasb.fxgl.dev.DevService
20:37:38.501 [JavaFX Application Thread] DEBUG PrimaryStageWindow   - Pop state: DialogSubScene
20:37:38.501 [JavaFX Application Thread] DEBUG Input                - Clearing active input actions
20:37:38.502 [JavaFX Application Thread] DEBUG GameApplicationServi - Removing overlay from DialogSubScene and adding to GameScene
20:37:38.503 [JavaFX Application Thread] DEBUG PrimaryStageWindow   - GameScene <- DialogSubScene
20:37:40.141 [JavaFX Application Thread] DEBUG FXGLApplication      - Exiting FXGL
20:37:40.141 [JavaFX Application Thread] DEBUG LoopRunner           - Stopping loop
20:37:40.141 [JavaFX Application Thread] DEBUG SystemBundleService  - Saving FXGL system data
20:37:40.145 [JavaFX Application Thread] DEBUG FileSystemAccess     - Writing to: C:\Users\isyoh\Documents\école\Object oriented program\Cours\MusicAdventure\system\fxgl.bundle
20:37:40.149 [JavaFX Application Thread] DEBUG Async                - Shutting down background threads
20:37:40.149 [JavaFX Application Thread] DEBUG PrimaryStageWindow   - Closing main window
20:37:40.187 [JavaFX Application Thread] DEBUG Logger               - Closing Logger
