20:31:40.005 [main                     ] DEBUG Logger               - Configured Logger
20:31:40.039 [main                     ] DEBUG GameApplication      - Logging settings
Title: Game 1 Let's go
Version: 1.0
Width: 1280
Height: 720
Fullscreen: false
Intro: false
Profiling: false
Single step:false
App Mode: DEVELOPER
Menu Key: ESCAPE
Stage Style: DECORATED
Scene Factory: class Main.App$1

20:31:41.225 [JavaFX Application Thread] DEBUG FXGLApplication      - Initializing FXGL
20:31:41.229 [JavaFX Application Thread] INFO  Engine               - FXGL-11.14 (01.03.2021 16.59) on WINDOWS (J:15.0.2 FX:15)
20:31:41.231 [JavaFX Application Thread] DEBUG Engine               - JRE Vendor Name: Oracle Corporation
20:31:41.231 [JavaFX Application Thread] DEBUG Engine               - Running on OS: Windows 10 version 10.0
20:31:41.232 [JavaFX Application Thread] DEBUG Engine               - Architecture: amd64
20:31:41.232 [JavaFX Application Thread] INFO  Engine               - Source code and latest versions at: https://github.com/AlmasB/FXGL
20:31:41.232 [JavaFX Application Thread] INFO  Engine               -              Join the FXGL chat at: https://gitter.im/AlmasB/FXGL
20:31:41.545 [JavaFX Application Thread] DEBUG PrimaryStageWindow   - Creating a JavaFX scene
20:31:41.545 [JavaFX Application Thread] DEBUG PrimaryStageWindow   - Target size > screen size
20:31:41.654 [JavaFX Application Thread] DEBUG PrimaryStageWindow   - Target settings size: 1280.0 x 720.0
20:31:41.654 [JavaFX Application Thread] DEBUG PrimaryStageWindow   - Scaled scene size:    1183.0 x 679.0
20:31:41.655 [JavaFX Application Thread] DEBUG PrimaryStageWindow   - Scaled ratio: (0.92421875, 0.9430555555555555)
20:31:41.656 [JavaFX Application Thread] DEBUG PrimaryStageWindow   - Set initial scene to FXGLStartupScene
20:31:41.664 [JavaFX Application Thread] DEBUG PrimaryStageWindow   - Opening main window
20:31:41.841 [JavaFX Application Thread] DEBUG PrimaryStageWindow   - Window border size: (15.0, 37.66668701171875)
20:31:41.842 [JavaFX Application Thread] DEBUG PrimaryStageWindow   - Scaled size: 1183.0 x 679.0
20:31:41.842 [JavaFX Application Thread] DEBUG PrimaryStageWindow   - Scaled ratio: (0.92421875, 0.9430555555555555)
20:31:41.842 [JavaFX Application Thread] DEBUG PrimaryStageWindow   - Scene size: 1183.0 x 679.0
20:31:41.843 [JavaFX Application Thread] DEBUG PrimaryStageWindow   - Stage size: 1198.0 x 716.6666870117188
20:31:41.878 [FXGL Background Thread 1 ] DEBUG Engine               - Initializing environment variables
20:31:41.977 [FXGL Background Thread 1 ] DEBUG FXGLAssetLoaderServi - User app class for loading assets: class Main.App
20:31:41.978 [FXGL Background Thread 1 ] DEBUG GameApplicationServi - Applying CSS: fxgl_dark.css
20:31:41.979 [FXGL Background Thread 1 ] DEBUG FXGLAssetLoaderServi - Loading from file system: jar:file:///C:/Users/isyoh/.m2/repository/com/github/almasb/fxgl/11.14/fxgl-11.14.jar!/fxglassets/ui/css/fxgl_dark.css
20:31:42.121 [FXGL Background Thread 1 ] DEBUG GameApplicationServi - Initializing application scenes
20:31:42.215 [FXGL Background Thread 1 ] DEBUG FXGLAssetLoaderServi - Loading from file system: file:/C:/Users/isyoh/Documents/école/Object%20oriented%20program/Cours/MusicAdventure/target/classes/assets/textures/player.png
20:31:42.256 [FXGL Background Thread 1 ] DEBUG GameWorld            - Game world initialized
20:31:42.363 [FXGL Background Thread 1 ] DEBUG PhysicsWorld         - Physics world initialized: appHeight=720, physics.ppm=50,0
20:31:42.364 [FXGL Background Thread 1 ] DEBUG PhysicsWorld         - Using strategy: BRUTE_FORCE
20:31:42.372 [FXGL Background Thread 1 ] DEBUG GameScene            - Game scene initialized: 1280x720
20:31:42.426 [FXGL Background Thread 1 ] DEBUG FXGLAssetLoaderServi - Loading from file system: jar:file:///C:/Users/isyoh/.m2/repository/com/github/almasb/fxgl/11.14/fxgl-11.14.jar!/fxglassets/textures/particles/trace_horizontal.png
20:31:42.546 [FXGL Background Thread 1 ] DEBUG FXGL.DefaultMenu     - createMenuBodyGameMenu()
20:31:42.774 [FXGL Background Thread 1 ] DEBUG FXGL.DefaultMenu     - createOptionsMenu()
20:31:42.791 [FXGL Background Thread 1 ] DEBUG FXGLAssetLoaderServi - Loading from file system: jar:file:///C:/Users/isyoh/.m2/repository/com/github/almasb/fxgl/11.14/fxgl-11.14.jar!/fxglassets/textures/particles/smoke.png
20:31:43.231 [FXGL Background Thread 1 ] DEBUG GameApplicationServi - Application scenes initialized
20:31:43.256 [FXGL Background Thread 1 ] DEBUG SystemBundleService  - Loading FXGL system data
20:31:43.274 [FXGL Background Thread 1 ] DEBUG FileSystemAccess     - Reading from: C:\Users\isyoh\Documents\école\Object oriented program\Cours\MusicAdventure\system\fxgl.bundle
20:31:43.288 [FXGL Background Thread 1 ] DEBUG SystemBundleService  - Bundle FXGL: {}
20:31:43.289 [FXGL Background Thread 1 ] DEBUG UpdaterService       - Checking for updates
20:31:43.298 [FXGL Background Thread 4 ] DEBUG FXGLApplication      - Loading fonts
20:31:43.298 [FXGL Background Thread 1 ] DEBUG FXGLApplication      - Loading default localization
20:31:43.299 [FXGL Background Thread 4 ] DEBUG FXGLAssetLoaderServi - Loading from file system: jar:file:///C:/Users/isyoh/.m2/repository/com/github/almasb/fxgl/11.14/fxgl-11.14.jar!/fxglassets/ui/fonts/VarelaRound-Regular.ttf
20:31:43.299 [FXGL Background Thread 1 ] DEBUG FXGLAssetLoaderServi - Loading from file system: jar:file:///C:/Users/isyoh/.m2/repository/com/github/almasb/fxgl/11.14/fxgl-11.14.jar!/fxglassets/languages/english.lang
20:31:43.351 [FXGL Background Thread 1 ] INFO  FXGLApplication      - FXGL initialization took: 1,472 sec
20:31:43.369 [JavaFX Application Thread] DEBUG Input                - Registered new binding: Left - Left
20:31:43.369 [JavaFX Application Thread] DEBUG Input                - Registered new binding: Right - Right
20:31:43.370 [JavaFX Application Thread] DEBUG Input                - Registered new binding: Jump - Up
20:31:43.371 [JavaFX Application Thread] DEBUG Input                - Registered new binding: WhistleA - 1
20:31:43.372 [JavaFX Application Thread] DEBUG Input                - Registered new binding: WhistleB - 2
20:31:43.372 [JavaFX Application Thread] DEBUG Input                - Registered new binding: WhistleC - 3
20:31:43.373 [JavaFX Application Thread] DEBUG Input                - Registered new binding: WhistleD - 4
20:31:43.373 [JavaFX Application Thread] DEBUG Input                - Registered new binding: WhistleE - 5
20:31:43.374 [JavaFX Application Thread] DEBUG Input                - Registered new binding: WhistleF - 6
20:31:43.374 [JavaFX Application Thread] DEBUG Input                - Registered new binding: WhistleG - 7
20:31:43.375 [JavaFX Application Thread] DEBUG Input                - Registered new binding: Use - E
20:31:43.376 [JavaFX Application Thread] DEBUG FXGLAssetLoaderServi - Loading from file system: file:/C:/Users/isyoh/Documents/école/Object%20oriented%20program/Cours/MusicAdventure/target/classes/assets/music/BGM_dash_runner.wav
20:31:43.897 [FXGL Background Thread 4 ] DEBUG FXGLAssetLoaderServi - Loading from file system: jar:file:///C:/Users/isyoh/.m2/repository/com/github/almasb/fxgl/11.14/fxgl-11.14.jar!/fxglassets/ui/fonts/Abel-Regular.ttf
20:31:43.947 [FXGL Background Thread 4 ] DEBUG FXGLAssetLoaderServi - Loading from file system: jar:file:///C:/Users/isyoh/.m2/repository/com/github/almasb/fxgl/11.14/fxgl-11.14.jar!/fxglassets/ui/fonts/lucida_console.ttf
20:31:44.010 [FXGL Background Thread 4 ] DEBUG FXGLAssetLoaderServi - Loading from file system: jar:file:///C:/Users/isyoh/.m2/repository/com/github/almasb/fxgl/11.14/fxgl-11.14.jar!/fxglassets/ui/fonts/Courier-Prime.ttf
20:31:44.048 [JavaFX Application Thread] DEBUG AudioPlayer          - Playing music com.almasb.fxgl.audio.Music@141669cf
20:31:44.050 [JavaFX Application Thread] DEBUG FXGLAssetLoaderServi - Loading from file system: jar:file:///C:/Users/isyoh/.m2/repository/com/github/almasb/fxgl/11.14/fxgl-11.14.jar!/fxglassets/textures/fxgl_icon.png
20:31:44.139 [JavaFX Application Thread] DEBUG FXGLAssetLoaderServi - Loading from file system: jar:file:///C:/Users/isyoh/.m2/repository/com/github/almasb/fxgl/11.14/fxgl-11.14.jar!/fxglassets/ui/cursors/fxgl_default.png
20:31:44.145 [JavaFX Application Thread] DEBUG Input                - Registered new binding: Screenshot - P
20:31:44.147 [JavaFX Application Thread] DEBUG Input                - Registered new binding: System info dump - CTRL+9
20:31:44.147 [JavaFX Application Thread] DEBUG Input                - Registered new binding: Restart - CTRL+R
20:31:44.149 [JavaFX Application Thread] DEBUG Input                - Registered new binding: Toggle Debug Camera - CTRL+C
20:31:44.163 [JavaFX Application Thread] DEBUG LoopRunner           - Starting loop
20:31:44.165 [JavaFX Application Thread] DEBUG LoopRunner           - Initializing JavaFX AnimationTimerLoop
20:31:44.172 [JavaFX Application Thread] DEBUG GameApplicationServi - Starting new game
20:31:44.177 [JavaFX Application Thread] DEBUG Input                - Clearing active input actions
20:31:44.243 [JavaFX Application Thread] DEBUG GameApplicationServi - Removing overlay from FXGLStartupScene and adding to BetterLoadingScene
20:31:44.244 [JavaFX Application Thread] DEBUG PrimaryStageWindow   - FXGLStartupScene -> BetterLoadingScene
20:31:44.244 [JavaFX Application Thread] DEBUG GameApplicationServi - Clearing previous game
20:31:44.245 [JavaFX Application Thread] DEBUG GameScene            - Clearing game scene
20:31:44.245 [JavaFX Application Thread] DEBUG GameWorld            - Clearing game world
20:31:44.245 [JavaFX Application Thread] DEBUG PhysicsWorld         - Clearing physics world
20:31:44.250 [FXGL Background Thread 4 ] DEBUG FXGLApplication      - Initializing game
20:31:44.258 [JavaFX Application Thread] DEBUG FXGLApplication      - Registering font factories with UI factory
20:31:44.396 [FXGL Background Thread 2 ] INFO  UpdaterService       - Your current version:  11.14
20:31:44.397 [FXGL Background Thread 2 ] INFO  UpdaterService       - Latest stable version: 11.15
20:31:44.440 [FXGL Background Thread 4 ] DEBUG TMXLevelLoader       - Parsed raw map: TiledMap(width=15, height=10, tilewidth=70, tileheight=70, orientation=orthogonal, layers=[Layer(width=55, height=11, name=Tile Layer 1, type=tilelayer, visible=false, x=0, y=0, data=[0, 0, 0, 0, 0, 0, 104, 104, 104, 0, 0, 0, 0, 0, 0, 0, 0, 0, 0, 0, 0, 0, 0, 0, 0, 0, 0, 0, 0, 0, 0, 0, 0, 0, 0, 0, 0, 0, 0, 0, 0, 0, 0, 0, 0, 0, 0, 0, 0, 0, 0, 0, 0, 0, 0, 0, 69, 57, 57, 45, 0, 153, 153, 153, 0, 0, 0, 0, 0, 0, 0, 0, 0, 0, 0, 0, 0, 0, 0, 0, 0, 0, 0, 0, 0, 0, 0, 0, 0, 0, 0, 0, 0, 81, 0, 0, 0, 81, 0, 0, 0, 0, 0, 0, 0, 0, 0, 0, 0, 0, 0, 0, 0, 0, 0, 0, 153, 153, 153, 0, 0, 0, 0, 0, 0, 0, 0, 0, 0, 0, 0, 0, 0, 0, 0, 0, 0, 0, 0, 0, 0, 0, 0, 0, 81, 0, 0, 0, 0, 0, 0, 0, 0, 0, 0, 0, 0, 0, 0, 0, 0, 0, 0, 0, 0, 0, 0, 69, 57, 57, 57, 153, 153, 153, 0, 0, 0, 0, 0, 0, 0, 0, 0, 0, 0, 0, 0, 0, 0, 0, 0, 0, 0, 66, 101, 101, 0, 0, 0, 0, 0, 0, 0, 0, 0, 0, 0, 0, 0, 0, 0, 0, 0, 0, 69, 57, 57, 57, 57, 45, 0, 0, 0, 0, 0, 0, 153, 153, 153, 0, 0, 0, 0, 0, 0, 0, 0, 0, 0, 0, 0, 0, 0, 0, 69, 45, 0, 0, 0, 153, 153, 0, 0, 0, 0, 0, 0, 0, 0, 0, 0, 0, 0, 0, 0, 0, 0, 0, 0, 0, 0, 0, 0, 0, 0, 0, 69, 57, 57, 45, 0, 153, 153, 153, 0, 0, 0, 0, 0, 0, 0, 0, 0, 0, 0, 0, 0, 81, 0, 0, 0, 0, 0, 0, 153, 153, 0, 78, 0, 0, 0, 0, 0, 0, 78, 0, 0, 0, 0, 0, 0, 0, 0, 0, 78, 0, 0, 0, 0, 0, 0, 0, 0, 0, 0, 0, 153, 153, 153, 57, 57, 57, 57, 0, 0, 0, 0, 0, 0, 0, 0, 0, 0, 0, 0, 0, 69, 57, 57, 153, 153, 0, 0, 0, 0, 81, 0, 0, 0, 0, 0, 0, 0, 0, 0, 81, 0, 0, 0, 0, 0, 0, 0, 0, 0, 0, 0, 69, 57, 57, 57, 153, 153, 153, 153, 153, 153, 153, 0, 66, 54, 54, 42, 0, 0, 0, 0, 0, 0, 0, 0, 0, 0, 0, 153, 153, 0, 0, 0, 0, 0, 0, 0, 0, 78, 0, 0, 0, 0, 0, 0, 0, 0, 0, 0, 0, 0, 0, 0, 0, 0, 0, 0, 0, 0, 0, 59, 0, 0, 0, 0, 59, 59, 0, 0, 69, 45, 0, 0, 0, 0, 0, 0, 0, 0, 0, 0, 66, 54, 153, 153, 0, 81, 0, 0, 78, 0, 0, 0, 0, 0, 0, 0, 0, 81, 0, 0, 0, 0, 0, 0, 0, 0, 0, 0, 0, 57, 57, 57, 57, 57, 57, 0, 0, 0, 0, 57, 0, 0, 0, 0, 0, 0, 0, 0, 0, 0, 0, 57, 0, 0, 0, 0, 0, 153, 153, 0, 0, 0, 0, 81, 0, 0, 0, 0, 0, 0, 0, 0, 0, 0, 0, 0, 69, 57, 57, 57, 45, 0, 0, 0, 153, 153, 153, 153, 153, 153, 0, 0, 0, 0, 153, 0, 0, 0, 0, 0, 0, 0, 0, 0, 0, 0, 153, 0, 0, 0, 0, 116, 153, 153, 0, 0, 0, 0, 0, 0, 0, 0, 10, 0, 0, 0, 0, 0, 0, 0, 0, 153, 153, 153, 153, 153, 0, 0], objects=[], opacity=0.0, draworder=), Layer(width=0, height=0, name=Object Layer 1, type=objectgroup, visible=false, x=0, y=0, data=[], objects=[com.almasb.fxgl.entity.level.tiled.TiledObject@1036c58a, com.almasb.fxgl.entity.level.tiled.TiledObject@67f4782d, com.almasb.fxgl.entity.level.tiled.TiledObject@341600eb, com.almasb.fxgl.entity.level.tiled.TiledObject@a941ab8, com.almasb.fxgl.entity.level.tiled.TiledObject@2ca884f5, com.almasb.fxgl.entity.level.tiled.TiledObject@68d9b45d, com.almasb.fxgl.entity.level.tiled.TiledObject@6ccce0f5, com.almasb.fxgl.entity.level.tiled.TiledObject@46a7660e, com.almasb.fxgl.entity.level.tiled.TiledObject@2ec0dd03, com.almasb.fxgl.entity.level.tiled.TiledObject@b9effda, com.almasb.fxgl.entity.level.tiled.TiledObject@de7d14, com.almasb.fxgl.entity.level.tiled.TiledObject@7db4ec17, com.almasb.fxgl.entity.level.tiled.TiledObject@55b40e67, com.almasb.fxgl.entity.level.tiled.TiledObject@29284b24, com.almasb.fxgl.entity.level.tiled.TiledObject@5a6db5c8, com.almasb.fxgl.entity.level.tiled.TiledObject@632ec6, com.almasb.fxgl.entity.level.tiled.TiledObject@7551df9b, com.almasb.fxgl.entity.level.tiled.TiledObject@1ecbdb7e, com.almasb.fxgl.entity.level.tiled.TiledObject@29bfee9a, com.almasb.fxgl.entity.level.tiled.TiledObject@30b3f075, com.almasb.fxgl.entity.level.tiled.TiledObject@4b654cff, com.almasb.fxgl.entity.level.tiled.TiledObject@b356ec6, com.almasb.fxgl.entity.level.tiled.TiledObject@5da88a04, com.almasb.fxgl.entity.level.tiled.TiledObject@72b7f99c, com.almasb.fxgl.entity.level.tiled.TiledObject@13545181, com.almasb.fxgl.entity.level.tiled.TiledObject@33374e73, com.almasb.fxgl.entity.level.tiled.TiledObject@2a561abb, com.almasb.fxgl.entity.level.tiled.TiledObject@67606d74, com.almasb.fxgl.entity.level.tiled.TiledObject@5609f040, com.almasb.fxgl.entity.level.tiled.TiledObject@5fc46824, com.almasb.fxgl.entity.level.tiled.TiledObject@455d32a5, com.almasb.fxgl.entity.level.tiled.TiledObject@21b2ecb7, com.almasb.fxgl.entity.level.tiled.TiledObject@38209331, com.almasb.fxgl.entity.level.tiled.TiledObject@44595959, com.almasb.fxgl.entity.level.tiled.TiledObject@68bd936d, com.almasb.fxgl.entity.level.tiled.TiledObject@5edc0d99, com.almasb.fxgl.entity.level.tiled.TiledObject@6259a468, com.almasb.fxgl.entity.level.tiled.TiledObject@6cc4aaeb, com.almasb.fxgl.entity.level.tiled.TiledObject@68e67ae5, com.almasb.fxgl.entity.level.tiled.TiledObject@56e802a5, com.almasb.fxgl.entity.level.tiled.TiledObject@793d86f4, com.almasb.fxgl.entity.level.tiled.TiledObject@30e7e8ca, com.almasb.fxgl.entity.level.tiled.TiledObject@6b8d8d61, com.almasb.fxgl.entity.level.tiled.TiledObject@7de6579f, com.almasb.fxgl.entity.level.tiled.TiledObject@687964f1, com.almasb.fxgl.entity.level.tiled.TiledObject@67d7708c, com.almasb.fxgl.entity.level.tiled.TiledObject@60361f92, com.almasb.fxgl.entity.level.tiled.TiledObject@2fa3e6a4, com.almasb.fxgl.entity.level.tiled.TiledObject@c5e414d, com.almasb.fxgl.entity.level.tiled.TiledObject@50d1035a, com.almasb.fxgl.entity.level.tiled.TiledObject@cb5c5d, com.almasb.fxgl.entity.level.tiled.TiledObject@30ed0c26, com.almasb.fxgl.entity.level.tiled.TiledObject@4e47675f, com.almasb.fxgl.entity.level.tiled.TiledObject@16d4761e, com.almasb.fxgl.entity.level.tiled.TiledObject@4ca7e92d, com.almasb.fxgl.entity.level.tiled.TiledObject@14f350a3, com.almasb.fxgl.entity.level.tiled.TiledObject@61fba0fd, com.almasb.fxgl.entity.level.tiled.TiledObject@542a5e5a, com.almasb.fxgl.entity.level.tiled.TiledObject@27b73b73, com.almasb.fxgl.entity.level.tiled.TiledObject@29cf016e], opacity=0.0, draworder=)], tilesets=[Tileset(firstgid=1, image=tiles_spritesheet.png, name=tiles_spritesheet, tilewidth=70, tileheight=70, imagewidth=914, imageheight=936, margin=0, spacing=2, columns=12, tilecount=156, transparentcolor=, tiles=[])], backgroundcolor=, renderorder=right-down, nextobjectid=22, version=1, tiledversion=1.2.3, type=map, infinite=false, hexsidelength=0, staggeraxis=, staggerindex=, properties={star1time=7.0}, propertytypes={star1time=float})
20:31:44.442 [FXGL Background Thread 4 ] DEBUG TMXLevelLoader       - Creating tile layer entities
20:31:44.458 [FXGL Background Thread 4 ] DEBUG TilesetLoader        - Loading view for layer Tile Layer 1
20:31:44.475 [FXGL Background Thread 4 ] DEBUG TilesetLoader        - Created buffer with size 3850.0x770.0
20:31:44.571 [FXGL Background Thread 4 ] DEBUG TilesetLoader        - Writing to buffer: dst=420,0, w=70,h=70, src=504,576
20:31:44.571 [FXGL Background Thread 4 ] DEBUG TilesetLoader        - Writing to buffer: dst=490,0, w=70,h=70, src=504,576
20:31:44.572 [FXGL Background Thread 4 ] DEBUG TilesetLoader        - Writing to buffer: dst=560,0, w=70,h=70, src=504,576
20:31:44.572 [FXGL Background Thread 4 ] DEBUG TilesetLoader        - Writing to buffer: dst=70,70, w=70,h=70, src=576,360
20:31:44.573 [FXGL Background Thread 4 ] DEBUG TilesetLoader        - Writing to buffer: dst=140,70, w=70,h=70, src=576,288
20:31:44.573 [FXGL Background Thread 4 ] DEBUG TilesetLoader        - Writing to buffer: dst=210,70, w=70,h=70, src=576,288
20:31:44.573 [FXGL Background Thread 4 ] DEBUG TilesetLoader        - Writing to buffer: dst=280,70, w=70,h=70, src=576,216
20:31:44.573 [FXGL Background Thread 4 ] DEBUG TilesetLoader        - Writing to buffer: dst=420,70, w=70,h=70, src=576,864
20:31:44.574 [FXGL Background Thread 4 ] DEBUG TilesetLoader        - Writing to buffer: dst=490,70, w=70,h=70, src=576,864
20:31:44.574 [FXGL Background Thread 4 ] DEBUG TilesetLoader        - Writing to buffer: dst=560,70, w=70,h=70, src=576,864
20:31:44.574 [FXGL Background Thread 4 ] DEBUG TilesetLoader        - Writing to buffer: dst=2660,70, w=70,h=70, src=576,432
20:31:44.575 [FXGL Background Thread 4 ] DEBUG TilesetLoader        - Writing to buffer: dst=2940,70, w=70,h=70, src=576,432
20:31:44.575 [FXGL Background Thread 4 ] DEBUG TilesetLoader        - Writing to buffer: dst=420,140, w=70,h=70, src=576,864
20:31:44.577 [FXGL Background Thread 4 ] DEBUG TilesetLoader        - Writing to buffer: dst=490,140, w=70,h=70, src=576,864
20:31:44.578 [FXGL Background Thread 4 ] DEBUG TilesetLoader        - Writing to buffer: dst=560,140, w=70,h=70, src=576,864
20:31:44.582 [FXGL Background Thread 4 ] DEBUG TilesetLoader        - Writing to buffer: dst=2380,140, w=70,h=70, src=576,432
20:31:44.585 [FXGL Background Thread 4 ] DEBUG TilesetLoader        - Writing to buffer: dst=140,210, w=70,h=70, src=576,360
20:31:44.586 [FXGL Background Thread 4 ] DEBUG TilesetLoader        - Writing to buffer: dst=210,210, w=70,h=70, src=576,288
20:31:44.586 [FXGL Background Thread 4 ] DEBUG TilesetLoader        - Writing to buffer: dst=280,210, w=70,h=70, src=576,288
20:31:44.586 [FXGL Background Thread 4 ] DEBUG TilesetLoader        - Writing to buffer: dst=350,210, w=70,h=70, src=576,288
20:31:44.586 [FXGL Background Thread 4 ] DEBUG TilesetLoader        - Writing to buffer: dst=420,210, w=70,h=70, src=576,864
20:31:44.587 [FXGL Background Thread 4 ] DEBUG TilesetLoader        - Writing to buffer: dst=490,210, w=70,h=70, src=576,864
20:31:44.587 [FXGL Background Thread 4 ] DEBUG TilesetLoader        - Writing to buffer: dst=560,210, w=70,h=70, src=576,864
20:31:44.587 [FXGL Background Thread 4 ] DEBUG TilesetLoader        - Writing to buffer: dst=1960,210, w=70,h=70, src=360,360
20:31:44.588 [FXGL Background Thread 4 ] DEBUG TilesetLoader        - Writing to buffer: dst=2030,210, w=70,h=70, src=288,576
20:31:44.589 [FXGL Background Thread 4 ] DEBUG TilesetLoader        - Writing to buffer: dst=2100,210, w=70,h=70, src=288,576
20:31:44.589 [FXGL Background Thread 4 ] DEBUG TilesetLoader        - Writing to buffer: dst=3430,210, w=70,h=70, src=576,360
20:31:44.590 [FXGL Background Thread 4 ] DEBUG TilesetLoader        - Writing to buffer: dst=3500,210, w=70,h=70, src=576,288
20:31:44.591 [FXGL Background Thread 4 ] DEBUG TilesetLoader        - Writing to buffer: dst=3570,210, w=70,h=70, src=576,288
20:31:44.591 [FXGL Background Thread 4 ] DEBUG TilesetLoader        - Writing to buffer: dst=3640,210, w=70,h=70, src=576,288
20:31:44.598 [FXGL Background Thread 4 ] DEBUG TilesetLoader        - Writing to buffer: dst=3710,210, w=70,h=70, src=576,288
20:31:44.600 [FXGL Background Thread 4 ] DEBUG TilesetLoader        - Writing to buffer: dst=3780,210, w=70,h=70, src=576,216
20:31:44.601 [FXGL Background Thread 4 ] DEBUG TilesetLoader        - Writing to buffer: dst=420,280, w=70,h=70, src=576,864
20:31:44.601 [FXGL Background Thread 4 ] DEBUG TilesetLoader        - Writing to buffer: dst=490,280, w=70,h=70, src=576,864
20:31:44.601 [FXGL Background Thread 4 ] DEBUG TilesetLoader        - Writing to buffer: dst=560,280, w=70,h=70, src=576,864
20:31:44.602 [FXGL Background Thread 4 ] DEBUG TilesetLoader        - Writing to buffer: dst=1680,280, w=70,h=70, src=576,360
20:31:44.602 [FXGL Background Thread 4 ] DEBUG TilesetLoader        - Writing to buffer: dst=1750,280, w=70,h=70, src=576,216
20:31:44.602 [FXGL Background Thread 4 ] DEBUG TilesetLoader        - Writing to buffer: dst=2030,280, w=70,h=70, src=576,864
20:31:44.603 [FXGL Background Thread 4 ] DEBUG TilesetLoader        - Writing to buffer: dst=2100,280, w=70,h=70, src=576,864
20:31:44.603 [FXGL Background Thread 4 ] DEBUG TilesetLoader        - Writing to buffer: dst=70,350, w=70,h=70, src=576,360
20:31:44.603 [FXGL Background Thread 4 ] DEBUG TilesetLoader        - Writing to buffer: dst=140,350, w=70,h=70, src=576,288
20:31:44.603 [FXGL Background Thread 4 ] DEBUG TilesetLoader        - Writing to buffer: dst=210,350, w=70,h=70, src=576,288
20:31:44.604 [FXGL Background Thread 4 ] DEBUG TilesetLoader        - Writing to buffer: dst=280,350, w=70,h=70, src=576,216
20:31:44.605 [FXGL Background Thread 4 ] DEBUG TilesetLoader        - Writing to buffer: dst=420,350, w=70,h=70, src=576,864
20:31:44.605 [FXGL Background Thread 4 ] DEBUG TilesetLoader        - Writing to buffer: dst=490,350, w=70,h=70, src=576,864
20:31:44.606 [FXGL Background Thread 4 ] DEBUG TilesetLoader        - Writing to buffer: dst=560,350, w=70,h=70, src=576,864
20:31:44.606 [FXGL Background Thread 4 ] DEBUG TilesetLoader        - Writing to buffer: dst=1540,350, w=70,h=70, src=576,432
20:31:44.607 [FXGL Background Thread 4 ] DEBUG TilesetLoader        - Writing to buffer: dst=2030,350, w=70,h=70, src=576,864
20:31:44.607 [FXGL Background Thread 4 ] DEBUG TilesetLoader        - Writing to buffer: dst=2100,350, w=70,h=70, src=576,864
20:31:44.607 [FXGL Background Thread 4 ] DEBUG TilesetLoader        - Writing to buffer: dst=2240,350, w=70,h=70, src=360,432
20:31:44.608 [FXGL Background Thread 4 ] DEBUG TilesetLoader        - Writing to buffer: dst=2730,350, w=70,h=70, src=360,432
20:31:44.609 [FXGL Background Thread 4 ] DEBUG TilesetLoader        - Writing to buffer: dst=3430,350, w=70,h=70, src=360,432
20:31:44.610 [FXGL Background Thread 4 ] DEBUG TilesetLoader        - Writing to buffer: dst=420,420, w=70,h=70, src=576,864
20:31:44.611 [FXGL Background Thread 4 ] DEBUG TilesetLoader        - Writing to buffer: dst=490,420, w=70,h=70, src=576,864
20:31:44.613 [FXGL Background Thread 4 ] DEBUG TilesetLoader        - Writing to buffer: dst=560,420, w=70,h=70, src=576,864
20:31:44.613 [FXGL Background Thread 4 ] DEBUG TilesetLoader        - Writing to buffer: dst=630,420, w=70,h=70, src=576,288
20:31:44.615 [FXGL Background Thread 4 ] DEBUG TilesetLoader        - Writing to buffer: dst=700,420, w=70,h=70, src=576,288
20:31:44.617 [FXGL Background Thread 4 ] DEBUG TilesetLoader        - Writing to buffer: dst=770,420, w=70,h=70, src=576,288
20:31:44.618 [FXGL Background Thread 4 ] DEBUG TilesetLoader        - Writing to buffer: dst=840,420, w=70,h=70, src=576,288
20:31:44.619 [FXGL Background Thread 4 ] DEBUG TilesetLoader        - Writing to buffer: dst=1820,420, w=70,h=70, src=576,360
20:31:44.619 [FXGL Background Thread 4 ] DEBUG TilesetLoader        - Writing to buffer: dst=1890,420, w=70,h=70, src=576,288
20:31:44.620 [FXGL Background Thread 4 ] DEBUG TilesetLoader        - Writing to buffer: dst=1960,420, w=70,h=70, src=576,288
20:31:44.621 [FXGL Background Thread 4 ] DEBUG TilesetLoader        - Writing to buffer: dst=2030,420, w=70,h=70, src=576,864
20:31:44.622 [FXGL Background Thread 4 ] DEBUG TilesetLoader        - Writing to buffer: dst=2100,420, w=70,h=70, src=576,864
20:31:44.623 [FXGL Background Thread 4 ] DEBUG TilesetLoader        - Writing to buffer: dst=2450,420, w=70,h=70, src=576,432
20:31:44.624 [FXGL Background Thread 4 ] DEBUG TilesetLoader        - Writing to buffer: dst=3150,420, w=70,h=70, src=576,432
20:31:44.625 [FXGL Background Thread 4 ] DEBUG TilesetLoader        - Writing to buffer: dst=140,490, w=70,h=70, src=576,360
20:31:44.625 [FXGL Background Thread 4 ] DEBUG TilesetLoader        - Writing to buffer: dst=210,490, w=70,h=70, src=576,288
20:31:44.626 [FXGL Background Thread 4 ] DEBUG TilesetLoader        - Writing to buffer: dst=280,490, w=70,h=70, src=576,288
20:31:44.631 [FXGL Background Thread 4 ] DEBUG TilesetLoader        - Writing to buffer: dst=350,490, w=70,h=70, src=576,288
20:31:44.633 [FXGL Background Thread 4 ] DEBUG TilesetLoader        - Writing to buffer: dst=420,490, w=70,h=70, src=576,864
20:31:44.633 [FXGL Background Thread 4 ] DEBUG TilesetLoader        - Writing to buffer: dst=490,490, w=70,h=70, src=576,864
20:31:44.634 [FXGL Background Thread 4 ] DEBUG TilesetLoader        - Writing to buffer: dst=560,490, w=70,h=70, src=576,864
20:31:44.634 [FXGL Background Thread 4 ] DEBUG TilesetLoader        - Writing to buffer: dst=630,490, w=70,h=70, src=576,864
20:31:44.634 [FXGL Background Thread 4 ] DEBUG TilesetLoader        - Writing to buffer: dst=700,490, w=70,h=70, src=576,864
20:31:44.635 [FXGL Background Thread 4 ] DEBUG TilesetLoader        - Writing to buffer: dst=770,490, w=70,h=70, src=576,864
20:31:44.635 [FXGL Background Thread 4 ] DEBUG TilesetLoader        - Writing to buffer: dst=840,490, w=70,h=70, src=576,864
20:31:44.635 [FXGL Background Thread 4 ] DEBUG TilesetLoader        - Writing to buffer: dst=980,490, w=70,h=70, src=360,360
20:31:44.636 [FXGL Background Thread 4 ] DEBUG TilesetLoader        - Writing to buffer: dst=1050,490, w=70,h=70, src=360,288
20:31:44.636 [FXGL Background Thread 4 ] DEBUG TilesetLoader        - Writing to buffer: dst=1120,490, w=70,h=70, src=360,288
20:31:44.637 [FXGL Background Thread 4 ] DEBUG TilesetLoader        - Writing to buffer: dst=1190,490, w=70,h=70, src=360,216
20:31:44.638 [FXGL Background Thread 4 ] DEBUG TilesetLoader        - Writing to buffer: dst=2030,490, w=70,h=70, src=576,864
20:31:44.638 [FXGL Background Thread 4 ] DEBUG TilesetLoader        - Writing to buffer: dst=2100,490, w=70,h=70, src=576,864
20:31:44.639 [FXGL Background Thread 4 ] DEBUG TilesetLoader        - Writing to buffer: dst=2730,490, w=70,h=70, src=360,432
20:31:44.639 [FXGL Background Thread 4 ] DEBUG TilesetLoader        - Writing to buffer: dst=420,560, w=70,h=70, src=720,288
20:31:44.652 [FXGL Background Thread 4 ] DEBUG TilesetLoader        - Writing to buffer: dst=770,560, w=70,h=70, src=720,288
20:31:44.653 [FXGL Background Thread 4 ] DEBUG TilesetLoader        - Writing to buffer: dst=840,560, w=70,h=70, src=720,288
20:31:44.653 [FXGL Background Thread 4 ] DEBUG TilesetLoader        - Writing to buffer: dst=1050,560, w=70,h=70, src=576,360
20:31:44.654 [FXGL Background Thread 4 ] DEBUG TilesetLoader        - Writing to buffer: dst=1120,560, w=70,h=70, src=576,216
20:31:44.654 [FXGL Background Thread 4 ] DEBUG TilesetLoader        - Writing to buffer: dst=1890,560, w=70,h=70, src=360,360
20:31:44.654 [FXGL Background Thread 4 ] DEBUG TilesetLoader        - Writing to buffer: dst=1960,560, w=70,h=70, src=360,288
20:31:44.654 [FXGL Background Thread 4 ] DEBUG TilesetLoader        - Writing to buffer: dst=2030,560, w=70,h=70, src=576,864
20:31:44.654 [FXGL Background Thread 4 ] DEBUG TilesetLoader        - Writing to buffer: dst=2100,560, w=70,h=70, src=576,864
20:31:44.655 [FXGL Background Thread 4 ] DEBUG TilesetLoader        - Writing to buffer: dst=2240,560, w=70,h=70, src=576,432
20:31:44.655 [FXGL Background Thread 4 ] DEBUG TilesetLoader        - Writing to buffer: dst=2450,560, w=70,h=70, src=360,432
20:31:44.656 [FXGL Background Thread 4 ] DEBUG TilesetLoader        - Writing to buffer: dst=3080,560, w=70,h=70, src=576,432
20:31:44.656 [FXGL Background Thread 4 ] DEBUG TilesetLoader        - Writing to buffer: dst=70,630, w=70,h=70, src=576,288
20:31:44.656 [FXGL Background Thread 4 ] DEBUG TilesetLoader        - Writing to buffer: dst=140,630, w=70,h=70, src=576,288
20:31:44.656 [FXGL Background Thread 4 ] DEBUG TilesetLoader        - Writing to buffer: dst=210,630, w=70,h=70, src=576,288
20:31:44.656 [FXGL Background Thread 4 ] DEBUG TilesetLoader        - Writing to buffer: dst=280,630, w=70,h=70, src=576,288
20:31:44.657 [FXGL Background Thread 4 ] DEBUG TilesetLoader        - Writing to buffer: dst=350,630, w=70,h=70, src=576,288
20:31:44.657 [FXGL Background Thread 4 ] DEBUG TilesetLoader        - Writing to buffer: dst=420,630, w=70,h=70, src=576,288
20:31:44.657 [FXGL Background Thread 4 ] DEBUG TilesetLoader        - Writing to buffer: dst=770,630, w=70,h=70, src=576,288
20:31:44.657 [FXGL Background Thread 4 ] DEBUG TilesetLoader        - Writing to buffer: dst=1610,630, w=70,h=70, src=576,288
20:31:44.661 [FXGL Background Thread 4 ] DEBUG TilesetLoader        - Writing to buffer: dst=2030,630, w=70,h=70, src=576,864
20:31:44.662 [FXGL Background Thread 4 ] DEBUG TilesetLoader        - Writing to buffer: dst=2100,630, w=70,h=70, src=576,864
20:31:44.663 [FXGL Background Thread 4 ] DEBUG TilesetLoader        - Writing to buffer: dst=2450,630, w=70,h=70, src=576,432
20:31:44.666 [FXGL Background Thread 4 ] DEBUG TilesetLoader        - Writing to buffer: dst=3360,630, w=70,h=70, src=576,360
20:31:44.667 [FXGL Background Thread 4 ] DEBUG TilesetLoader        - Writing to buffer: dst=3430,630, w=70,h=70, src=576,288
20:31:44.672 [FXGL Background Thread 4 ] DEBUG TilesetLoader        - Writing to buffer: dst=3500,630, w=70,h=70, src=576,288
20:31:44.673 [FXGL Background Thread 4 ] DEBUG TilesetLoader        - Writing to buffer: dst=3570,630, w=70,h=70, src=576,288
20:31:44.673 [FXGL Background Thread 4 ] DEBUG TilesetLoader        - Writing to buffer: dst=3640,630, w=70,h=70, src=576,216
20:31:44.673 [FXGL Background Thread 4 ] DEBUG TilesetLoader        - Writing to buffer: dst=70,700, w=70,h=70, src=576,864
20:31:44.673 [FXGL Background Thread 4 ] DEBUG TilesetLoader        - Writing to buffer: dst=140,700, w=70,h=70, src=576,864
20:31:44.673 [FXGL Background Thread 4 ] DEBUG TilesetLoader        - Writing to buffer: dst=210,700, w=70,h=70, src=576,864
20:31:44.674 [FXGL Background Thread 4 ] DEBUG TilesetLoader        - Writing to buffer: dst=280,700, w=70,h=70, src=576,864
20:31:44.674 [FXGL Background Thread 4 ] DEBUG TilesetLoader        - Writing to buffer: dst=350,700, w=70,h=70, src=576,864
20:31:44.674 [FXGL Background Thread 4 ] DEBUG TilesetLoader        - Writing to buffer: dst=420,700, w=70,h=70, src=576,864
20:31:44.675 [FXGL Background Thread 4 ] DEBUG TilesetLoader        - Writing to buffer: dst=770,700, w=70,h=70, src=576,864
20:31:44.675 [FXGL Background Thread 4 ] DEBUG TilesetLoader        - Writing to buffer: dst=1610,700, w=70,h=70, src=576,864
20:31:44.675 [FXGL Background Thread 4 ] DEBUG TilesetLoader        - Writing to buffer: dst=1960,700, w=70,h=70, src=504,648
20:31:44.675 [FXGL Background Thread 4 ] DEBUG TilesetLoader        - Writing to buffer: dst=2030,700, w=70,h=70, src=576,864
20:31:44.676 [FXGL Background Thread 4 ] DEBUG TilesetLoader        - Writing to buffer: dst=2100,700, w=70,h=70, src=576,864
20:31:44.677 [FXGL Background Thread 4 ] DEBUG TilesetLoader        - Writing to buffer: dst=2730,700, w=70,h=70, src=648,0
20:31:44.684 [FXGL Background Thread 4 ] DEBUG TilesetLoader        - Writing to buffer: dst=3360,700, w=70,h=70, src=576,864
20:31:44.685 [FXGL Background Thread 4 ] DEBUG TilesetLoader        - Writing to buffer: dst=3430,700, w=70,h=70, src=576,864
20:31:44.685 [FXGL Background Thread 4 ] DEBUG TilesetLoader        - Writing to buffer: dst=3500,700, w=70,h=70, src=576,864
20:31:44.686 [FXGL Background Thread 4 ] DEBUG TilesetLoader        - Writing to buffer: dst=3570,700, w=70,h=70, src=576,864
20:31:44.686 [FXGL Background Thread 4 ] DEBUG TilesetLoader        - Writing to buffer: dst=3640,700, w=70,h=70, src=576,864
20:31:44.687 [FXGL Background Thread 4 ] DEBUG TMXLevelLoader       - Creating object layer entities
20:31:44.846 [FXGL Background Thread 4 ] DEBUG FXGLAssetLoaderServi - Loading from file system: file:/C:/Users/isyoh/Documents/école/Object%20oriented%20program/Cours/MusicAdventure/target/classes/assets/textures/button.png
20:31:44.939 [FXGL Background Thread 4 ] DEBUG FXGLAssetLoaderServi - Loading from file system: file:/C:/Users/isyoh/Documents/école/Object%20oriented%20program/Cours/MusicAdventure/target/classes/assets/textures/A(La).png
20:31:45.008 [FXGL Background Thread 4 ] DEBUG GameWorld            - Clearing removable entities
20:31:45.011 [FXGL Background Thread 4 ] DEBUG GameWorld            - Setting level: com.almasb.fxgl.entity.level.Level@56489d0b
20:31:45.101 [FXGL Background Thread 4 ] DEBUG FXGLAssetLoaderServi - Loading from file system: file:/C:/Users/isyoh/Documents/école/Object%20oriented%20program/Cours/MusicAdventure/target/classes/assets/textures/background/proj.png
20:31:45.205 [FXGL Background Thread 4 ] INFO  FXGLApplication      - Game initialization took: 0,957 sec
20:31:45.210 [JavaFX Application Thread] DEBUG Input                - Clearing active input actions
20:31:45.233 [JavaFX Application Thread] DEBUG GameApplicationServi - Removing overlay from BetterLoadingScene and adding to GameScene
20:31:45.233 [JavaFX Application Thread] DEBUG PrimaryStageWindow   - BetterLoadingScene -> GameScene
20:31:45.429 [JavaFX Application Thread] DEBUG FXGLApplication      - Exiting FXGL
20:31:45.429 [JavaFX Application Thread] DEBUG LoopRunner           - Stopping loop
20:31:45.430 [JavaFX Application Thread] DEBUG SystemBundleService  - Saving FXGL system data
20:31:45.433 [JavaFX Application Thread] DEBUG FileSystemAccess     - Writing to: C:\Users\isyoh\Documents\école\Object oriented program\Cours\MusicAdventure\system\fxgl.bundle
20:31:45.437 [JavaFX Application Thread] DEBUG Async                - Shutting down background threads
20:31:45.437 [JavaFX Application Thread] DEBUG PrimaryStageWindow   - Closing main window
20:31:45.452 [JavaFX Application Thread] DEBUG Logger               - Closing Logger
