00:19:47.550 [main                     ] DEBUG Logger               - Configured Logger
00:19:47.577 [main                     ] DEBUG GameApplication      - Logging settings
Title: Game 1 Let's go
Version: 1.0
Width: 1280
Height: 720
Fullscreen: false
Intro: false
Profiling: false
Single step:false
App Mode: DEVELOPER
Menu Key: ESCAPE
Stage Style: DECORATED
Scene Factory: class Main.App$1

00:19:48.618 [JavaFX Application Thread] DEBUG FXGLApplication      - Initializing FXGL
00:19:48.621 [JavaFX Application Thread] INFO  Engine               - FXGL-11.14 (01.03.2021 16.59) on WINDOWS (J:15.0.2 FX:15)
00:19:48.622 [JavaFX Application Thread] DEBUG Engine               - JRE Vendor Name: Oracle Corporation
00:19:48.622 [JavaFX Application Thread] DEBUG Engine               - Running on OS: Windows 10 version 10.0
00:19:48.623 [JavaFX Application Thread] DEBUG Engine               - Architecture: amd64
00:19:48.623 [JavaFX Application Thread] INFO  Engine               - Source code and latest versions at: https://github.com/AlmasB/FXGL
00:19:48.623 [JavaFX Application Thread] INFO  Engine               -              Join the FXGL chat at: https://gitter.im/AlmasB/FXGL
00:19:48.834 [JavaFX Application Thread] DEBUG PrimaryStageWindow   - Creating a JavaFX scene
00:19:48.834 [JavaFX Application Thread] DEBUG PrimaryStageWindow   - Target size > screen size
00:19:48.930 [JavaFX Application Thread] DEBUG PrimaryStageWindow   - Target settings size: 1280.0 x 720.0
00:19:48.931 [JavaFX Application Thread] DEBUG PrimaryStageWindow   - Scaled scene size:    1183.0 x 679.0
00:19:48.931 [JavaFX Application Thread] DEBUG PrimaryStageWindow   - Scaled ratio: (0.92421875, 0.9430555555555555)
00:19:48.933 [JavaFX Application Thread] DEBUG PrimaryStageWindow   - Set initial scene to FXGLStartupScene
00:19:48.948 [JavaFX Application Thread] DEBUG PrimaryStageWindow   - Opening main window
00:19:49.215 [JavaFX Application Thread] DEBUG PrimaryStageWindow   - Window border size: (15.0, 37.66668701171875)
00:19:49.216 [JavaFX Application Thread] DEBUG PrimaryStageWindow   - Scaled size: 1183.0 x 679.0
00:19:49.217 [JavaFX Application Thread] DEBUG PrimaryStageWindow   - Scaled ratio: (0.92421875, 0.9430555555555555)
00:19:49.217 [JavaFX Application Thread] DEBUG PrimaryStageWindow   - Scene size: 1183.0 x 679.0
00:19:49.218 [JavaFX Application Thread] DEBUG PrimaryStageWindow   - Stage size: 1198.0 x 716.6666870117188
00:19:49.373 [FXGL Background Thread 1 ] DEBUG Engine               - Initializing environment variables
00:19:49.492 [FXGL Background Thread 1 ] DEBUG FXGLAssetLoaderServi - User app class for loading assets: class Main.App
00:19:49.494 [FXGL Background Thread 1 ] DEBUG GameApplicationServi - Applying CSS: fxgl_dark.css
00:19:49.495 [FXGL Background Thread 1 ] DEBUG FXGLAssetLoaderServi - Loading from file system: jar:file:///C:/Users/isyoh/.m2/repository/com/github/almasb/fxgl/11.14/fxgl-11.14.jar!/fxglassets/ui/css/fxgl_dark.css
00:19:49.624 [FXGL Background Thread 1 ] DEBUG GameApplicationServi - Initializing application scenes
00:19:49.757 [FXGL Background Thread 1 ] DEBUG FXGLAssetLoaderServi - Loading from file system: file:/C:/Users/isyoh/Documents/école/Object%20oriented%20program/Cours/Plarformer1/target/classes/assets/textures/player.png
00:19:49.799 [FXGL Background Thread 1 ] DEBUG GameWorld            - Game world initialized
00:19:49.908 [FXGL Background Thread 1 ] DEBUG PhysicsWorld         - Physics world initialized: appHeight=720, physics.ppm=50,0
00:19:49.908 [FXGL Background Thread 1 ] DEBUG PhysicsWorld         - Using strategy: BRUTE_FORCE
00:19:49.912 [FXGL Background Thread 1 ] DEBUG GameScene            - Game scene initialized: 1280x720
00:19:49.940 [FXGL Background Thread 1 ] DEBUG FXGLAssetLoaderServi - Loading from file system: jar:file:///C:/Users/isyoh/.m2/repository/com/github/almasb/fxgl/11.14/fxgl-11.14.jar!/fxglassets/textures/particles/trace_horizontal.png
00:19:50.014 [FXGL Background Thread 1 ] DEBUG FXGL.DefaultMenu     - createMenuBodyGameMenu()
00:19:50.057 [FXGL Background Thread 1 ] DEBUG FXGL.DefaultMenu     - createOptionsMenu()
00:19:50.065 [FXGL Background Thread 1 ] DEBUG FXGLAssetLoaderServi - Loading from file system: jar:file:///C:/Users/isyoh/.m2/repository/com/github/almasb/fxgl/11.14/fxgl-11.14.jar!/fxglassets/textures/particles/smoke.png
00:19:50.170 [FXGL Background Thread 1 ] DEBUG GameApplicationServi - Application scenes initialized
00:19:50.187 [FXGL Background Thread 1 ] DEBUG SystemBundleService  - Loading FXGL system data
00:19:50.195 [FXGL Background Thread 1 ] DEBUG FileSystemAccess     - Reading from: C:\Users\isyoh\Documents\école\Object oriented program\Cours\Plarformer1\system\fxgl.bundle
00:19:50.206 [FXGL Background Thread 1 ] DEBUG SystemBundleService  - Bundle FXGL: {}
00:19:50.206 [FXGL Background Thread 1 ] DEBUG UpdaterService       - Checking for updates
00:19:50.214 [FXGL Background Thread 1 ] DEBUG FXGLApplication      - Loading default localization
00:19:50.215 [FXGL Background Thread 1 ] DEBUG FXGLAssetLoaderServi - Loading from file system: jar:file:///C:/Users/isyoh/.m2/repository/com/github/almasb/fxgl/11.14/fxgl-11.14.jar!/fxglassets/languages/english.lang
00:19:50.222 [FXGL Background Thread 4 ] DEBUG FXGLApplication      - Loading fonts
00:19:50.224 [FXGL Background Thread 4 ] DEBUG FXGLAssetLoaderServi - Loading from file system: jar:file:///C:/Users/isyoh/.m2/repository/com/github/almasb/fxgl/11.14/fxgl-11.14.jar!/fxglassets/ui/fonts/VarelaRound-Regular.ttf
00:19:50.241 [FXGL Background Thread 1 ] INFO  FXGLApplication      - FXGL initialization took: 0,867 sec
00:19:50.260 [JavaFX Application Thread] DEBUG Input                - Registered new binding: Left - Left
00:19:50.260 [JavaFX Application Thread] DEBUG Input                - Registered new binding: Right - Right
00:19:50.261 [JavaFX Application Thread] DEBUG Input                - Registered new binding: Jump - Space
00:19:50.261 [JavaFX Application Thread] DEBUG Input                - Registered new binding: Use - E
00:19:50.262 [JavaFX Application Thread] DEBUG FXGLAssetLoaderServi - Loading from file system: file:/C:/Users/isyoh/Documents/école/Object%20oriented%20program/Cours/Plarformer1/target/classes/assets/music/BGM_dash_runner.wav
00:19:50.654 [FXGL Background Thread 4 ] DEBUG FXGLAssetLoaderServi - Loading from file system: jar:file:///C:/Users/isyoh/.m2/repository/com/github/almasb/fxgl/11.14/fxgl-11.14.jar!/fxglassets/ui/fonts/Abel-Regular.ttf
00:19:50.689 [FXGL Background Thread 4 ] DEBUG FXGLAssetLoaderServi - Loading from file system: jar:file:///C:/Users/isyoh/.m2/repository/com/github/almasb/fxgl/11.14/fxgl-11.14.jar!/fxglassets/ui/fonts/lucida_console.ttf
00:19:50.713 [FXGL Background Thread 4 ] DEBUG FXGLAssetLoaderServi - Loading from file system: jar:file:///C:/Users/isyoh/.m2/repository/com/github/almasb/fxgl/11.14/fxgl-11.14.jar!/fxglassets/ui/fonts/Courier-Prime.ttf
00:19:50.719 [JavaFX Application Thread] DEBUG AudioPlayer          - Playing music com.almasb.fxgl.audio.Music@22200029
00:19:50.721 [JavaFX Application Thread] DEBUG FXGLAssetLoaderServi - Loading from file system: jar:file:///C:/Users/isyoh/.m2/repository/com/github/almasb/fxgl/11.14/fxgl-11.14.jar!/fxglassets/textures/fxgl_icon.png
00:19:50.767 [JavaFX Application Thread] DEBUG FXGLAssetLoaderServi - Loading from file system: jar:file:///C:/Users/isyoh/.m2/repository/com/github/almasb/fxgl/11.14/fxgl-11.14.jar!/fxglassets/ui/cursors/fxgl_default.png
00:19:50.770 [JavaFX Application Thread] DEBUG Input                - Registered new binding: Screenshot - P
00:19:50.771 [JavaFX Application Thread] DEBUG Input                - Registered new binding: System info dump - CTRL+9
00:19:50.772 [JavaFX Application Thread] DEBUG Input                - Registered new binding: Restart - CTRL+R
00:19:50.777 [JavaFX Application Thread] DEBUG Input                - Registered new binding: Toggle Debug Camera - CTRL+C
00:19:50.785 [JavaFX Application Thread] DEBUG LoopRunner           - Starting loop
00:19:50.786 [JavaFX Application Thread] DEBUG LoopRunner           - Initializing JavaFX AnimationTimerLoop
00:19:50.791 [JavaFX Application Thread] DEBUG GameApplicationServi - Starting new game
00:19:50.795 [JavaFX Application Thread] DEBUG Input                - Clearing active input actions
00:19:50.817 [JavaFX Application Thread] DEBUG GameApplicationServi - Removing overlay from FXGLStartupScene and adding to BetterLoadingScene
00:19:50.818 [JavaFX Application Thread] DEBUG PrimaryStageWindow   - FXGLStartupScene -> BetterLoadingScene
00:19:50.818 [JavaFX Application Thread] DEBUG GameApplicationServi - Clearing previous game
00:19:50.818 [JavaFX Application Thread] DEBUG GameScene            - Clearing game scene
00:19:50.819 [JavaFX Application Thread] DEBUG GameWorld            - Clearing game world
00:19:50.819 [JavaFX Application Thread] DEBUG PhysicsWorld         - Clearing physics world
00:19:50.821 [FXGL Background Thread 1 ] DEBUG FXGLApplication      - Initializing game
00:19:50.938 [FXGL Background Thread 1 ] DEBUG TMXLevelLoader       - Parsed raw map: TiledMap(width=15, height=10, tilewidth=70, tileheight=70, orientation=orthogonal, layers=[Layer(width=15, height=10, name=Tile Layer 1, type=tilelayer, visible=false, x=0, y=0, data=[0, 0, 0, 0, 0, 0, 0, 0, 0, 0, 0, 0, 0, 0, 0, 0, 0, 0, 0, 0, 0, 0, 0, 0, 0, 0, 0, 0, 0, 0, 0, 0, 0, 0, 0, 0, 0, 0, 0, 0, 0, 0, 0, 0, 0, 0, 0, 0, 0, 0, 0, 0, 0, 0, 0, 0, 0, 0, 0, 0, 0, 0, 0, 0, 0, 0, 0, 0, 0, 0, 0, 0, 0, 0, 0, 0, 0, 0, 0, 0, 0, 0, 0, 0, 0, 0, 0, 0, 0, 0, 0, 0, 0, 0, 0, 0, 0, 0, 0, 0, 0, 0, 0, 0, 0, 0, 0, 0, 0, 0, 0, 0, 0, 0, 0, 0, 0, 0, 0, 0, 0, 0, 0, 0, 0, 0, 69, 57, 45, 0, 0, 1, 0, 0, 0, 116, 104, 104, 104, 104, 104, 104, 104, 104, 104, 104, 104, 104, 104, 92], objects=[], opacity=0.0, draworder=), Layer(width=0, height=0, name=Object Layer 1, type=objectgroup, visible=false, x=0, y=0, data=[], objects=[com.almasb.fxgl.entity.level.tiled.TiledObject@397de22c, com.almasb.fxgl.entity.level.tiled.TiledObject@389c27bc, com.almasb.fxgl.entity.level.tiled.TiledObject@503c5552, com.almasb.fxgl.entity.level.tiled.TiledObject@47fc2d2b, com.almasb.fxgl.entity.level.tiled.TiledObject@1146cb7a, com.almasb.fxgl.entity.level.tiled.TiledObject@48bebf29, com.almasb.fxgl.entity.level.tiled.TiledObject@7a1af5a9, com.almasb.fxgl.entity.level.tiled.TiledObject@5c290ab4, com.almasb.fxgl.entity.level.tiled.TiledObject@7b930750], opacity=0.0, draworder=)], tilesets=[Tileset(firstgid=1, image=tiles_spritesheet.png, name=tiles_spritesheet, tilewidth=70, tileheight=70, imagewidth=914, imageheight=936, margin=0, spacing=2, columns=12, tilecount=156, transparentcolor=, tiles=[])], backgroundcolor=, renderorder=right-down, nextobjectid=22, version=1, tiledversion=1.2.3, type=map, infinite=false, hexsidelength=0, staggeraxis=, staggerindex=, properties={star1time=7.0}, propertytypes={star1time=float})
00:19:50.944 [FXGL Background Thread 1 ] DEBUG TMXLevelLoader       - Creating tile layer entities
00:19:50.945 [FXGL Background Thread 1 ] DEBUG TilesetLoader        - Loading view for layer Tile Layer 1
00:19:50.948 [FXGL Background Thread 1 ] DEBUG TilesetLoader        - Created buffer with size 1050.0x700.0
00:19:50.959 [JavaFX Application Thread] DEBUG FXGLApplication      - Registering font factories with UI factory
00:19:51.090 [FXGL Background Thread 1 ] DEBUG TilesetLoader        - Writing to buffer: dst=420,560, w=70,h=70, src=576,360
00:19:51.090 [FXGL Background Thread 1 ] DEBUG TilesetLoader        - Writing to buffer: dst=490,560, w=70,h=70, src=576,288
00:19:51.091 [FXGL Background Thread 1 ] DEBUG TilesetLoader        - Writing to buffer: dst=560,560, w=70,h=70, src=576,216
00:19:51.091 [FXGL Background Thread 1 ] DEBUG TilesetLoader        - Writing to buffer: dst=770,560, w=70,h=70, src=0,0
00:19:51.091 [FXGL Background Thread 1 ] DEBUG TilesetLoader        - Writing to buffer: dst=0,630, w=70,h=70, src=504,648
00:19:51.092 [FXGL Background Thread 1 ] DEBUG TilesetLoader        - Writing to buffer: dst=70,630, w=70,h=70, src=504,576
00:19:51.092 [FXGL Background Thread 1 ] DEBUG TilesetLoader        - Writing to buffer: dst=140,630, w=70,h=70, src=504,576
00:19:51.092 [FXGL Background Thread 1 ] DEBUG TilesetLoader        - Writing to buffer: dst=210,630, w=70,h=70, src=504,576
00:19:51.093 [FXGL Background Thread 1 ] DEBUG TilesetLoader        - Writing to buffer: dst=280,630, w=70,h=70, src=504,576
00:19:51.093 [FXGL Background Thread 1 ] DEBUG TilesetLoader        - Writing to buffer: dst=350,630, w=70,h=70, src=504,576
00:19:51.093 [FXGL Background Thread 1 ] DEBUG TilesetLoader        - Writing to buffer: dst=420,630, w=70,h=70, src=504,576
00:19:51.094 [FXGL Background Thread 1 ] DEBUG TilesetLoader        - Writing to buffer: dst=490,630, w=70,h=70, src=504,576
00:19:51.094 [FXGL Background Thread 1 ] DEBUG TilesetLoader        - Writing to buffer: dst=560,630, w=70,h=70, src=504,576
00:19:51.094 [FXGL Background Thread 1 ] DEBUG TilesetLoader        - Writing to buffer: dst=630,630, w=70,h=70, src=504,576
00:19:51.094 [FXGL Background Thread 1 ] DEBUG TilesetLoader        - Writing to buffer: dst=700,630, w=70,h=70, src=504,576
00:19:51.105 [FXGL Background Thread 1 ] DEBUG TilesetLoader        - Writing to buffer: dst=770,630, w=70,h=70, src=504,576
00:19:51.106 [FXGL Background Thread 1 ] DEBUG TilesetLoader        - Writing to buffer: dst=840,630, w=70,h=70, src=504,576
00:19:51.106 [FXGL Background Thread 1 ] DEBUG TilesetLoader        - Writing to buffer: dst=910,630, w=70,h=70, src=504,576
00:19:51.106 [FXGL Background Thread 1 ] DEBUG TilesetLoader        - Writing to buffer: dst=980,630, w=70,h=70, src=504,504
00:19:51.107 [FXGL Background Thread 1 ] DEBUG TMXLevelLoader       - Creating object layer entities
00:19:51.119 [FXGL Background Thread 2 ] INFO  UpdaterService       - Your current version:  11.14
00:19:51.120 [FXGL Background Thread 2 ] INFO  UpdaterService       - Latest stable version: 11.15
00:19:51.184 [FXGL Background Thread 1 ] DEBUG GameWorld            - Clearing removable entities
00:19:51.185 [FXGL Background Thread 1 ] DEBUG GameWorld            - Setting level: com.almasb.fxgl.entity.level.Level@1fbd1ffa
00:19:51.238 [FXGL Background Thread 1 ] DEBUG FXGLAssetLoaderServi - Loading from file system: file:/C:/Users/isyoh/Documents/école/Object%20oriented%20program/Cours/Plarformer1/target/classes/assets/textures/background/forest.png
00:19:51.277 [FXGL Background Thread 1 ] INFO  FXGLApplication      - Game initialization took: 0,457 sec
00:19:51.724 [JavaFX Application Thread] DEBUG Input                - Clearing active input actions
00:19:51.775 [JavaFX Application Thread] DEBUG GameApplicationServi - Removing overlay from BetterLoadingScene and adding to GameScene
00:19:51.777 [JavaFX Application Thread] DEBUG PrimaryStageWindow   - BetterLoadingScene -> GameScene
00:19:53.211 [FXGL Background Thread 3 ] DEBUG Engine               - Logging environment variables
00:19:53.213 [FXGL Background Thread 3 ] DEBUG Engine               - achievements: []
00:19:53.214 [FXGL Background Thread 3 ] DEBUG Engine               - actualHeight: 679.0
00:19:53.215 [FXGL Background Thread 3 ] DEBUG Engine               - actualHeightProperty: ReadOnlyDoubleProperty [value: 679.0]
00:19:53.217 [FXGL Background Thread 3 ] DEBUG Engine               - actualWidth: 1183.0
00:19:53.218 [FXGL Background Thread 3 ] DEBUG Engine               - actualWidthProperty: ReadOnlyDoubleProperty [value: 1183.0]
00:19:53.219 [FXGL Background Thread 3 ] DEBUG Engine               - appIcon: fxgl_icon.png
00:19:53.221 [FXGL Background Thread 3 ] DEBUG Engine               - applicationMode: DEVELOPER
00:19:53.223 [FXGL Background Thread 3 ] DEBUG Engine               - cSSList: [fxgl_dark.css]
00:19:53.224 [FXGL Background Thread 3 ] DEBUG Engine               - collisionDetectionStrategy: BRUTE_FORCE
00:19:53.225 [FXGL Background Thread 3 ] DEBUG Engine               - configClass: Optional.empty
00:19:53.227 [FXGL Background Thread 3 ] DEBUG Engine               - credits: []
00:19:53.228 [FXGL Background Thread 3 ] DEBUG Engine               - devBBoxColorProperty: ObjectProperty [value: 0xff0000ff]
00:19:53.229 [FXGL Background Thread 3 ] DEBUG Engine               - devEnableDebugCameraProperty: BooleanProperty [value: false]
00:19:53.230 [FXGL Background Thread 3 ] DEBUG Engine               - devSensorColorProperty: ObjectProperty [value: 0xffff00ff]
00:19:53.230 [FXGL Background Thread 3 ] DEBUG Engine               - devShowBBoxProperty: BooleanProperty [value: false]
00:19:53.232 [FXGL Background Thread 3 ] DEBUG Engine               - devShowPositionProperty: BooleanProperty [value: false]
00:19:53.232 [FXGL Background Thread 3 ] DEBUG Engine               - enabledMenuItems: []
00:19:53.233 [FXGL Background Thread 3 ] DEBUG Engine               - engineServices: [class com.almasb.fxgl.app.services.FXGLAssetLoaderService, class com.almasb.fxgl.app.FXGLApplication$GameApplicationService, class com.almasb.fxgl.app.services.FXGLDialogService, class com.almasb.fxgl.app.services.IOTaskExecutorService, class com.almasb.fxgl.event.EventBusService, class com.almasb.fxgl.io.FileSystemService, class com.almasb.fxgl.localization.LocalizationService, class com.almasb.fxgl.app.services.SystemBundleService, class com.almasb.fxgl.profile.SaveLoadService, class com.almasb.fxgl.ui.FXGLUIFactoryServiceProvider, class com.almasb.fxgl.ui.FXGLDialogFactoryServiceProvider, class com.almasb.fxgl.audio.AudioPlayer, class com.almasb.fxgl.notification.impl.NotificationServiceProvider, class com.almasb.fxgl.achievement.AchievementService, class com.almasb.fxgl.cutscene.CutsceneService, class com.almasb.fxgl.minigames.MiniGameService, class com.almasb.fxgl.net.NetService, class com.almasb.fxgl.app.services.UpdaterService, class com.almasb.fxgl.dev.DevService]
00:19:53.233 [FXGL Background Thread 3 ] DEBUG Engine               - fontGame: Abel-Regular.ttf
00:19:53.234 [FXGL Background Thread 3 ] DEBUG Engine               - fontMono: lucida_console.ttf
00:19:53.235 [FXGL Background Thread 3 ] DEBUG Engine               - fontText: Courier-Prime.ttf
00:19:53.236 [FXGL Background Thread 3 ] DEBUG Engine               - fontUI: VarelaRound-Regular.ttf
00:19:53.237 [FXGL Background Thread 3 ] DEBUG Engine               - fullScreen: BooleanProperty [value: false]
00:19:53.238 [FXGL Background Thread 3 ] DEBUG Engine               - gameDifficulty: MEDIUM
00:19:53.239 [FXGL Background Thread 3 ] DEBUG Engine               - gameDifficultyProperty: ObjectProperty [value: MEDIUM]
00:19:53.240 [FXGL Background Thread 3 ] DEBUG Engine               - globalMusicVolume: 0.5
00:19:53.241 [FXGL Background Thread 3 ] DEBUG Engine               - globalMusicVolumeProperty: DoubleProperty [value: 0.08]
00:19:53.242 [FXGL Background Thread 3 ] DEBUG Engine               - globalSoundVolume: 0.5
00:19:53.244 [FXGL Background Thread 3 ] DEBUG Engine               - globalSoundVolumeProperty: DoubleProperty [value: 0.5]
00:19:53.245 [FXGL Background Thread 3 ] DEBUG Engine               - height: 720
00:19:53.247 [FXGL Background Thread 3 ] DEBUG Engine               - isAndroid: false
00:19:53.247 [FXGL Background Thread 3 ] DEBUG Engine               - isBrowser: false
00:19:53.247 [FXGL Background Thread 3 ] DEBUG Engine               - isClickFeedbackEnabled: false
00:19:53.248 [FXGL Background Thread 3 ] DEBUG Engine               - isCloseConfirmation: false
00:19:53.249 [FXGL Background Thread 3 ] DEBUG Engine               - isDesktop: true
00:19:53.250 [FXGL Background Thread 3 ] DEBUG Engine               - isDeveloperMenuEnabled: false
00:19:53.252 [FXGL Background Thread 3 ] DEBUG Engine               - isEntityPreloadEnabled: true
00:19:53.252 [FXGL Background Thread 3 ] DEBUG Engine               - isExperimental3D: false
00:19:53.253 [FXGL Background Thread 3 ] DEBUG Engine               - isExperimentalNative: false
00:19:53.254 [FXGL Background Thread 3 ] DEBUG Engine               - isExperimentalTiledLargeMap: false
00:19:53.255 [FXGL Background Thread 3 ] DEBUG Engine               - isFileSystemWriteAllowed: true
00:19:53.255 [FXGL Background Thread 3 ] DEBUG Engine               - isFullScreenAllowed: false
00:19:53.256 [FXGL Background Thread 3 ] DEBUG Engine               - isFullScreenFromStart: false
00:19:53.256 [FXGL Background Thread 3 ] DEBUG Engine               - isGameMenuEnabled: true
00:19:53.258 [FXGL Background Thread 3 ] DEBUG Engine               - isIOS: false
00:19:53.259 [FXGL Background Thread 3 ] DEBUG Engine               - isIntroEnabled: false
00:19:53.261 [FXGL Background Thread 3 ] DEBUG Engine               - isLinux: false
00:19:53.262 [FXGL Background Thread 3 ] DEBUG Engine               - isMac: false
00:19:53.262 [FXGL Background Thread 3 ] DEBUG Engine               - isMainMenuEnabled: false
00:19:53.263 [FXGL Background Thread 3 ] DEBUG Engine               - isManualResizeEnabled: false
00:19:53.263 [FXGL Background Thread 3 ] DEBUG Engine               - isMobile: false
00:19:53.263 [FXGL Background Thread 3 ] DEBUG Engine               - isPreserveResizeRatio: false
00:19:53.264 [FXGL Background Thread 3 ] DEBUG Engine               - isProfilingEnabled: false
00:19:53.264 [FXGL Background Thread 3 ] DEBUG Engine               - isScaleAffectedOnResize: true
00:19:53.265 [FXGL Background Thread 3 ] DEBUG Engine               - isSingleStep: false
00:19:53.265 [FXGL Background Thread 3 ] DEBUG Engine               - isUserProfileEnabled: false
00:19:53.267 [FXGL Background Thread 3 ] DEBUG Engine               - isWindows: true
00:19:53.268 [FXGL Background Thread 3 ] DEBUG Engine               - language: ObjectProperty [value: ENGLISH]
00:19:53.268 [FXGL Background Thread 3 ] DEBUG Engine               - menuKey: ESCAPE
00:19:53.269 [FXGL Background Thread 3 ] DEBUG Engine               - notificationViewClass: class com.almasb.fxgl.notification.view.XboxNotificationView
00:19:53.269 [FXGL Background Thread 3 ] DEBUG Engine               - pixelsPerMeter: 50.0
00:19:53.270 [FXGL Background Thread 3 ] DEBUG Engine               - platform: WINDOWS
00:19:53.271 [FXGL Background Thread 3 ] DEBUG Engine               - prefHeightProperty: ReadOnlyDoubleProperty [value: 720.0]
00:19:53.273 [FXGL Background Thread 3 ] DEBUG Engine               - prefWidthProperty: ReadOnlyDoubleProperty [value: 1280.0]
00:19:53.273 [FXGL Background Thread 3 ] DEBUG Engine               - profileDir: profiles/
00:19:53.274 [FXGL Background Thread 3 ] DEBUG Engine               - profileName: StringProperty [value: DEFAULT]
00:19:53.274 [FXGL Background Thread 3 ] DEBUG Engine               - randomSeed: -1
00:19:53.275 [FXGL Background Thread 3 ] DEBUG Engine               - runtimeInfo: RuntimeInfo(platform=WINDOWS, version=11.14, build=01.03.2021 16.59)
00:19:53.275 [FXGL Background Thread 3 ] DEBUG Engine               - saveFileExt: sav
00:19:53.275 [FXGL Background Thread 3 ] DEBUG Engine               - scaledHeightProp$fxgl: DoubleProperty [bound, value: 679.0]
00:19:53.276 [FXGL Background Thread 3 ] DEBUG Engine               - scaledWidthProp$fxgl: DoubleProperty [bound, value: 1183.0]
00:19:53.276 [FXGL Background Thread 3 ] DEBUG Engine               - sceneFactory: Main.App$1@179991f7
00:19:53.277 [FXGL Background Thread 3 ] DEBUG Engine               - secondsIn24h: 60
00:19:53.277 [FXGL Background Thread 3 ] DEBUG Engine               - soundMenuBack: menu/back.wav
00:19:53.277 [FXGL Background Thread 3 ] DEBUG Engine               - soundMenuPress: menu/press.wav
00:19:53.278 [FXGL Background Thread 3 ] DEBUG Engine               - soundMenuSelect: menu/select.wav
00:19:53.278 [FXGL Background Thread 3 ] DEBUG Engine               - soundNotification: core/notification.wav
00:19:53.279 [FXGL Background Thread 3 ] DEBUG Engine               - stageStyle: DECORATED
00:19:53.280 [FXGL Background Thread 3 ] DEBUG Engine               - supportedLanguages: [ENGLISH, FRENCH, GERMAN, HUNGARIAN, RUSSIAN]
00:19:53.282 [FXGL Background Thread 3 ] DEBUG Engine               - ticksPerSecond: -1
00:19:53.282 [FXGL Background Thread 3 ] DEBUG Engine               - title: Game 1 Let's go
00:19:53.283 [FXGL Background Thread 3 ] DEBUG Engine               - urlGithub: https://github.com/AlmasB/FXGL
00:19:53.283 [FXGL Background Thread 3 ] DEBUG Engine               - urlLeaderboard: http://fxgl-top.herokuapp.com/
00:19:53.284 [FXGL Background Thread 3 ] DEBUG Engine               - urlPOM: https://raw.githubusercontent.com/AlmasB/FXGL/release/README.md
00:19:53.284 [FXGL Background Thread 3 ] DEBUG Engine               - userAppClass: class Main.App
00:19:53.284 [FXGL Background Thread 3 ] DEBUG Engine               - version: 1.0
00:19:53.285 [FXGL Background Thread 3 ] DEBUG Engine               - versionCheckDays: 7
00:19:53.285 [FXGL Background Thread 3 ] DEBUG Engine               - width: 1280
00:19:53.285 [FXGL Background Thread 3 ] DEBUG Engine               - Logging services
00:19:53.286 [FXGL Background Thread 3 ] DEBUG Engine               - class com.almasb.fxgl.app.services.FXGLAssetLoaderService
00:19:53.286 [FXGL Background Thread 3 ] DEBUG Engine               - class com.almasb.fxgl.app.FXGLApplication$GameApplicationService
00:19:53.287 [FXGL Background Thread 3 ] DEBUG Engine               - class com.almasb.fxgl.app.services.FXGLDialogService
00:19:53.287 [FXGL Background Thread 3 ] DEBUG Engine               - class com.almasb.fxgl.app.services.IOTaskExecutorService
00:19:53.288 [FXGL Background Thread 3 ] DEBUG Engine               - class com.almasb.fxgl.event.EventBusService
00:19:53.288 [FXGL Background Thread 3 ] DEBUG Engine               - class com.almasb.fxgl.io.FileSystemService
00:19:53.289 [FXGL Background Thread 3 ] DEBUG Engine               - class com.almasb.fxgl.localization.LocalizationService
00:19:53.289 [FXGL Background Thread 3 ] DEBUG Engine               - class com.almasb.fxgl.app.services.SystemBundleService
00:19:53.289 [FXGL Background Thread 3 ] DEBUG Engine               - class com.almasb.fxgl.profile.SaveLoadService
00:19:53.290 [FXGL Background Thread 3 ] DEBUG Engine               - class com.almasb.fxgl.ui.FXGLUIFactoryServiceProvider
00:19:53.290 [FXGL Background Thread 3 ] DEBUG Engine               - class com.almasb.fxgl.ui.FXGLDialogFactoryServiceProvider
00:19:53.291 [FXGL Background Thread 3 ] DEBUG Engine               - class com.almasb.fxgl.audio.AudioPlayer
00:19:53.291 [FXGL Background Thread 3 ] DEBUG Engine               - class com.almasb.fxgl.notification.impl.NotificationServiceProvider
00:19:53.292 [FXGL Background Thread 3 ] DEBUG Engine               - class com.almasb.fxgl.achievement.AchievementService
00:19:53.293 [FXGL Background Thread 3 ] DEBUG Engine               - class com.almasb.fxgl.cutscene.CutsceneService
00:19:53.293 [FXGL Background Thread 3 ] DEBUG Engine               - class com.almasb.fxgl.minigames.MiniGameService
00:19:53.294 [FXGL Background Thread 3 ] DEBUG Engine               - class com.almasb.fxgl.net.NetService
00:19:53.294 [FXGL Background Thread 3 ] DEBUG Engine               - class com.almasb.fxgl.app.services.UpdaterService
00:19:53.295 [FXGL Background Thread 3 ] DEBUG Engine               - class com.almasb.fxgl.dev.DevService
00:20:01.305 [JavaFX Application Thread] DEBUG FXGLAssetLoaderServi - Loading from file system: file:/C:/Users/isyoh/Documents/école/Object%20oriented%20program/Cours/Plarformer1/target/classes/assets/textures/exit_sign.png
00:20:01.694 [JavaFX Application Thread] DEBUG FXGLAssetLoaderServi - Loading from file system: file:/C:/Users/isyoh/Documents/école/Object%20oriented%20program/Cours/Plarformer1/target/classes/assets/ui/fonts/level_font.ttf
00:20:01.802 [JavaFX Application Thread] DEBUG Input                - Registered new binding: Close Level End Screen - LMB
00:20:01.814 [JavaFX Application Thread] DEBUG FXGLAssetLoaderServi - Loading from file system: file:/C:/Users/isyoh/Documents/école/Object%20oriented%20program/Cours/Plarformer1/target/classes/assets/textures/star_empty.png
00:20:01.846 [JavaFX Application Thread] DEBUG FXGLAssetLoaderServi - Loading from file system: file:/C:/Users/isyoh/Documents/école/Object%20oriented%20program/Cours/Plarformer1/target/classes/assets/textures/star_full.png
00:20:01.858 [JavaFX Application Thread] DEBUG PrimaryStageWindow   - Push state: LevelEndScene
00:20:01.859 [JavaFX Application Thread] DEBUG Input                - Clearing active input actions
00:20:01.860 [JavaFX Application Thread] DEBUG GameApplicationServi - Removing overlay from GameScene and adding to LevelEndScene
00:20:01.860 [JavaFX Application Thread] DEBUG PrimaryStageWindow   - GameScene -> LevelEndScene
00:20:08.772 [JavaFX Application Thread] DEBUG FXGLApplication      - Exiting FXGL
00:20:08.774 [JavaFX Application Thread] DEBUG LoopRunner           - Stopping loop
00:20:08.774 [JavaFX Application Thread] DEBUG SystemBundleService  - Saving FXGL system data
00:20:08.784 [JavaFX Application Thread] DEBUG FileSystemAccess     - Writing to: C:\Users\isyoh\Documents\école\Object oriented program\Cours\Plarformer1\system\fxgl.bundle
00:20:08.796 [JavaFX Application Thread] DEBUG Async                - Shutting down background threads
00:20:08.798 [JavaFX Application Thread] DEBUG PrimaryStageWindow   - Closing main window
00:20:08.916 [JavaFX Application Thread] DEBUG Logger               - Closing Logger
