00:21:01.342 [main                     ] DEBUG Logger               - Configured Logger
00:21:01.368 [main                     ] DEBUG GameApplication      - Logging settings
Title: Game 1 Let's go
Version: 1.0
Width: 1280
Height: 720
Fullscreen: false
Intro: false
Profiling: false
Single step:false
App Mode: DEVELOPER
Menu Key: ESCAPE
Stage Style: DECORATED
Scene Factory: class Main.App$1

00:21:02.373 [JavaFX Application Thread] DEBUG FXGLApplication      - Initializing FXGL
00:21:02.375 [JavaFX Application Thread] INFO  Engine               - FXGL-11.14 (01.03.2021 16.59) on WINDOWS (J:15.0.2 FX:15)
00:21:02.376 [JavaFX Application Thread] DEBUG Engine               - JRE Vendor Name: Oracle Corporation
00:21:02.376 [JavaFX Application Thread] DEBUG Engine               - Running on OS: Windows 10 version 10.0
00:21:02.376 [JavaFX Application Thread] DEBUG Engine               - Architecture: amd64
00:21:02.377 [JavaFX Application Thread] INFO  Engine               - Source code and latest versions at: https://github.com/AlmasB/FXGL
00:21:02.377 [JavaFX Application Thread] INFO  Engine               -              Join the FXGL chat at: https://gitter.im/AlmasB/FXGL
00:21:02.580 [JavaFX Application Thread] DEBUG PrimaryStageWindow   - Creating a JavaFX scene
00:21:02.580 [JavaFX Application Thread] DEBUG PrimaryStageWindow   - Target size > screen size
00:21:02.690 [JavaFX Application Thread] DEBUG PrimaryStageWindow   - Target settings size: 1280.0 x 720.0
00:21:02.690 [JavaFX Application Thread] DEBUG PrimaryStageWindow   - Scaled scene size:    1183.0 x 679.0
00:21:02.691 [JavaFX Application Thread] DEBUG PrimaryStageWindow   - Scaled ratio: (0.92421875, 0.9430555555555555)
00:21:02.693 [JavaFX Application Thread] DEBUG PrimaryStageWindow   - Set initial scene to FXGLStartupScene
00:21:02.703 [JavaFX Application Thread] DEBUG PrimaryStageWindow   - Opening main window
00:21:02.929 [JavaFX Application Thread] DEBUG PrimaryStageWindow   - Window border size: (15.0, 37.66668701171875)
00:21:02.929 [JavaFX Application Thread] DEBUG PrimaryStageWindow   - Scaled size: 1183.0 x 679.0
00:21:02.930 [JavaFX Application Thread] DEBUG PrimaryStageWindow   - Scaled ratio: (0.92421875, 0.9430555555555555)
00:21:02.931 [JavaFX Application Thread] DEBUG PrimaryStageWindow   - Scene size: 1183.0 x 679.0
00:21:02.933 [JavaFX Application Thread] DEBUG PrimaryStageWindow   - Stage size: 1198.0 x 716.6666870117188
00:21:03.025 [FXGL Background Thread 1 ] DEBUG Engine               - Initializing environment variables
00:21:03.137 [FXGL Background Thread 1 ] DEBUG FXGLAssetLoaderServi - User app class for loading assets: class Main.App
00:21:03.138 [FXGL Background Thread 1 ] DEBUG GameApplicationServi - Applying CSS: fxgl_dark.css
00:21:03.140 [FXGL Background Thread 1 ] DEBUG FXGLAssetLoaderServi - Loading from file system: jar:file:///C:/Users/isyoh/.m2/repository/com/github/almasb/fxgl/11.14/fxgl-11.14.jar!/fxglassets/ui/css/fxgl_dark.css
00:21:03.280 [FXGL Background Thread 1 ] DEBUG GameApplicationServi - Initializing application scenes
00:21:03.378 [FXGL Background Thread 1 ] DEBUG FXGLAssetLoaderServi - Loading from file system: file:/C:/Users/isyoh/Documents/école/Object%20oriented%20program/Cours/Plarformer1/target/classes/assets/textures/player.png
00:21:03.418 [FXGL Background Thread 1 ] DEBUG GameWorld            - Game world initialized
00:21:03.514 [FXGL Background Thread 1 ] DEBUG PhysicsWorld         - Physics world initialized: appHeight=720, physics.ppm=50,0
00:21:03.515 [FXGL Background Thread 1 ] DEBUG PhysicsWorld         - Using strategy: BRUTE_FORCE
00:21:03.519 [FXGL Background Thread 1 ] DEBUG GameScene            - Game scene initialized: 1280x720
00:21:03.545 [FXGL Background Thread 1 ] DEBUG FXGLAssetLoaderServi - Loading from file system: jar:file:///C:/Users/isyoh/.m2/repository/com/github/almasb/fxgl/11.14/fxgl-11.14.jar!/fxglassets/textures/particles/trace_horizontal.png
00:21:03.612 [FXGL Background Thread 1 ] DEBUG FXGL.DefaultMenu     - createMenuBodyGameMenu()
00:21:03.635 [FXGL Background Thread 1 ] DEBUG FXGL.DefaultMenu     - createOptionsMenu()
00:21:03.671 [FXGL Background Thread 1 ] DEBUG FXGLAssetLoaderServi - Loading from file system: jar:file:///C:/Users/isyoh/.m2/repository/com/github/almasb/fxgl/11.14/fxgl-11.14.jar!/fxglassets/textures/particles/smoke.png
00:21:03.778 [FXGL Background Thread 1 ] DEBUG GameApplicationServi - Application scenes initialized
00:21:03.794 [FXGL Background Thread 1 ] DEBUG SystemBundleService  - Loading FXGL system data
00:21:03.800 [FXGL Background Thread 1 ] DEBUG FileSystemAccess     - Reading from: C:\Users\isyoh\Documents\école\Object oriented program\Cours\Plarformer1\system\fxgl.bundle
00:21:03.809 [FXGL Background Thread 1 ] DEBUG SystemBundleService  - Bundle FXGL: {}
00:21:03.809 [FXGL Background Thread 1 ] DEBUG UpdaterService       - Checking for updates
00:21:03.814 [FXGL Background Thread 4 ] DEBUG FXGLApplication      - Loading fonts
00:21:03.815 [FXGL Background Thread 1 ] DEBUG FXGLApplication      - Loading default localization
00:21:03.815 [FXGL Background Thread 4 ] DEBUG FXGLAssetLoaderServi - Loading from file system: jar:file:///C:/Users/isyoh/.m2/repository/com/github/almasb/fxgl/11.14/fxgl-11.14.jar!/fxglassets/ui/fonts/VarelaRound-Regular.ttf
00:21:03.816 [FXGL Background Thread 1 ] DEBUG FXGLAssetLoaderServi - Loading from file system: jar:file:///C:/Users/isyoh/.m2/repository/com/github/almasb/fxgl/11.14/fxgl-11.14.jar!/fxglassets/languages/english.lang
00:21:03.841 [FXGL Background Thread 1 ] INFO  FXGLApplication      - FXGL initialization took: 0,816 sec
00:21:03.860 [JavaFX Application Thread] DEBUG Input                - Registered new binding: Left - A
00:21:03.861 [JavaFX Application Thread] DEBUG Input                - Registered new binding: Right - D
00:21:03.862 [JavaFX Application Thread] DEBUG Input                - Registered new binding: Jump - W
00:21:03.862 [JavaFX Application Thread] DEBUG Input                - Registered new binding: Use - E
00:21:03.864 [JavaFX Application Thread] DEBUG FXGLAssetLoaderServi - Loading from file system: file:/C:/Users/isyoh/Documents/école/Object%20oriented%20program/Cours/Plarformer1/target/classes/assets/music/BGM_dash_runner.wav
00:21:04.312 [FXGL Background Thread 4 ] DEBUG FXGLAssetLoaderServi - Loading from file system: jar:file:///C:/Users/isyoh/.m2/repository/com/github/almasb/fxgl/11.14/fxgl-11.14.jar!/fxglassets/ui/fonts/Abel-Regular.ttf
00:21:04.349 [FXGL Background Thread 4 ] DEBUG FXGLAssetLoaderServi - Loading from file system: jar:file:///C:/Users/isyoh/.m2/repository/com/github/almasb/fxgl/11.14/fxgl-11.14.jar!/fxglassets/ui/fonts/lucida_console.ttf
00:21:04.372 [FXGL Background Thread 4 ] DEBUG FXGLAssetLoaderServi - Loading from file system: jar:file:///C:/Users/isyoh/.m2/repository/com/github/almasb/fxgl/11.14/fxgl-11.14.jar!/fxglassets/ui/fonts/Courier-Prime.ttf
00:21:04.384 [JavaFX Application Thread] DEBUG AudioPlayer          - Playing music com.almasb.fxgl.audio.Music@e018bf1
00:21:04.385 [JavaFX Application Thread] DEBUG FXGLAssetLoaderServi - Loading from file system: jar:file:///C:/Users/isyoh/.m2/repository/com/github/almasb/fxgl/11.14/fxgl-11.14.jar!/fxglassets/textures/fxgl_icon.png
00:21:04.425 [JavaFX Application Thread] DEBUG FXGLAssetLoaderServi - Loading from file system: jar:file:///C:/Users/isyoh/.m2/repository/com/github/almasb/fxgl/11.14/fxgl-11.14.jar!/fxglassets/ui/cursors/fxgl_default.png
00:21:04.430 [JavaFX Application Thread] DEBUG Input                - Registered new binding: Screenshot - P
00:21:04.431 [JavaFX Application Thread] DEBUG Input                - Registered new binding: System info dump - CTRL+9
00:21:04.432 [JavaFX Application Thread] DEBUG Input                - Registered new binding: Restart - CTRL+R
00:21:04.433 [JavaFX Application Thread] DEBUG Input                - Registered new binding: Toggle Debug Camera - CTRL+C
00:21:04.436 [JavaFX Application Thread] DEBUG LoopRunner           - Starting loop
00:21:04.436 [JavaFX Application Thread] DEBUG LoopRunner           - Initializing JavaFX AnimationTimerLoop
00:21:04.438 [JavaFX Application Thread] DEBUG GameApplicationServi - Starting new game
00:21:04.439 [JavaFX Application Thread] DEBUG Input                - Clearing active input actions
00:21:04.474 [JavaFX Application Thread] DEBUG GameApplicationServi - Removing overlay from FXGLStartupScene and adding to BetterLoadingScene
00:21:04.475 [JavaFX Application Thread] DEBUG PrimaryStageWindow   - FXGLStartupScene -> BetterLoadingScene
00:21:04.477 [JavaFX Application Thread] DEBUG GameApplicationServi - Clearing previous game
00:21:04.477 [JavaFX Application Thread] DEBUG GameScene            - Clearing game scene
00:21:04.478 [JavaFX Application Thread] DEBUG GameWorld            - Clearing game world
00:21:04.479 [JavaFX Application Thread] DEBUG PhysicsWorld         - Clearing physics world
00:21:04.481 [FXGL Background Thread 4 ] DEBUG FXGLApplication      - Initializing game
00:21:04.487 [JavaFX Application Thread] DEBUG FXGLApplication      - Registering font factories with UI factory
00:21:04.632 [FXGL Background Thread 4 ] DEBUG TMXLevelLoader       - Parsed raw map: TiledMap(width=15, height=10, tilewidth=70, tileheight=70, orientation=orthogonal, layers=[Layer(width=15, height=10, name=Tile Layer 1, type=tilelayer, visible=false, x=0, y=0, data=[0, 0, 0, 0, 0, 0, 0, 0, 0, 0, 0, 0, 0, 0, 0, 0, 0, 0, 0, 0, 0, 0, 0, 0, 0, 0, 0, 0, 0, 0, 0, 0, 0, 0, 0, 0, 0, 0, 0, 0, 0, 0, 0, 0, 0, 0, 0, 0, 0, 0, 0, 0, 0, 0, 0, 0, 0, 0, 0, 0, 0, 0, 0, 0, 0, 0, 0, 0, 0, 0, 0, 0, 0, 0, 0, 0, 0, 0, 0, 0, 0, 0, 0, 0, 0, 0, 0, 0, 0, 0, 0, 0, 0, 0, 0, 0, 0, 0, 0, 0, 0, 0, 0, 0, 0, 0, 0, 0, 0, 0, 0, 0, 0, 0, 0, 0, 0, 0, 0, 0, 0, 0, 0, 0, 0, 0, 69, 57, 45, 0, 0, 1, 0, 0, 0, 116, 104, 104, 104, 104, 104, 104, 104, 104, 104, 104, 104, 104, 104, 92], objects=[], opacity=0.0, draworder=), Layer(width=0, height=0, name=Object Layer 1, type=objectgroup, visible=false, x=0, y=0, data=[], objects=[com.almasb.fxgl.entity.level.tiled.TiledObject@6353a3be, com.almasb.fxgl.entity.level.tiled.TiledObject@6cc6ee38, com.almasb.fxgl.entity.level.tiled.TiledObject@6ff19511, com.almasb.fxgl.entity.level.tiled.TiledObject@2a8047d2, com.almasb.fxgl.entity.level.tiled.TiledObject@54304f6f, com.almasb.fxgl.entity.level.tiled.TiledObject@f5cdcff, com.almasb.fxgl.entity.level.tiled.TiledObject@6c668918, com.almasb.fxgl.entity.level.tiled.TiledObject@4470fd91, com.almasb.fxgl.entity.level.tiled.TiledObject@12ed8947], opacity=0.0, draworder=)], tilesets=[Tileset(firstgid=1, image=tiles_spritesheet.png, name=tiles_spritesheet, tilewidth=70, tileheight=70, imagewidth=914, imageheight=936, margin=0, spacing=2, columns=12, tilecount=156, transparentcolor=, tiles=[])], backgroundcolor=, renderorder=right-down, nextobjectid=22, version=1, tiledversion=1.2.3, type=map, infinite=false, hexsidelength=0, staggeraxis=, staggerindex=, properties={star1time=7.0}, propertytypes={star1time=float})
00:21:04.634 [FXGL Background Thread 4 ] DEBUG TMXLevelLoader       - Creating tile layer entities
00:21:04.636 [FXGL Background Thread 4 ] DEBUG TilesetLoader        - Loading view for layer Tile Layer 1
00:21:04.656 [FXGL Background Thread 4 ] DEBUG TilesetLoader        - Created buffer with size 1050.0x700.0
00:21:04.838 [FXGL Background Thread 4 ] DEBUG TilesetLoader        - Writing to buffer: dst=420,560, w=70,h=70, src=576,360
00:21:04.839 [FXGL Background Thread 4 ] DEBUG TilesetLoader        - Writing to buffer: dst=490,560, w=70,h=70, src=576,288
00:21:04.839 [FXGL Background Thread 4 ] DEBUG TilesetLoader        - Writing to buffer: dst=560,560, w=70,h=70, src=576,216
00:21:04.840 [FXGL Background Thread 4 ] DEBUG TilesetLoader        - Writing to buffer: dst=770,560, w=70,h=70, src=0,0
00:21:04.843 [FXGL Background Thread 4 ] DEBUG TilesetLoader        - Writing to buffer: dst=0,630, w=70,h=70, src=504,648
00:21:04.844 [FXGL Background Thread 4 ] DEBUG TilesetLoader        - Writing to buffer: dst=70,630, w=70,h=70, src=504,576
00:21:04.845 [FXGL Background Thread 4 ] DEBUG TilesetLoader        - Writing to buffer: dst=140,630, w=70,h=70, src=504,576
00:21:04.848 [FXGL Background Thread 4 ] DEBUG TilesetLoader        - Writing to buffer: dst=210,630, w=70,h=70, src=504,576
00:21:04.849 [FXGL Background Thread 4 ] DEBUG TilesetLoader        - Writing to buffer: dst=280,630, w=70,h=70, src=504,576
00:21:04.850 [FXGL Background Thread 4 ] DEBUG TilesetLoader        - Writing to buffer: dst=350,630, w=70,h=70, src=504,576
00:21:04.850 [FXGL Background Thread 4 ] DEBUG TilesetLoader        - Writing to buffer: dst=420,630, w=70,h=70, src=504,576
00:21:04.851 [FXGL Background Thread 4 ] DEBUG TilesetLoader        - Writing to buffer: dst=490,630, w=70,h=70, src=504,576
00:21:04.851 [FXGL Background Thread 4 ] DEBUG TilesetLoader        - Writing to buffer: dst=560,630, w=70,h=70, src=504,576
00:21:04.853 [FXGL Background Thread 4 ] DEBUG TilesetLoader        - Writing to buffer: dst=630,630, w=70,h=70, src=504,576
00:21:04.853 [FXGL Background Thread 4 ] DEBUG TilesetLoader        - Writing to buffer: dst=700,630, w=70,h=70, src=504,576
00:21:04.853 [FXGL Background Thread 4 ] DEBUG TilesetLoader        - Writing to buffer: dst=770,630, w=70,h=70, src=504,576
00:21:04.854 [FXGL Background Thread 4 ] DEBUG TilesetLoader        - Writing to buffer: dst=840,630, w=70,h=70, src=504,576
00:21:04.854 [FXGL Background Thread 4 ] DEBUG TilesetLoader        - Writing to buffer: dst=910,630, w=70,h=70, src=504,576
00:21:04.854 [FXGL Background Thread 4 ] DEBUG TilesetLoader        - Writing to buffer: dst=980,630, w=70,h=70, src=504,504
00:21:04.855 [FXGL Background Thread 4 ] DEBUG TMXLevelLoader       - Creating object layer entities
00:21:04.925 [FXGL Background Thread 4 ] DEBUG GameWorld            - Clearing removable entities
00:21:04.926 [FXGL Background Thread 4 ] DEBUG GameWorld            - Setting level: com.almasb.fxgl.entity.level.Level@7dfe0dd2
00:21:04.938 [FXGL Background Thread 2 ] INFO  UpdaterService       - Your current version:  11.14
00:21:04.939 [FXGL Background Thread 2 ] INFO  UpdaterService       - Latest stable version: 11.15
00:21:04.961 [FXGL Background Thread 4 ] DEBUG FXGLAssetLoaderServi - Loading from file system: file:/C:/Users/isyoh/Documents/école/Object%20oriented%20program/Cours/Plarformer1/target/classes/assets/textures/background/forest.png
00:21:05.014 [FXGL Background Thread 4 ] INFO  FXGLApplication      - Game initialization took: 0,533 sec
00:21:05.224 [JavaFX Application Thread] DEBUG Input                - Clearing active input actions
00:21:05.285 [JavaFX Application Thread] DEBUG GameApplicationServi - Removing overlay from BetterLoadingScene and adding to GameScene
00:21:05.287 [JavaFX Application Thread] DEBUG PrimaryStageWindow   - BetterLoadingScene -> GameScene
00:21:06.814 [FXGL Background Thread 3 ] DEBUG Engine               - Logging environment variables
00:21:06.816 [FXGL Background Thread 3 ] DEBUG Engine               - achievements: []
00:21:06.817 [FXGL Background Thread 3 ] DEBUG Engine               - actualHeight: 679.0
00:21:06.818 [FXGL Background Thread 3 ] DEBUG Engine               - actualHeightProperty: ReadOnlyDoubleProperty [value: 679.0]
00:21:06.819 [FXGL Background Thread 3 ] DEBUG Engine               - actualWidth: 1183.0
00:21:06.820 [FXGL Background Thread 3 ] DEBUG Engine               - actualWidthProperty: ReadOnlyDoubleProperty [value: 1183.0]
00:21:06.820 [FXGL Background Thread 3 ] DEBUG Engine               - appIcon: fxgl_icon.png
00:21:06.821 [FXGL Background Thread 3 ] DEBUG Engine               - applicationMode: DEVELOPER
00:21:06.822 [FXGL Background Thread 3 ] DEBUG Engine               - cSSList: [fxgl_dark.css]
00:21:06.823 [FXGL Background Thread 3 ] DEBUG Engine               - collisionDetectionStrategy: BRUTE_FORCE
00:21:06.823 [FXGL Background Thread 3 ] DEBUG Engine               - configClass: Optional.empty
00:21:06.824 [FXGL Background Thread 3 ] DEBUG Engine               - credits: []
00:21:06.826 [FXGL Background Thread 3 ] DEBUG Engine               - devBBoxColorProperty: ObjectProperty [value: 0xff0000ff]
00:21:06.826 [FXGL Background Thread 3 ] DEBUG Engine               - devEnableDebugCameraProperty: BooleanProperty [value: false]
00:21:06.828 [FXGL Background Thread 3 ] DEBUG Engine               - devSensorColorProperty: ObjectProperty [value: 0xffff00ff]
00:21:06.829 [FXGL Background Thread 3 ] DEBUG Engine               - devShowBBoxProperty: BooleanProperty [value: false]
00:21:06.830 [FXGL Background Thread 3 ] DEBUG Engine               - devShowPositionProperty: BooleanProperty [value: false]
00:21:06.831 [FXGL Background Thread 3 ] DEBUG Engine               - enabledMenuItems: []
00:21:06.832 [FXGL Background Thread 3 ] DEBUG Engine               - engineServices: [class com.almasb.fxgl.app.services.FXGLAssetLoaderService, class com.almasb.fxgl.app.FXGLApplication$GameApplicationService, class com.almasb.fxgl.app.services.FXGLDialogService, class com.almasb.fxgl.app.services.IOTaskExecutorService, class com.almasb.fxgl.event.EventBusService, class com.almasb.fxgl.io.FileSystemService, class com.almasb.fxgl.localization.LocalizationService, class com.almasb.fxgl.app.services.SystemBundleService, class com.almasb.fxgl.profile.SaveLoadService, class com.almasb.fxgl.ui.FXGLUIFactoryServiceProvider, class com.almasb.fxgl.ui.FXGLDialogFactoryServiceProvider, class com.almasb.fxgl.audio.AudioPlayer, class com.almasb.fxgl.notification.impl.NotificationServiceProvider, class com.almasb.fxgl.achievement.AchievementService, class com.almasb.fxgl.cutscene.CutsceneService, class com.almasb.fxgl.minigames.MiniGameService, class com.almasb.fxgl.net.NetService, class com.almasb.fxgl.app.services.UpdaterService, class com.almasb.fxgl.dev.DevService]
00:21:06.833 [FXGL Background Thread 3 ] DEBUG Engine               - fontGame: Abel-Regular.ttf
00:21:06.833 [FXGL Background Thread 3 ] DEBUG Engine               - fontMono: lucida_console.ttf
00:21:06.834 [FXGL Background Thread 3 ] DEBUG Engine               - fontText: Courier-Prime.ttf
00:21:06.835 [FXGL Background Thread 3 ] DEBUG Engine               - fontUI: VarelaRound-Regular.ttf
00:21:06.836 [FXGL Background Thread 3 ] DEBUG Engine               - fullScreen: BooleanProperty [value: false]
00:21:06.837 [FXGL Background Thread 3 ] DEBUG Engine               - gameDifficulty: MEDIUM
00:21:06.837 [FXGL Background Thread 3 ] DEBUG Engine               - gameDifficultyProperty: ObjectProperty [value: MEDIUM]
00:21:06.838 [FXGL Background Thread 3 ] DEBUG Engine               - globalMusicVolume: 0.5
00:21:06.839 [FXGL Background Thread 3 ] DEBUG Engine               - globalMusicVolumeProperty: DoubleProperty [value: 0.08]
00:21:06.840 [FXGL Background Thread 3 ] DEBUG Engine               - globalSoundVolume: 0.5
00:21:06.841 [FXGL Background Thread 3 ] DEBUG Engine               - globalSoundVolumeProperty: DoubleProperty [value: 0.5]
00:21:06.841 [FXGL Background Thread 3 ] DEBUG Engine               - height: 720
00:21:06.849 [FXGL Background Thread 3 ] DEBUG Engine               - isAndroid: false
00:21:06.850 [FXGL Background Thread 3 ] DEBUG Engine               - isBrowser: false
00:21:06.851 [FXGL Background Thread 3 ] DEBUG Engine               - isClickFeedbackEnabled: false
00:21:06.852 [FXGL Background Thread 3 ] DEBUG Engine               - isCloseConfirmation: false
00:21:06.853 [FXGL Background Thread 3 ] DEBUG Engine               - isDesktop: true
00:21:06.854 [FXGL Background Thread 3 ] DEBUG Engine               - isDeveloperMenuEnabled: false
00:21:06.857 [FXGL Background Thread 3 ] DEBUG Engine               - isEntityPreloadEnabled: true
00:21:06.858 [FXGL Background Thread 3 ] DEBUG Engine               - isExperimental3D: false
00:21:06.861 [FXGL Background Thread 3 ] DEBUG Engine               - isExperimentalNative: false
00:21:06.862 [FXGL Background Thread 3 ] DEBUG Engine               - isExperimentalTiledLargeMap: false
00:21:06.863 [FXGL Background Thread 3 ] DEBUG Engine               - isFileSystemWriteAllowed: true
00:21:06.864 [FXGL Background Thread 3 ] DEBUG Engine               - isFullScreenAllowed: false
00:21:06.866 [FXGL Background Thread 3 ] DEBUG Engine               - isFullScreenFromStart: false
00:21:06.866 [FXGL Background Thread 3 ] DEBUG Engine               - isGameMenuEnabled: true
00:21:06.873 [FXGL Background Thread 3 ] DEBUG Engine               - isIOS: false
00:21:06.874 [FXGL Background Thread 3 ] DEBUG Engine               - isIntroEnabled: false
00:21:06.875 [FXGL Background Thread 3 ] DEBUG Engine               - isLinux: false
00:21:06.877 [FXGL Background Thread 3 ] DEBUG Engine               - isMac: false
00:21:06.879 [FXGL Background Thread 3 ] DEBUG Engine               - isMainMenuEnabled: false
00:21:06.883 [FXGL Background Thread 3 ] DEBUG Engine               - isManualResizeEnabled: false
00:21:06.884 [FXGL Background Thread 3 ] DEBUG Engine               - isMobile: false
00:21:06.885 [FXGL Background Thread 3 ] DEBUG Engine               - isPreserveResizeRatio: false
00:21:06.886 [FXGL Background Thread 3 ] DEBUG Engine               - isProfilingEnabled: false
00:21:06.887 [FXGL Background Thread 3 ] DEBUG Engine               - isScaleAffectedOnResize: true
00:21:06.888 [FXGL Background Thread 3 ] DEBUG Engine               - isSingleStep: false
00:21:06.892 [FXGL Background Thread 3 ] DEBUG Engine               - isUserProfileEnabled: false
00:21:06.895 [FXGL Background Thread 3 ] DEBUG Engine               - isWindows: true
00:21:06.897 [FXGL Background Thread 3 ] DEBUG Engine               - language: ObjectProperty [value: ENGLISH]
00:21:06.897 [FXGL Background Thread 3 ] DEBUG Engine               - menuKey: ESCAPE
00:21:06.902 [FXGL Background Thread 3 ] DEBUG Engine               - notificationViewClass: class com.almasb.fxgl.notification.view.XboxNotificationView
00:21:06.908 [FXGL Background Thread 3 ] DEBUG Engine               - pixelsPerMeter: 50.0
00:21:06.909 [FXGL Background Thread 3 ] DEBUG Engine               - platform: WINDOWS
00:21:06.910 [FXGL Background Thread 3 ] DEBUG Engine               - prefHeightProperty: ReadOnlyDoubleProperty [value: 720.0]
00:21:06.911 [FXGL Background Thread 3 ] DEBUG Engine               - prefWidthProperty: ReadOnlyDoubleProperty [value: 1280.0]
00:21:06.911 [FXGL Background Thread 3 ] DEBUG Engine               - profileDir: profiles/
00:21:06.912 [FXGL Background Thread 3 ] DEBUG Engine               - profileName: StringProperty [value: DEFAULT]
00:21:06.912 [FXGL Background Thread 3 ] DEBUG Engine               - randomSeed: -1
00:21:06.913 [FXGL Background Thread 3 ] DEBUG Engine               - runtimeInfo: RuntimeInfo(platform=WINDOWS, version=11.14, build=01.03.2021 16.59)
00:21:06.913 [FXGL Background Thread 3 ] DEBUG Engine               - saveFileExt: sav
00:21:06.913 [FXGL Background Thread 3 ] DEBUG Engine               - scaledHeightProp$fxgl: DoubleProperty [bound, value: 679.0]
00:21:06.914 [FXGL Background Thread 3 ] DEBUG Engine               - scaledWidthProp$fxgl: DoubleProperty [bound, value: 1183.0]
00:21:06.914 [FXGL Background Thread 3 ] DEBUG Engine               - sceneFactory: Main.App$1@6332f1af
00:21:06.914 [FXGL Background Thread 3 ] DEBUG Engine               - secondsIn24h: 60
00:21:06.915 [FXGL Background Thread 3 ] DEBUG Engine               - soundMenuBack: menu/back.wav
00:21:06.915 [FXGL Background Thread 3 ] DEBUG Engine               - soundMenuPress: menu/press.wav
00:21:06.916 [FXGL Background Thread 3 ] DEBUG Engine               - soundMenuSelect: menu/select.wav
00:21:06.916 [FXGL Background Thread 3 ] DEBUG Engine               - soundNotification: core/notification.wav
00:21:06.916 [FXGL Background Thread 3 ] DEBUG Engine               - stageStyle: DECORATED
00:21:06.917 [FXGL Background Thread 3 ] DEBUG Engine               - supportedLanguages: [ENGLISH, FRENCH, GERMAN, HUNGARIAN, RUSSIAN]
00:21:06.918 [FXGL Background Thread 3 ] DEBUG Engine               - ticksPerSecond: -1
00:21:06.918 [FXGL Background Thread 3 ] DEBUG Engine               - title: Game 1 Let's go
00:21:06.918 [FXGL Background Thread 3 ] DEBUG Engine               - urlGithub: https://github.com/AlmasB/FXGL
00:21:06.919 [FXGL Background Thread 3 ] DEBUG Engine               - urlLeaderboard: http://fxgl-top.herokuapp.com/
00:21:06.920 [FXGL Background Thread 3 ] DEBUG Engine               - urlPOM: https://raw.githubusercontent.com/AlmasB/FXGL/release/README.md
00:21:06.921 [FXGL Background Thread 3 ] DEBUG Engine               - userAppClass: class Main.App
00:21:06.922 [FXGL Background Thread 3 ] DEBUG Engine               - version: 1.0
00:21:06.922 [FXGL Background Thread 3 ] DEBUG Engine               - versionCheckDays: 7
00:21:06.923 [FXGL Background Thread 3 ] DEBUG Engine               - width: 1280
00:21:06.923 [FXGL Background Thread 3 ] DEBUG Engine               - Logging services
00:21:06.924 [FXGL Background Thread 3 ] DEBUG Engine               - class com.almasb.fxgl.app.services.FXGLAssetLoaderService
00:21:06.926 [FXGL Background Thread 3 ] DEBUG Engine               - class com.almasb.fxgl.app.FXGLApplication$GameApplicationService
00:21:06.927 [FXGL Background Thread 3 ] DEBUG Engine               - class com.almasb.fxgl.app.services.FXGLDialogService
00:21:06.928 [FXGL Background Thread 3 ] DEBUG Engine               - class com.almasb.fxgl.app.services.IOTaskExecutorService
00:21:06.930 [FXGL Background Thread 3 ] DEBUG Engine               - class com.almasb.fxgl.event.EventBusService
00:21:06.930 [FXGL Background Thread 3 ] DEBUG Engine               - class com.almasb.fxgl.io.FileSystemService
00:21:06.932 [FXGL Background Thread 3 ] DEBUG Engine               - class com.almasb.fxgl.localization.LocalizationService
00:21:06.932 [FXGL Background Thread 3 ] DEBUG Engine               - class com.almasb.fxgl.app.services.SystemBundleService
00:21:06.932 [FXGL Background Thread 3 ] DEBUG Engine               - class com.almasb.fxgl.profile.SaveLoadService
00:21:06.932 [FXGL Background Thread 3 ] DEBUG Engine               - class com.almasb.fxgl.ui.FXGLUIFactoryServiceProvider
00:21:06.933 [FXGL Background Thread 3 ] DEBUG Engine               - class com.almasb.fxgl.ui.FXGLDialogFactoryServiceProvider
00:21:06.933 [FXGL Background Thread 3 ] DEBUG Engine               - class com.almasb.fxgl.audio.AudioPlayer
00:21:06.933 [FXGL Background Thread 3 ] DEBUG Engine               - class com.almasb.fxgl.notification.impl.NotificationServiceProvider
00:21:06.934 [FXGL Background Thread 3 ] DEBUG Engine               - class com.almasb.fxgl.achievement.AchievementService
00:21:06.934 [FXGL Background Thread 3 ] DEBUG Engine               - class com.almasb.fxgl.cutscene.CutsceneService
00:21:06.934 [FXGL Background Thread 3 ] DEBUG Engine               - class com.almasb.fxgl.minigames.MiniGameService
00:21:06.935 [FXGL Background Thread 3 ] DEBUG Engine               - class com.almasb.fxgl.net.NetService
00:21:06.936 [FXGL Background Thread 3 ] DEBUG Engine               - class com.almasb.fxgl.app.services.UpdaterService
00:21:06.937 [FXGL Background Thread 3 ] DEBUG Engine               - class com.almasb.fxgl.dev.DevService
00:21:12.353 [JavaFX Application Thread] DEBUG FXGLAssetLoaderServi - Loading from file system: file:/C:/Users/isyoh/Documents/école/Object%20oriented%20program/Cours/Plarformer1/target/classes/assets/textures/exit_sign.png
00:21:12.636 [JavaFX Application Thread] DEBUG FXGLAssetLoaderServi - Loading from file system: file:/C:/Users/isyoh/Documents/école/Object%20oriented%20program/Cours/Plarformer1/target/classes/assets/ui/fonts/level_font.ttf
00:21:12.720 [JavaFX Application Thread] DEBUG Input                - Registered new binding: Close Level End Screen - LMB
00:21:12.730 [JavaFX Application Thread] DEBUG FXGLAssetLoaderServi - Loading from file system: file:/C:/Users/isyoh/Documents/école/Object%20oriented%20program/Cours/Plarformer1/target/classes/assets/textures/star_empty.png
00:21:12.809 [JavaFX Application Thread] DEBUG FXGLAssetLoaderServi - Loading from file system: file:/C:/Users/isyoh/Documents/école/Object%20oriented%20program/Cours/Plarformer1/target/classes/assets/textures/star_full.png
00:21:12.838 [JavaFX Application Thread] DEBUG PrimaryStageWindow   - Push state: LevelEndScene
00:21:12.840 [JavaFX Application Thread] DEBUG Input                - Clearing active input actions
00:21:12.846 [JavaFX Application Thread] DEBUG GameApplicationServi - Removing overlay from GameScene and adding to LevelEndScene
00:21:12.847 [JavaFX Application Thread] DEBUG PrimaryStageWindow   - GameScene -> LevelEndScene
00:21:15.301 [JavaFX Application Thread] DEBUG PrimaryStageWindow   - Pop state: LevelEndScene
00:21:15.303 [JavaFX Application Thread] DEBUG Input                - Clearing active input actions
00:21:15.304 [JavaFX Application Thread] DEBUG GameApplicationServi - Removing overlay from LevelEndScene and adding to GameScene
00:21:15.306 [JavaFX Application Thread] DEBUG PrimaryStageWindow   - GameScene <- LevelEndScene
00:21:16.124 [JavaFX Application Thread] DEBUG AudioPlayer          - Pausing music com.almasb.fxgl.audio.Music@e018bf1
00:21:16.131 [JavaFX Application Thread] DEBUG FXGLAssetLoaderServi - Loading from file system: file:/C:/Users/isyoh/Documents/école/Object%20oriented%20program/Cours/Plarformer1/target/classes/assets/music/Venus.wav
00:21:16.168 [JavaFX Application Thread] DEBUG AudioPlayer          - Playing music com.almasb.fxgl.audio.Music@5f7816d6
00:21:16.202 [JavaFX Application Thread] DEBUG TMXLevelLoader       - Parsed raw map: TiledMap(width=15, height=10, tilewidth=70, tileheight=70, orientation=orthogonal, layers=[Layer(width=15, height=10, name=Tile Layer 1, type=tilelayer, visible=false, x=0, y=0, data=[0, 0, 0, 0, 0, 0, 0, 0, 0, 0, 0, 0, 0, 0, 0, 0, 0, 0, 0, 0, 0, 0, 0, 0, 0, 0, 0, 0, 0, 0, 0, 0, 0, 0, 0, 0, 0, 0, 0, 0, 0, 0, 0, 0, 0, 0, 0, 0, 0, 0, 0, 0, 0, 0, 0, 0, 0, 0, 0, 0, 0, 0, 0, 0, 0, 0, 0, 0, 0, 0, 0, 0, 0, 0, 0, 0, 0, 0, 0, 0, 0, 0, 0, 0, 0, 0, 0, 0, 0, 0, 0, 0, 0, 0, 0, 0, 0, 0, 0, 0, 0, 0, 0, 0, 0, 0, 0, 0, 0, 0, 0, 0, 0, 0, 0, 0, 0, 0, 0, 0, 0, 0, 0, 69, 57, 45, 0, 0, 0, 69, 57, 45, 0, 0, 0, 116, 104, 104, 104, 104, 104, 104, 104, 104, 104, 104, 104, 104, 104, 92], objects=[], opacity=0.0, draworder=), Layer(width=0, height=0, name=Object Layer 1, type=objectgroup, visible=false, x=0, y=0, data=[], objects=[com.almasb.fxgl.entity.level.tiled.TiledObject@2550584a, com.almasb.fxgl.entity.level.tiled.TiledObject@6897c194, com.almasb.fxgl.entity.level.tiled.TiledObject@42d90e33, com.almasb.fxgl.entity.level.tiled.TiledObject@5d886e18, com.almasb.fxgl.entity.level.tiled.TiledObject@7a3defeb, com.almasb.fxgl.entity.level.tiled.TiledObject@2cf00a59, com.almasb.fxgl.entity.level.tiled.TiledObject@26d22162], opacity=0.0, draworder=)], tilesets=[Tileset(firstgid=1, image=tiles_spritesheet.png, name=tiles_spritesheet, tilewidth=70, tileheight=70, imagewidth=914, imageheight=936, margin=0, spacing=2, columns=12, tilecount=156, transparentcolor=, tiles=[])], backgroundcolor=, renderorder=right-down, nextobjectid=21, version=1, tiledversion=1.2.3, type=map, infinite=false, hexsidelength=0, staggeraxis=, staggerindex=, properties={star1time=7.0}, propertytypes={star1time=float})
00:21:16.203 [JavaFX Application Thread] DEBUG TMXLevelLoader       - Creating tile layer entities
00:21:16.206 [JavaFX Application Thread] DEBUG TilesetLoader        - Loading view for layer Tile Layer 1
00:21:16.208 [JavaFX Application Thread] DEBUG TilesetLoader        - Created buffer with size 1050.0x700.0
00:21:16.297 [JavaFX Application Thread] DEBUG TilesetLoader        - Writing to buffer: dst=210,560, w=70,h=70, src=576,360
00:21:16.297 [JavaFX Application Thread] DEBUG TilesetLoader        - Writing to buffer: dst=280,560, w=70,h=70, src=576,288
00:21:16.298 [JavaFX Application Thread] DEBUG TilesetLoader        - Writing to buffer: dst=350,560, w=70,h=70, src=576,216
00:21:16.299 [JavaFX Application Thread] DEBUG TilesetLoader        - Writing to buffer: dst=630,560, w=70,h=70, src=576,360
00:21:16.299 [JavaFX Application Thread] DEBUG TilesetLoader        - Writing to buffer: dst=700,560, w=70,h=70, src=576,288
00:21:16.299 [JavaFX Application Thread] DEBUG TilesetLoader        - Writing to buffer: dst=770,560, w=70,h=70, src=576,216
00:21:16.299 [JavaFX Application Thread] DEBUG TilesetLoader        - Writing to buffer: dst=0,630, w=70,h=70, src=504,648
00:21:16.300 [JavaFX Application Thread] DEBUG TilesetLoader        - Writing to buffer: dst=70,630, w=70,h=70, src=504,576
00:21:16.301 [JavaFX Application Thread] DEBUG TilesetLoader        - Writing to buffer: dst=140,630, w=70,h=70, src=504,576
00:21:16.302 [JavaFX Application Thread] DEBUG TilesetLoader        - Writing to buffer: dst=210,630, w=70,h=70, src=504,576
00:21:16.302 [JavaFX Application Thread] DEBUG TilesetLoader        - Writing to buffer: dst=280,630, w=70,h=70, src=504,576
00:21:16.302 [JavaFX Application Thread] DEBUG TilesetLoader        - Writing to buffer: dst=350,630, w=70,h=70, src=504,576
00:21:16.303 [JavaFX Application Thread] DEBUG TilesetLoader        - Writing to buffer: dst=420,630, w=70,h=70, src=504,576
00:21:16.303 [JavaFX Application Thread] DEBUG TilesetLoader        - Writing to buffer: dst=490,630, w=70,h=70, src=504,576
00:21:16.304 [JavaFX Application Thread] DEBUG TilesetLoader        - Writing to buffer: dst=560,630, w=70,h=70, src=504,576
00:21:16.304 [JavaFX Application Thread] DEBUG TilesetLoader        - Writing to buffer: dst=630,630, w=70,h=70, src=504,576
00:21:16.305 [JavaFX Application Thread] DEBUG TilesetLoader        - Writing to buffer: dst=700,630, w=70,h=70, src=504,576
00:21:16.305 [JavaFX Application Thread] DEBUG TilesetLoader        - Writing to buffer: dst=770,630, w=70,h=70, src=504,576
00:21:16.306 [JavaFX Application Thread] DEBUG TilesetLoader        - Writing to buffer: dst=840,630, w=70,h=70, src=504,576
00:21:16.306 [JavaFX Application Thread] DEBUG TilesetLoader        - Writing to buffer: dst=910,630, w=70,h=70, src=504,576
00:21:16.306 [JavaFX Application Thread] DEBUG TilesetLoader        - Writing to buffer: dst=980,630, w=70,h=70, src=504,504
00:21:16.307 [JavaFX Application Thread] DEBUG TMXLevelLoader       - Creating object layer entities
00:21:16.314 [JavaFX Application Thread] DEBUG GameWorld            - Clearing removable entities
00:21:16.317 [JavaFX Application Thread] DEBUG GameWorld            - Setting level: com.almasb.fxgl.entity.level.Level@68e9d011
00:21:21.304 [JavaFX Application Thread] DEBUG PrimaryStageWindow   - Push state: LevelEndScene
00:21:21.305 [JavaFX Application Thread] DEBUG Input                - Clearing active input actions
00:21:21.310 [JavaFX Application Thread] DEBUG GameApplicationServi - Removing overlay from GameScene and adding to LevelEndScene
00:21:21.316 [JavaFX Application Thread] DEBUG PrimaryStageWindow   - GameScene -> LevelEndScene
00:21:23.947 [JavaFX Application Thread] DEBUG PrimaryStageWindow   - Pop state: LevelEndScene
00:21:23.948 [JavaFX Application Thread] DEBUG Input                - Clearing active input actions
00:21:23.952 [JavaFX Application Thread] DEBUG GameApplicationServi - Removing overlay from LevelEndScene and adding to GameScene
00:21:23.953 [JavaFX Application Thread] DEBUG PrimaryStageWindow   - GameScene <- LevelEndScene
00:21:25.175 [JavaFX Application Thread] DEBUG TMXLevelLoader       - Parsed raw map: TiledMap(width=15, height=10, tilewidth=70, tileheight=70, orientation=orthogonal, layers=[Layer(width=15, height=10, name=Tile Layer 1, type=tilelayer, visible=false, x=0, y=0, data=[0, 0, 0, 0, 0, 0, 0, 0, 0, 0, 0, 0, 0, 0, 0, 0, 0, 0, 0, 0, 0, 0, 0, 0, 0, 0, 0, 0, 0, 0, 0, 0, 0, 0, 0, 0, 0, 0, 0, 0, 0, 0, 0, 0, 0, 0, 0, 0, 0, 0, 0, 0, 0, 0, 0, 0, 0, 0, 0, 0, 0, 0, 0, 0, 0, 0, 0, 0, 0, 0, 0, 0, 0, 0, 0, 0, 0, 0, 0, 0, 0, 0, 0, 0, 0, 0, 0, 0, 0, 0, 0, 0, 0, 0, 0, 0, 0, 0, 0, 0, 16, 69, 45, 116, 92, 0, 0, 0, 0, 0, 0, 0, 0, 0, 0, 0, 0, 0, 0, 0, 0, 0, 0, 0, 0, 0, 81, 116, 92, 0, 0, 0, 0, 0, 0, 116, 104, 104, 104, 104, 104, 104, 104, 104, 104, 104, 104, 104, 104, 92], objects=[], opacity=0.0, draworder=), Layer(width=0, height=0, name=Object Layer 1, type=objectgroup, visible=false, x=0, y=0, data=[], objects=[com.almasb.fxgl.entity.level.tiled.TiledObject@6fe7c299, com.almasb.fxgl.entity.level.tiled.TiledObject@5933f37e, com.almasb.fxgl.entity.level.tiled.TiledObject@249d4c2d, com.almasb.fxgl.entity.level.tiled.TiledObject@710ac418, com.almasb.fxgl.entity.level.tiled.TiledObject@20a833aa, com.almasb.fxgl.entity.level.tiled.TiledObject@66c69cc2, com.almasb.fxgl.entity.level.tiled.TiledObject@28745813, com.almasb.fxgl.entity.level.tiled.TiledObject@f796301, com.almasb.fxgl.entity.level.tiled.TiledObject@6e2d2427, com.almasb.fxgl.entity.level.tiled.TiledObject@3cdf95ac, com.almasb.fxgl.entity.level.tiled.TiledObject@3661e6e4, com.almasb.fxgl.entity.level.tiled.TiledObject@7244ea42], opacity=0.0, draworder=)], tilesets=[Tileset(firstgid=1, image=tiles_spritesheet.png, name=tiles_spritesheet, tilewidth=70, tileheight=70, imagewidth=914, imageheight=936, margin=0, spacing=2, columns=12, tilecount=156, transparentcolor=, tiles=[])], backgroundcolor=, renderorder=right-down, nextobjectid=31, version=1, tiledversion=1.2.3, type=map, infinite=false, hexsidelength=0, staggeraxis=, staggerindex=, properties={star1time=7.0}, propertytypes={star1time=float})
00:21:25.176 [JavaFX Application Thread] DEBUG TMXLevelLoader       - Creating tile layer entities
00:21:25.178 [JavaFX Application Thread] DEBUG TilesetLoader        - Loading view for layer Tile Layer 1
00:21:25.195 [JavaFX Application Thread] DEBUG TilesetLoader        - Created buffer with size 1050.0x700.0
00:21:25.264 [JavaFX Application Thread] DEBUG TilesetLoader        - Writing to buffer: dst=700,420, w=70,h=70, src=216,72
00:21:25.265 [JavaFX Application Thread] DEBUG TilesetLoader        - Writing to buffer: dst=770,420, w=70,h=70, src=576,360
00:21:25.266 [JavaFX Application Thread] DEBUG TilesetLoader        - Writing to buffer: dst=840,420, w=70,h=70, src=576,216
00:21:25.266 [JavaFX Application Thread] DEBUG TilesetLoader        - Writing to buffer: dst=910,420, w=70,h=70, src=504,648
00:21:25.267 [JavaFX Application Thread] DEBUG TilesetLoader        - Writing to buffer: dst=980,420, w=70,h=70, src=504,504
00:21:25.268 [JavaFX Application Thread] DEBUG TilesetLoader        - Writing to buffer: dst=420,560, w=70,h=70, src=576,432
00:21:25.268 [JavaFX Application Thread] DEBUG TilesetLoader        - Writing to buffer: dst=490,560, w=70,h=70, src=504,648
00:21:25.270 [JavaFX Application Thread] DEBUG TilesetLoader        - Writing to buffer: dst=560,560, w=70,h=70, src=504,504
00:21:25.272 [JavaFX Application Thread] DEBUG TilesetLoader        - Writing to buffer: dst=0,630, w=70,h=70, src=504,648
00:21:25.272 [JavaFX Application Thread] DEBUG TilesetLoader        - Writing to buffer: dst=70,630, w=70,h=70, src=504,576
00:21:25.272 [JavaFX Application Thread] DEBUG TilesetLoader        - Writing to buffer: dst=140,630, w=70,h=70, src=504,576
00:21:25.274 [JavaFX Application Thread] DEBUG TilesetLoader        - Writing to buffer: dst=210,630, w=70,h=70, src=504,576
00:21:25.274 [JavaFX Application Thread] DEBUG TilesetLoader        - Writing to buffer: dst=280,630, w=70,h=70, src=504,576
00:21:25.275 [JavaFX Application Thread] DEBUG TilesetLoader        - Writing to buffer: dst=350,630, w=70,h=70, src=504,576
00:21:25.276 [JavaFX Application Thread] DEBUG TilesetLoader        - Writing to buffer: dst=420,630, w=70,h=70, src=504,576
00:21:25.277 [JavaFX Application Thread] DEBUG TilesetLoader        - Writing to buffer: dst=490,630, w=70,h=70, src=504,576
00:21:25.278 [JavaFX Application Thread] DEBUG TilesetLoader        - Writing to buffer: dst=560,630, w=70,h=70, src=504,576
00:21:25.278 [JavaFX Application Thread] DEBUG TilesetLoader        - Writing to buffer: dst=630,630, w=70,h=70, src=504,576
00:21:25.280 [JavaFX Application Thread] DEBUG TilesetLoader        - Writing to buffer: dst=700,630, w=70,h=70, src=504,576
00:21:25.280 [JavaFX Application Thread] DEBUG TilesetLoader        - Writing to buffer: dst=770,630, w=70,h=70, src=504,576
00:21:25.281 [JavaFX Application Thread] DEBUG TilesetLoader        - Writing to buffer: dst=840,630, w=70,h=70, src=504,576
00:21:25.281 [JavaFX Application Thread] DEBUG TilesetLoader        - Writing to buffer: dst=910,630, w=70,h=70, src=504,576
00:21:25.282 [JavaFX Application Thread] DEBUG TilesetLoader        - Writing to buffer: dst=980,630, w=70,h=70, src=504,504
00:21:25.282 [JavaFX Application Thread] DEBUG TMXLevelLoader       - Creating object layer entities
00:21:25.301 [JavaFX Application Thread] DEBUG GameWorld            - Clearing removable entities
00:21:25.304 [JavaFX Application Thread] DEBUG GameWorld            - Setting level: com.almasb.fxgl.entity.level.Level@21846642
00:21:30.416 [JavaFX Application Thread] DEBUG PrimaryStageWindow   - Push state: LevelEndScene
00:21:30.416 [JavaFX Application Thread] DEBUG Input                - Clearing active input actions
00:21:30.419 [JavaFX Application Thread] DEBUG GameApplicationServi - Removing overlay from GameScene and adding to LevelEndScene
00:21:30.422 [JavaFX Application Thread] DEBUG PrimaryStageWindow   - GameScene -> LevelEndScene
00:21:32.812 [JavaFX Application Thread] DEBUG PrimaryStageWindow   - Pop state: LevelEndScene
00:21:32.813 [JavaFX Application Thread] DEBUG Input                - Clearing active input actions
00:21:32.817 [JavaFX Application Thread] DEBUG GameApplicationServi - Removing overlay from LevelEndScene and adding to GameScene
00:21:32.819 [JavaFX Application Thread] DEBUG PrimaryStageWindow   - GameScene <- LevelEndScene
00:21:33.907 [JavaFX Application Thread] DEBUG TMXLevelLoader       - Parsed raw map: TiledMap(width=15, height=10, tilewidth=70, tileheight=70, orientation=orthogonal, layers=[Layer(width=15, height=10, name=Tile Layer 1, type=tilelayer, visible=false, x=0, y=0, data=[0, 0, 0, 0, 0, 0, 0, 0, 0, 0, 0, 0, 0, 0, 0, 0, 0, 0, 0, 0, 0, 0, 0, 0, 0, 0, 0, 0, 0, 0, 0, 0, 0, 0, 0, 0, 0, 0, 0, 0, 0, 0, 0, 0, 0, 0, 0, 0, 0, 0, 0, 0, 0, 0, 0, 0, 0, 0, 0, 0, 0, 0, 0, 0, 0, 0, 0, 0, 0, 0, 0, 0, 0, 0, 0, 0, 0, 0, 0, 0, 0, 0, 0, 0, 0, 0, 0, 0, 0, 0, 0, 0, 0, 0, 0, 0, 0, 0, 0, 0, 0, 0, 0, 0, 0, 0, 0, 0, 0, 0, 0, 0, 0, 0, 0, 0, 0, 0, 0, 0, 0, 0, 0, 0, 0, 0, 69, 57, 45, 0, 0, 0, 0, 0, 0, 116, 104, 104, 104, 104, 104, 104, 104, 104, 104, 104, 104, 104, 104, 92], objects=[], opacity=0.0, draworder=), Layer(width=0, height=0, name=Object Layer 1, type=objectgroup, visible=false, x=0, y=0, data=[], objects=[com.almasb.fxgl.entity.level.tiled.TiledObject@5174c83f, com.almasb.fxgl.entity.level.tiled.TiledObject@2a905316, com.almasb.fxgl.entity.level.tiled.TiledObject@3aec65f2, com.almasb.fxgl.entity.level.tiled.TiledObject@4a4e5353, com.almasb.fxgl.entity.level.tiled.TiledObject@3d0c4f15, com.almasb.fxgl.entity.level.tiled.TiledObject@15acb341], opacity=0.0, draworder=)], tilesets=[Tileset(firstgid=1, image=tiles_spritesheet.png, name=tiles_spritesheet, tilewidth=70, tileheight=70, imagewidth=914, imageheight=936, margin=0, spacing=2, columns=12, tilecount=156, transparentcolor=, tiles=[])], backgroundcolor=, renderorder=right-down, nextobjectid=22, version=1, tiledversion=1.2.3, type=map, infinite=false, hexsidelength=0, staggeraxis=, staggerindex=, properties={star1time=7.0}, propertytypes={star1time=float})
00:21:33.909 [JavaFX Application Thread] DEBUG TMXLevelLoader       - Creating tile layer entities
00:21:33.912 [JavaFX Application Thread] DEBUG TilesetLoader        - Loading view for layer Tile Layer 1
00:21:33.929 [JavaFX Application Thread] DEBUG TilesetLoader        - Created buffer with size 1050.0x700.0
00:21:34.026 [JavaFX Application Thread] DEBUG TilesetLoader        - Writing to buffer: dst=420,560, w=70,h=70, src=576,360
00:21:34.027 [JavaFX Application Thread] DEBUG TilesetLoader        - Writing to buffer: dst=490,560, w=70,h=70, src=576,288
00:21:34.028 [JavaFX Application Thread] DEBUG TilesetLoader        - Writing to buffer: dst=560,560, w=70,h=70, src=576,216
00:21:34.028 [JavaFX Application Thread] DEBUG TilesetLoader        - Writing to buffer: dst=0,630, w=70,h=70, src=504,648
00:21:34.029 [JavaFX Application Thread] DEBUG TilesetLoader        - Writing to buffer: dst=70,630, w=70,h=70, src=504,576
00:21:34.030 [JavaFX Application Thread] DEBUG TilesetLoader        - Writing to buffer: dst=140,630, w=70,h=70, src=504,576
00:21:34.030 [JavaFX Application Thread] DEBUG TilesetLoader        - Writing to buffer: dst=210,630, w=70,h=70, src=504,576
00:21:34.031 [JavaFX Application Thread] DEBUG TilesetLoader        - Writing to buffer: dst=280,630, w=70,h=70, src=504,576
00:21:34.032 [JavaFX Application Thread] DEBUG TilesetLoader        - Writing to buffer: dst=350,630, w=70,h=70, src=504,576
00:21:34.033 [JavaFX Application Thread] DEBUG TilesetLoader        - Writing to buffer: dst=420,630, w=70,h=70, src=504,576
00:21:34.033 [JavaFX Application Thread] DEBUG TilesetLoader        - Writing to buffer: dst=490,630, w=70,h=70, src=504,576
00:21:34.034 [JavaFX Application Thread] DEBUG TilesetLoader        - Writing to buffer: dst=560,630, w=70,h=70, src=504,576
00:21:34.034 [JavaFX Application Thread] DEBUG TilesetLoader        - Writing to buffer: dst=630,630, w=70,h=70, src=504,576
00:21:34.035 [JavaFX Application Thread] DEBUG TilesetLoader        - Writing to buffer: dst=700,630, w=70,h=70, src=504,576
00:21:34.035 [JavaFX Application Thread] DEBUG TilesetLoader        - Writing to buffer: dst=770,630, w=70,h=70, src=504,576
00:21:34.036 [JavaFX Application Thread] DEBUG TilesetLoader        - Writing to buffer: dst=840,630, w=70,h=70, src=504,576
00:21:34.037 [JavaFX Application Thread] DEBUG TilesetLoader        - Writing to buffer: dst=910,630, w=70,h=70, src=504,576
00:21:34.038 [JavaFX Application Thread] DEBUG TilesetLoader        - Writing to buffer: dst=980,630, w=70,h=70, src=504,504
00:21:34.041 [JavaFX Application Thread] DEBUG TMXLevelLoader       - Creating object layer entities
00:21:34.060 [JavaFX Application Thread] DEBUG FXGLAssetLoaderServi - Loading from file system: file:/C:/Users/isyoh/Documents/école/Object%20oriented%20program/Cours/Plarformer1/target/classes/assets/textures/button.png
00:21:34.073 [JavaFX Application Thread] DEBUG GameWorld            - Clearing removable entities
00:21:34.075 [JavaFX Application Thread] DEBUG GameWorld            - Setting level: com.almasb.fxgl.entity.level.Level@fc2b64e
00:21:39.540 [JavaFX Application Thread] DEBUG PrimaryStageWindow   - Push state: LevelEndScene
00:21:39.543 [JavaFX Application Thread] DEBUG Input                - Clearing active input actions
00:21:39.549 [JavaFX Application Thread] DEBUG GameApplicationServi - Removing overlay from GameScene and adding to LevelEndScene
00:21:39.552 [JavaFX Application Thread] DEBUG PrimaryStageWindow   - GameScene -> LevelEndScene
00:21:41.895 [JavaFX Application Thread] DEBUG PrimaryStageWindow   - Pop state: LevelEndScene
00:21:41.897 [JavaFX Application Thread] DEBUG Input                - Clearing active input actions
00:21:41.901 [JavaFX Application Thread] DEBUG GameApplicationServi - Removing overlay from LevelEndScene and adding to GameScene
00:21:41.903 [JavaFX Application Thread] DEBUG PrimaryStageWindow   - GameScene <- LevelEndScene
00:21:42.945 [JavaFX Application Thread] DEBUG TMXLevelLoader       - Parsed raw map: TiledMap(width=30, height=10, tilewidth=70, tileheight=70, orientation=orthogonal, layers=[Layer(width=30, height=10, name=Tile Layer 1, type=tilelayer, visible=false, x=0, y=0, data=[0, 0, 0, 0, 0, 0, 0, 0, 0, 0, 0, 0, 0, 0, 0, 0, 0, 0, 0, 0, 0, 0, 0, 0, 0, 0, 0, 0, 0, 0, 0, 0, 0, 0, 0, 0, 0, 0, 0, 0, 0, 0, 0, 0, 0, 0, 0, 0, 0, 0, 0, 0, 0, 0, 0, 0, 0, 0, 0, 0, 0, 0, 0, 0, 0, 0, 0, 0, 0, 0, 0, 0, 0, 0, 0, 0, 0, 0, 0, 0, 0, 0, 0, 0, 0, 0, 0, 0, 0, 0, 0, 0, 0, 0, 0, 0, 0, 0, 0, 0, 0, 0, 0, 0, 0, 0, 0, 0, 0, 0, 0, 0, 0, 0, 0, 0, 0, 0, 0, 0, 0, 0, 0, 0, 0, 0, 0, 0, 0, 0, 0, 0, 0, 0, 0, 0, 0, 0, 0, 0, 0, 0, 0, 0, 0, 0, 0, 0, 0, 0, 0, 0, 0, 0, 0, 0, 0, 0, 0, 0, 0, 0, 0, 0, 0, 0, 0, 0, 0, 0, 0, 0, 0, 0, 0, 0, 0, 0, 0, 0, 0, 0, 0, 0, 0, 0, 0, 0, 0, 0, 0, 0, 0, 0, 0, 0, 0, 0, 0, 0, 0, 0, 0, 0, 0, 0, 0, 0, 0, 0, 0, 0, 0, 0, 0, 0, 0, 0, 0, 0, 0, 0, 0, 0, 0, 0, 0, 0, 0, 0, 0, 0, 0, 0, 0, 0, 0, 0, 0, 0, 0, 0, 0, 0, 0, 0, 0, 0, 0, 0, 0, 0, 0, 0, 0, 0, 0, 0, 0, 0, 0, 0, 0, 0, 0, 0, 0, 0, 0, 0, 116, 104, 104, 104, 104, 104, 104, 104, 104, 104, 104, 104, 104, 92, 0, 0, 116, 104, 104, 104, 104, 104, 104, 104, 104, 104, 104, 104, 104, 92], objects=[], opacity=0.0, draworder=), Layer(width=0, height=0, name=Object Layer 1, type=objectgroup, visible=false, x=0, y=0, data=[], objects=[com.almasb.fxgl.entity.level.tiled.TiledObject@5b19495b, com.almasb.fxgl.entity.level.tiled.TiledObject@5ae4506, com.almasb.fxgl.entity.level.tiled.TiledObject@fbf32f0, com.almasb.fxgl.entity.level.tiled.TiledObject@5b3aaf55, com.almasb.fxgl.entity.level.tiled.TiledObject@4a7866f8, com.almasb.fxgl.entity.level.tiled.TiledObject@3d899cc4], opacity=0.0, draworder=)], tilesets=[Tileset(firstgid=1, image=tiles_spritesheet.png, name=tiles_spritesheet, tilewidth=70, tileheight=70, imagewidth=914, imageheight=936, margin=0, spacing=2, columns=12, tilecount=156, transparentcolor=, tiles=[])], backgroundcolor=, renderorder=right-down, nextobjectid=11, version=1, tiledversion=1.2.3, type=map, infinite=false, hexsidelength=0, staggeraxis=, staggerindex=, properties={star1time=12.0}, propertytypes={star1time=float})
00:21:42.947 [JavaFX Application Thread] DEBUG TMXLevelLoader       - Creating tile layer entities
00:21:42.949 [JavaFX Application Thread] DEBUG TilesetLoader        - Loading view for layer Tile Layer 1
00:21:42.979 [JavaFX Application Thread] DEBUG TilesetLoader        - Created buffer with size 2100.0x700.0
00:21:43.056 [JavaFX Application Thread] DEBUG TilesetLoader        - Writing to buffer: dst=0,630, w=70,h=70, src=504,648
00:21:43.056 [JavaFX Application Thread] DEBUG TilesetLoader        - Writing to buffer: dst=70,630, w=70,h=70, src=504,576
00:21:43.056 [JavaFX Application Thread] DEBUG TilesetLoader        - Writing to buffer: dst=140,630, w=70,h=70, src=504,576
00:21:43.057 [JavaFX Application Thread] DEBUG TilesetLoader        - Writing to buffer: dst=210,630, w=70,h=70, src=504,576
00:21:43.057 [JavaFX Application Thread] DEBUG TilesetLoader        - Writing to buffer: dst=280,630, w=70,h=70, src=504,576
00:21:43.057 [JavaFX Application Thread] DEBUG TilesetLoader        - Writing to buffer: dst=350,630, w=70,h=70, src=504,576
00:21:43.058 [JavaFX Application Thread] DEBUG TilesetLoader        - Writing to buffer: dst=420,630, w=70,h=70, src=504,576
00:21:43.058 [JavaFX Application Thread] DEBUG TilesetLoader        - Writing to buffer: dst=490,630, w=70,h=70, src=504,576
00:21:43.058 [JavaFX Application Thread] DEBUG TilesetLoader        - Writing to buffer: dst=560,630, w=70,h=70, src=504,576
00:21:43.059 [JavaFX Application Thread] DEBUG TilesetLoader        - Writing to buffer: dst=630,630, w=70,h=70, src=504,576
00:21:43.059 [JavaFX Application Thread] DEBUG TilesetLoader        - Writing to buffer: dst=700,630, w=70,h=70, src=504,576
00:21:43.059 [JavaFX Application Thread] DEBUG TilesetLoader        - Writing to buffer: dst=770,630, w=70,h=70, src=504,576
00:21:43.060 [JavaFX Application Thread] DEBUG TilesetLoader        - Writing to buffer: dst=840,630, w=70,h=70, src=504,576
00:21:43.061 [JavaFX Application Thread] DEBUG TilesetLoader        - Writing to buffer: dst=910,630, w=70,h=70, src=504,504
00:21:43.061 [JavaFX Application Thread] DEBUG TilesetLoader        - Writing to buffer: dst=1120,630, w=70,h=70, src=504,648
00:21:43.061 [JavaFX Application Thread] DEBUG TilesetLoader        - Writing to buffer: dst=1190,630, w=70,h=70, src=504,576
00:21:43.062 [JavaFX Application Thread] DEBUG TilesetLoader        - Writing to buffer: dst=1260,630, w=70,h=70, src=504,576
00:21:43.062 [JavaFX Application Thread] DEBUG TilesetLoader        - Writing to buffer: dst=1330,630, w=70,h=70, src=504,576
00:21:43.062 [JavaFX Application Thread] DEBUG TilesetLoader        - Writing to buffer: dst=1400,630, w=70,h=70, src=504,576
00:21:43.063 [JavaFX Application Thread] DEBUG TilesetLoader        - Writing to buffer: dst=1470,630, w=70,h=70, src=504,576
00:21:43.063 [JavaFX Application Thread] DEBUG TilesetLoader        - Writing to buffer: dst=1540,630, w=70,h=70, src=504,576
00:21:43.063 [JavaFX Application Thread] DEBUG TilesetLoader        - Writing to buffer: dst=1610,630, w=70,h=70, src=504,576
00:21:43.063 [JavaFX Application Thread] DEBUG TilesetLoader        - Writing to buffer: dst=1680,630, w=70,h=70, src=504,576
00:21:43.064 [JavaFX Application Thread] DEBUG TilesetLoader        - Writing to buffer: dst=1750,630, w=70,h=70, src=504,576
00:21:43.064 [JavaFX Application Thread] DEBUG TilesetLoader        - Writing to buffer: dst=1820,630, w=70,h=70, src=504,576
00:21:43.064 [JavaFX Application Thread] DEBUG TilesetLoader        - Writing to buffer: dst=1890,630, w=70,h=70, src=504,576
00:21:43.065 [JavaFX Application Thread] DEBUG TilesetLoader        - Writing to buffer: dst=1960,630, w=70,h=70, src=504,576
00:21:43.065 [JavaFX Application Thread] DEBUG TilesetLoader        - Writing to buffer: dst=2030,630, w=70,h=70, src=504,504
00:21:43.065 [JavaFX Application Thread] DEBUG TMXLevelLoader       - Creating object layer entities
00:21:43.076 [JavaFX Application Thread] DEBUG GameWorld            - Clearing removable entities
00:21:43.077 [JavaFX Application Thread] DEBUG GameWorld            - Setting level: com.almasb.fxgl.entity.level.Level@5d9dd39f
00:21:56.388 [JavaFX Application Thread] DEBUG PrimaryStageWindow   - Push state: LevelEndScene
00:21:56.394 [JavaFX Application Thread] DEBUG Input                - Clearing active input actions
00:21:56.397 [JavaFX Application Thread] DEBUG GameApplicationServi - Removing overlay from GameScene and adding to LevelEndScene
00:21:56.399 [JavaFX Application Thread] DEBUG PrimaryStageWindow   - GameScene -> LevelEndScene
00:21:58.911 [JavaFX Application Thread] DEBUG PrimaryStageWindow   - Pop state: LevelEndScene
00:21:58.913 [JavaFX Application Thread] DEBUG Input                - Clearing active input actions
00:21:58.916 [JavaFX Application Thread] DEBUG GameApplicationServi - Removing overlay from LevelEndScene and adding to GameScene
00:21:58.918 [JavaFX Application Thread] DEBUG PrimaryStageWindow   - GameScene <- LevelEndScene
00:21:59.974 [JavaFX Application Thread] DEBUG TMXLevelLoader       - Parsed raw map: TiledMap(width=15, height=10, tilewidth=70, tileheight=70, orientation=orthogonal, layers=[Layer(width=15, height=10, name=Tile Layer 1, type=tilelayer, visible=false, x=0, y=0, data=[0, 0, 0, 0, 0, 0, 0, 0, 0, 0, 0, 0, 0, 0, 0, 0, 0, 0, 0, 0, 0, 0, 0, 0, 0, 0, 0, 0, 0, 0, 0, 0, 0, 0, 0, 0, 0, 0, 0, 0, 0, 0, 0, 0, 0, 0, 0, 0, 0, 0, 0, 0, 0, 0, 0, 0, 0, 0, 0, 0, 0, 0, 0, 0, 0, 0, 0, 0, 0, 0, 0, 0, 0, 0, 0, 0, 0, 0, 0, 0, 0, 0, 0, 0, 0, 0, 0, 0, 0, 0, 0, 0, 0, 0, 0, 0, 0, 0, 0, 0, 0, 0, 0, 0, 0, 0, 0, 0, 0, 0, 0, 0, 0, 0, 0, 0, 0, 0, 0, 0, 0, 0, 0, 0, 0, 0, 69, 57, 45, 0, 0, 0, 0, 0, 0, 116, 104, 104, 104, 104, 104, 104, 104, 104, 104, 104, 104, 104, 104, 92], objects=[], opacity=0.0, draworder=), Layer(width=0, height=0, name=Object Layer 1, type=objectgroup, visible=false, x=0, y=0, data=[], objects=[com.almasb.fxgl.entity.level.tiled.TiledObject@243dd073, com.almasb.fxgl.entity.level.tiled.TiledObject@53ac0907, com.almasb.fxgl.entity.level.tiled.TiledObject@324d405a, com.almasb.fxgl.entity.level.tiled.TiledObject@76916da9, com.almasb.fxgl.entity.level.tiled.TiledObject@3c659540, com.almasb.fxgl.entity.level.tiled.TiledObject@f3247fa, com.almasb.fxgl.entity.level.tiled.TiledObject@572589d6, com.almasb.fxgl.entity.level.tiled.TiledObject@2a244abe], opacity=0.0, draworder=)], tilesets=[Tileset(firstgid=1, image=tiles_spritesheet.png, name=tiles_spritesheet, tilewidth=70, tileheight=70, imagewidth=914, imageheight=936, margin=0, spacing=2, columns=12, tilecount=156, transparentcolor=, tiles=[])], backgroundcolor=, renderorder=right-down, nextobjectid=22, version=1, tiledversion=1.2.3, type=map, infinite=false, hexsidelength=0, staggeraxis=, staggerindex=, properties={star1time=7.0}, propertytypes={star1time=float})
00:21:59.975 [JavaFX Application Thread] DEBUG TMXLevelLoader       - Creating tile layer entities
00:21:59.975 [JavaFX Application Thread] DEBUG TilesetLoader        - Loading view for layer Tile Layer 1
00:21:59.976 [JavaFX Application Thread] DEBUG TilesetLoader        - Created buffer with size 1050.0x700.0
00:22:00.020 [JavaFX Application Thread] DEBUG TilesetLoader        - Writing to buffer: dst=420,560, w=70,h=70, src=576,360
00:22:00.021 [JavaFX Application Thread] DEBUG TilesetLoader        - Writing to buffer: dst=490,560, w=70,h=70, src=576,288
00:22:00.021 [JavaFX Application Thread] DEBUG TilesetLoader        - Writing to buffer: dst=560,560, w=70,h=70, src=576,216
00:22:00.021 [JavaFX Application Thread] DEBUG TilesetLoader        - Writing to buffer: dst=0,630, w=70,h=70, src=504,648
00:22:00.022 [JavaFX Application Thread] DEBUG TilesetLoader        - Writing to buffer: dst=70,630, w=70,h=70, src=504,576
00:22:00.022 [JavaFX Application Thread] DEBUG TilesetLoader        - Writing to buffer: dst=140,630, w=70,h=70, src=504,576
00:22:00.022 [JavaFX Application Thread] DEBUG TilesetLoader        - Writing to buffer: dst=210,630, w=70,h=70, src=504,576
00:22:00.022 [JavaFX Application Thread] DEBUG TilesetLoader        - Writing to buffer: dst=280,630, w=70,h=70, src=504,576
00:22:00.022 [JavaFX Application Thread] DEBUG TilesetLoader        - Writing to buffer: dst=350,630, w=70,h=70, src=504,576
00:22:00.022 [JavaFX Application Thread] DEBUG TilesetLoader        - Writing to buffer: dst=420,630, w=70,h=70, src=504,576
00:22:00.023 [JavaFX Application Thread] DEBUG TilesetLoader        - Writing to buffer: dst=490,630, w=70,h=70, src=504,576
00:22:00.023 [JavaFX Application Thread] DEBUG TilesetLoader        - Writing to buffer: dst=560,630, w=70,h=70, src=504,576
00:22:00.023 [JavaFX Application Thread] DEBUG TilesetLoader        - Writing to buffer: dst=630,630, w=70,h=70, src=504,576
00:22:00.023 [JavaFX Application Thread] DEBUG TilesetLoader        - Writing to buffer: dst=700,630, w=70,h=70, src=504,576
00:22:00.023 [JavaFX Application Thread] DEBUG TilesetLoader        - Writing to buffer: dst=770,630, w=70,h=70, src=504,576
00:22:00.024 [JavaFX Application Thread] DEBUG TilesetLoader        - Writing to buffer: dst=840,630, w=70,h=70, src=504,576
00:22:00.024 [JavaFX Application Thread] DEBUG TilesetLoader        - Writing to buffer: dst=910,630, w=70,h=70, src=504,576
00:22:00.024 [JavaFX Application Thread] DEBUG TilesetLoader        - Writing to buffer: dst=980,630, w=70,h=70, src=504,504
00:22:00.025 [JavaFX Application Thread] DEBUG TMXLevelLoader       - Creating object layer entities
00:22:00.031 [JavaFX Application Thread] DEBUG GameWorld            - Clearing removable entities
00:22:00.033 [JavaFX Application Thread] DEBUG GameWorld            - Setting level: com.almasb.fxgl.entity.level.Level@685209ae
00:22:06.546 [JavaFX Application Thread] DEBUG PrimaryStageWindow   - Push state: LevelEndScene
00:22:06.547 [JavaFX Application Thread] DEBUG Input                - Clearing active input actions
00:22:06.554 [JavaFX Application Thread] DEBUG GameApplicationServi - Removing overlay from GameScene and adding to LevelEndScene
00:22:06.556 [JavaFX Application Thread] DEBUG PrimaryStageWindow   - GameScene -> LevelEndScene
00:22:08.599 [JavaFX Application Thread] DEBUG PrimaryStageWindow   - Pop state: LevelEndScene
00:22:08.600 [JavaFX Application Thread] DEBUG Input                - Clearing active input actions
00:22:08.604 [JavaFX Application Thread] DEBUG GameApplicationServi - Removing overlay from LevelEndScene and adding to GameScene
00:22:08.606 [JavaFX Application Thread] DEBUG PrimaryStageWindow   - GameScene <- LevelEndScene
00:22:10.000 [JavaFX Application Thread] DEBUG PrimaryStageWindow   - Push state: DialogSubScene
00:22:10.001 [JavaFX Application Thread] DEBUG Input                - Clearing active input actions
00:22:10.034 [JavaFX Application Thread] DEBUG GameApplicationServi - Removing overlay from GameScene and adding to DialogSubScene
00:22:10.035 [JavaFX Application Thread] DEBUG PrimaryStageWindow   - GameScene -> DialogSubScene
00:22:11.381 [JavaFX Application Thread] DEBUG PrimaryStageWindow   - Pop state: DialogSubScene
00:22:11.381 [JavaFX Application Thread] DEBUG Input                - Clearing active input actions
00:22:11.383 [JavaFX Application Thread] DEBUG GameApplicationServi - Removing overlay from DialogSubScene and adding to GameScene
00:22:11.384 [JavaFX Application Thread] DEBUG PrimaryStageWindow   - GameScene <- DialogSubScene
00:22:13.001 [JavaFX Application Thread] DEBUG FXGLApplication      - Exiting FXGL
00:22:13.002 [JavaFX Application Thread] DEBUG LoopRunner           - Stopping loop
00:22:13.002 [JavaFX Application Thread] DEBUG SystemBundleService  - Saving FXGL system data
00:22:13.014 [JavaFX Application Thread] DEBUG FileSystemAccess     - Writing to: C:\Users\isyoh\Documents\école\Object oriented program\Cours\Plarformer1\system\fxgl.bundle
00:22:13.028 [JavaFX Application Thread] DEBUG Async                - Shutting down background threads
00:22:13.030 [JavaFX Application Thread] DEBUG PrimaryStageWindow   - Closing main window
00:22:13.093 [JavaFX Application Thread] DEBUG Logger               - Closing Logger
