00:18:14.846 [main                     ] DEBUG Logger               - Configured Logger
00:18:14.865 [main                     ] DEBUG GameApplication      - Logging settings
Title: Game 1 Let's go
Version: 1.0
Width: 1280
Height: 720
Fullscreen: false
Intro: false
Profiling: false
Single step:false
App Mode: DEVELOPER
Menu Key: ESCAPE
Stage Style: DECORATED
Scene Factory: class Main.App$1

00:18:15.837 [JavaFX Application Thread] DEBUG FXGLApplication      - Initializing FXGL
00:18:15.840 [JavaFX Application Thread] INFO  Engine               - FXGL-11.14 (01.03.2021 16.59) on WINDOWS (J:15.0.2 FX:15)
00:18:15.841 [JavaFX Application Thread] DEBUG Engine               - JRE Vendor Name: Oracle Corporation
00:18:15.841 [JavaFX Application Thread] DEBUG Engine               - Running on OS: Windows 10 version 10.0
00:18:15.842 [JavaFX Application Thread] DEBUG Engine               - Architecture: amd64
00:18:15.842 [JavaFX Application Thread] INFO  Engine               - Source code and latest versions at: https://github.com/AlmasB/FXGL
00:18:15.843 [JavaFX Application Thread] INFO  Engine               -              Join the FXGL chat at: https://gitter.im/AlmasB/FXGL
00:18:16.027 [JavaFX Application Thread] DEBUG PrimaryStageWindow   - Creating a JavaFX scene
00:18:16.028 [JavaFX Application Thread] DEBUG PrimaryStageWindow   - Target size > screen size
00:18:16.126 [JavaFX Application Thread] DEBUG PrimaryStageWindow   - Target settings size: 1280.0 x 720.0
00:18:16.127 [JavaFX Application Thread] DEBUG PrimaryStageWindow   - Scaled scene size:    1183.0 x 679.0
00:18:16.127 [JavaFX Application Thread] DEBUG PrimaryStageWindow   - Scaled ratio: (0.92421875, 0.9430555555555555)
00:18:16.129 [JavaFX Application Thread] DEBUG PrimaryStageWindow   - Set initial scene to FXGLStartupScene
00:18:16.142 [JavaFX Application Thread] DEBUG PrimaryStageWindow   - Opening main window
00:18:16.390 [JavaFX Application Thread] DEBUG PrimaryStageWindow   - Window border size: (15.0, 37.66668701171875)
00:18:16.391 [JavaFX Application Thread] DEBUG PrimaryStageWindow   - Scaled size: 1183.0 x 679.0
00:18:16.391 [JavaFX Application Thread] DEBUG PrimaryStageWindow   - Scaled ratio: (0.92421875, 0.9430555555555555)
00:18:16.392 [JavaFX Application Thread] DEBUG PrimaryStageWindow   - Scene size: 1183.0 x 679.0
00:18:16.392 [JavaFX Application Thread] DEBUG PrimaryStageWindow   - Stage size: 1198.0 x 716.6666870117188
00:18:16.432 [FXGL Background Thread 1 ] DEBUG Engine               - Initializing environment variables
00:18:16.527 [FXGL Background Thread 1 ] DEBUG FXGLAssetLoaderServi - User app class for loading assets: class Main.App
00:18:16.528 [FXGL Background Thread 1 ] DEBUG GameApplicationServi - Applying CSS: fxgl_dark.css
00:18:16.533 [FXGL Background Thread 1 ] DEBUG FXGLAssetLoaderServi - Loading from file system: jar:file:///C:/Users/isyoh/.m2/repository/com/github/almasb/fxgl/11.14/fxgl-11.14.jar!/fxglassets/ui/css/fxgl_dark.css
00:18:16.713 [FXGL Background Thread 1 ] DEBUG GameApplicationServi - Initializing application scenes
00:18:16.820 [FXGL Background Thread 1 ] DEBUG FXGLAssetLoaderServi - Loading from file system: file:/C:/Users/isyoh/Documents/école/Object%20oriented%20program/Cours/Plarformer1/target/classes/assets/textures/player.png
00:18:16.874 [FXGL Background Thread 1 ] DEBUG GameWorld            - Game world initialized
00:18:16.957 [FXGL Background Thread 1 ] DEBUG PhysicsWorld         - Physics world initialized: appHeight=720, physics.ppm=50,0
00:18:16.958 [FXGL Background Thread 1 ] DEBUG PhysicsWorld         - Using strategy: BRUTE_FORCE
00:18:16.963 [FXGL Background Thread 1 ] DEBUG GameScene            - Game scene initialized: 1280x720
00:18:16.986 [FXGL Background Thread 1 ] DEBUG FXGLAssetLoaderServi - Loading from file system: jar:file:///C:/Users/isyoh/.m2/repository/com/github/almasb/fxgl/11.14/fxgl-11.14.jar!/fxglassets/textures/particles/trace_horizontal.png
00:18:17.068 [FXGL Background Thread 1 ] DEBUG FXGL.DefaultMenu     - createMenuBodyGameMenu()
00:18:17.101 [FXGL Background Thread 1 ] DEBUG FXGL.DefaultMenu     - createOptionsMenu()
00:18:17.118 [FXGL Background Thread 1 ] DEBUG FXGLAssetLoaderServi - Loading from file system: jar:file:///C:/Users/isyoh/.m2/repository/com/github/almasb/fxgl/11.14/fxgl-11.14.jar!/fxglassets/textures/particles/smoke.png
00:18:17.260 [FXGL Background Thread 1 ] DEBUG GameApplicationServi - Application scenes initialized
00:18:17.298 [FXGL Background Thread 1 ] DEBUG SystemBundleService  - Loading default FXGL system data
00:18:17.299 [FXGL Background Thread 1 ] DEBUG UpdaterService       - Checking for updates
00:18:17.307 [FXGL Background Thread 1 ] DEBUG FXGLApplication      - Loading default localization
00:18:17.308 [FXGL Background Thread 1 ] DEBUG FXGLAssetLoaderServi - Loading from file system: jar:file:///C:/Users/isyoh/.m2/repository/com/github/almasb/fxgl/11.14/fxgl-11.14.jar!/fxglassets/languages/english.lang
00:18:17.334 [FXGL Background Thread 1 ] INFO  FXGLApplication      - FXGL initialization took: 0,901 sec
00:18:17.350 [FXGL Background Thread 4 ] DEBUG FXGLApplication      - Loading fonts
00:18:17.352 [JavaFX Application Thread] DEBUG Input                - Registered new binding: Left - Left
00:18:17.352 [FXGL Background Thread 4 ] DEBUG FXGLAssetLoaderServi - Loading from file system: jar:file:///C:/Users/isyoh/.m2/repository/com/github/almasb/fxgl/11.14/fxgl-11.14.jar!/fxglassets/ui/fonts/VarelaRound-Regular.ttf
00:18:17.353 [JavaFX Application Thread] DEBUG Input                - Registered new binding: Right - Right
00:18:17.353 [JavaFX Application Thread] DEBUG Input                - Registered new binding: Jump - Space
00:18:17.354 [JavaFX Application Thread] DEBUG Input                - Registered new binding: Use - E
00:18:17.355 [JavaFX Application Thread] DEBUG FXGLAssetLoaderServi - Loading from file system: file:/C:/Users/isyoh/Documents/école/Object%20oriented%20program/Cours/Plarformer1/target/classes/assets/music/BGM_dash_runner.wav
00:18:17.890 [FXGL Background Thread 4 ] DEBUG FXGLAssetLoaderServi - Loading from file system: jar:file:///C:/Users/isyoh/.m2/repository/com/github/almasb/fxgl/11.14/fxgl-11.14.jar!/fxglassets/ui/fonts/Abel-Regular.ttf
00:18:17.909 [JavaFX Application Thread] DEBUG AudioPlayer          - Playing music com.almasb.fxgl.audio.Music@69b8f84
00:18:17.911 [JavaFX Application Thread] DEBUG FXGLAssetLoaderServi - Loading from file system: jar:file:///C:/Users/isyoh/.m2/repository/com/github/almasb/fxgl/11.14/fxgl-11.14.jar!/fxglassets/textures/fxgl_icon.png
00:18:17.930 [FXGL Background Thread 4 ] DEBUG FXGLAssetLoaderServi - Loading from file system: jar:file:///C:/Users/isyoh/.m2/repository/com/github/almasb/fxgl/11.14/fxgl-11.14.jar!/fxglassets/ui/fonts/lucida_console.ttf
00:18:17.950 [FXGL Background Thread 4 ] DEBUG FXGLAssetLoaderServi - Loading from file system: jar:file:///C:/Users/isyoh/.m2/repository/com/github/almasb/fxgl/11.14/fxgl-11.14.jar!/fxglassets/ui/fonts/Courier-Prime.ttf
00:18:17.967 [JavaFX Application Thread] DEBUG FXGLAssetLoaderServi - Loading from file system: jar:file:///C:/Users/isyoh/.m2/repository/com/github/almasb/fxgl/11.14/fxgl-11.14.jar!/fxglassets/ui/cursors/fxgl_default.png
00:18:17.971 [JavaFX Application Thread] DEBUG Input                - Registered new binding: Screenshot - P
00:18:17.973 [JavaFX Application Thread] DEBUG Input                - Registered new binding: System info dump - CTRL+9
00:18:17.974 [JavaFX Application Thread] DEBUG Input                - Registered new binding: Restart - CTRL+R
00:18:17.975 [JavaFX Application Thread] DEBUG Input                - Registered new binding: Toggle Debug Camera - CTRL+C
00:18:17.978 [JavaFX Application Thread] DEBUG LoopRunner           - Starting loop
00:18:17.979 [JavaFX Application Thread] DEBUG LoopRunner           - Initializing JavaFX AnimationTimerLoop
00:18:17.982 [JavaFX Application Thread] DEBUG GameApplicationServi - Starting new game
00:18:17.983 [JavaFX Application Thread] DEBUG Input                - Clearing active input actions
00:18:18.005 [JavaFX Application Thread] DEBUG GameApplicationServi - Removing overlay from FXGLStartupScene and adding to BetterLoadingScene
00:18:18.006 [JavaFX Application Thread] DEBUG PrimaryStageWindow   - FXGLStartupScene -> BetterLoadingScene
00:18:18.006 [JavaFX Application Thread] DEBUG GameApplicationServi - Clearing previous game
00:18:18.006 [JavaFX Application Thread] DEBUG GameScene            - Clearing game scene
00:18:18.007 [JavaFX Application Thread] DEBUG GameWorld            - Clearing game world
00:18:18.007 [JavaFX Application Thread] DEBUG PhysicsWorld         - Clearing physics world
00:18:18.008 [FXGL Background Thread 4 ] DEBUG FXGLApplication      - Initializing game
00:18:18.016 [JavaFX Application Thread] DEBUG FXGLApplication      - Registering font factories with UI factory
00:18:18.171 [FXGL Background Thread 4 ] DEBUG TMXLevelLoader       - Parsed raw map: TiledMap(width=15, height=10, tilewidth=70, tileheight=70, orientation=orthogonal, layers=[Layer(width=15, height=10, name=Tile Layer 1, type=tilelayer, visible=false, x=0, y=0, data=[0, 0, 0, 0, 0, 0, 0, 0, 0, 0, 0, 0, 0, 0, 0, 0, 0, 0, 0, 0, 0, 0, 0, 0, 0, 0, 0, 0, 0, 0, 0, 0, 0, 0, 0, 0, 0, 0, 0, 0, 0, 0, 0, 0, 0, 0, 0, 0, 0, 0, 0, 0, 0, 0, 0, 0, 0, 0, 0, 0, 0, 0, 0, 0, 0, 0, 0, 0, 0, 0, 0, 0, 0, 0, 0, 0, 0, 0, 0, 0, 0, 0, 0, 0, 0, 0, 0, 0, 0, 0, 0, 0, 0, 0, 0, 0, 0, 0, 0, 0, 0, 0, 0, 0, 0, 0, 0, 0, 0, 0, 0, 0, 0, 0, 0, 0, 0, 0, 0, 0, 0, 0, 0, 0, 0, 0, 69, 57, 45, 0, 0, 1, 0, 0, 0, 116, 104, 104, 104, 104, 104, 104, 104, 104, 104, 104, 104, 104, 104, 92], objects=[], opacity=0.0, draworder=), Layer(width=0, height=0, name=Object Layer 1, type=objectgroup, visible=false, x=0, y=0, data=[], objects=[com.almasb.fxgl.entity.level.tiled.TiledObject@186ba894, com.almasb.fxgl.entity.level.tiled.TiledObject@308a40fb, com.almasb.fxgl.entity.level.tiled.TiledObject@5898b8b9, com.almasb.fxgl.entity.level.tiled.TiledObject@52e2316d, com.almasb.fxgl.entity.level.tiled.TiledObject@17881cad, com.almasb.fxgl.entity.level.tiled.TiledObject@75e70b3f, com.almasb.fxgl.entity.level.tiled.TiledObject@68a7384a, com.almasb.fxgl.entity.level.tiled.TiledObject@2b8d156a, com.almasb.fxgl.entity.level.tiled.TiledObject@7cb719c2], opacity=0.0, draworder=)], tilesets=[Tileset(firstgid=1, image=tiles_spritesheet.png, name=tiles_spritesheet, tilewidth=70, tileheight=70, imagewidth=914, imageheight=936, margin=0, spacing=2, columns=12, tilecount=156, transparentcolor=, tiles=[])], backgroundcolor=, renderorder=right-down, nextobjectid=22, version=1, tiledversion=1.2.3, type=map, infinite=false, hexsidelength=0, staggeraxis=, staggerindex=, properties={star1time=7.0}, propertytypes={star1time=float})
00:18:18.173 [FXGL Background Thread 4 ] DEBUG TMXLevelLoader       - Creating tile layer entities
00:18:18.174 [FXGL Background Thread 4 ] DEBUG TilesetLoader        - Loading view for layer Tile Layer 1
00:18:18.177 [FXGL Background Thread 4 ] DEBUG TilesetLoader        - Created buffer with size 1050.0x700.0
00:18:18.397 [FXGL Background Thread 4 ] DEBUG TilesetLoader        - Writing to buffer: dst=420,560, w=70,h=70, src=576,360
00:18:18.398 [FXGL Background Thread 4 ] DEBUG TilesetLoader        - Writing to buffer: dst=490,560, w=70,h=70, src=576,288
00:18:18.398 [FXGL Background Thread 4 ] DEBUG TilesetLoader        - Writing to buffer: dst=560,560, w=70,h=70, src=576,216
00:18:18.399 [FXGL Background Thread 4 ] DEBUG TilesetLoader        - Writing to buffer: dst=770,560, w=70,h=70, src=0,0
00:18:18.399 [FXGL Background Thread 4 ] DEBUG TilesetLoader        - Writing to buffer: dst=0,630, w=70,h=70, src=504,648
00:18:18.399 [FXGL Background Thread 4 ] DEBUG TilesetLoader        - Writing to buffer: dst=70,630, w=70,h=70, src=504,576
00:18:18.400 [FXGL Background Thread 4 ] DEBUG TilesetLoader        - Writing to buffer: dst=140,630, w=70,h=70, src=504,576
00:18:18.400 [FXGL Background Thread 4 ] DEBUG TilesetLoader        - Writing to buffer: dst=210,630, w=70,h=70, src=504,576
00:18:18.401 [FXGL Background Thread 4 ] DEBUG TilesetLoader        - Writing to buffer: dst=280,630, w=70,h=70, src=504,576
00:18:18.401 [FXGL Background Thread 4 ] DEBUG TilesetLoader        - Writing to buffer: dst=350,630, w=70,h=70, src=504,576
00:18:18.403 [FXGL Background Thread 4 ] DEBUG TilesetLoader        - Writing to buffer: dst=420,630, w=70,h=70, src=504,576
00:18:18.404 [FXGL Background Thread 4 ] DEBUG TilesetLoader        - Writing to buffer: dst=490,630, w=70,h=70, src=504,576
00:18:18.406 [FXGL Background Thread 4 ] DEBUG TilesetLoader        - Writing to buffer: dst=560,630, w=70,h=70, src=504,576
00:18:18.407 [FXGL Background Thread 4 ] DEBUG TilesetLoader        - Writing to buffer: dst=630,630, w=70,h=70, src=504,576
00:18:18.407 [FXGL Background Thread 4 ] DEBUG TilesetLoader        - Writing to buffer: dst=700,630, w=70,h=70, src=504,576
00:18:18.408 [FXGL Background Thread 4 ] DEBUG TilesetLoader        - Writing to buffer: dst=770,630, w=70,h=70, src=504,576
00:18:18.408 [FXGL Background Thread 4 ] DEBUG TilesetLoader        - Writing to buffer: dst=840,630, w=70,h=70, src=504,576
00:18:18.409 [FXGL Background Thread 4 ] DEBUG TilesetLoader        - Writing to buffer: dst=910,630, w=70,h=70, src=504,576
00:18:18.409 [FXGL Background Thread 4 ] DEBUG TilesetLoader        - Writing to buffer: dst=980,630, w=70,h=70, src=504,504
00:18:18.410 [FXGL Background Thread 4 ] DEBUG TMXLevelLoader       - Creating object layer entities
00:18:18.453 [FXGL Background Thread 4 ] DEBUG GameWorld            - Clearing removable entities
00:18:18.455 [FXGL Background Thread 4 ] DEBUG GameWorld            - Setting level: com.almasb.fxgl.entity.level.Level@78a33c17
00:18:18.492 [FXGL Background Thread 4 ] DEBUG FXGLAssetLoaderServi - Loading from file system: file:/C:/Users/isyoh/Documents/école/Object%20oriented%20program/Cours/Plarformer1/target/classes/assets/textures/background/forest.png
00:18:18.534 [FXGL Background Thread 4 ] INFO  FXGLApplication      - Game initialization took: 0,524 sec
00:18:18.626 [FXGL Background Thread 2 ] INFO  UpdaterService       - Your current version:  11.14
00:18:18.626 [FXGL Background Thread 2 ] INFO  UpdaterService       - Latest stable version: 11.15
00:18:18.749 [JavaFX Application Thread] DEBUG Input                - Clearing active input actions
00:18:18.795 [JavaFX Application Thread] DEBUG GameApplicationServi - Removing overlay from BetterLoadingScene and adding to GameScene
00:18:18.800 [JavaFX Application Thread] DEBUG PrimaryStageWindow   - BetterLoadingScene -> GameScene
00:18:20.306 [FXGL Background Thread 3 ] DEBUG Engine               - Logging environment variables
00:18:20.311 [FXGL Background Thread 3 ] DEBUG Engine               - achievements: []
00:18:20.312 [FXGL Background Thread 3 ] DEBUG Engine               - actualHeight: 679.0
00:18:20.313 [FXGL Background Thread 3 ] DEBUG Engine               - actualHeightProperty: ReadOnlyDoubleProperty [value: 679.0]
00:18:20.314 [FXGL Background Thread 3 ] DEBUG Engine               - actualWidth: 1183.0
00:18:20.315 [FXGL Background Thread 3 ] DEBUG Engine               - actualWidthProperty: ReadOnlyDoubleProperty [value: 1183.0]
00:18:20.316 [FXGL Background Thread 3 ] DEBUG Engine               - appIcon: fxgl_icon.png
00:18:20.318 [FXGL Background Thread 3 ] DEBUG Engine               - applicationMode: DEVELOPER
00:18:20.319 [FXGL Background Thread 3 ] DEBUG Engine               - cSSList: [fxgl_dark.css]
00:18:20.320 [FXGL Background Thread 3 ] DEBUG Engine               - collisionDetectionStrategy: BRUTE_FORCE
00:18:20.322 [FXGL Background Thread 3 ] DEBUG Engine               - configClass: Optional.empty
00:18:20.325 [FXGL Background Thread 3 ] DEBUG Engine               - credits: []
00:18:20.330 [FXGL Background Thread 3 ] DEBUG Engine               - devBBoxColorProperty: ObjectProperty [value: 0xff0000ff]
00:18:20.331 [FXGL Background Thread 3 ] DEBUG Engine               - devEnableDebugCameraProperty: BooleanProperty [value: false]
00:18:20.333 [FXGL Background Thread 3 ] DEBUG Engine               - devSensorColorProperty: ObjectProperty [value: 0xffff00ff]
00:18:20.333 [FXGL Background Thread 3 ] DEBUG Engine               - devShowBBoxProperty: BooleanProperty [value: false]
00:18:20.334 [FXGL Background Thread 3 ] DEBUG Engine               - devShowPositionProperty: BooleanProperty [value: false]
00:18:20.335 [FXGL Background Thread 3 ] DEBUG Engine               - enabledMenuItems: []
00:18:20.335 [FXGL Background Thread 3 ] DEBUG Engine               - engineServices: [class com.almasb.fxgl.app.services.FXGLAssetLoaderService, class com.almasb.fxgl.app.FXGLApplication$GameApplicationService, class com.almasb.fxgl.app.services.FXGLDialogService, class com.almasb.fxgl.app.services.IOTaskExecutorService, class com.almasb.fxgl.event.EventBusService, class com.almasb.fxgl.io.FileSystemService, class com.almasb.fxgl.localization.LocalizationService, class com.almasb.fxgl.app.services.SystemBundleService, class com.almasb.fxgl.profile.SaveLoadService, class com.almasb.fxgl.ui.FXGLUIFactoryServiceProvider, class com.almasb.fxgl.ui.FXGLDialogFactoryServiceProvider, class com.almasb.fxgl.audio.AudioPlayer, class com.almasb.fxgl.notification.impl.NotificationServiceProvider, class com.almasb.fxgl.achievement.AchievementService, class com.almasb.fxgl.cutscene.CutsceneService, class com.almasb.fxgl.minigames.MiniGameService, class com.almasb.fxgl.net.NetService, class com.almasb.fxgl.app.services.UpdaterService, class com.almasb.fxgl.dev.DevService]
00:18:20.336 [FXGL Background Thread 3 ] DEBUG Engine               - fontGame: Abel-Regular.ttf
00:18:20.337 [FXGL Background Thread 3 ] DEBUG Engine               - fontMono: lucida_console.ttf
00:18:20.338 [FXGL Background Thread 3 ] DEBUG Engine               - fontText: Courier-Prime.ttf
00:18:20.339 [FXGL Background Thread 3 ] DEBUG Engine               - fontUI: VarelaRound-Regular.ttf
00:18:20.340 [FXGL Background Thread 3 ] DEBUG Engine               - fullScreen: BooleanProperty [value: false]
00:18:20.341 [FXGL Background Thread 3 ] DEBUG Engine               - gameDifficulty: MEDIUM
00:18:20.341 [FXGL Background Thread 3 ] DEBUG Engine               - gameDifficultyProperty: ObjectProperty [value: MEDIUM]
00:18:20.342 [FXGL Background Thread 3 ] DEBUG Engine               - globalMusicVolume: 0.5
00:18:20.343 [FXGL Background Thread 3 ] DEBUG Engine               - globalMusicVolumeProperty: DoubleProperty [value: 0.08]
00:18:20.344 [FXGL Background Thread 3 ] DEBUG Engine               - globalSoundVolume: 0.5
00:18:20.351 [FXGL Background Thread 3 ] DEBUG Engine               - globalSoundVolumeProperty: DoubleProperty [value: 0.5]
00:18:20.352 [FXGL Background Thread 3 ] DEBUG Engine               - height: 720
00:18:20.353 [FXGL Background Thread 3 ] DEBUG Engine               - isAndroid: false
00:18:20.354 [FXGL Background Thread 3 ] DEBUG Engine               - isBrowser: false
00:18:20.354 [FXGL Background Thread 3 ] DEBUG Engine               - isClickFeedbackEnabled: false
00:18:20.355 [FXGL Background Thread 3 ] DEBUG Engine               - isCloseConfirmation: false
00:18:20.358 [FXGL Background Thread 3 ] DEBUG Engine               - isDesktop: true
00:18:20.360 [FXGL Background Thread 3 ] DEBUG Engine               - isDeveloperMenuEnabled: false
00:18:20.361 [FXGL Background Thread 3 ] DEBUG Engine               - isEntityPreloadEnabled: true
00:18:20.364 [FXGL Background Thread 3 ] DEBUG Engine               - isExperimental3D: false
00:18:20.366 [FXGL Background Thread 3 ] DEBUG Engine               - isExperimentalNative: false
00:18:20.369 [FXGL Background Thread 3 ] DEBUG Engine               - isExperimentalTiledLargeMap: false
00:18:20.370 [FXGL Background Thread 3 ] DEBUG Engine               - isFileSystemWriteAllowed: true
00:18:20.370 [FXGL Background Thread 3 ] DEBUG Engine               - isFullScreenAllowed: false
00:18:20.371 [FXGL Background Thread 3 ] DEBUG Engine               - isFullScreenFromStart: false
00:18:20.372 [FXGL Background Thread 3 ] DEBUG Engine               - isGameMenuEnabled: true
00:18:20.373 [FXGL Background Thread 3 ] DEBUG Engine               - isIOS: false
00:18:20.373 [FXGL Background Thread 3 ] DEBUG Engine               - isIntroEnabled: false
00:18:20.373 [FXGL Background Thread 3 ] DEBUG Engine               - isLinux: false
00:18:20.373 [FXGL Background Thread 3 ] DEBUG Engine               - isMac: false
00:18:20.373 [FXGL Background Thread 3 ] DEBUG Engine               - isMainMenuEnabled: false
00:18:20.374 [FXGL Background Thread 3 ] DEBUG Engine               - isManualResizeEnabled: false
00:18:20.374 [FXGL Background Thread 3 ] DEBUG Engine               - isMobile: false
00:18:20.374 [FXGL Background Thread 3 ] DEBUG Engine               - isPreserveResizeRatio: false
00:18:20.375 [FXGL Background Thread 3 ] DEBUG Engine               - isProfilingEnabled: false
00:18:20.375 [FXGL Background Thread 3 ] DEBUG Engine               - isScaleAffectedOnResize: true
00:18:20.375 [FXGL Background Thread 3 ] DEBUG Engine               - isSingleStep: false
00:18:20.376 [FXGL Background Thread 3 ] DEBUG Engine               - isUserProfileEnabled: false
00:18:20.376 [FXGL Background Thread 3 ] DEBUG Engine               - isWindows: true
00:18:20.376 [FXGL Background Thread 3 ] DEBUG Engine               - language: ObjectProperty [value: ENGLISH]
00:18:20.378 [FXGL Background Thread 3 ] DEBUG Engine               - menuKey: ESCAPE
00:18:20.388 [FXGL Background Thread 3 ] DEBUG Engine               - notificationViewClass: class com.almasb.fxgl.notification.view.XboxNotificationView
00:18:20.390 [FXGL Background Thread 3 ] DEBUG Engine               - pixelsPerMeter: 50.0
00:18:20.392 [FXGL Background Thread 3 ] DEBUG Engine               - platform: WINDOWS
00:18:20.393 [FXGL Background Thread 3 ] DEBUG Engine               - prefHeightProperty: ReadOnlyDoubleProperty [value: 720.0]
00:18:20.394 [FXGL Background Thread 3 ] DEBUG Engine               - prefWidthProperty: ReadOnlyDoubleProperty [value: 1280.0]
00:18:20.395 [FXGL Background Thread 3 ] DEBUG Engine               - profileDir: profiles/
00:18:20.395 [FXGL Background Thread 3 ] DEBUG Engine               - profileName: StringProperty [value: DEFAULT]
00:18:20.399 [FXGL Background Thread 3 ] DEBUG Engine               - randomSeed: -1
00:18:20.400 [FXGL Background Thread 3 ] DEBUG Engine               - runtimeInfo: RuntimeInfo(platform=WINDOWS, version=11.14, build=01.03.2021 16.59)
00:18:20.400 [FXGL Background Thread 3 ] DEBUG Engine               - saveFileExt: sav
00:18:20.401 [FXGL Background Thread 3 ] DEBUG Engine               - scaledHeightProp$fxgl: DoubleProperty [bound, value: 679.0]
00:18:20.401 [FXGL Background Thread 3 ] DEBUG Engine               - scaledWidthProp$fxgl: DoubleProperty [bound, value: 1183.0]
00:18:20.401 [FXGL Background Thread 3 ] DEBUG Engine               - sceneFactory: Main.App$1@3c2adb5b
00:18:20.402 [FXGL Background Thread 3 ] DEBUG Engine               - secondsIn24h: 60
00:18:20.402 [FXGL Background Thread 3 ] DEBUG Engine               - soundMenuBack: menu/back.wav
00:18:20.402 [FXGL Background Thread 3 ] DEBUG Engine               - soundMenuPress: menu/press.wav
00:18:20.414 [FXGL Background Thread 3 ] DEBUG Engine               - soundMenuSelect: menu/select.wav
00:18:20.415 [FXGL Background Thread 3 ] DEBUG Engine               - soundNotification: core/notification.wav
00:18:20.415 [FXGL Background Thread 3 ] DEBUG Engine               - stageStyle: DECORATED
00:18:20.416 [FXGL Background Thread 3 ] DEBUG Engine               - supportedLanguages: [ENGLISH, FRENCH, GERMAN, HUNGARIAN, RUSSIAN]
00:18:20.416 [FXGL Background Thread 3 ] DEBUG Engine               - ticksPerSecond: -1
00:18:20.417 [FXGL Background Thread 3 ] DEBUG Engine               - title: Game 1 Let's go
00:18:20.417 [FXGL Background Thread 3 ] DEBUG Engine               - urlGithub: https://github.com/AlmasB/FXGL
00:18:20.418 [FXGL Background Thread 3 ] DEBUG Engine               - urlLeaderboard: http://fxgl-top.herokuapp.com/
00:18:20.418 [FXGL Background Thread 3 ] DEBUG Engine               - urlPOM: https://raw.githubusercontent.com/AlmasB/FXGL/release/README.md
00:18:20.418 [FXGL Background Thread 3 ] DEBUG Engine               - userAppClass: class Main.App
00:18:20.419 [FXGL Background Thread 3 ] DEBUG Engine               - version: 1.0
00:18:20.419 [FXGL Background Thread 3 ] DEBUG Engine               - versionCheckDays: 7
00:18:20.419 [FXGL Background Thread 3 ] DEBUG Engine               - width: 1280
00:18:20.420 [FXGL Background Thread 3 ] DEBUG Engine               - Logging services
00:18:20.420 [FXGL Background Thread 3 ] DEBUG Engine               - class com.almasb.fxgl.app.services.FXGLAssetLoaderService
00:18:20.421 [FXGL Background Thread 3 ] DEBUG Engine               - class com.almasb.fxgl.app.FXGLApplication$GameApplicationService
00:18:20.421 [FXGL Background Thread 3 ] DEBUG Engine               - class com.almasb.fxgl.app.services.FXGLDialogService
00:18:20.421 [FXGL Background Thread 3 ] DEBUG Engine               - class com.almasb.fxgl.app.services.IOTaskExecutorService
00:18:20.422 [FXGL Background Thread 3 ] DEBUG Engine               - class com.almasb.fxgl.event.EventBusService
00:18:20.422 [FXGL Background Thread 3 ] DEBUG Engine               - class com.almasb.fxgl.io.FileSystemService
00:18:20.422 [FXGL Background Thread 3 ] DEBUG Engine               - class com.almasb.fxgl.localization.LocalizationService
00:18:20.423 [FXGL Background Thread 3 ] DEBUG Engine               - class com.almasb.fxgl.app.services.SystemBundleService
00:18:20.423 [FXGL Background Thread 3 ] DEBUG Engine               - class com.almasb.fxgl.profile.SaveLoadService
00:18:20.424 [FXGL Background Thread 3 ] DEBUG Engine               - class com.almasb.fxgl.ui.FXGLUIFactoryServiceProvider
00:18:20.424 [FXGL Background Thread 3 ] DEBUG Engine               - class com.almasb.fxgl.ui.FXGLDialogFactoryServiceProvider
00:18:20.424 [FXGL Background Thread 3 ] DEBUG Engine               - class com.almasb.fxgl.audio.AudioPlayer
00:18:20.424 [FXGL Background Thread 3 ] DEBUG Engine               - class com.almasb.fxgl.notification.impl.NotificationServiceProvider
00:18:20.424 [FXGL Background Thread 3 ] DEBUG Engine               - class com.almasb.fxgl.achievement.AchievementService
00:18:20.425 [FXGL Background Thread 3 ] DEBUG Engine               - class com.almasb.fxgl.cutscene.CutsceneService
00:18:20.425 [FXGL Background Thread 3 ] DEBUG Engine               - class com.almasb.fxgl.minigames.MiniGameService
00:18:20.425 [FXGL Background Thread 3 ] DEBUG Engine               - class com.almasb.fxgl.net.NetService
00:18:20.426 [FXGL Background Thread 3 ] DEBUG Engine               - class com.almasb.fxgl.app.services.UpdaterService
00:18:20.426 [FXGL Background Thread 3 ] DEBUG Engine               - class com.almasb.fxgl.dev.DevService
00:18:26.572 [JavaFX Application Thread] DEBUG FXGLAssetLoaderServi - Loading from file system: file:/C:/Users/isyoh/Documents/école/Object%20oriented%20program/Cours/Plarformer1/target/classes/assets/textures/exit_sign.png
00:18:27.050 [JavaFX Application Thread] DEBUG FXGLAssetLoaderServi - Loading from file system: file:/C:/Users/isyoh/Documents/école/Object%20oriented%20program/Cours/Plarformer1/target/classes/assets/ui/fonts/level_font.ttf
00:18:27.149 [JavaFX Application Thread] DEBUG Input                - Registered new binding: Close Level End Screen - LMB
00:18:27.160 [JavaFX Application Thread] DEBUG FXGLAssetLoaderServi - Loading from file system: file:/C:/Users/isyoh/Documents/école/Object%20oriented%20program/Cours/Plarformer1/target/classes/assets/textures/star_empty.png
00:18:27.221 [JavaFX Application Thread] DEBUG FXGLAssetLoaderServi - Loading from file system: file:/C:/Users/isyoh/Documents/école/Object%20oriented%20program/Cours/Plarformer1/target/classes/assets/textures/star_full.png
00:18:27.232 [JavaFX Application Thread] DEBUG PrimaryStageWindow   - Push state: LevelEndScene
00:18:27.233 [JavaFX Application Thread] DEBUG Input                - Clearing active input actions
00:18:27.235 [JavaFX Application Thread] DEBUG GameApplicationServi - Removing overlay from GameScene and adding to LevelEndScene
00:18:27.235 [JavaFX Application Thread] DEBUG PrimaryStageWindow   - GameScene -> LevelEndScene
00:18:30.067 [JavaFX Application Thread] DEBUG PrimaryStageWindow   - Pop state: LevelEndScene
00:18:30.068 [JavaFX Application Thread] DEBUG Input                - Clearing active input actions
00:18:30.072 [JavaFX Application Thread] DEBUG GameApplicationServi - Removing overlay from LevelEndScene and adding to GameScene
00:18:30.073 [JavaFX Application Thread] DEBUG PrimaryStageWindow   - GameScene <- LevelEndScene
00:18:31.071 [JavaFX Application Thread] DEBUG AudioPlayer          - Pausing music com.almasb.fxgl.audio.Music@69b8f84
00:18:31.075 [JavaFX Application Thread] DEBUG FXGLAssetLoaderServi - Loading from file system: file:/C:/Users/isyoh/Documents/école/Object%20oriented%20program/Cours/Plarformer1/target/classes/assets/music/Venus.wav
00:18:31.127 [JavaFX Application Thread] DEBUG AudioPlayer          - Playing music com.almasb.fxgl.audio.Music@515303f2
00:18:31.163 [JavaFX Application Thread] DEBUG TMXLevelLoader       - Parsed raw map: TiledMap(width=15, height=10, tilewidth=70, tileheight=70, orientation=orthogonal, layers=[Layer(width=15, height=10, name=Tile Layer 1, type=tilelayer, visible=false, x=0, y=0, data=[0, 0, 0, 0, 0, 0, 0, 0, 0, 0, 0, 0, 0, 0, 0, 0, 0, 0, 0, 0, 0, 0, 0, 0, 0, 0, 0, 0, 0, 0, 0, 0, 0, 0, 0, 0, 0, 0, 0, 0, 0, 0, 0, 0, 0, 0, 0, 0, 0, 0, 0, 0, 0, 0, 0, 0, 0, 0, 0, 0, 0, 0, 0, 0, 0, 0, 0, 0, 0, 0, 0, 0, 0, 0, 0, 0, 0, 0, 0, 0, 0, 0, 0, 0, 0, 0, 0, 0, 0, 0, 0, 0, 0, 0, 0, 0, 0, 0, 0, 0, 0, 0, 0, 0, 0, 0, 0, 0, 0, 0, 0, 0, 0, 0, 0, 0, 0, 0, 0, 0, 0, 0, 0, 69, 57, 45, 0, 0, 0, 69, 57, 45, 0, 0, 0, 116, 104, 104, 104, 104, 104, 104, 104, 104, 104, 104, 104, 104, 104, 92], objects=[], opacity=0.0, draworder=), Layer(width=0, height=0, name=Object Layer 1, type=objectgroup, visible=false, x=0, y=0, data=[], objects=[com.almasb.fxgl.entity.level.tiled.TiledObject@47d48693, com.almasb.fxgl.entity.level.tiled.TiledObject@497afc24, com.almasb.fxgl.entity.level.tiled.TiledObject@20154d08, com.almasb.fxgl.entity.level.tiled.TiledObject@6990866b, com.almasb.fxgl.entity.level.tiled.TiledObject@a1375d4, com.almasb.fxgl.entity.level.tiled.TiledObject@1416336e, com.almasb.fxgl.entity.level.tiled.TiledObject@1e6151e9], opacity=0.0, draworder=)], tilesets=[Tileset(firstgid=1, image=tiles_spritesheet.png, name=tiles_spritesheet, tilewidth=70, tileheight=70, imagewidth=914, imageheight=936, margin=0, spacing=2, columns=12, tilecount=156, transparentcolor=, tiles=[])], backgroundcolor=, renderorder=right-down, nextobjectid=21, version=1, tiledversion=1.2.3, type=map, infinite=false, hexsidelength=0, staggeraxis=, staggerindex=, properties={star1time=7.0}, propertytypes={star1time=float})
00:18:31.164 [JavaFX Application Thread] DEBUG TMXLevelLoader       - Creating tile layer entities
00:18:31.167 [JavaFX Application Thread] DEBUG TilesetLoader        - Loading view for layer Tile Layer 1
00:18:31.169 [JavaFX Application Thread] DEBUG TilesetLoader        - Created buffer with size 1050.0x700.0
00:18:31.238 [JavaFX Application Thread] DEBUG TilesetLoader        - Writing to buffer: dst=210,560, w=70,h=70, src=576,360
00:18:31.238 [JavaFX Application Thread] DEBUG TilesetLoader        - Writing to buffer: dst=280,560, w=70,h=70, src=576,288
00:18:31.238 [JavaFX Application Thread] DEBUG TilesetLoader        - Writing to buffer: dst=350,560, w=70,h=70, src=576,216
00:18:31.238 [JavaFX Application Thread] DEBUG TilesetLoader        - Writing to buffer: dst=630,560, w=70,h=70, src=576,360
00:18:31.238 [JavaFX Application Thread] DEBUG TilesetLoader        - Writing to buffer: dst=700,560, w=70,h=70, src=576,288
00:18:31.240 [JavaFX Application Thread] DEBUG TilesetLoader        - Writing to buffer: dst=770,560, w=70,h=70, src=576,216
00:18:31.240 [JavaFX Application Thread] DEBUG TilesetLoader        - Writing to buffer: dst=0,630, w=70,h=70, src=504,648
00:18:31.240 [JavaFX Application Thread] DEBUG TilesetLoader        - Writing to buffer: dst=70,630, w=70,h=70, src=504,576
00:18:31.240 [JavaFX Application Thread] DEBUG TilesetLoader        - Writing to buffer: dst=140,630, w=70,h=70, src=504,576
00:18:31.240 [JavaFX Application Thread] DEBUG TilesetLoader        - Writing to buffer: dst=210,630, w=70,h=70, src=504,576
00:18:31.240 [JavaFX Application Thread] DEBUG TilesetLoader        - Writing to buffer: dst=280,630, w=70,h=70, src=504,576
00:18:31.240 [JavaFX Application Thread] DEBUG TilesetLoader        - Writing to buffer: dst=350,630, w=70,h=70, src=504,576
00:18:31.241 [JavaFX Application Thread] DEBUG TilesetLoader        - Writing to buffer: dst=420,630, w=70,h=70, src=504,576
00:18:31.241 [JavaFX Application Thread] DEBUG TilesetLoader        - Writing to buffer: dst=490,630, w=70,h=70, src=504,576
00:18:31.241 [JavaFX Application Thread] DEBUG TilesetLoader        - Writing to buffer: dst=560,630, w=70,h=70, src=504,576
00:18:31.241 [JavaFX Application Thread] DEBUG TilesetLoader        - Writing to buffer: dst=630,630, w=70,h=70, src=504,576
00:18:31.243 [JavaFX Application Thread] DEBUG TilesetLoader        - Writing to buffer: dst=700,630, w=70,h=70, src=504,576
00:18:31.243 [JavaFX Application Thread] DEBUG TilesetLoader        - Writing to buffer: dst=770,630, w=70,h=70, src=504,576
00:18:31.243 [JavaFX Application Thread] DEBUG TilesetLoader        - Writing to buffer: dst=840,630, w=70,h=70, src=504,576
00:18:31.243 [JavaFX Application Thread] DEBUG TilesetLoader        - Writing to buffer: dst=910,630, w=70,h=70, src=504,576
00:18:31.243 [JavaFX Application Thread] DEBUG TilesetLoader        - Writing to buffer: dst=980,630, w=70,h=70, src=504,504
00:18:31.244 [JavaFX Application Thread] DEBUG TMXLevelLoader       - Creating object layer entities
00:18:31.250 [JavaFX Application Thread] DEBUG GameWorld            - Clearing removable entities
00:18:31.252 [JavaFX Application Thread] DEBUG GameWorld            - Setting level: com.almasb.fxgl.entity.level.Level@fdd5c90
00:18:34.051 [JavaFX Application Thread] DEBUG FXGLApplication      - Exiting FXGL
00:18:34.053 [JavaFX Application Thread] DEBUG LoopRunner           - Stopping loop
00:18:34.053 [JavaFX Application Thread] DEBUG SystemBundleService  - Saving FXGL system data
00:18:34.079 [JavaFX Application Thread] DEBUG FileSystemAccess     - Writing to: C:\Users\isyoh\Documents\école\Object oriented program\Cours\Plarformer1\system\fxgl.bundle
00:18:34.152 [JavaFX Application Thread] DEBUG Async                - Shutting down background threads
00:18:34.155 [JavaFX Application Thread] DEBUG PrimaryStageWindow   - Closing main window
00:18:34.251 [JavaFX Application Thread] DEBUG Logger               - Closing Logger
